<?xml version="1.0" encoding="UTF-8"?>
<robot generator="Robot 6.1.1 (Python 3.12.1 on win32)" generated="20240113 23:28:12.341" rpa="false" schemaversion="4">
<suite id="s1" name="Homepage" source="c:\Users\Risnawati\Downloads\JBA\web\Test\Homepag\Homepage.robot">
<test id="s1-t1" name="Verify Successful Show Unit Rekomendasi" line="197">
<kw name="Open Browser" library="SeleniumLibrary">
<arg>${URL}</arg>
<arg>${BROWSER}</arg>
<doc>Opens a new browser instance to the optional ``url``.</doc>
<msg timestamp="20240113 23:28:13.137" level="INFO">Opening browser 'Chrome' to base url 'https://jba-aaas-web-dev.aslcode.dev/'.</msg>
<status status="PASS" starttime="20240113 23:28:13.137" endtime="20240113 23:28:19.302"/>
</kw>
<kw name="Maximize Browser Window" library="SeleniumLibrary">
<doc>Maximizes current browser window.</doc>
<status status="PASS" starttime="20240113 23:28:19.318" endtime="20240113 23:28:19.936"/>
</kw>
<kw name="Unit Rekomendasi" library="HomepageResources">
<kw name="Scroll Element Into View" library="SeleniumLibrary">
<arg>${unit_rekomendasi}</arg>
<doc>Scrolls the element identified by ``locator`` into view.</doc>
<status status="PASS" starttime="20240113 23:28:19.953" endtime="20240113 23:28:20.572"/>
</kw>
<kw name="Sleep" library="BuiltIn">
<arg>3s</arg>
<doc>Pauses the test executed for the given time.</doc>
<msg timestamp="20240113 23:28:23.574" level="INFO">Slept 3 seconds</msg>
<status status="PASS" starttime="20240113 23:28:20.572" endtime="20240113 23:28:23.574"/>
</kw>
<kw name="Capture Page Screenshot" library="SeleniumLibrary">
<doc>Takes a screenshot of the current page and embeds it into a log file.</doc>
<msg timestamp="20240113 23:28:23.785" level="INFO" html="true">&lt;/td&gt;&lt;/tr&gt;&lt;tr&gt;&lt;td colspan="3"&gt;&lt;a href="selenium-screenshot-164.png"&gt;&lt;img src="selenium-screenshot-164.png" width="800px"&gt;&lt;/a&gt;</msg>
<status status="PASS" starttime="20240113 23:28:23.574" endtime="20240113 23:28:23.785"/>
</kw>
<kw name="Execute Javascript" library="SeleniumLibrary">
<arg>window.scrollTo(document.body.scrollWidth, 0)</arg>
<doc>Executes the given JavaScript code with possible arguments.</doc>
<msg timestamp="20240113 23:28:23.801" level="INFO">Executing JavaScript:
window.scrollTo(document.body.scrollWidth, 0)
Without any arguments.</msg>
<status status="PASS" starttime="20240113 23:28:23.801" endtime="20240113 23:28:23.834"/>
</kw>
<kw name="Sleep" library="BuiltIn">
<arg>3s</arg>
<doc>Pauses the test executed for the given time.</doc>
<msg timestamp="20240113 23:28:26.835" level="INFO">Slept 3 seconds</msg>
<status status="PASS" starttime="20240113 23:28:23.834" endtime="20240113 23:28:26.835"/>
</kw>
<kw name="Capture Page Screenshot" library="SeleniumLibrary">
<doc>Takes a screenshot of the current page and embeds it into a log file.</doc>
<msg timestamp="20240113 23:28:27.085" level="INFO" html="true">&lt;/td&gt;&lt;/tr&gt;&lt;tr&gt;&lt;td colspan="3"&gt;&lt;a href="selenium-screenshot-165.png"&gt;&lt;img src="selenium-screenshot-165.png" width="800px"&gt;&lt;/a&gt;</msg>
<status status="PASS" starttime="20240113 23:28:26.835" endtime="20240113 23:28:27.085"/>
</kw>
<kw name="Wait Until Element Is Visible" library="SeleniumLibrary">
<arg>${icon_selengkapnya_unit}</arg>
<arg>timeout=10s</arg>
<doc>Waits until the element ``locator`` is visible.</doc>
<status status="PASS" starttime="20240113 23:28:27.085" endtime="20240113 23:28:27.152"/>
</kw>
<kw name="Click Element" library="SeleniumLibrary">
<arg>${icon_selengkapnya_unit}</arg>
<doc>Click the element identified by ``locator``.</doc>
<msg timestamp="20240113 23:28:27.152" level="INFO">Clicking element 'xpath://button[@aria-label='next-unit']'.</msg>
<status status="PASS" starttime="20240113 23:28:27.152" endtime="20240113 23:28:27.441"/>
</kw>
<kw name="Sleep" library="BuiltIn">
<arg>3s</arg>
<doc>Pauses the test executed for the given time.</doc>
<msg timestamp="20240113 23:28:30.443" level="INFO">Slept 3 seconds</msg>
<status status="PASS" starttime="20240113 23:28:27.441" endtime="20240113 23:28:30.443"/>
</kw>
<kw name="Capture Page Screenshot" library="SeleniumLibrary">
<doc>Takes a screenshot of the current page and embeds it into a log file.</doc>
<msg timestamp="20240113 23:28:30.653" level="INFO" html="true">&lt;/td&gt;&lt;/tr&gt;&lt;tr&gt;&lt;td colspan="3"&gt;&lt;a href="selenium-screenshot-166.png"&gt;&lt;img src="selenium-screenshot-166.png" width="800px"&gt;&lt;/a&gt;</msg>
<status status="PASS" starttime="20240113 23:28:30.443" endtime="20240113 23:28:30.653"/>
</kw>
<status status="PASS" starttime="20240113 23:28:19.953" endtime="20240113 23:28:30.653"/>
</kw>
<kw name="Close Browser" library="SeleniumLibrary">
<doc>Closes the current browser.</doc>
<status status="PASS" starttime="20240113 23:28:30.685" endtime="20240113 23:28:34.097"/>
</kw>
<doc>This test case verifies Successful Show Unit Rekomendasi</doc>
<tag>show</tag>
<status status="PASS" starttime="20240113 23:28:13.118" endtime="20240113 23:28:34.097"/>
</test>
<doc>Homepage Web JBA</doc>
<status status="PASS" starttime="20240113 23:28:12.357" endtime="20240113 23:28:34.097"/>
</suite>
<statistics>
<total>
<stat pass="1" fail="0" skip="0">All Tests</stat>
</total>
<tag>
<stat pass="1" fail="0" skip="0">show</stat>
</tag>
<suite>
<stat pass="1" fail="0" skip="0" id="s1" name="Homepage">Homepage</stat>
</suite>
</statistics>
<errors>
</errors>
</robot>
