<?xml version="1.0" encoding="UTF-8"?>
<robot generator="Robot 6.1.1 (Python 3.12.1 on win32)" generated="20240107 13:47:02.316" rpa="false" schemaversion="4">
<suite id="s1" name="ModulGroup" source="C:\Users\Risnawati\Downloads\JBA\cms\Test\ModulGroup\ModulGroup.robot">
<test id="s1-t1" name="Verify Successful Menampilkan list data Group" line="8">
<kw name="Open Browser" library="SeleniumLibrary">
<arg>${URL}</arg>
<arg>${BROWSER}</arg>
<doc>Opens a new browser instance to the optional ``url``.</doc>
<msg timestamp="20240107 13:47:02.802" level="INFO">Opening browser 'Chrome' to base url 'https://jba-aaas-cms-dev.aslcode.dev/branches'.</msg>
<status status="PASS" starttime="20240107 13:47:02.802" endtime="20240107 13:47:08.057"/>
</kw>
<kw name="Maximize Browser Window" library="SeleniumLibrary">
<doc>Maximizes current browser window.</doc>
<status status="PASS" starttime="20240107 13:47:08.060" endtime="20240107 13:47:08.223"/>
</kw>
<kw name="Click Modul Group" library="modulGroupResources">
<kw name="Click Element" library="SeleniumLibrary">
<arg>${modul_group}</arg>
<doc>Click the element identified by ``locator``.</doc>
<msg timestamp="20240107 13:47:08.223" level="INFO">Clicking element 'xpath://span[normalize-space()='Group']'.</msg>
<status status="PASS" starttime="20240107 13:47:08.223" endtime="20240107 13:47:08.669"/>
</kw>
<kw name="Capture Page Screenshot" library="SeleniumLibrary">
<doc>Takes a screenshot of the current page and embeds it into a log file.</doc>
<msg timestamp="20240107 13:47:08.908" level="INFO" html="true">&lt;/td&gt;&lt;/tr&gt;&lt;tr&gt;&lt;td colspan="3"&gt;&lt;a href="selenium-screenshot-607.png"&gt;&lt;img src="selenium-screenshot-607.png" width="800px"&gt;&lt;/a&gt;</msg>
<status status="PASS" starttime="20240107 13:47:08.669" endtime="20240107 13:47:08.908"/>
</kw>
<status status="PASS" starttime="20240107 13:47:08.223" endtime="20240107 13:47:08.908"/>
</kw>
<kw name="Close Browser" library="SeleniumLibrary">
<doc>Closes the current browser.</doc>
<status status="PASS" starttime="20240107 13:47:08.924" endtime="20240107 13:47:11.764"/>
</kw>
<doc>This test case verifies that user is able to show list data group</doc>
<tag>show</tag>
<status status="PASS" starttime="20240107 13:47:02.802" endtime="20240107 13:47:11.764"/>
</test>
<test id="s1-t2" name="Verify Successful Create Data Group Dengan Tambah Data Customer" line="15">
<kw name="Open Browser" library="SeleniumLibrary">
<arg>${URL}</arg>
<arg>${BROWSER}</arg>
<doc>Opens a new browser instance to the optional ``url``.</doc>
<msg timestamp="20240107 13:47:11.770" level="INFO">Opening browser 'Chrome' to base url 'https://jba-aaas-cms-dev.aslcode.dev/branches'.</msg>
<status status="PASS" starttime="20240107 13:47:11.770" endtime="20240107 13:47:16.535"/>
</kw>
<kw name="Maximize Browser Window" library="SeleniumLibrary">
<doc>Maximizes current browser window.</doc>
<status status="PASS" starttime="20240107 13:47:16.543" endtime="20240107 13:47:16.754"/>
</kw>
<kw name="Click Modul Group" library="modulGroupResources">
<kw name="Click Element" library="SeleniumLibrary">
<arg>${modul_group}</arg>
<doc>Click the element identified by ``locator``.</doc>
<msg timestamp="20240107 13:47:16.756" level="INFO">Clicking element 'xpath://span[normalize-space()='Group']'.</msg>
<status status="PASS" starttime="20240107 13:47:16.755" endtime="20240107 13:47:17.204"/>
</kw>
<kw name="Capture Page Screenshot" library="SeleniumLibrary">
<doc>Takes a screenshot of the current page and embeds it into a log file.</doc>
<msg timestamp="20240107 13:47:17.440" level="INFO" html="true">&lt;/td&gt;&lt;/tr&gt;&lt;tr&gt;&lt;td colspan="3"&gt;&lt;a href="selenium-screenshot-608.png"&gt;&lt;img src="selenium-screenshot-608.png" width="800px"&gt;&lt;/a&gt;</msg>
<status status="PASS" starttime="20240107 13:47:17.204" endtime="20240107 13:47:17.440"/>
</kw>
<status status="PASS" starttime="20240107 13:47:16.754" endtime="20240107 13:47:17.440"/>
</kw>
<kw name="Click Button Create Group" library="modulGroupResources">
<kw name="Click Button" library="SeleniumLibrary">
<arg>${button_create}</arg>
<doc>Clicks the button identified by ``locator``.</doc>
<msg timestamp="20240107 13:47:17.440" level="INFO">Clicking button 'xpath://button[@class='btn-active py-3 px-4 rounded-3xl flex items-center justify-center text-xs modal-button create-button']'.</msg>
<status status="PASS" starttime="20240107 13:47:17.440" endtime="20240107 13:47:17.585"/>
</kw>
<status status="PASS" starttime="20240107 13:47:17.440" endtime="20240107 13:47:17.585"/>
</kw>
<kw name="Input Fields Group" library="modulGroupResources">
<kw name="Generate Random String" library="String">
<var>${random_text}</var>
<arg>${max_length}</arg>
<doc>Generates a string with a desired ``length`` from the given ``chars``.</doc>
<msg timestamp="20240107 13:47:17.637" level="INFO">${random_text} = wX</msg>
<status status="PASS" starttime="20240107 13:47:17.637" endtime="20240107 13:47:17.637"/>
</kw>
<kw name="Input Text" library="SeleniumLibrary">
<arg>${input_kode_group}</arg>
<arg>${kode_group}${random_text}</arg>
<doc>Types the given ``text`` into the text field identified by ``locator``.</doc>
<msg timestamp="20240107 13:47:17.637" level="INFO">Typing text 'TestAutowX' into text field 'xpath://div[@blocker-target='cancel-add-modal']//div//div//div//input[@placeholder='Ketik Kode Group']'.</msg>
<status status="PASS" starttime="20240107 13:47:17.637" endtime="20240107 13:47:18.033"/>
</kw>
<kw name="Input Text" library="SeleniumLibrary">
<arg>${input_nama_group}</arg>
<arg>${nama_group}</arg>
<doc>Types the given ``text`` into the text field identified by ``locator``.</doc>
<msg timestamp="20240107 13:47:18.033" level="INFO">Typing text 'Testing Automation' into text field 'xpath://div[@id='add-form-modal']//input[contains(@placeholder,'Ketik Nama Group')]'.</msg>
<status status="PASS" starttime="20240107 13:47:18.033" endtime="20240107 13:47:18.292"/>
</kw>
<kw name="Capture Page Screenshot" library="SeleniumLibrary">
<doc>Takes a screenshot of the current page and embeds it into a log file.</doc>
<msg timestamp="20240107 13:47:18.521" level="INFO" html="true">&lt;/td&gt;&lt;/tr&gt;&lt;tr&gt;&lt;td colspan="3"&gt;&lt;a href="selenium-screenshot-609.png"&gt;&lt;img src="selenium-screenshot-609.png" width="800px"&gt;&lt;/a&gt;</msg>
<status status="PASS" starttime="20240107 13:47:18.292" endtime="20240107 13:47:18.521"/>
</kw>
<kw name="Click Element" library="SeleniumLibrary">
<arg>${button_tambah}</arg>
<doc>Click the element identified by ``locator``.</doc>
<msg timestamp="20240107 13:47:18.521" level="INFO">Clicking element 'xpath://div[@blocker-target='cancel-add-modal']//div//div//div//div//div//div//div//div//button[@target='customer-search']'.</msg>
<status status="PASS" starttime="20240107 13:47:18.521" endtime="20240107 13:47:18.735"/>
</kw>
<kw name="Capture Page Screenshot" library="SeleniumLibrary">
<doc>Takes a screenshot of the current page and embeds it into a log file.</doc>
<msg timestamp="20240107 13:47:18.966" level="INFO" html="true">&lt;/td&gt;&lt;/tr&gt;&lt;tr&gt;&lt;td colspan="3"&gt;&lt;a href="selenium-screenshot-610.png"&gt;&lt;img src="selenium-screenshot-610.png" width="800px"&gt;&lt;/a&gt;</msg>
<status status="PASS" starttime="20240107 13:47:18.735" endtime="20240107 13:47:18.966"/>
</kw>
<kw name="Click Element" library="SeleniumLibrary">
<arg>${checkbox1}</arg>
<doc>Click the element identified by ``locator``.</doc>
<msg timestamp="20240107 13:47:18.966" level="INFO">Clicking element 'xpath://body[1]/div[1]/div[1]/div[2]/div[2]/div[1]/div[1]/div[1]/div[5]/div[1]/div[1]/div[1]/div[2]/div[1]/div[2]/div[1]/div[1]/div[1]/div[1]/table[1]/tbody[1]/tr[1]/td[1]/input[1]'.</msg>
<status status="PASS" starttime="20240107 13:47:18.966" endtime="20240107 13:47:19.153"/>
</kw>
<kw name="Click Element" library="SeleniumLibrary">
<arg>${checkbox2}</arg>
<doc>Click the element identified by ``locator``.</doc>
<msg timestamp="20240107 13:47:19.153" level="INFO">Clicking element 'xpath://body[1]/div[1]/div[1]/div[2]/div[2]/div[1]/div[1]/div[1]/div[5]/div[1]/div[1]/div[1]/div[2]/div[1]/div[2]/div[1]/div[1]/div[1]/div[1]/table[1]/tbody[1]/tr[2]/td[1]/input[1]'.</msg>
<status status="PASS" starttime="20240107 13:47:19.153" endtime="20240107 13:47:19.290"/>
</kw>
<kw name="Capture Page Screenshot" library="SeleniumLibrary">
<doc>Takes a screenshot of the current page and embeds it into a log file.</doc>
<msg timestamp="20240107 13:47:19.555" level="INFO" html="true">&lt;/td&gt;&lt;/tr&gt;&lt;tr&gt;&lt;td colspan="3"&gt;&lt;a href="selenium-screenshot-611.png"&gt;&lt;img src="selenium-screenshot-611.png" width="800px"&gt;&lt;/a&gt;</msg>
<status status="PASS" starttime="20240107 13:47:19.290" endtime="20240107 13:47:19.555"/>
</kw>
<kw name="Click Element" library="SeleniumLibrary">
<arg>${button_tambahkan}</arg>
<doc>Click the element identified by ``locator``.</doc>
<msg timestamp="20240107 13:47:19.555" level="INFO">Clicking element 'xpath://button[normalize-space()='Tambahkan']'.</msg>
<status status="PASS" starttime="20240107 13:47:19.555" endtime="20240107 13:47:19.765"/>
</kw>
<kw name="Capture Page Screenshot" library="SeleniumLibrary">
<doc>Takes a screenshot of the current page and embeds it into a log file.</doc>
<msg timestamp="20240107 13:47:20.046" level="INFO" html="true">&lt;/td&gt;&lt;/tr&gt;&lt;tr&gt;&lt;td colspan="3"&gt;&lt;a href="selenium-screenshot-612.png"&gt;&lt;img src="selenium-screenshot-612.png" width="800px"&gt;&lt;/a&gt;</msg>
<status status="PASS" starttime="20240107 13:47:19.765" endtime="20240107 13:47:20.046"/>
</kw>
<status status="PASS" starttime="20240107 13:47:17.637" endtime="20240107 13:47:20.046"/>
</kw>
<kw name="Click Button Simpan" library="GlobalResources">
<kw name="Capture Page Screenshot" library="SeleniumLibrary">
<doc>Takes a screenshot of the current page and embeds it into a log file.</doc>
<msg timestamp="20240107 13:47:20.282" level="INFO" html="true">&lt;/td&gt;&lt;/tr&gt;&lt;tr&gt;&lt;td colspan="3"&gt;&lt;a href="selenium-screenshot-613.png"&gt;&lt;img src="selenium-screenshot-613.png" width="800px"&gt;&lt;/a&gt;</msg>
<status status="PASS" starttime="20240107 13:47:20.046" endtime="20240107 13:47:20.282"/>
</kw>
<kw name="Click Button" library="SeleniumLibrary">
<arg>${simpan}</arg>
<doc>Clicks the button identified by ``locator``.</doc>
<msg timestamp="20240107 13:47:20.282" level="INFO">Clicking button 'xpath://button[normalize-space()='Simpan']'.</msg>
<status status="PASS" starttime="20240107 13:47:20.282" endtime="20240107 13:47:20.417"/>
</kw>
<status status="PASS" starttime="20240107 13:47:20.046" endtime="20240107 13:47:20.417"/>
</kw>
<kw name="Verify Berhasil Create" library="GlobalResources">
<kw name="Sleep" library="BuiltIn">
<arg>2s</arg>
<doc>Pauses the test executed for the given time.</doc>
<msg timestamp="20240107 13:47:22.418" level="INFO">Slept 2 seconds</msg>
<status status="PASS" starttime="20240107 13:47:20.417" endtime="20240107 13:47:22.418"/>
</kw>
<kw name="Wait Until Element Is Visible" library="SeleniumLibrary">
<arg>${Ya_Mengerti_Create}</arg>
<arg>timeout=10s</arg>
<doc>Waits until the element ``locator`` is visible.</doc>
<status status="PASS" starttime="20240107 13:47:22.418" endtime="20240107 13:47:22.527"/>
</kw>
<kw name="Log" library="BuiltIn">
<arg>Formulir telah berhasil dikirimkan</arg>
<doc>Logs the given message with the given level.</doc>
<msg timestamp="20240107 13:47:22.527" level="INFO">Formulir telah berhasil dikirimkan</msg>
<status status="PASS" starttime="20240107 13:47:22.527" endtime="20240107 13:47:22.527"/>
</kw>
<kw name="Capture Page Screenshot" library="SeleniumLibrary">
<doc>Takes a screenshot of the current page and embeds it into a log file.</doc>
<msg timestamp="20240107 13:47:22.718" level="INFO" html="true">&lt;/td&gt;&lt;/tr&gt;&lt;tr&gt;&lt;td colspan="3"&gt;&lt;a href="selenium-screenshot-614.png"&gt;&lt;img src="selenium-screenshot-614.png" width="800px"&gt;&lt;/a&gt;</msg>
<status status="PASS" starttime="20240107 13:47:22.527" endtime="20240107 13:47:22.718"/>
</kw>
<kw name="Sleep" library="BuiltIn">
<arg>2s</arg>
<doc>Pauses the test executed for the given time.</doc>
<msg timestamp="20240107 13:47:24.718" level="INFO">Slept 2 seconds</msg>
<status status="PASS" starttime="20240107 13:47:22.718" endtime="20240107 13:47:24.718"/>
</kw>
<kw name="Click Element" library="SeleniumLibrary">
<arg>${Ya_Mengerti_Create}</arg>
<doc>Click the element identified by ``locator``.</doc>
<msg timestamp="20240107 13:47:24.718" level="INFO">Clicking element 'xpath://div[@id='success-modal']//a[@class='btn-active py-4 px-5 rounded-3xl text-sm'][normalize-space()='Ya, Mengerti']'.</msg>
<status status="PASS" starttime="20240107 13:47:24.718" endtime="20240107 13:47:25.170"/>
</kw>
<kw name="Sleep" library="BuiltIn">
<arg>2s</arg>
<doc>Pauses the test executed for the given time.</doc>
<msg timestamp="20240107 13:47:27.170" level="INFO">Slept 2 seconds</msg>
<status status="PASS" starttime="20240107 13:47:25.170" endtime="20240107 13:47:27.170"/>
</kw>
<kw name="Capture Page Screenshot" library="SeleniumLibrary">
<doc>Takes a screenshot of the current page and embeds it into a log file.</doc>
<msg timestamp="20240107 13:47:27.334" level="INFO" html="true">&lt;/td&gt;&lt;/tr&gt;&lt;tr&gt;&lt;td colspan="3"&gt;&lt;a href="selenium-screenshot-615.png"&gt;&lt;img src="selenium-screenshot-615.png" width="800px"&gt;&lt;/a&gt;</msg>
<status status="PASS" starttime="20240107 13:47:27.170" endtime="20240107 13:47:27.334"/>
</kw>
<status status="PASS" starttime="20240107 13:47:20.417" endtime="20240107 13:47:27.334"/>
</kw>
<kw name="Close Browser" library="SeleniumLibrary">
<doc>Closes the current browser.</doc>
<status status="PASS" starttime="20240107 13:47:27.334" endtime="20240107 13:47:30.816"/>
</kw>
<doc>This test case verifies that user is able to create new group dengan tambah data customer</doc>
<tag>add</tag>
<status status="PASS" starttime="20240107 13:47:11.770" endtime="20240107 13:47:30.816"/>
</test>
<test id="s1-t3" name="Verify Successful Menambahkan data customer pada existing group" line="26">
<kw name="Open Browser" library="SeleniumLibrary">
<arg>${URL}</arg>
<arg>${BROWSER}</arg>
<doc>Opens a new browser instance to the optional ``url``.</doc>
<msg timestamp="20240107 13:47:30.816" level="INFO">Opening browser 'Chrome' to base url 'https://jba-aaas-cms-dev.aslcode.dev/branches'.</msg>
<status status="PASS" starttime="20240107 13:47:30.816" endtime="20240107 13:47:35.588"/>
</kw>
<kw name="Maximize Browser Window" library="SeleniumLibrary">
<doc>Maximizes current browser window.</doc>
<status status="PASS" starttime="20240107 13:47:35.588" endtime="20240107 13:47:35.803"/>
</kw>
<kw name="Click Modul Group" library="modulGroupResources">
<kw name="Click Element" library="SeleniumLibrary">
<arg>${modul_group}</arg>
<doc>Click the element identified by ``locator``.</doc>
<msg timestamp="20240107 13:47:35.803" level="INFO">Clicking element 'xpath://span[normalize-space()='Group']'.</msg>
<status status="PASS" starttime="20240107 13:47:35.803" endtime="20240107 13:47:36.300"/>
</kw>
<kw name="Capture Page Screenshot" library="SeleniumLibrary">
<doc>Takes a screenshot of the current page and embeds it into a log file.</doc>
<msg timestamp="20240107 13:47:36.540" level="INFO" html="true">&lt;/td&gt;&lt;/tr&gt;&lt;tr&gt;&lt;td colspan="3"&gt;&lt;a href="selenium-screenshot-616.png"&gt;&lt;img src="selenium-screenshot-616.png" width="800px"&gt;&lt;/a&gt;</msg>
<status status="PASS" starttime="20240107 13:47:36.300" endtime="20240107 13:47:36.540"/>
</kw>
<status status="PASS" starttime="20240107 13:47:35.803" endtime="20240107 13:47:36.540"/>
</kw>
<kw name="Edit Existing Group" library="modulGroupResources">
<kw name="Click Element" library="SeleniumLibrary">
<arg>${button_view}</arg>
<doc>Click the element identified by ``locator``.</doc>
<msg timestamp="20240107 13:47:36.548" level="INFO">Clicking element 'xpath://tbody/tr[1]/td[6]/div[1]/button[1]//*[name()='svg']'.</msg>
<status status="PASS" starttime="20240107 13:47:36.548" endtime="20240107 13:47:36.688"/>
</kw>
<kw name="Capture Page Screenshot" library="SeleniumLibrary">
<doc>Takes a screenshot of the current page and embeds it into a log file.</doc>
<msg timestamp="20240107 13:47:36.961" level="INFO" html="true">&lt;/td&gt;&lt;/tr&gt;&lt;tr&gt;&lt;td colspan="3"&gt;&lt;a href="selenium-screenshot-617.png"&gt;&lt;img src="selenium-screenshot-617.png" width="800px"&gt;&lt;/a&gt;</msg>
<status status="PASS" starttime="20240107 13:47:36.688" endtime="20240107 13:47:36.961"/>
</kw>
<kw name="Wait Until Element Is Visible" library="SeleniumLibrary">
<arg>${edit_existing}</arg>
<arg>timeout=10s</arg>
<doc>Waits until the element ``locator`` is visible.</doc>
<status status="PASS" starttime="20240107 13:47:36.961" endtime="20240107 13:47:37.013"/>
</kw>
<kw name="Click Element" library="SeleniumLibrary">
<arg>${edit_existing}</arg>
<doc>Click the element identified by ``locator``.</doc>
<msg timestamp="20240107 13:47:37.013" level="INFO">Clicking element 'xpath://span[normalize-space()='Edit']'.</msg>
<status status="PASS" starttime="20240107 13:47:37.013" endtime="20240107 13:47:37.190"/>
</kw>
<kw name="Capture Page Screenshot" library="SeleniumLibrary">
<doc>Takes a screenshot of the current page and embeds it into a log file.</doc>
<msg timestamp="20240107 13:47:37.494" level="INFO" html="true">&lt;/td&gt;&lt;/tr&gt;&lt;tr&gt;&lt;td colspan="3"&gt;&lt;a href="selenium-screenshot-618.png"&gt;&lt;img src="selenium-screenshot-618.png" width="800px"&gt;&lt;/a&gt;</msg>
<status status="PASS" starttime="20240107 13:47:37.198" endtime="20240107 13:47:37.494"/>
</kw>
<status status="PASS" starttime="20240107 13:47:36.548" endtime="20240107 13:47:37.494"/>
</kw>
<kw name="Tambah Existing Group" library="modulGroupResources">
<kw name="Wait Until Element Is Visible" library="SeleniumLibrary">
<arg>${tambah_existing}</arg>
<arg>timeout=10s</arg>
<doc>Waits until the element ``locator`` is visible.</doc>
<status status="PASS" starttime="20240107 13:47:37.494" endtime="20240107 13:47:37.550"/>
</kw>
<kw name="Sleep" library="BuiltIn">
<arg>3s</arg>
<doc>Pauses the test executed for the given time.</doc>
<msg timestamp="20240107 13:47:40.550" level="INFO">Slept 3 seconds</msg>
<status status="PASS" starttime="20240107 13:47:37.550" endtime="20240107 13:47:40.550"/>
</kw>
<kw name="Click Element" library="SeleniumLibrary">
<arg>${tambah_existing}</arg>
<doc>Click the element identified by ``locator``.</doc>
<msg timestamp="20240107 13:47:40.550" level="INFO">Clicking element 'xpath://div[@blocker-target='cancel-edit-modal']//div//div//div//div//div//div//div//div//button[@target='customer-search']'.</msg>
<status status="PASS" starttime="20240107 13:47:40.550" endtime="20240107 13:47:40.643"/>
</kw>
<kw name="Wait Until Element Is Visible" library="SeleniumLibrary">
<arg>${checkbox3}</arg>
<arg>timeout=10s</arg>
<doc>Waits until the element ``locator`` is visible.</doc>
<status status="PASS" starttime="20240107 13:47:40.643" endtime="20240107 13:47:40.942"/>
</kw>
<kw name="Sleep" library="BuiltIn">
<arg>3s</arg>
<doc>Pauses the test executed for the given time.</doc>
<msg timestamp="20240107 13:47:43.943" level="INFO">Slept 3 seconds</msg>
<status status="PASS" starttime="20240107 13:47:40.942" endtime="20240107 13:47:43.943"/>
</kw>
<kw name="Click Element" library="SeleniumLibrary">
<arg>${checkbox3}</arg>
<doc>Click the element identified by ``locator``.</doc>
<msg timestamp="20240107 13:47:43.943" level="INFO">Clicking element 'xpath://body[1]/div[1]/div[1]/div[2]/div[2]/div[1]/div[1]/div[1]/div[5]/div[1]/div[1]/div[1]/div[2]/div[1]/div[2]/div[1]/div[1]/div[1]/div[1]/table[1]/tbody[1]/tr[3]/td[1]/input[1]'.</msg>
<status status="PASS" starttime="20240107 13:47:43.943" endtime="20240107 13:47:44.137"/>
</kw>
<kw name="Capture Page Screenshot" library="SeleniumLibrary">
<doc>Takes a screenshot of the current page and embeds it into a log file.</doc>
<msg timestamp="20240107 13:47:44.355" level="INFO" html="true">&lt;/td&gt;&lt;/tr&gt;&lt;tr&gt;&lt;td colspan="3"&gt;&lt;a href="selenium-screenshot-619.png"&gt;&lt;img src="selenium-screenshot-619.png" width="800px"&gt;&lt;/a&gt;</msg>
<status status="PASS" starttime="20240107 13:47:44.137" endtime="20240107 13:47:44.355"/>
</kw>
<kw name="Sleep" library="BuiltIn">
<arg>3s</arg>
<doc>Pauses the test executed for the given time.</doc>
<msg timestamp="20240107 13:47:47.356" level="INFO">Slept 3 seconds</msg>
<status status="PASS" starttime="20240107 13:47:44.355" endtime="20240107 13:47:47.356"/>
</kw>
<kw name="Click Element" library="SeleniumLibrary">
<arg>${button_tambahkan}</arg>
<doc>Click the element identified by ``locator``.</doc>
<msg timestamp="20240107 13:47:47.356" level="INFO">Clicking element 'xpath://button[normalize-space()='Tambahkan']'.</msg>
<status status="PASS" starttime="20240107 13:47:47.356" endtime="20240107 13:47:47.554"/>
</kw>
<status status="PASS" starttime="20240107 13:47:37.494" endtime="20240107 13:47:47.554"/>
</kw>
<kw name="Click Button Update" library="GlobalResources">
<kw name="Wait Until Element Is Visible" library="SeleniumLibrary">
<arg>${update}</arg>
<arg>timeout=10s</arg>
<doc>Waits until the element ``locator`` is visible.</doc>
<status status="PASS" starttime="20240107 13:47:47.554" endtime="20240107 13:47:47.646"/>
</kw>
<kw name="Sleep" library="BuiltIn">
<arg>3s</arg>
<doc>Pauses the test executed for the given time.</doc>
<msg timestamp="20240107 13:47:50.646" level="INFO">Slept 3 seconds</msg>
<status status="PASS" starttime="20240107 13:47:47.646" endtime="20240107 13:47:50.646"/>
</kw>
<kw name="Click Button" library="SeleniumLibrary">
<arg>${update}</arg>
<doc>Clicks the button identified by ``locator``.</doc>
<msg timestamp="20240107 13:47:50.646" level="INFO">Clicking button 'xpath://button[normalize-space()='Update']'.</msg>
<status status="PASS" starttime="20240107 13:47:50.646" endtime="20240107 13:47:50.804"/>
</kw>
<kw name="Capture Page Screenshot" library="SeleniumLibrary">
<doc>Takes a screenshot of the current page and embeds it into a log file.</doc>
<msg timestamp="20240107 13:47:51.029" level="INFO" html="true">&lt;/td&gt;&lt;/tr&gt;&lt;tr&gt;&lt;td colspan="3"&gt;&lt;a href="selenium-screenshot-620.png"&gt;&lt;img src="selenium-screenshot-620.png" width="800px"&gt;&lt;/a&gt;</msg>
<status status="PASS" starttime="20240107 13:47:50.804" endtime="20240107 13:47:51.029"/>
</kw>
<status status="PASS" starttime="20240107 13:47:47.554" endtime="20240107 13:47:51.029"/>
</kw>
<kw name="Verify Berhasil Edit" library="GlobalResources">
<kw name="Wait Until Element Is Visible" library="SeleniumLibrary">
<arg>${Ya_Mengerti_Update}</arg>
<arg>timeout=10s</arg>
<doc>Waits until the element ``locator`` is visible.</doc>
<status status="PASS" starttime="20240107 13:47:51.029" endtime="20240107 13:47:51.121"/>
</kw>
<kw name="Capture Page Screenshot" library="SeleniumLibrary">
<doc>Takes a screenshot of the current page and embeds it into a log file.</doc>
<msg timestamp="20240107 13:47:51.314" level="INFO" html="true">&lt;/td&gt;&lt;/tr&gt;&lt;tr&gt;&lt;td colspan="3"&gt;&lt;a href="selenium-screenshot-621.png"&gt;&lt;img src="selenium-screenshot-621.png" width="800px"&gt;&lt;/a&gt;</msg>
<status status="PASS" starttime="20240107 13:47:51.121" endtime="20240107 13:47:51.314"/>
</kw>
<kw name="Sleep" library="BuiltIn">
<arg>2s</arg>
<doc>Pauses the test executed for the given time.</doc>
<msg timestamp="20240107 13:47:53.316" level="INFO">Slept 2 seconds</msg>
<status status="PASS" starttime="20240107 13:47:51.314" endtime="20240107 13:47:53.316"/>
</kw>
<kw name="Click Element" library="SeleniumLibrary">
<arg>${Ya_Mengerti_Update}</arg>
<doc>Click the element identified by ``locator``.</doc>
<msg timestamp="20240107 13:47:53.316" level="INFO">Clicking element 'xpath://div[@id='success-update-modal']//a[@class='btn-active py-4 px-5 rounded-3xl text-sm'][normalize-space()='Ya, Mengerti']'.</msg>
<status status="PASS" starttime="20240107 13:47:53.316" endtime="20240107 13:47:53.951"/>
</kw>
<kw name="Sleep" library="BuiltIn">
<arg>2s</arg>
<doc>Pauses the test executed for the given time.</doc>
<msg timestamp="20240107 13:47:55.952" level="INFO">Slept 2 seconds</msg>
<status status="PASS" starttime="20240107 13:47:53.951" endtime="20240107 13:47:55.952"/>
</kw>
<kw name="Capture Page Screenshot" library="SeleniumLibrary">
<doc>Takes a screenshot of the current page and embeds it into a log file.</doc>
<msg timestamp="20240107 13:47:56.205" level="INFO" html="true">&lt;/td&gt;&lt;/tr&gt;&lt;tr&gt;&lt;td colspan="3"&gt;&lt;a href="selenium-screenshot-622.png"&gt;&lt;img src="selenium-screenshot-622.png" width="800px"&gt;&lt;/a&gt;</msg>
<status status="PASS" starttime="20240107 13:47:55.952" endtime="20240107 13:47:56.205"/>
</kw>
<status status="PASS" starttime="20240107 13:47:51.029" endtime="20240107 13:47:56.205"/>
</kw>
<kw name="Close Browser" library="SeleniumLibrary">
<doc>Closes the current browser.</doc>
<status status="PASS" starttime="20240107 13:47:56.283" endtime="20240107 13:47:59.766"/>
</kw>
<doc>This test case verifies that user is able to  menambahkan data customer pada existing group</doc>
<tag>add</tag>
<status status="PASS" starttime="20240107 13:47:30.816" endtime="20240107 13:47:59.766"/>
</test>
<test id="s1-t4" name="Verify Successful delete data customer pada existing group" line="37">
<kw name="Open Browser" library="SeleniumLibrary">
<arg>${URL}</arg>
<arg>${BROWSER}</arg>
<doc>Opens a new browser instance to the optional ``url``.</doc>
<msg timestamp="20240107 13:47:59.766" level="INFO">Opening browser 'Chrome' to base url 'https://jba-aaas-cms-dev.aslcode.dev/branches'.</msg>
<status status="PASS" starttime="20240107 13:47:59.766" endtime="20240107 13:48:04.251"/>
</kw>
<kw name="Maximize Browser Window" library="SeleniumLibrary">
<doc>Maximizes current browser window.</doc>
<status status="PASS" starttime="20240107 13:48:04.251" endtime="20240107 13:48:04.446"/>
</kw>
<kw name="Click Modul Group" library="modulGroupResources">
<kw name="Click Element" library="SeleniumLibrary">
<arg>${modul_group}</arg>
<doc>Click the element identified by ``locator``.</doc>
<msg timestamp="20240107 13:48:04.446" level="INFO">Clicking element 'xpath://span[normalize-space()='Group']'.</msg>
<status status="PASS" starttime="20240107 13:48:04.446" endtime="20240107 13:48:04.914"/>
</kw>
<kw name="Capture Page Screenshot" library="SeleniumLibrary">
<doc>Takes a screenshot of the current page and embeds it into a log file.</doc>
<msg timestamp="20240107 13:48:05.197" level="INFO" html="true">&lt;/td&gt;&lt;/tr&gt;&lt;tr&gt;&lt;td colspan="3"&gt;&lt;a href="selenium-screenshot-623.png"&gt;&lt;img src="selenium-screenshot-623.png" width="800px"&gt;&lt;/a&gt;</msg>
<status status="PASS" starttime="20240107 13:48:04.914" endtime="20240107 13:48:05.197"/>
</kw>
<status status="PASS" starttime="20240107 13:48:04.446" endtime="20240107 13:48:05.197"/>
</kw>
<kw name="Edit Existing Group" library="modulGroupResources">
<kw name="Click Element" library="SeleniumLibrary">
<arg>${button_view}</arg>
<doc>Click the element identified by ``locator``.</doc>
<msg timestamp="20240107 13:48:05.197" level="INFO">Clicking element 'xpath://tbody/tr[1]/td[6]/div[1]/button[1]//*[name()='svg']'.</msg>
<status status="PASS" starttime="20240107 13:48:05.197" endtime="20240107 13:48:05.331"/>
</kw>
<kw name="Capture Page Screenshot" library="SeleniumLibrary">
<doc>Takes a screenshot of the current page and embeds it into a log file.</doc>
<msg timestamp="20240107 13:48:05.619" level="INFO" html="true">&lt;/td&gt;&lt;/tr&gt;&lt;tr&gt;&lt;td colspan="3"&gt;&lt;a href="selenium-screenshot-624.png"&gt;&lt;img src="selenium-screenshot-624.png" width="800px"&gt;&lt;/a&gt;</msg>
<status status="PASS" starttime="20240107 13:48:05.331" endtime="20240107 13:48:05.619"/>
</kw>
<kw name="Wait Until Element Is Visible" library="SeleniumLibrary">
<arg>${edit_existing}</arg>
<arg>timeout=10s</arg>
<doc>Waits until the element ``locator`` is visible.</doc>
<status status="PASS" starttime="20240107 13:48:05.619" endtime="20240107 13:48:05.651"/>
</kw>
<kw name="Click Element" library="SeleniumLibrary">
<arg>${edit_existing}</arg>
<doc>Click the element identified by ``locator``.</doc>
<msg timestamp="20240107 13:48:05.651" level="INFO">Clicking element 'xpath://span[normalize-space()='Edit']'.</msg>
<status status="PASS" starttime="20240107 13:48:05.651" endtime="20240107 13:48:05.733"/>
</kw>
<kw name="Capture Page Screenshot" library="SeleniumLibrary">
<doc>Takes a screenshot of the current page and embeds it into a log file.</doc>
<msg timestamp="20240107 13:48:06.062" level="INFO" html="true">&lt;/td&gt;&lt;/tr&gt;&lt;tr&gt;&lt;td colspan="3"&gt;&lt;a href="selenium-screenshot-625.png"&gt;&lt;img src="selenium-screenshot-625.png" width="800px"&gt;&lt;/a&gt;</msg>
<status status="PASS" starttime="20240107 13:48:05.734" endtime="20240107 13:48:06.062"/>
</kw>
<status status="PASS" starttime="20240107 13:48:05.197" endtime="20240107 13:48:06.062"/>
</kw>
<kw name="Delete Existing Group" library="modulGroupResources">
<kw name="Wait Until Element Is Visible" library="SeleniumLibrary">
<arg>${delete_list_customer}</arg>
<arg>timeout=10s</arg>
<doc>Waits until the element ``locator`` is visible.</doc>
<status status="PASS" starttime="20240107 13:48:06.070" endtime="20240107 13:48:06.376"/>
</kw>
<kw name="Click Element" library="SeleniumLibrary">
<arg>${delete_list_customer}</arg>
<doc>Click the element identified by ``locator``.</doc>
<msg timestamp="20240107 13:48:06.376" level="INFO">Clicking element 'xpath://button[@class='remove-customer-btn btn-grey-2']'.</msg>
<status status="PASS" starttime="20240107 13:48:06.376" endtime="20240107 13:48:06.496"/>
</kw>
<kw name="Capture Page Screenshot" library="SeleniumLibrary">
<doc>Takes a screenshot of the current page and embeds it into a log file.</doc>
<msg timestamp="20240107 13:48:06.697" level="INFO" html="true">&lt;/td&gt;&lt;/tr&gt;&lt;tr&gt;&lt;td colspan="3"&gt;&lt;a href="selenium-screenshot-626.png"&gt;&lt;img src="selenium-screenshot-626.png" width="800px"&gt;&lt;/a&gt;</msg>
<status status="PASS" starttime="20240107 13:48:06.496" endtime="20240107 13:48:06.697"/>
</kw>
<status status="PASS" starttime="20240107 13:48:06.070" endtime="20240107 13:48:06.697"/>
</kw>
<kw name="Click Button Ya,Hapus" library="GlobalResources">
<kw name="Wait Until Element Is Visible" library="SeleniumLibrary">
<arg>${Ya_hapus}</arg>
<arg>timeout=10s</arg>
<doc>Waits until the element ``locator`` is visible.</doc>
<status status="PASS" starttime="20240107 13:48:06.697" endtime="20240107 13:48:06.746"/>
</kw>
<kw name="Click Element" library="SeleniumLibrary">
<arg>${Ya_hapus}</arg>
<doc>Click the element identified by ``locator``.</doc>
<msg timestamp="20240107 13:48:06.746" level="INFO">Clicking element 'xpath://button[normalize-space()='Ya, Hapus']'.</msg>
<status status="PASS" starttime="20240107 13:48:06.746" endtime="20240107 13:48:06.902"/>
</kw>
<status status="PASS" starttime="20240107 13:48:06.697" endtime="20240107 13:48:06.902"/>
</kw>
<kw name="Verify Berhasil Delete Existing" library="modulGroupResources">
<kw name="Wait Until Element Is Visible" library="SeleniumLibrary">
<arg>${Ya_Mengerti_Delete_GroupEx}</arg>
<arg>timeout=10s</arg>
<doc>Waits until the element ``locator`` is visible.</doc>
<status status="PASS" starttime="20240107 13:48:06.980" endtime="20240107 13:48:07.095"/>
</kw>
<kw name="Capture Page Screenshot" library="SeleniumLibrary">
<doc>Takes a screenshot of the current page and embeds it into a log file.</doc>
<msg timestamp="20240107 13:48:07.286" level="INFO" html="true">&lt;/td&gt;&lt;/tr&gt;&lt;tr&gt;&lt;td colspan="3"&gt;&lt;a href="selenium-screenshot-627.png"&gt;&lt;img src="selenium-screenshot-627.png" width="800px"&gt;&lt;/a&gt;</msg>
<status status="PASS" starttime="20240107 13:48:07.095" endtime="20240107 13:48:07.286"/>
</kw>
<kw name="Sleep" library="BuiltIn">
<arg>2s</arg>
<doc>Pauses the test executed for the given time.</doc>
<msg timestamp="20240107 13:48:09.287" level="INFO">Slept 2 seconds</msg>
<status status="PASS" starttime="20240107 13:48:07.286" endtime="20240107 13:48:09.287"/>
</kw>
<kw name="Click Element" library="SeleniumLibrary">
<arg>${Ya_Mengerti_Delete_GroupEx}</arg>
<doc>Click the element identified by ``locator``.</doc>
<msg timestamp="20240107 13:48:09.287" level="INFO">Clicking element 'xpath://div[@id='success-delete-customer-from-group-modal']//div[contains(@class,'flex justify-center')]'.</msg>
<status status="PASS" starttime="20240107 13:48:09.287" endtime="20240107 13:48:09.496"/>
</kw>
<kw name="Capture Page Screenshot" library="SeleniumLibrary">
<doc>Takes a screenshot of the current page and embeds it into a log file.</doc>
<msg timestamp="20240107 13:48:09.699" level="INFO" html="true">&lt;/td&gt;&lt;/tr&gt;&lt;tr&gt;&lt;td colspan="3"&gt;&lt;a href="selenium-screenshot-628.png"&gt;&lt;img src="selenium-screenshot-628.png" width="800px"&gt;&lt;/a&gt;</msg>
<status status="PASS" starttime="20240107 13:48:09.496" endtime="20240107 13:48:09.699"/>
</kw>
<kw name="Sleep" library="BuiltIn">
<arg>2s</arg>
<doc>Pauses the test executed for the given time.</doc>
<msg timestamp="20240107 13:48:11.699" level="INFO">Slept 2 seconds</msg>
<status status="PASS" starttime="20240107 13:48:09.699" endtime="20240107 13:48:11.699"/>
</kw>
<status status="PASS" starttime="20240107 13:48:06.980" endtime="20240107 13:48:11.699"/>
</kw>
<kw name="Click Button Update" library="GlobalResources">
<kw name="Wait Until Element Is Visible" library="SeleniumLibrary">
<arg>${update}</arg>
<arg>timeout=10s</arg>
<doc>Waits until the element ``locator`` is visible.</doc>
<status status="PASS" starttime="20240107 13:48:11.699" endtime="20240107 13:48:11.768"/>
</kw>
<kw name="Sleep" library="BuiltIn">
<arg>3s</arg>
<doc>Pauses the test executed for the given time.</doc>
<msg timestamp="20240107 13:48:14.769" level="INFO">Slept 3 seconds</msg>
<status status="PASS" starttime="20240107 13:48:11.768" endtime="20240107 13:48:14.769"/>
</kw>
<kw name="Click Button" library="SeleniumLibrary">
<arg>${update}</arg>
<doc>Clicks the button identified by ``locator``.</doc>
<msg timestamp="20240107 13:48:14.769" level="INFO">Clicking button 'xpath://button[normalize-space()='Update']'.</msg>
<status status="PASS" starttime="20240107 13:48:14.769" endtime="20240107 13:48:14.894"/>
</kw>
<kw name="Capture Page Screenshot" library="SeleniumLibrary">
<doc>Takes a screenshot of the current page and embeds it into a log file.</doc>
<msg timestamp="20240107 13:48:15.103" level="INFO" html="true">&lt;/td&gt;&lt;/tr&gt;&lt;tr&gt;&lt;td colspan="3"&gt;&lt;a href="selenium-screenshot-629.png"&gt;&lt;img src="selenium-screenshot-629.png" width="800px"&gt;&lt;/a&gt;</msg>
<status status="PASS" starttime="20240107 13:48:14.894" endtime="20240107 13:48:15.103"/>
</kw>
<status status="PASS" starttime="20240107 13:48:11.699" endtime="20240107 13:48:15.103"/>
</kw>
<kw name="Verify Berhasil Edit" library="GlobalResources">
<kw name="Wait Until Element Is Visible" library="SeleniumLibrary">
<arg>${Ya_Mengerti_Update}</arg>
<arg>timeout=10s</arg>
<doc>Waits until the element ``locator`` is visible.</doc>
<status status="PASS" starttime="20240107 13:48:15.103" endtime="20240107 13:48:15.148"/>
</kw>
<kw name="Capture Page Screenshot" library="SeleniumLibrary">
<doc>Takes a screenshot of the current page and embeds it into a log file.</doc>
<msg timestamp="20240107 13:48:15.347" level="INFO" html="true">&lt;/td&gt;&lt;/tr&gt;&lt;tr&gt;&lt;td colspan="3"&gt;&lt;a href="selenium-screenshot-630.png"&gt;&lt;img src="selenium-screenshot-630.png" width="800px"&gt;&lt;/a&gt;</msg>
<status status="PASS" starttime="20240107 13:48:15.148" endtime="20240107 13:48:15.347"/>
</kw>
<kw name="Sleep" library="BuiltIn">
<arg>2s</arg>
<doc>Pauses the test executed for the given time.</doc>
<msg timestamp="20240107 13:48:17.348" level="INFO">Slept 2 seconds</msg>
<status status="PASS" starttime="20240107 13:48:15.347" endtime="20240107 13:48:17.348"/>
</kw>
<kw name="Click Element" library="SeleniumLibrary">
<arg>${Ya_Mengerti_Update}</arg>
<doc>Click the element identified by ``locator``.</doc>
<msg timestamp="20240107 13:48:17.348" level="INFO">Clicking element 'xpath://div[@id='success-update-modal']//a[@class='btn-active py-4 px-5 rounded-3xl text-sm'][normalize-space()='Ya, Mengerti']'.</msg>
<status status="PASS" starttime="20240107 13:48:17.348" endtime="20240107 13:48:17.828"/>
</kw>
<kw name="Sleep" library="BuiltIn">
<arg>2s</arg>
<doc>Pauses the test executed for the given time.</doc>
<msg timestamp="20240107 13:48:19.828" level="INFO">Slept 2 seconds</msg>
<status status="PASS" starttime="20240107 13:48:17.828" endtime="20240107 13:48:19.828"/>
</kw>
<kw name="Capture Page Screenshot" library="SeleniumLibrary">
<doc>Takes a screenshot of the current page and embeds it into a log file.</doc>
<msg timestamp="20240107 13:48:20.018" level="INFO" html="true">&lt;/td&gt;&lt;/tr&gt;&lt;tr&gt;&lt;td colspan="3"&gt;&lt;a href="selenium-screenshot-631.png"&gt;&lt;img src="selenium-screenshot-631.png" width="800px"&gt;&lt;/a&gt;</msg>
<status status="PASS" starttime="20240107 13:48:19.828" endtime="20240107 13:48:20.018"/>
</kw>
<status status="PASS" starttime="20240107 13:48:15.103" endtime="20240107 13:48:20.018"/>
</kw>
<kw name="Close Browser" library="SeleniumLibrary">
<doc>Closes the current browser.</doc>
<status status="PASS" starttime="20240107 13:48:20.018" endtime="20240107 13:48:23.358"/>
</kw>
<doc>This test case verifies that user is able to delete data customer pada existing group</doc>
<tag>delete</tag>
<status status="PASS" starttime="20240107 13:47:59.766" endtime="20240107 13:48:23.358"/>
</test>
<test id="s1-t5" name="Verify Successful Delete Data Group" line="50">
<kw name="Open Browser" library="SeleniumLibrary">
<arg>${URL}</arg>
<arg>${BROWSER}</arg>
<doc>Opens a new browser instance to the optional ``url``.</doc>
<msg timestamp="20240107 13:48:23.358" level="INFO">Opening browser 'Chrome' to base url 'https://jba-aaas-cms-dev.aslcode.dev/branches'.</msg>
<status status="PASS" starttime="20240107 13:48:23.358" endtime="20240107 13:48:28.063"/>
</kw>
<kw name="Maximize Browser Window" library="SeleniumLibrary">
<doc>Maximizes current browser window.</doc>
<status status="PASS" starttime="20240107 13:48:28.063" endtime="20240107 13:48:28.268"/>
</kw>
<kw name="Click Modul Group" library="modulGroupResources">
<kw name="Click Element" library="SeleniumLibrary">
<arg>${modul_group}</arg>
<doc>Click the element identified by ``locator``.</doc>
<msg timestamp="20240107 13:48:28.268" level="INFO">Clicking element 'xpath://span[normalize-space()='Group']'.</msg>
<status status="PASS" starttime="20240107 13:48:28.268" endtime="20240107 13:48:28.778"/>
</kw>
<kw name="Capture Page Screenshot" library="SeleniumLibrary">
<doc>Takes a screenshot of the current page and embeds it into a log file.</doc>
<msg timestamp="20240107 13:48:29.022" level="INFO" html="true">&lt;/td&gt;&lt;/tr&gt;&lt;tr&gt;&lt;td colspan="3"&gt;&lt;a href="selenium-screenshot-632.png"&gt;&lt;img src="selenium-screenshot-632.png" width="800px"&gt;&lt;/a&gt;</msg>
<status status="PASS" starttime="20240107 13:48:28.778" endtime="20240107 13:48:29.022"/>
</kw>
<status status="PASS" starttime="20240107 13:48:28.268" endtime="20240107 13:48:29.022"/>
</kw>
<kw name="Click Button Delete Group" library="modulGroupResources">
<kw name="Click Element" library="SeleniumLibrary">
<arg>${aksi_group}</arg>
<doc>Click the element identified by ``locator``.</doc>
<msg timestamp="20240107 13:48:29.037" level="INFO">Clicking element 'xpath://div[@class='dropdown-button flex justify-center items-center px-2.5']//*[name()='svg']'.</msg>
<status status="PASS" starttime="20240107 13:48:29.022" endtime="20240107 13:48:29.150"/>
</kw>
<kw name="Click Element" library="SeleniumLibrary">
<arg>${button_delete}</arg>
<doc>Click the element identified by ``locator``.</doc>
<msg timestamp="20240107 13:48:29.158" level="INFO">Clicking element 'xpath://div[@id='dropdown-menu-0']//div[contains(text(),'Delete')]'.</msg>
<status status="PASS" starttime="20240107 13:48:29.150" endtime="20240107 13:48:29.312"/>
</kw>
<kw name="Capture Page Screenshot" library="SeleniumLibrary">
<doc>Takes a screenshot of the current page and embeds it into a log file.</doc>
<msg timestamp="20240107 13:48:29.524" level="INFO" html="true">&lt;/td&gt;&lt;/tr&gt;&lt;tr&gt;&lt;td colspan="3"&gt;&lt;a href="selenium-screenshot-633.png"&gt;&lt;img src="selenium-screenshot-633.png" width="800px"&gt;&lt;/a&gt;</msg>
<status status="PASS" starttime="20240107 13:48:29.312" endtime="20240107 13:48:29.524"/>
</kw>
<kw name="Click Element" library="SeleniumLibrary">
<arg>${YaHapus_group}</arg>
<doc>Click the element identified by ``locator``.</doc>
<msg timestamp="20240107 13:48:29.524" level="INFO">Clicking element 'xpath://div[@class='delete-modal-confirmation']//div[1]//div[4]//button[1]'.</msg>
<status status="PASS" starttime="20240107 13:48:29.524" endtime="20240107 13:48:29.607"/>
</kw>
<status status="PASS" starttime="20240107 13:48:29.022" endtime="20240107 13:48:29.607"/>
</kw>
<kw name="Verify Berhasil Delete" library="GlobalResources">
<kw name="Wait Until Element Is Visible" library="SeleniumLibrary">
<arg>${Ya_Mengerti_Delete}</arg>
<arg>timeout=10s</arg>
<doc>Waits until the element ``locator`` is visible.</doc>
<status status="PASS" starttime="20240107 13:48:29.610" endtime="20240107 13:48:29.896"/>
</kw>
<kw name="Capture Page Screenshot" library="SeleniumLibrary">
<doc>Takes a screenshot of the current page and embeds it into a log file.</doc>
<msg timestamp="20240107 13:48:30.104" level="INFO" html="true">&lt;/td&gt;&lt;/tr&gt;&lt;tr&gt;&lt;td colspan="3"&gt;&lt;a href="selenium-screenshot-634.png"&gt;&lt;img src="selenium-screenshot-634.png" width="800px"&gt;&lt;/a&gt;</msg>
<status status="PASS" starttime="20240107 13:48:29.896" endtime="20240107 13:48:30.104"/>
</kw>
<kw name="Sleep" library="BuiltIn">
<arg>2s</arg>
<doc>Pauses the test executed for the given time.</doc>
<msg timestamp="20240107 13:48:32.105" level="INFO">Slept 2 seconds</msg>
<status status="PASS" starttime="20240107 13:48:30.104" endtime="20240107 13:48:32.105"/>
</kw>
<kw name="Click Element" library="SeleniumLibrary">
<arg>${Ya_Mengerti_Delete}</arg>
<doc>Click the element identified by ``locator``.</doc>
<msg timestamp="20240107 13:48:32.105" level="INFO">Clicking element 'xpath://div[@id='success-delete-modal']//a[@class='btn-active py-4 px-5 rounded-3xl text-sm'][normalize-space()='Ya, Mengerti']'.</msg>
<status status="PASS" starttime="20240107 13:48:32.105" endtime="20240107 13:48:32.535"/>
</kw>
<kw name="Capture Page Screenshot" library="SeleniumLibrary">
<doc>Takes a screenshot of the current page and embeds it into a log file.</doc>
<msg timestamp="20240107 13:48:32.753" level="INFO" html="true">&lt;/td&gt;&lt;/tr&gt;&lt;tr&gt;&lt;td colspan="3"&gt;&lt;a href="selenium-screenshot-635.png"&gt;&lt;img src="selenium-screenshot-635.png" width="800px"&gt;&lt;/a&gt;</msg>
<status status="PASS" starttime="20240107 13:48:32.535" endtime="20240107 13:48:32.753"/>
</kw>
<kw name="Close Browser" library="SeleniumLibrary">
<doc>Closes the current browser.</doc>
<status status="PASS" starttime="20240107 13:48:32.753" endtime="20240107 13:48:36.002"/>
</kw>
<status status="PASS" starttime="20240107 13:48:29.607" endtime="20240107 13:48:36.002"/>
</kw>
<kw name="Close Browser" library="SeleniumLibrary">
<doc>Closes the current browser.</doc>
<status status="PASS" starttime="20240107 13:48:36.002" endtime="20240107 13:48:36.002"/>
</kw>
<doc>This test case verifies that user is able to delete data group</doc>
<tag>delete</tag>
<status status="PASS" starttime="20240107 13:48:23.358" endtime="20240107 13:48:36.002"/>
</test>
<test id="s1-t6" name="Verify Successful View Detail Data Group" line="59">
<kw name="Open Browser" library="SeleniumLibrary">
<arg>${URL}</arg>
<arg>${BROWSER}</arg>
<doc>Opens a new browser instance to the optional ``url``.</doc>
<msg timestamp="20240107 13:48:36.011" level="INFO">Opening browser 'Chrome' to base url 'https://jba-aaas-cms-dev.aslcode.dev/branches'.</msg>
<status status="PASS" starttime="20240107 13:48:36.011" endtime="20240107 13:48:40.722"/>
</kw>
<kw name="Maximize Browser Window" library="SeleniumLibrary">
<doc>Maximizes current browser window.</doc>
<status status="PASS" starttime="20240107 13:48:40.722" endtime="20240107 13:48:40.997"/>
</kw>
<kw name="Click Modul Group" library="modulGroupResources">
<kw name="Click Element" library="SeleniumLibrary">
<arg>${modul_group}</arg>
<doc>Click the element identified by ``locator``.</doc>
<msg timestamp="20240107 13:48:40.998" level="INFO">Clicking element 'xpath://span[normalize-space()='Group']'.</msg>
<status status="PASS" starttime="20240107 13:48:40.998" endtime="20240107 13:48:41.466"/>
</kw>
<kw name="Capture Page Screenshot" library="SeleniumLibrary">
<doc>Takes a screenshot of the current page and embeds it into a log file.</doc>
<msg timestamp="20240107 13:48:41.660" level="INFO" html="true">&lt;/td&gt;&lt;/tr&gt;&lt;tr&gt;&lt;td colspan="3"&gt;&lt;a href="selenium-screenshot-636.png"&gt;&lt;img src="selenium-screenshot-636.png" width="800px"&gt;&lt;/a&gt;</msg>
<status status="PASS" starttime="20240107 13:48:41.466" endtime="20240107 13:48:41.660"/>
</kw>
<status status="PASS" starttime="20240107 13:48:40.998" endtime="20240107 13:48:41.660"/>
</kw>
<kw name="View Data Group" library="modulGroupResources">
<kw name="Click Element" library="SeleniumLibrary">
<arg>${button_view}</arg>
<doc>Click the element identified by ``locator``.</doc>
<msg timestamp="20240107 13:48:41.660" level="INFO">Clicking element 'xpath://tbody/tr[1]/td[6]/div[1]/button[1]//*[name()='svg']'.</msg>
<status status="PASS" starttime="20240107 13:48:41.660" endtime="20240107 13:48:41.811"/>
</kw>
<kw name="Capture Page Screenshot" library="SeleniumLibrary">
<doc>Takes a screenshot of the current page and embeds it into a log file.</doc>
<msg timestamp="20240107 13:48:42.160" level="INFO" html="true">&lt;/td&gt;&lt;/tr&gt;&lt;tr&gt;&lt;td colspan="3"&gt;&lt;a href="selenium-screenshot-637.png"&gt;&lt;img src="selenium-screenshot-637.png" width="800px"&gt;&lt;/a&gt;</msg>
<status status="PASS" starttime="20240107 13:48:41.811" endtime="20240107 13:48:42.160"/>
</kw>
<kw name="Click Element" library="SeleniumLibrary">
<arg>${button_kembali}</arg>
<doc>Click the element identified by ``locator``.</doc>
<msg timestamp="20240107 13:48:42.160" level="INFO">Clicking element 'xpath://button[normalize-space()='Kembali']'.</msg>
<status status="PASS" starttime="20240107 13:48:42.160" endtime="20240107 13:48:42.244"/>
</kw>
<kw name="Capture Page Screenshot" library="SeleniumLibrary">
<doc>Takes a screenshot of the current page and embeds it into a log file.</doc>
<msg timestamp="20240107 13:48:42.438" level="INFO" html="true">&lt;/td&gt;&lt;/tr&gt;&lt;tr&gt;&lt;td colspan="3"&gt;&lt;a href="selenium-screenshot-638.png"&gt;&lt;img src="selenium-screenshot-638.png" width="800px"&gt;&lt;/a&gt;</msg>
<status status="PASS" starttime="20240107 13:48:42.244" endtime="20240107 13:48:42.438"/>
</kw>
<status status="PASS" starttime="20240107 13:48:41.660" endtime="20240107 13:48:42.438"/>
</kw>
<kw name="Close Browser" library="SeleniumLibrary">
<doc>Closes the current browser.</doc>
<status status="PASS" starttime="20240107 13:48:42.438" endtime="20240107 13:48:45.687"/>
</kw>
<doc>This test case verifies that user is able to view detail data group</doc>
<tag>view</tag>
<status status="PASS" starttime="20240107 13:48:36.011" endtime="20240107 13:48:45.687"/>
</test>
<test id="s1-t7" name="Verify Create Data Group Tanpa Data Customer" line="67">
<kw name="Open Browser" library="SeleniumLibrary">
<arg>${URL}</arg>
<arg>${BROWSER}</arg>
<doc>Opens a new browser instance to the optional ``url``.</doc>
<msg timestamp="20240107 13:48:45.687" level="INFO">Opening browser 'Chrome' to base url 'https://jba-aaas-cms-dev.aslcode.dev/branches'.</msg>
<status status="PASS" starttime="20240107 13:48:45.687" endtime="20240107 13:48:50.246"/>
</kw>
<kw name="Maximize Browser Window" library="SeleniumLibrary">
<doc>Maximizes current browser window.</doc>
<status status="PASS" starttime="20240107 13:48:50.246" endtime="20240107 13:48:50.463"/>
</kw>
<kw name="Click Modul Group" library="modulGroupResources">
<kw name="Click Element" library="SeleniumLibrary">
<arg>${modul_group}</arg>
<doc>Click the element identified by ``locator``.</doc>
<msg timestamp="20240107 13:48:50.463" level="INFO">Clicking element 'xpath://span[normalize-space()='Group']'.</msg>
<status status="PASS" starttime="20240107 13:48:50.463" endtime="20240107 13:48:50.928"/>
</kw>
<kw name="Capture Page Screenshot" library="SeleniumLibrary">
<doc>Takes a screenshot of the current page and embeds it into a log file.</doc>
<msg timestamp="20240107 13:48:51.144" level="INFO" html="true">&lt;/td&gt;&lt;/tr&gt;&lt;tr&gt;&lt;td colspan="3"&gt;&lt;a href="selenium-screenshot-639.png"&gt;&lt;img src="selenium-screenshot-639.png" width="800px"&gt;&lt;/a&gt;</msg>
<status status="PASS" starttime="20240107 13:48:50.928" endtime="20240107 13:48:51.144"/>
</kw>
<status status="PASS" starttime="20240107 13:48:50.463" endtime="20240107 13:48:51.144"/>
</kw>
<kw name="Click Button Create Group" library="modulGroupResources">
<kw name="Click Button" library="SeleniumLibrary">
<arg>${button_create}</arg>
<doc>Clicks the button identified by ``locator``.</doc>
<msg timestamp="20240107 13:48:51.144" level="INFO">Clicking button 'xpath://button[@class='btn-active py-3 px-4 rounded-3xl flex items-center justify-center text-xs modal-button create-button']'.</msg>
<status status="PASS" starttime="20240107 13:48:51.144" endtime="20240107 13:48:51.295"/>
</kw>
<status status="PASS" starttime="20240107 13:48:51.144" endtime="20240107 13:48:51.295"/>
</kw>
<kw name="Input Fields Group Tanpa Data Customer" library="modulGroupResources">
<kw name="Generate Random String" library="String">
<var>${random_text}</var>
<arg>${max_length}</arg>
<doc>Generates a string with a desired ``length`` from the given ``chars``.</doc>
<msg timestamp="20240107 13:48:51.363" level="INFO">${random_text} = mU</msg>
<status status="PASS" starttime="20240107 13:48:51.363" endtime="20240107 13:48:51.363"/>
</kw>
<kw name="Input Text" library="SeleniumLibrary">
<arg>${input_kode_group}</arg>
<arg>${kode_group} ${random_text}</arg>
<doc>Types the given ``text`` into the text field identified by ``locator``.</doc>
<msg timestamp="20240107 13:48:51.363" level="INFO">Typing text 'TestAuto mU' into text field 'xpath://div[@blocker-target='cancel-add-modal']//div//div//div//input[@placeholder='Ketik Kode Group']'.</msg>
<status status="PASS" starttime="20240107 13:48:51.363" endtime="20240107 13:48:51.830"/>
</kw>
<kw name="Input Text" library="SeleniumLibrary">
<arg>${input_nama_group}</arg>
<arg>${nama_group}</arg>
<doc>Types the given ``text`` into the text field identified by ``locator``.</doc>
<msg timestamp="20240107 13:48:51.830" level="INFO">Typing text 'Testing Automation' into text field 'xpath://div[@id='add-form-modal']//input[contains(@placeholder,'Ketik Nama Group')]'.</msg>
<status status="PASS" starttime="20240107 13:48:51.830" endtime="20240107 13:48:52.086"/>
</kw>
<kw name="Capture Page Screenshot" library="SeleniumLibrary">
<doc>Takes a screenshot of the current page and embeds it into a log file.</doc>
<msg timestamp="20240107 13:48:52.333" level="INFO" html="true">&lt;/td&gt;&lt;/tr&gt;&lt;tr&gt;&lt;td colspan="3"&gt;&lt;a href="selenium-screenshot-640.png"&gt;&lt;img src="selenium-screenshot-640.png" width="800px"&gt;&lt;/a&gt;</msg>
<status status="PASS" starttime="20240107 13:48:52.086" endtime="20240107 13:48:52.333"/>
</kw>
<status status="PASS" starttime="20240107 13:48:51.363" endtime="20240107 13:48:52.333"/>
</kw>
<kw name="Click Button Simpan" library="GlobalResources">
<kw name="Capture Page Screenshot" library="SeleniumLibrary">
<doc>Takes a screenshot of the current page and embeds it into a log file.</doc>
<msg timestamp="20240107 13:48:52.565" level="INFO" html="true">&lt;/td&gt;&lt;/tr&gt;&lt;tr&gt;&lt;td colspan="3"&gt;&lt;a href="selenium-screenshot-641.png"&gt;&lt;img src="selenium-screenshot-641.png" width="800px"&gt;&lt;/a&gt;</msg>
<status status="PASS" starttime="20240107 13:48:52.349" endtime="20240107 13:48:52.565"/>
</kw>
<kw name="Click Button" library="SeleniumLibrary">
<arg>${simpan}</arg>
<doc>Clicks the button identified by ``locator``.</doc>
<msg timestamp="20240107 13:48:52.565" level="INFO">Clicking button 'xpath://button[normalize-space()='Simpan']'.</msg>
<status status="PASS" starttime="20240107 13:48:52.565" endtime="20240107 13:48:52.710"/>
</kw>
<status status="PASS" starttime="20240107 13:48:52.349" endtime="20240107 13:48:52.710"/>
</kw>
<kw name="Verify Berhasil Create" library="GlobalResources">
<kw name="Sleep" library="BuiltIn">
<arg>2s</arg>
<doc>Pauses the test executed for the given time.</doc>
<msg timestamp="20240107 13:48:54.760" level="INFO">Slept 2 seconds</msg>
<status status="PASS" starttime="20240107 13:48:52.759" endtime="20240107 13:48:54.760"/>
</kw>
<kw name="Wait Until Element Is Visible" library="SeleniumLibrary">
<arg>${Ya_Mengerti_Create}</arg>
<arg>timeout=10s</arg>
<doc>Waits until the element ``locator`` is visible.</doc>
<status status="PASS" starttime="20240107 13:48:54.760" endtime="20240107 13:48:54.823"/>
</kw>
<kw name="Log" library="BuiltIn">
<arg>Formulir telah berhasil dikirimkan</arg>
<doc>Logs the given message with the given level.</doc>
<msg timestamp="20240107 13:48:54.823" level="INFO">Formulir telah berhasil dikirimkan</msg>
<status status="PASS" starttime="20240107 13:48:54.823" endtime="20240107 13:48:54.823"/>
</kw>
<kw name="Capture Page Screenshot" library="SeleniumLibrary">
<doc>Takes a screenshot of the current page and embeds it into a log file.</doc>
<msg timestamp="20240107 13:48:55.029" level="INFO" html="true">&lt;/td&gt;&lt;/tr&gt;&lt;tr&gt;&lt;td colspan="3"&gt;&lt;a href="selenium-screenshot-642.png"&gt;&lt;img src="selenium-screenshot-642.png" width="800px"&gt;&lt;/a&gt;</msg>
<status status="PASS" starttime="20240107 13:48:54.823" endtime="20240107 13:48:55.029"/>
</kw>
<kw name="Sleep" library="BuiltIn">
<arg>2s</arg>
<doc>Pauses the test executed for the given time.</doc>
<msg timestamp="20240107 13:48:57.031" level="INFO">Slept 2 seconds</msg>
<status status="PASS" starttime="20240107 13:48:55.029" endtime="20240107 13:48:57.031"/>
</kw>
<kw name="Click Element" library="SeleniumLibrary">
<arg>${Ya_Mengerti_Create}</arg>
<doc>Click the element identified by ``locator``.</doc>
<msg timestamp="20240107 13:48:57.031" level="INFO">Clicking element 'xpath://div[@id='success-modal']//a[@class='btn-active py-4 px-5 rounded-3xl text-sm'][normalize-space()='Ya, Mengerti']'.</msg>
<status status="PASS" starttime="20240107 13:48:57.031" endtime="20240107 13:48:57.430"/>
</kw>
<kw name="Sleep" library="BuiltIn">
<arg>2s</arg>
<doc>Pauses the test executed for the given time.</doc>
<msg timestamp="20240107 13:48:59.430" level="INFO">Slept 2 seconds</msg>
<status status="PASS" starttime="20240107 13:48:57.430" endtime="20240107 13:48:59.430"/>
</kw>
<kw name="Capture Page Screenshot" library="SeleniumLibrary">
<doc>Takes a screenshot of the current page and embeds it into a log file.</doc>
<msg timestamp="20240107 13:48:59.630" level="INFO" html="true">&lt;/td&gt;&lt;/tr&gt;&lt;tr&gt;&lt;td colspan="3"&gt;&lt;a href="selenium-screenshot-643.png"&gt;&lt;img src="selenium-screenshot-643.png" width="800px"&gt;&lt;/a&gt;</msg>
<status status="PASS" starttime="20240107 13:48:59.430" endtime="20240107 13:48:59.630"/>
</kw>
<status status="PASS" starttime="20240107 13:48:52.759" endtime="20240107 13:48:59.630"/>
</kw>
<kw name="Close Browser" library="SeleniumLibrary">
<doc>Closes the current browser.</doc>
<status status="PASS" starttime="20240107 13:48:59.645" endtime="20240107 13:49:02.865"/>
</kw>
<doc>This test case verifies that user is able to create new group tanpa data customer</doc>
<tag>add</tag>
<status status="PASS" starttime="20240107 13:48:45.687" endtime="20240107 13:49:02.865"/>
</test>
<test id="s1-t8" name="Verify Create group dengan blank field Kode Group dan Nama Group" line="78">
<kw name="Open Browser" library="SeleniumLibrary">
<arg>${URL}</arg>
<arg>${BROWSER}</arg>
<doc>Opens a new browser instance to the optional ``url``.</doc>
<msg timestamp="20240107 13:49:02.865" level="INFO">Opening browser 'Chrome' to base url 'https://jba-aaas-cms-dev.aslcode.dev/branches'.</msg>
<status status="PASS" starttime="20240107 13:49:02.865" endtime="20240107 13:49:07.566"/>
</kw>
<kw name="Maximize Browser Window" library="SeleniumLibrary">
<doc>Maximizes current browser window.</doc>
<status status="PASS" starttime="20240107 13:49:07.566" endtime="20240107 13:49:07.778"/>
</kw>
<kw name="Click Modul Group" library="modulGroupResources">
<kw name="Click Element" library="SeleniumLibrary">
<arg>${modul_group}</arg>
<doc>Click the element identified by ``locator``.</doc>
<msg timestamp="20240107 13:49:07.778" level="INFO">Clicking element 'xpath://span[normalize-space()='Group']'.</msg>
<status status="PASS" starttime="20240107 13:49:07.778" endtime="20240107 13:49:08.227"/>
</kw>
<kw name="Capture Page Screenshot" library="SeleniumLibrary">
<doc>Takes a screenshot of the current page and embeds it into a log file.</doc>
<msg timestamp="20240107 13:49:08.443" level="INFO" html="true">&lt;/td&gt;&lt;/tr&gt;&lt;tr&gt;&lt;td colspan="3"&gt;&lt;a href="selenium-screenshot-644.png"&gt;&lt;img src="selenium-screenshot-644.png" width="800px"&gt;&lt;/a&gt;</msg>
<status status="PASS" starttime="20240107 13:49:08.227" endtime="20240107 13:49:08.443"/>
</kw>
<status status="PASS" starttime="20240107 13:49:07.778" endtime="20240107 13:49:08.443"/>
</kw>
<kw name="Click Button Create Group" library="modulGroupResources">
<kw name="Click Button" library="SeleniumLibrary">
<arg>${button_create}</arg>
<doc>Clicks the button identified by ``locator``.</doc>
<msg timestamp="20240107 13:49:08.443" level="INFO">Clicking button 'xpath://button[@class='btn-active py-3 px-4 rounded-3xl flex items-center justify-center text-xs modal-button create-button']'.</msg>
<status status="PASS" starttime="20240107 13:49:08.443" endtime="20240107 13:49:08.597"/>
</kw>
<status status="PASS" starttime="20240107 13:49:08.443" endtime="20240107 13:49:08.597"/>
</kw>
<kw name="Click Button Simpan" library="GlobalResources">
<kw name="Capture Page Screenshot" library="SeleniumLibrary">
<doc>Takes a screenshot of the current page and embeds it into a log file.</doc>
<msg timestamp="20240107 13:49:08.978" level="INFO" html="true">&lt;/td&gt;&lt;/tr&gt;&lt;tr&gt;&lt;td colspan="3"&gt;&lt;a href="selenium-screenshot-645.png"&gt;&lt;img src="selenium-screenshot-645.png" width="800px"&gt;&lt;/a&gt;</msg>
<status status="PASS" starttime="20240107 13:49:08.600" endtime="20240107 13:49:08.978"/>
</kw>
<kw name="Click Button" library="SeleniumLibrary">
<arg>${simpan}</arg>
<doc>Clicks the button identified by ``locator``.</doc>
<msg timestamp="20240107 13:49:08.978" level="INFO">Clicking button 'xpath://button[normalize-space()='Simpan']'.</msg>
<status status="PASS" starttime="20240107 13:49:08.978" endtime="20240107 13:49:09.103"/>
</kw>
<status status="PASS" starttime="20240107 13:49:08.597" endtime="20240107 13:49:09.103"/>
</kw>
<kw name="Verify Field Harus diisi" library="GlobalResources">
<kw name="Wait Until Page Contains" library="SeleniumLibrary">
<arg>${verify_wajib_isi}</arg>
<doc>Waits until ``text`` appears on the current page.</doc>
<status status="PASS" starttime="20240107 13:49:09.103" endtime="20240107 13:49:09.378"/>
</kw>
<kw name="Capture Page Screenshot" library="SeleniumLibrary">
<doc>Takes a screenshot of the current page and embeds it into a log file.</doc>
<msg timestamp="20240107 13:49:09.578" level="INFO" html="true">&lt;/td&gt;&lt;/tr&gt;&lt;tr&gt;&lt;td colspan="3"&gt;&lt;a href="selenium-screenshot-646.png"&gt;&lt;img src="selenium-screenshot-646.png" width="800px"&gt;&lt;/a&gt;</msg>
<status status="PASS" starttime="20240107 13:49:09.378" endtime="20240107 13:49:09.578"/>
</kw>
<status status="PASS" starttime="20240107 13:49:09.103" endtime="20240107 13:49:09.578"/>
</kw>
<kw name="Close Browser" library="SeleniumLibrary">
<doc>Closes the current browser.</doc>
<status status="PASS" starttime="20240107 13:49:09.610" endtime="20240107 13:49:13.975"/>
</kw>
<doc>This test case verifies that user is unable to create new group dengan blank field Kode Group dan Nama Group</doc>
<tag>add</tag>
<status status="PASS" starttime="20240107 13:49:02.865" endtime="20240107 13:49:13.975"/>
</test>
<test id="s1-t9" name="Verify Blank filter" line="88">
<kw name="Open Browser" library="SeleniumLibrary">
<arg>${URL}</arg>
<arg>${BROWSER}</arg>
<doc>Opens a new browser instance to the optional ``url``.</doc>
<msg timestamp="20240107 13:49:13.975" level="INFO">Opening browser 'Chrome' to base url 'https://jba-aaas-cms-dev.aslcode.dev/branches'.</msg>
<status status="PASS" starttime="20240107 13:49:13.975" endtime="20240107 13:49:18.712"/>
</kw>
<kw name="Maximize Browser Window" library="SeleniumLibrary">
<doc>Maximizes current browser window.</doc>
<status status="PASS" starttime="20240107 13:49:18.712" endtime="20240107 13:49:18.918"/>
</kw>
<kw name="Click Modul Group" library="modulGroupResources">
<kw name="Click Element" library="SeleniumLibrary">
<arg>${modul_group}</arg>
<doc>Click the element identified by ``locator``.</doc>
<msg timestamp="20240107 13:49:18.918" level="INFO">Clicking element 'xpath://span[normalize-space()='Group']'.</msg>
<status status="PASS" starttime="20240107 13:49:18.918" endtime="20240107 13:49:19.402"/>
</kw>
<kw name="Capture Page Screenshot" library="SeleniumLibrary">
<doc>Takes a screenshot of the current page and embeds it into a log file.</doc>
<msg timestamp="20240107 13:49:19.619" level="INFO" html="true">&lt;/td&gt;&lt;/tr&gt;&lt;tr&gt;&lt;td colspan="3"&gt;&lt;a href="selenium-screenshot-647.png"&gt;&lt;img src="selenium-screenshot-647.png" width="800px"&gt;&lt;/a&gt;</msg>
<status status="PASS" starttime="20240107 13:49:19.402" endtime="20240107 13:49:19.619"/>
</kw>
<status status="PASS" starttime="20240107 13:49:18.918" endtime="20240107 13:49:19.635"/>
</kw>
<kw name="Click Button filter" library="GlobalResources">
<kw name="Wait Until Element Is Visible" library="SeleniumLibrary">
<arg>${button_filter}</arg>
<arg>timeout=10s</arg>
<doc>Waits until the element ``locator`` is visible.</doc>
<status status="PASS" starttime="20240107 13:49:19.635" endtime="20240107 13:49:19.698"/>
</kw>
<kw name="Click Element" library="SeleniumLibrary">
<arg>${button_filter}</arg>
<doc>Click the element identified by ``locator``.</doc>
<msg timestamp="20240107 13:49:19.698" level="INFO">Clicking element 'xpath://span[normalize-space()='Filter']'.</msg>
<status status="PASS" starttime="20240107 13:49:19.698" endtime="20240107 13:49:19.784"/>
</kw>
<kw name="Capture Page Screenshot" library="SeleniumLibrary">
<doc>Takes a screenshot of the current page and embeds it into a log file.</doc>
<msg timestamp="20240107 13:49:20.062" level="INFO" html="true">&lt;/td&gt;&lt;/tr&gt;&lt;tr&gt;&lt;td colspan="3"&gt;&lt;a href="selenium-screenshot-648.png"&gt;&lt;img src="selenium-screenshot-648.png" width="800px"&gt;&lt;/a&gt;</msg>
<status status="PASS" starttime="20240107 13:49:19.786" endtime="20240107 13:49:20.062"/>
</kw>
<status status="PASS" starttime="20240107 13:49:19.635" endtime="20240107 13:49:20.062"/>
</kw>
<kw name="CLick Button Tampilkan" library="GlobalResources">
<kw name="Click Element" library="SeleniumLibrary">
<arg>${button_tampilkan}</arg>
<doc>Click the element identified by ``locator``.</doc>
<msg timestamp="20240107 13:49:20.078" level="INFO">Clicking element 'xpath://span[normalize-space()='Tampilkan']'.</msg>
<status status="PASS" starttime="20240107 13:49:20.078" endtime="20240107 13:49:20.548"/>
</kw>
<kw name="Capture Page Screenshot" library="SeleniumLibrary">
<doc>Takes a screenshot of the current page and embeds it into a log file.</doc>
<msg timestamp="20240107 13:49:20.831" level="INFO" html="true">&lt;/td&gt;&lt;/tr&gt;&lt;tr&gt;&lt;td colspan="3"&gt;&lt;a href="selenium-screenshot-649.png"&gt;&lt;img src="selenium-screenshot-649.png" width="800px"&gt;&lt;/a&gt;</msg>
<status status="PASS" starttime="20240107 13:49:20.548" endtime="20240107 13:49:20.831"/>
</kw>
<status status="PASS" starttime="20240107 13:49:20.062" endtime="20240107 13:49:20.831"/>
</kw>
<kw name="Close Browser" library="SeleniumLibrary">
<doc>Closes the current browser.</doc>
<status status="PASS" starttime="20240107 13:49:20.831" endtime="20240107 13:49:24.092"/>
</kw>
<doc>This test case verifies that user is able to Blank filter</doc>
<tag>filter</tag>
<status status="PASS" starttime="20240107 13:49:13.975" endtime="20240107 13:49:24.092"/>
</test>
<test id="s1-t10" name="Verify Berhasil Filter by All Status" line="97">
<kw name="Open Browser" library="SeleniumLibrary">
<arg>${URL}</arg>
<arg>${BROWSER}</arg>
<doc>Opens a new browser instance to the optional ``url``.</doc>
<msg timestamp="20240107 13:49:24.100" level="INFO">Opening browser 'Chrome' to base url 'https://jba-aaas-cms-dev.aslcode.dev/branches'.</msg>
<status status="PASS" starttime="20240107 13:49:24.100" endtime="20240107 13:49:28.877"/>
</kw>
<kw name="Maximize Browser Window" library="SeleniumLibrary">
<doc>Maximizes current browser window.</doc>
<status status="PASS" starttime="20240107 13:49:28.877" endtime="20240107 13:49:29.077"/>
</kw>
<kw name="Click Modul Group" library="modulGroupResources">
<kw name="Click Element" library="SeleniumLibrary">
<arg>${modul_group}</arg>
<doc>Click the element identified by ``locator``.</doc>
<msg timestamp="20240107 13:49:29.077" level="INFO">Clicking element 'xpath://span[normalize-space()='Group']'.</msg>
<status status="PASS" starttime="20240107 13:49:29.077" endtime="20240107 13:49:29.559"/>
</kw>
<kw name="Capture Page Screenshot" library="SeleniumLibrary">
<doc>Takes a screenshot of the current page and embeds it into a log file.</doc>
<msg timestamp="20240107 13:49:29.776" level="INFO" html="true">&lt;/td&gt;&lt;/tr&gt;&lt;tr&gt;&lt;td colspan="3"&gt;&lt;a href="selenium-screenshot-650.png"&gt;&lt;img src="selenium-screenshot-650.png" width="800px"&gt;&lt;/a&gt;</msg>
<status status="PASS" starttime="20240107 13:49:29.559" endtime="20240107 13:49:29.776"/>
</kw>
<status status="PASS" starttime="20240107 13:49:29.077" endtime="20240107 13:49:29.776"/>
</kw>
<kw name="Click Button filter" library="GlobalResources">
<kw name="Wait Until Element Is Visible" library="SeleniumLibrary">
<arg>${button_filter}</arg>
<arg>timeout=10s</arg>
<doc>Waits until the element ``locator`` is visible.</doc>
<status status="PASS" starttime="20240107 13:49:29.776" endtime="20240107 13:49:29.843"/>
</kw>
<kw name="Click Element" library="SeleniumLibrary">
<arg>${button_filter}</arg>
<doc>Click the element identified by ``locator``.</doc>
<msg timestamp="20240107 13:49:29.843" level="INFO">Clicking element 'xpath://span[normalize-space()='Filter']'.</msg>
<status status="PASS" starttime="20240107 13:49:29.843" endtime="20240107 13:49:29.924"/>
</kw>
<kw name="Capture Page Screenshot" library="SeleniumLibrary">
<doc>Takes a screenshot of the current page and embeds it into a log file.</doc>
<msg timestamp="20240107 13:49:30.195" level="INFO" html="true">&lt;/td&gt;&lt;/tr&gt;&lt;tr&gt;&lt;td colspan="3"&gt;&lt;a href="selenium-screenshot-651.png"&gt;&lt;img src="selenium-screenshot-651.png" width="800px"&gt;&lt;/a&gt;</msg>
<status status="PASS" starttime="20240107 13:49:29.924" endtime="20240107 13:49:30.195"/>
</kw>
<status status="PASS" starttime="20240107 13:49:29.776" endtime="20240107 13:49:30.195"/>
</kw>
<kw name="Filter by All Status" library="GlobalResources">
<kw name="Wait Until Element Is Visible" library="SeleniumLibrary">
<arg>${dropdown_status}</arg>
<arg>timeout=10s</arg>
<doc>Waits until the element ``locator`` is visible.</doc>
<status status="PASS" starttime="20240107 13:49:30.195" endtime="20240107 13:49:30.251"/>
</kw>
<kw name="Click Element" library="SeleniumLibrary">
<arg>${dropdown_status}</arg>
<doc>Click the element identified by ``locator``.</doc>
<msg timestamp="20240107 13:49:30.251" level="INFO">Clicking element 'xpath://div[@class='absolute left-0 top-0 h-12 max-h-[48px] w-full searchable-cover form-input-ex-fit']'.</msg>
<status status="PASS" starttime="20240107 13:49:30.251" endtime="20240107 13:49:30.327"/>
</kw>
<kw name="Click Element" library="SeleniumLibrary">
<arg>${semua_status_aktif}</arg>
<doc>Click the element identified by ``locator``.</doc>
<msg timestamp="20240107 13:49:30.327" level="INFO">Clicking element 'xpath://div[contains(text(),'Semua Status Aktif')]'.</msg>
<status status="PASS" starttime="20240107 13:49:30.327" endtime="20240107 13:49:30.416"/>
</kw>
<kw name="Capture Page Screenshot" library="SeleniumLibrary">
<doc>Takes a screenshot of the current page and embeds it into a log file.</doc>
<msg timestamp="20240107 13:49:30.633" level="INFO" html="true">&lt;/td&gt;&lt;/tr&gt;&lt;tr&gt;&lt;td colspan="3"&gt;&lt;a href="selenium-screenshot-652.png"&gt;&lt;img src="selenium-screenshot-652.png" width="800px"&gt;&lt;/a&gt;</msg>
<status status="PASS" starttime="20240107 13:49:30.416" endtime="20240107 13:49:30.633"/>
</kw>
<kw name="Sleep" library="BuiltIn">
<arg>2s</arg>
<doc>Pauses the test executed for the given time.</doc>
<msg timestamp="20240107 13:49:32.634" level="INFO">Slept 2 seconds</msg>
<status status="PASS" starttime="20240107 13:49:30.633" endtime="20240107 13:49:32.634"/>
</kw>
<status status="PASS" starttime="20240107 13:49:30.195" endtime="20240107 13:49:32.634"/>
</kw>
<kw name="CLick Button Tampilkan" library="GlobalResources">
<kw name="Click Element" library="SeleniumLibrary">
<arg>${button_tampilkan}</arg>
<doc>Click the element identified by ``locator``.</doc>
<msg timestamp="20240107 13:49:32.634" level="INFO">Clicking element 'xpath://span[normalize-space()='Tampilkan']'.</msg>
<status status="PASS" starttime="20240107 13:49:32.634" endtime="20240107 13:49:33.047"/>
</kw>
<kw name="Capture Page Screenshot" library="SeleniumLibrary">
<doc>Takes a screenshot of the current page and embeds it into a log file.</doc>
<msg timestamp="20240107 13:49:33.275" level="INFO" html="true">&lt;/td&gt;&lt;/tr&gt;&lt;tr&gt;&lt;td colspan="3"&gt;&lt;a href="selenium-screenshot-653.png"&gt;&lt;img src="selenium-screenshot-653.png" width="800px"&gt;&lt;/a&gt;</msg>
<status status="PASS" starttime="20240107 13:49:33.047" endtime="20240107 13:49:33.275"/>
</kw>
<status status="PASS" starttime="20240107 13:49:32.634" endtime="20240107 13:49:33.275"/>
</kw>
<kw name="Close Browser" library="SeleniumLibrary">
<doc>Closes the current browser.</doc>
<status status="PASS" starttime="20240107 13:49:33.275" endtime="20240107 13:49:36.502"/>
</kw>
<doc>This test case verifies that user is able to filter by All status</doc>
<tag>filter</tag>
<status status="PASS" starttime="20240107 13:49:24.092" endtime="20240107 13:49:36.507"/>
</test>
<test id="s1-t11" name="Verify Berhasil Filter by Status Aktif" line="107">
<kw name="Open Browser" library="SeleniumLibrary">
<arg>${URL}</arg>
<arg>${BROWSER}</arg>
<doc>Opens a new browser instance to the optional ``url``.</doc>
<msg timestamp="20240107 13:49:36.515" level="INFO">Opening browser 'Chrome' to base url 'https://jba-aaas-cms-dev.aslcode.dev/branches'.</msg>
<status status="PASS" starttime="20240107 13:49:36.507" endtime="20240107 13:49:41.120"/>
</kw>
<kw name="Maximize Browser Window" library="SeleniumLibrary">
<doc>Maximizes current browser window.</doc>
<status status="PASS" starttime="20240107 13:49:41.120" endtime="20240107 13:49:41.325"/>
</kw>
<kw name="Click Modul Group" library="modulGroupResources">
<kw name="Click Element" library="SeleniumLibrary">
<arg>${modul_group}</arg>
<doc>Click the element identified by ``locator``.</doc>
<msg timestamp="20240107 13:49:41.326" level="INFO">Clicking element 'xpath://span[normalize-space()='Group']'.</msg>
<status status="PASS" starttime="20240107 13:49:41.326" endtime="20240107 13:49:41.853"/>
</kw>
<kw name="Capture Page Screenshot" library="SeleniumLibrary">
<doc>Takes a screenshot of the current page and embeds it into a log file.</doc>
<msg timestamp="20240107 13:49:42.084" level="INFO" html="true">&lt;/td&gt;&lt;/tr&gt;&lt;tr&gt;&lt;td colspan="3"&gt;&lt;a href="selenium-screenshot-654.png"&gt;&lt;img src="selenium-screenshot-654.png" width="800px"&gt;&lt;/a&gt;</msg>
<status status="PASS" starttime="20240107 13:49:41.853" endtime="20240107 13:49:42.084"/>
</kw>
<status status="PASS" starttime="20240107 13:49:41.326" endtime="20240107 13:49:42.084"/>
</kw>
<kw name="Click Button filter" library="GlobalResources">
<kw name="Wait Until Element Is Visible" library="SeleniumLibrary">
<arg>${button_filter}</arg>
<arg>timeout=10s</arg>
<doc>Waits until the element ``locator`` is visible.</doc>
<status status="PASS" starttime="20240107 13:49:42.084" endtime="20240107 13:49:42.142"/>
</kw>
<kw name="Click Element" library="SeleniumLibrary">
<arg>${button_filter}</arg>
<doc>Click the element identified by ``locator``.</doc>
<msg timestamp="20240107 13:49:42.142" level="INFO">Clicking element 'xpath://span[normalize-space()='Filter']'.</msg>
<status status="PASS" starttime="20240107 13:49:42.142" endtime="20240107 13:49:42.215"/>
</kw>
<kw name="Capture Page Screenshot" library="SeleniumLibrary">
<doc>Takes a screenshot of the current page and embeds it into a log file.</doc>
<msg timestamp="20240107 13:49:42.544" level="INFO" html="true">&lt;/td&gt;&lt;/tr&gt;&lt;tr&gt;&lt;td colspan="3"&gt;&lt;a href="selenium-screenshot-655.png"&gt;&lt;img src="selenium-screenshot-655.png" width="800px"&gt;&lt;/a&gt;</msg>
<status status="PASS" starttime="20240107 13:49:42.215" endtime="20240107 13:49:42.544"/>
</kw>
<status status="PASS" starttime="20240107 13:49:42.084" endtime="20240107 13:49:42.544"/>
</kw>
<kw name="Filter by Status Aktif" library="GlobalResources">
<kw name="Wait Until Element Is Visible" library="SeleniumLibrary">
<arg>${dropdown_status}</arg>
<arg>timeout=10s</arg>
<doc>Waits until the element ``locator`` is visible.</doc>
<status status="PASS" starttime="20240107 13:49:42.544" endtime="20240107 13:49:42.594"/>
</kw>
<kw name="Click Element" library="SeleniumLibrary">
<arg>${dropdown_status}</arg>
<doc>Click the element identified by ``locator``.</doc>
<msg timestamp="20240107 13:49:42.594" level="INFO">Clicking element 'xpath://div[@class='absolute left-0 top-0 h-12 max-h-[48px] w-full searchable-cover form-input-ex-fit']'.</msg>
<status status="PASS" starttime="20240107 13:49:42.594" endtime="20240107 13:49:42.673"/>
</kw>
<kw name="Click Element" library="SeleniumLibrary">
<arg>${status_aktif}</arg>
<doc>Click the element identified by ``locator``.</doc>
<msg timestamp="20240107 13:49:42.673" level="INFO">Clicking element 'xpath://div[@class='w-full'][normalize-space()='Aktif']'.</msg>
<status status="PASS" starttime="20240107 13:49:42.673" endtime="20240107 13:49:42.765"/>
</kw>
<kw name="Capture Page Screenshot" library="SeleniumLibrary">
<doc>Takes a screenshot of the current page and embeds it into a log file.</doc>
<msg timestamp="20240107 13:49:42.954" level="INFO" html="true">&lt;/td&gt;&lt;/tr&gt;&lt;tr&gt;&lt;td colspan="3"&gt;&lt;a href="selenium-screenshot-656.png"&gt;&lt;img src="selenium-screenshot-656.png" width="800px"&gt;&lt;/a&gt;</msg>
<status status="PASS" starttime="20240107 13:49:42.765" endtime="20240107 13:49:42.954"/>
</kw>
<kw name="Sleep" library="BuiltIn">
<arg>2s</arg>
<doc>Pauses the test executed for the given time.</doc>
<msg timestamp="20240107 13:49:44.966" level="INFO">Slept 2 seconds</msg>
<status status="PASS" starttime="20240107 13:49:42.954" endtime="20240107 13:49:44.966"/>
</kw>
<status status="PASS" starttime="20240107 13:49:42.544" endtime="20240107 13:49:44.966"/>
</kw>
<kw name="CLick Button Tampilkan" library="GlobalResources">
<kw name="Click Element" library="SeleniumLibrary">
<arg>${button_tampilkan}</arg>
<doc>Click the element identified by ``locator``.</doc>
<msg timestamp="20240107 13:49:44.983" level="INFO">Clicking element 'xpath://span[normalize-space()='Tampilkan']'.</msg>
<status status="PASS" starttime="20240107 13:49:44.983" endtime="20240107 13:49:45.490"/>
</kw>
<kw name="Capture Page Screenshot" library="SeleniumLibrary">
<doc>Takes a screenshot of the current page and embeds it into a log file.</doc>
<msg timestamp="20240107 13:49:45.702" level="INFO" html="true">&lt;/td&gt;&lt;/tr&gt;&lt;tr&gt;&lt;td colspan="3"&gt;&lt;a href="selenium-screenshot-657.png"&gt;&lt;img src="selenium-screenshot-657.png" width="800px"&gt;&lt;/a&gt;</msg>
<status status="PASS" starttime="20240107 13:49:45.490" endtime="20240107 13:49:45.702"/>
</kw>
<status status="PASS" starttime="20240107 13:49:44.983" endtime="20240107 13:49:45.702"/>
</kw>
<kw name="Close Browser" library="SeleniumLibrary">
<doc>Closes the current browser.</doc>
<status status="PASS" starttime="20240107 13:49:45.708" endtime="20240107 13:49:49.945"/>
</kw>
<doc>This test case verifies that user is able to filter by status aktif</doc>
<tag>filter</tag>
<status status="PASS" starttime="20240107 13:49:36.507" endtime="20240107 13:49:49.945"/>
</test>
<test id="s1-t12" name="Verify Berhasil Filter by Status Non Aktif" line="117">
<kw name="Open Browser" library="SeleniumLibrary">
<arg>${URL}</arg>
<arg>${BROWSER}</arg>
<doc>Opens a new browser instance to the optional ``url``.</doc>
<msg timestamp="20240107 13:49:49.945" level="INFO">Opening browser 'Chrome' to base url 'https://jba-aaas-cms-dev.aslcode.dev/branches'.</msg>
<status status="PASS" starttime="20240107 13:49:49.945" endtime="20240107 13:49:54.694"/>
</kw>
<kw name="Maximize Browser Window" library="SeleniumLibrary">
<doc>Maximizes current browser window.</doc>
<status status="PASS" starttime="20240107 13:49:54.694" endtime="20240107 13:49:54.911"/>
</kw>
<kw name="Click Modul Group" library="modulGroupResources">
<kw name="Click Element" library="SeleniumLibrary">
<arg>${modul_group}</arg>
<doc>Click the element identified by ``locator``.</doc>
<msg timestamp="20240107 13:49:54.911" level="INFO">Clicking element 'xpath://span[normalize-space()='Group']'.</msg>
<status status="PASS" starttime="20240107 13:49:54.911" endtime="20240107 13:49:55.407"/>
</kw>
<kw name="Capture Page Screenshot" library="SeleniumLibrary">
<doc>Takes a screenshot of the current page and embeds it into a log file.</doc>
<msg timestamp="20240107 13:49:55.643" level="INFO" html="true">&lt;/td&gt;&lt;/tr&gt;&lt;tr&gt;&lt;td colspan="3"&gt;&lt;a href="selenium-screenshot-658.png"&gt;&lt;img src="selenium-screenshot-658.png" width="800px"&gt;&lt;/a&gt;</msg>
<status status="PASS" starttime="20240107 13:49:55.415" endtime="20240107 13:49:55.643"/>
</kw>
<status status="PASS" starttime="20240107 13:49:54.911" endtime="20240107 13:49:55.643"/>
</kw>
<kw name="Click Button filter" library="GlobalResources">
<kw name="Wait Until Element Is Visible" library="SeleniumLibrary">
<arg>${button_filter}</arg>
<arg>timeout=10s</arg>
<doc>Waits until the element ``locator`` is visible.</doc>
<status status="PASS" starttime="20240107 13:49:55.643" endtime="20240107 13:49:55.703"/>
</kw>
<kw name="Click Element" library="SeleniumLibrary">
<arg>${button_filter}</arg>
<doc>Click the element identified by ``locator``.</doc>
<msg timestamp="20240107 13:49:55.703" level="INFO">Clicking element 'xpath://span[normalize-space()='Filter']'.</msg>
<status status="PASS" starttime="20240107 13:49:55.703" endtime="20240107 13:49:55.796"/>
</kw>
<kw name="Capture Page Screenshot" library="SeleniumLibrary">
<doc>Takes a screenshot of the current page and embeds it into a log file.</doc>
<msg timestamp="20240107 13:49:56.076" level="INFO" html="true">&lt;/td&gt;&lt;/tr&gt;&lt;tr&gt;&lt;td colspan="3"&gt;&lt;a href="selenium-screenshot-659.png"&gt;&lt;img src="selenium-screenshot-659.png" width="800px"&gt;&lt;/a&gt;</msg>
<status status="PASS" starttime="20240107 13:49:55.796" endtime="20240107 13:49:56.076"/>
</kw>
<status status="PASS" starttime="20240107 13:49:55.643" endtime="20240107 13:49:56.076"/>
</kw>
<kw name="Filter by Status Non Aktif" library="GlobalResources">
<kw name="Wait Until Element Is Visible" library="SeleniumLibrary">
<arg>${dropdown_status}</arg>
<arg>timeout=10s</arg>
<doc>Waits until the element ``locator`` is visible.</doc>
<status status="PASS" starttime="20240107 13:49:56.076" endtime="20240107 13:49:56.128"/>
</kw>
<kw name="Click Element" library="SeleniumLibrary">
<arg>${dropdown_status}</arg>
<doc>Click the element identified by ``locator``.</doc>
<msg timestamp="20240107 13:49:56.128" level="INFO">Clicking element 'xpath://div[@class='absolute left-0 top-0 h-12 max-h-[48px] w-full searchable-cover form-input-ex-fit']'.</msg>
<status status="PASS" starttime="20240107 13:49:56.128" endtime="20240107 13:49:56.197"/>
</kw>
<kw name="Click Element" library="SeleniumLibrary">
<arg>${status_non_aktif}</arg>
<doc>Click the element identified by ``locator``.</doc>
<msg timestamp="20240107 13:49:56.197" level="INFO">Clicking element 'xpath://div[contains(text(),'Non Aktif')]'.</msg>
<status status="PASS" starttime="20240107 13:49:56.197" endtime="20240107 13:49:56.312"/>
</kw>
<kw name="Capture Page Screenshot" library="SeleniumLibrary">
<doc>Takes a screenshot of the current page and embeds it into a log file.</doc>
<msg timestamp="20240107 13:49:56.506" level="INFO" html="true">&lt;/td&gt;&lt;/tr&gt;&lt;tr&gt;&lt;td colspan="3"&gt;&lt;a href="selenium-screenshot-660.png"&gt;&lt;img src="selenium-screenshot-660.png" width="800px"&gt;&lt;/a&gt;</msg>
<status status="PASS" starttime="20240107 13:49:56.312" endtime="20240107 13:49:56.506"/>
</kw>
<kw name="Sleep" library="BuiltIn">
<arg>2s</arg>
<doc>Pauses the test executed for the given time.</doc>
<msg timestamp="20240107 13:49:58.508" level="INFO">Slept 2 seconds</msg>
<status status="PASS" starttime="20240107 13:49:56.506" endtime="20240107 13:49:58.508"/>
</kw>
<status status="PASS" starttime="20240107 13:49:56.076" endtime="20240107 13:49:58.508"/>
</kw>
<kw name="CLick Button Tampilkan" library="GlobalResources">
<kw name="Click Element" library="SeleniumLibrary">
<arg>${button_tampilkan}</arg>
<doc>Click the element identified by ``locator``.</doc>
<msg timestamp="20240107 13:49:58.511" level="INFO">Clicking element 'xpath://span[normalize-space()='Tampilkan']'.</msg>
<status status="PASS" starttime="20240107 13:49:58.511" endtime="20240107 13:49:58.932"/>
</kw>
<kw name="Capture Page Screenshot" library="SeleniumLibrary">
<doc>Takes a screenshot of the current page and embeds it into a log file.</doc>
<msg timestamp="20240107 13:49:59.124" level="INFO" html="true">&lt;/td&gt;&lt;/tr&gt;&lt;tr&gt;&lt;td colspan="3"&gt;&lt;a href="selenium-screenshot-661.png"&gt;&lt;img src="selenium-screenshot-661.png" width="800px"&gt;&lt;/a&gt;</msg>
<status status="PASS" starttime="20240107 13:49:58.932" endtime="20240107 13:49:59.124"/>
</kw>
<status status="PASS" starttime="20240107 13:49:58.511" endtime="20240107 13:49:59.124"/>
</kw>
<kw name="Close Browser" library="SeleniumLibrary">
<doc>Closes the current browser.</doc>
<status status="PASS" starttime="20240107 13:49:59.124" endtime="20240107 13:50:02.494"/>
</kw>
<doc>This test case verifies that user is able to filter by status non aktif</doc>
<tag>filter</tag>
<status status="PASS" starttime="20240107 13:49:49.945" endtime="20240107 13:50:02.494"/>
</test>
<test id="s1-t13" name="Verify Berhasil Mengaktifkan Status" line="127">
<kw name="Open Browser" library="SeleniumLibrary">
<arg>${URL}</arg>
<arg>${BROWSER}</arg>
<doc>Opens a new browser instance to the optional ``url``.</doc>
<msg timestamp="20240107 13:50:02.494" level="INFO">Opening browser 'Chrome' to base url 'https://jba-aaas-cms-dev.aslcode.dev/branches'.</msg>
<msg timestamp="20240107 13:50:05.390" level="INFO" html="true">&lt;/td&gt;&lt;/tr&gt;&lt;tr&gt;&lt;td colspan="3"&gt;&lt;a href="selenium-screenshot-662.png"&gt;&lt;img src="selenium-screenshot-662.png" width="800px"&gt;&lt;/a&gt;</msg>
<msg timestamp="20240107 13:50:05.390" level="FAIL">WebDriverException: Message: no such execution context
  (Session info: chrome=120.0.6099.199)
Stacktrace:
	GetHandleVerifier [0x00007FF7CE772142+3514994]
	(No symbol) [0x00007FF7CE390CE2]
	(No symbol) [0x00007FF7CE2374C3]
	(No symbol) [0x00007FF7CE220F3B]
	(No symbol) [0x00007FF7CE21EE85]
	(No symbol) [0x00007FF7CE21F7CE]
	(No symbol) [0x00007FF7CE22DE61]
	(No symbol) [0x00007FF7CE244471]
	(No symbol) [0x00007FF7CE24937A]
	(No symbol) [0x00007FF7CE21FEC6]
	(No symbol) [0x00007FF7CE2440AD]
	(No symbol) [0x00007FF7CE2C2824]
	(No symbol) [0x00007FF7CE2A5D93]
	(No symbol) [0x00007FF7CE274BDC]
	(No symbol) [0x00007FF7CE275C64]
	GetHandleVerifier [0x00007FF7CE79E16B+3695259]
	GetHandleVerifier [0x00007FF7CE7F6737+4057191]
	GetHandleVerifier [0x00007FF7CE7EE4E3+4023827]
	GetHandleVerifier [0x00007FF7CE4C04F9+689705]
	(No symbol) [0x00007FF7CE39C048]
	(No symbol) [0x00007FF7CE398044]
	(No symbol) [0x00007FF7CE3981C9]
	(No symbol) [0x00007FF7CE3888C4]
	BaseThreadInitThunk [0x00007FF9944F7344+20]
	RtlUserThreadStart [0x00007FF995E426B1+33]
</msg>
<status status="FAIL" starttime="20240107 13:50:02.494" endtime="20240107 13:50:05.390"/>
</kw>
<kw name="Maximize Browser Window" library="SeleniumLibrary">
<doc>Maximizes current browser window.</doc>
<status status="NOT RUN" starttime="20240107 13:50:05.390" endtime="20240107 13:50:05.390"/>
</kw>
<kw name="Click Modul Group" library="modulGroupResources">
<status status="NOT RUN" starttime="20240107 13:50:05.390" endtime="20240107 13:50:05.390"/>
</kw>
<kw name="Click Button filter" library="GlobalResources">
<status status="NOT RUN" starttime="20240107 13:50:05.390" endtime="20240107 13:50:05.390"/>
</kw>
<kw name="Filter by Status Non Aktif" library="GlobalResources">
<status status="NOT RUN" starttime="20240107 13:50:05.390" endtime="20240107 13:50:05.390"/>
</kw>
<kw name="CLick Button Tampilkan" library="GlobalResources">
<status status="NOT RUN" starttime="20240107 13:50:05.390" endtime="20240107 13:50:05.390"/>
</kw>
<kw name="Mengaktifkan Status" library="GlobalResources">
<status status="NOT RUN" starttime="20240107 13:50:05.390" endtime="20240107 13:50:05.390"/>
</kw>
<kw name="Close Browser" library="SeleniumLibrary">
<doc>Closes the current browser.</doc>
<status status="NOT RUN" starttime="20240107 13:50:05.390" endtime="20240107 13:50:05.390"/>
</kw>
<doc>This test case verifies that user is able to Activate Status</doc>
<tag>filter</tag>
<status status="FAIL" starttime="20240107 13:50:02.494" endtime="20240107 13:50:05.390">WebDriverException: Message: no such execution context
  (Session info: chrome=120.0.6099.199)
Stacktrace:
	GetHandleVerifier [0x00007FF7CE772142+3514994]
	(No symbol) [0x00007FF7CE390CE2]
	(No symbol) [0x00007FF7CE2374C3]
	(No symbol) [0x00007FF7CE220F3B]
	(No symbol) [0x00007FF7CE21EE85]
	(No symbol) [0x00007FF7CE21F7CE]
	(No symbol) [0x00007FF7CE22DE61]
	(No symbol) [0x00007FF7CE244471]
	(No symbol) [0x00007FF7CE24937A]
	(No symbol) [0x00007FF7CE21FEC6]
	(No symbol) [0x00007FF7CE2440AD]
	(No symbol) [0x00007FF7CE2C2824]
	(No symbol) [0x00007FF7CE2A5D93]
	(No symbol) [0x00007FF7CE274BDC]
	(No symbol) [0x00007FF7CE275C64]
	GetHandleVerifier [0x00007FF7CE79E16B+3695259]
	GetHandleVerifier [0x00007FF7CE7F6737+4057191]
	GetHandleVerifier [0x00007FF7CE7EE4E3+4023827]
	GetHandleVerifier [0x00007FF7CE4C04F9+689705]
	(No symbol) [0x00007FF7CE39C048]
	(No symbol) [0x00007FF7CE398044]
	(No symbol) [0x00007FF7CE3981C9]
	(No symbol) [0x00007FF7CE3888C4]
	BaseThreadInitThunk [0x00007FF9944F7344+20]
	RtlUserThreadStart [0x00007FF995E426B1+33]
</status>
</test>
<test id="s1-t14" name="Verify Berhasil Menonaktifkan Status" line="138">
<kw name="Open Browser" library="SeleniumLibrary">
<arg>${URL}</arg>
<arg>${BROWSER}</arg>
<doc>Opens a new browser instance to the optional ``url``.</doc>
<msg timestamp="20240107 13:50:05.409" level="INFO">Opening browser 'Chrome' to base url 'https://jba-aaas-cms-dev.aslcode.dev/branches'.</msg>
<status status="PASS" starttime="20240107 13:50:05.409" endtime="20240107 13:50:10.044"/>
</kw>
<kw name="Maximize Browser Window" library="SeleniumLibrary">
<doc>Maximizes current browser window.</doc>
<status status="PASS" starttime="20240107 13:50:10.044" endtime="20240107 13:50:10.275"/>
</kw>
<kw name="Click Modul Group" library="modulGroupResources">
<kw name="Click Element" library="SeleniumLibrary">
<arg>${modul_group}</arg>
<doc>Click the element identified by ``locator``.</doc>
<msg timestamp="20240107 13:50:10.275" level="INFO">Clicking element 'xpath://span[normalize-space()='Group']'.</msg>
<status status="PASS" starttime="20240107 13:50:10.275" endtime="20240107 13:50:10.774"/>
</kw>
<kw name="Capture Page Screenshot" library="SeleniumLibrary">
<doc>Takes a screenshot of the current page and embeds it into a log file.</doc>
<msg timestamp="20240107 13:50:11.095" level="INFO" html="true">&lt;/td&gt;&lt;/tr&gt;&lt;tr&gt;&lt;td colspan="3"&gt;&lt;a href="selenium-screenshot-663.png"&gt;&lt;img src="selenium-screenshot-663.png" width="800px"&gt;&lt;/a&gt;</msg>
<status status="PASS" starttime="20240107 13:50:10.782" endtime="20240107 13:50:11.095"/>
</kw>
<status status="PASS" starttime="20240107 13:50:10.275" endtime="20240107 13:50:11.095"/>
</kw>
<kw name="Click Button filter" library="GlobalResources">
<kw name="Wait Until Element Is Visible" library="SeleniumLibrary">
<arg>${button_filter}</arg>
<arg>timeout=10s</arg>
<doc>Waits until the element ``locator`` is visible.</doc>
<status status="PASS" starttime="20240107 13:50:11.103" endtime="20240107 13:50:11.192"/>
</kw>
<kw name="Click Element" library="SeleniumLibrary">
<arg>${button_filter}</arg>
<doc>Click the element identified by ``locator``.</doc>
<msg timestamp="20240107 13:50:11.192" level="INFO">Clicking element 'xpath://span[normalize-space()='Filter']'.</msg>
<status status="PASS" starttime="20240107 13:50:11.192" endtime="20240107 13:50:11.270"/>
</kw>
<kw name="Capture Page Screenshot" library="SeleniumLibrary">
<doc>Takes a screenshot of the current page and embeds it into a log file.</doc>
<msg timestamp="20240107 13:50:11.575" level="INFO" html="true">&lt;/td&gt;&lt;/tr&gt;&lt;tr&gt;&lt;td colspan="3"&gt;&lt;a href="selenium-screenshot-664.png"&gt;&lt;img src="selenium-screenshot-664.png" width="800px"&gt;&lt;/a&gt;</msg>
<status status="PASS" starttime="20240107 13:50:11.270" endtime="20240107 13:50:11.575"/>
</kw>
<status status="PASS" starttime="20240107 13:50:11.103" endtime="20240107 13:50:11.575"/>
</kw>
<kw name="Filter by Status Aktif" library="GlobalResources">
<kw name="Wait Until Element Is Visible" library="SeleniumLibrary">
<arg>${dropdown_status}</arg>
<arg>timeout=10s</arg>
<doc>Waits until the element ``locator`` is visible.</doc>
<status status="PASS" starttime="20240107 13:50:11.575" endtime="20240107 13:50:11.626"/>
</kw>
<kw name="Click Element" library="SeleniumLibrary">
<arg>${dropdown_status}</arg>
<doc>Click the element identified by ``locator``.</doc>
<msg timestamp="20240107 13:50:11.626" level="INFO">Clicking element 'xpath://div[@class='absolute left-0 top-0 h-12 max-h-[48px] w-full searchable-cover form-input-ex-fit']'.</msg>
<status status="PASS" starttime="20240107 13:50:11.626" endtime="20240107 13:50:11.701"/>
</kw>
<kw name="Click Element" library="SeleniumLibrary">
<arg>${status_aktif}</arg>
<doc>Click the element identified by ``locator``.</doc>
<msg timestamp="20240107 13:50:11.701" level="INFO">Clicking element 'xpath://div[@class='w-full'][normalize-space()='Aktif']'.</msg>
<status status="PASS" starttime="20240107 13:50:11.701" endtime="20240107 13:50:11.802"/>
</kw>
<kw name="Capture Page Screenshot" library="SeleniumLibrary">
<doc>Takes a screenshot of the current page and embeds it into a log file.</doc>
<msg timestamp="20240107 13:50:12.016" level="INFO" html="true">&lt;/td&gt;&lt;/tr&gt;&lt;tr&gt;&lt;td colspan="3"&gt;&lt;a href="selenium-screenshot-665.png"&gt;&lt;img src="selenium-screenshot-665.png" width="800px"&gt;&lt;/a&gt;</msg>
<status status="PASS" starttime="20240107 13:50:11.802" endtime="20240107 13:50:12.016"/>
</kw>
<kw name="Sleep" library="BuiltIn">
<arg>2s</arg>
<doc>Pauses the test executed for the given time.</doc>
<msg timestamp="20240107 13:50:14.024" level="INFO">Slept 2 seconds</msg>
<status status="PASS" starttime="20240107 13:50:12.016" endtime="20240107 13:50:14.024"/>
</kw>
<status status="PASS" starttime="20240107 13:50:11.575" endtime="20240107 13:50:14.024"/>
</kw>
<kw name="CLick Button Tampilkan" library="GlobalResources">
<kw name="Click Element" library="SeleniumLibrary">
<arg>${button_tampilkan}</arg>
<doc>Click the element identified by ``locator``.</doc>
<msg timestamp="20240107 13:50:14.024" level="INFO">Clicking element 'xpath://span[normalize-space()='Tampilkan']'.</msg>
<status status="PASS" starttime="20240107 13:50:14.024" endtime="20240107 13:50:14.523"/>
</kw>
<kw name="Capture Page Screenshot" library="SeleniumLibrary">
<doc>Takes a screenshot of the current page and embeds it into a log file.</doc>
<msg timestamp="20240107 13:50:14.724" level="INFO" html="true">&lt;/td&gt;&lt;/tr&gt;&lt;tr&gt;&lt;td colspan="3"&gt;&lt;a href="selenium-screenshot-666.png"&gt;&lt;img src="selenium-screenshot-666.png" width="800px"&gt;&lt;/a&gt;</msg>
<status status="PASS" starttime="20240107 13:50:14.523" endtime="20240107 13:50:14.724"/>
</kw>
<status status="PASS" starttime="20240107 13:50:14.024" endtime="20240107 13:50:14.724"/>
</kw>
<kw name="Menonaktifkan Status" library="GlobalResources">
<kw name="Log" library="BuiltIn">
<arg>Element is visible: ${status_on}</arg>
<doc>Logs the given message with the given level.</doc>
<msg timestamp="20240107 13:50:14.724" level="INFO">Element is visible: xpath://span[@id='on-0' and @class='absolute font-medium text-2xs uppercase left-2 text-white']</msg>
<status status="PASS" starttime="20240107 13:50:14.724" endtime="20240107 13:50:14.724"/>
</kw>
<kw name="Capture Page Screenshot" library="SeleniumLibrary">
<doc>Takes a screenshot of the current page and embeds it into a log file.</doc>
<msg timestamp="20240107 13:50:14.926" level="INFO" html="true">&lt;/td&gt;&lt;/tr&gt;&lt;tr&gt;&lt;td colspan="3"&gt;&lt;a href="selenium-screenshot-667.png"&gt;&lt;img src="selenium-screenshot-667.png" width="800px"&gt;&lt;/a&gt;</msg>
<status status="PASS" starttime="20240107 13:50:14.724" endtime="20240107 13:50:14.926"/>
</kw>
<kw name="Click Element" library="SeleniumLibrary">
<arg>${status_on}</arg>
<doc>Click the element identified by ``locator``.</doc>
<msg timestamp="20240107 13:50:14.926" level="INFO">Clicking element 'xpath://span[@id='on-0' and @class='absolute font-medium text-2xs uppercase left-2 text-white']'.</msg>
<status status="PASS" starttime="20240107 13:50:14.926" endtime="20240107 13:50:15.020"/>
</kw>
<kw name="Wait Until Element Is Visible" library="SeleniumLibrary">
<arg>${Ya_nonaktifkan}</arg>
<doc>Waits until the element ``locator`` is visible.</doc>
<status status="PASS" starttime="20240107 13:50:15.020" endtime="20240107 13:50:15.102"/>
</kw>
<kw name="Capture Page Screenshot" library="SeleniumLibrary">
<doc>Takes a screenshot of the current page and embeds it into a log file.</doc>
<msg timestamp="20240107 13:50:15.338" level="INFO" html="true">&lt;/td&gt;&lt;/tr&gt;&lt;tr&gt;&lt;td colspan="3"&gt;&lt;a href="selenium-screenshot-668.png"&gt;&lt;img src="selenium-screenshot-668.png" width="800px"&gt;&lt;/a&gt;</msg>
<status status="PASS" starttime="20240107 13:50:15.102" endtime="20240107 13:50:15.338"/>
</kw>
<kw name="Click Button" library="SeleniumLibrary">
<arg>${Ya_nonaktifkan}</arg>
<doc>Clicks the button identified by ``locator``.</doc>
<msg timestamp="20240107 13:50:15.338" level="INFO">Clicking button 'xpath://button[@class='close-modal btn-active py-4 px-5 rounded-3xl text-sm mx-2 w-36 flex justify-center items-center' and (text()='Ya, Nonaktifkan')]'.</msg>
<status status="PASS" starttime="20240107 13:50:15.338" endtime="20240107 13:50:15.448"/>
</kw>
<kw name="Log" library="BuiltIn">
<arg>Element is visible: ${status_off}</arg>
<doc>Logs the given message with the given level.</doc>
<msg timestamp="20240107 13:50:15.448" level="INFO">Element is visible: xpath://span[@id='off-0' and @class='absolute font-medium text-2xs uppercase right-2 text-toggle-off']</msg>
<status status="PASS" starttime="20240107 13:50:15.448" endtime="20240107 13:50:15.448"/>
</kw>
<kw name="Capture Page Screenshot" library="SeleniumLibrary">
<doc>Takes a screenshot of the current page and embeds it into a log file.</doc>
<msg timestamp="20240107 13:50:15.642" level="INFO" html="true">&lt;/td&gt;&lt;/tr&gt;&lt;tr&gt;&lt;td colspan="3"&gt;&lt;a href="selenium-screenshot-669.png"&gt;&lt;img src="selenium-screenshot-669.png" width="800px"&gt;&lt;/a&gt;</msg>
<status status="PASS" starttime="20240107 13:50:15.448" endtime="20240107 13:50:15.642"/>
</kw>
<status status="PASS" starttime="20240107 13:50:14.724" endtime="20240107 13:50:15.642"/>
</kw>
<kw name="Close Browser" library="SeleniumLibrary">
<doc>Closes the current browser.</doc>
<status status="PASS" starttime="20240107 13:50:15.642" endtime="20240107 13:50:18.273"/>
</kw>
<doc>This test case verifies that user is able to Unactivate Status</doc>
<tag>filter</tag>
<status status="PASS" starttime="20240107 13:50:05.409" endtime="20240107 13:50:18.273"/>
</test>
<doc>modul group</doc>
<status status="FAIL" starttime="20240107 13:47:02.316" endtime="20240107 13:50:18.273"/>
</suite>
<statistics>
<total>
<stat pass="13" fail="1" skip="0">All Tests</stat>
</total>
<tag>
<stat pass="4" fail="0" skip="0">add</stat>
<stat pass="2" fail="0" skip="0">delete</stat>
<stat pass="5" fail="1" skip="0">filter</stat>
<stat pass="1" fail="0" skip="0">show</stat>
<stat pass="1" fail="0" skip="0">view</stat>
</tag>
<suite>
<stat pass="13" fail="1" skip="0" id="s1" name="ModulGroup">ModulGroup</stat>
</suite>
</statistics>
<errors>
</errors>
</robot>
