<?xml version="1.0" encoding="UTF-8"?>
<robot generator="Robot 6.1.1 (Python 3.12.1 on win32)" generated="20240109 23:34:04.472" rpa="false" schemaversion="4">
<suite id="s1" name="ModulGroup" source="C:\Users\Risnawati\Downloads\JBA\cms\Test\ModulGroup\ModulGroup.robot">
<test id="s1-t1" name="Verify Successful Menampilkan list data Group" line="8">
<kw name="Open Browser" library="SeleniumLibrary">
<arg>${URL}</arg>
<arg>${BROWSER}</arg>
<doc>Opens a new browser instance to the optional ``url``.</doc>
<msg timestamp="20240109 23:34:32.066" level="INFO">Opening browser 'Chrome' to base url 'https://jba-aaas-cms-dev.aslcode.dev/branches'.</msg>
<status status="PASS" starttime="20240109 23:34:32.066" endtime="20240109 23:35:20.189"/>
</kw>
<kw name="Maximize Browser Window" library="SeleniumLibrary">
<doc>Maximizes current browser window.</doc>
<status status="PASS" starttime="20240109 23:35:20.195" endtime="20240109 23:35:20.599"/>
</kw>
<kw name="Click Modul Group" library="modulGroupResources">
<kw name="Click Element" library="SeleniumLibrary">
<arg>${modul_group}</arg>
<doc>Click the element identified by ``locator``.</doc>
<msg timestamp="20240109 23:35:20.601" level="INFO">Clicking element 'xpath://span[normalize-space()='Group']'.</msg>
<status status="PASS" starttime="20240109 23:35:20.600" endtime="20240109 23:35:22.158"/>
</kw>
<kw name="Capture Page Screenshot" library="SeleniumLibrary">
<doc>Takes a screenshot of the current page and embeds it into a log file.</doc>
<msg timestamp="20240109 23:35:22.440" level="INFO" html="true">&lt;/td&gt;&lt;/tr&gt;&lt;tr&gt;&lt;td colspan="3"&gt;&lt;a href="selenium-screenshot-670.png"&gt;&lt;img src="selenium-screenshot-670.png" width="800px"&gt;&lt;/a&gt;</msg>
<status status="PASS" starttime="20240109 23:35:22.158" endtime="20240109 23:35:22.440"/>
</kw>
<status status="PASS" starttime="20240109 23:35:20.599" endtime="20240109 23:35:22.440"/>
</kw>
<kw name="Close Browser" library="SeleniumLibrary">
<doc>Closes the current browser.</doc>
<status status="PASS" starttime="20240109 23:35:22.442" endtime="20240109 23:35:33.009"/>
</kw>
<doc>This test case verifies that user is able to show list data group</doc>
<tag>show</tag>
<status status="PASS" starttime="20240109 23:34:32.066" endtime="20240109 23:35:33.009"/>
</test>
<test id="s1-t2" name="Verify Successful Create Data Group Dengan Tambah Data Customer" line="15">
<kw name="Open Browser" library="SeleniumLibrary">
<arg>${URL}</arg>
<arg>${BROWSER}</arg>
<doc>Opens a new browser instance to the optional ``url``.</doc>
<msg timestamp="20240109 23:35:33.009" level="INFO">Opening browser 'Chrome' to base url 'https://jba-aaas-cms-dev.aslcode.dev/branches'.</msg>
<status status="PASS" starttime="20240109 23:35:33.009" endtime="20240109 23:35:39.798"/>
</kw>
<kw name="Maximize Browser Window" library="SeleniumLibrary">
<doc>Maximizes current browser window.</doc>
<status status="PASS" starttime="20240109 23:35:39.798" endtime="20240109 23:35:40.030"/>
</kw>
<kw name="Click Modul Group" library="modulGroupResources">
<kw name="Click Element" library="SeleniumLibrary">
<arg>${modul_group}</arg>
<doc>Click the element identified by ``locator``.</doc>
<msg timestamp="20240109 23:35:40.030" level="INFO">Clicking element 'xpath://span[normalize-space()='Group']'.</msg>
<status status="PASS" starttime="20240109 23:35:40.030" endtime="20240109 23:35:50.473"/>
</kw>
<kw name="Capture Page Screenshot" library="SeleniumLibrary">
<doc>Takes a screenshot of the current page and embeds it into a log file.</doc>
<msg timestamp="20240109 23:35:50.722" level="INFO" html="true">&lt;/td&gt;&lt;/tr&gt;&lt;tr&gt;&lt;td colspan="3"&gt;&lt;a href="selenium-screenshot-671.png"&gt;&lt;img src="selenium-screenshot-671.png" width="800px"&gt;&lt;/a&gt;</msg>
<status status="PASS" starttime="20240109 23:35:50.474" endtime="20240109 23:35:50.722"/>
</kw>
<status status="PASS" starttime="20240109 23:35:40.030" endtime="20240109 23:35:50.722"/>
</kw>
<kw name="Click Button Create Group" library="modulGroupResources">
<kw name="Click Button" library="SeleniumLibrary">
<arg>${button_create}</arg>
<doc>Clicks the button identified by ``locator``.</doc>
<msg timestamp="20240109 23:35:50.726" level="INFO">Clicking button 'xpath://button[@class='btn-active py-3 px-4 rounded-3xl flex items-center justify-center text-xs modal-button create-button']'.</msg>
<status status="PASS" starttime="20240109 23:35:50.725" endtime="20240109 23:35:50.926"/>
</kw>
<status status="PASS" starttime="20240109 23:35:50.725" endtime="20240109 23:35:50.926"/>
</kw>
<kw name="Input Fields Group" library="modulGroupResources">
<kw name="Generate Random String" library="String">
<var>${random_text}</var>
<arg>${max_length}</arg>
<doc>Generates a string with a desired ``length`` from the given ``chars``.</doc>
<msg timestamp="20240109 23:35:50.926" level="INFO">${random_text} = KE</msg>
<status status="PASS" starttime="20240109 23:35:50.926" endtime="20240109 23:35:50.926"/>
</kw>
<kw name="Input Text" library="SeleniumLibrary">
<arg>${input_kode_group}</arg>
<arg>${kode_group}${random_text}</arg>
<doc>Types the given ``text`` into the text field identified by ``locator``.</doc>
<msg timestamp="20240109 23:35:50.926" level="INFO">Typing text 'TestAutoKE' into text field 'xpath://div[@blocker-target='cancel-add-modal']//div//div//div//input[@placeholder='Ketik Kode Group']'.</msg>
<status status="PASS" starttime="20240109 23:35:50.926" endtime="20240109 23:35:52.245"/>
</kw>
<kw name="Input Text" library="SeleniumLibrary">
<arg>${input_nama_group}</arg>
<arg>${nama_group}</arg>
<doc>Types the given ``text`` into the text field identified by ``locator``.</doc>
<msg timestamp="20240109 23:35:52.245" level="INFO">Typing text 'Testing Automation' into text field 'xpath://div[@id='add-form-modal']//input[contains(@placeholder,'Ketik Nama Group')]'.</msg>
<status status="PASS" starttime="20240109 23:35:52.245" endtime="20240109 23:35:52.494"/>
</kw>
<kw name="Capture Page Screenshot" library="SeleniumLibrary">
<doc>Takes a screenshot of the current page and embeds it into a log file.</doc>
<msg timestamp="20240109 23:35:52.677" level="INFO" html="true">&lt;/td&gt;&lt;/tr&gt;&lt;tr&gt;&lt;td colspan="3"&gt;&lt;a href="selenium-screenshot-672.png"&gt;&lt;img src="selenium-screenshot-672.png" width="800px"&gt;&lt;/a&gt;</msg>
<status status="PASS" starttime="20240109 23:35:52.494" endtime="20240109 23:35:52.677"/>
</kw>
<kw name="Click Element" library="SeleniumLibrary">
<arg>${button_tambah}</arg>
<doc>Click the element identified by ``locator``.</doc>
<msg timestamp="20240109 23:35:52.678" level="INFO">Clicking element 'xpath://div[@blocker-target='cancel-add-modal']//div//div//div//div//div//div//div//div//button[@target='customer-search']'.</msg>
<status status="PASS" starttime="20240109 23:35:52.677" endtime="20240109 23:35:52.771"/>
</kw>
<kw name="Capture Page Screenshot" library="SeleniumLibrary">
<doc>Takes a screenshot of the current page and embeds it into a log file.</doc>
<msg timestamp="20240109 23:35:52.986" level="INFO" html="true">&lt;/td&gt;&lt;/tr&gt;&lt;tr&gt;&lt;td colspan="3"&gt;&lt;a href="selenium-screenshot-673.png"&gt;&lt;img src="selenium-screenshot-673.png" width="800px"&gt;&lt;/a&gt;</msg>
<status status="PASS" starttime="20240109 23:35:52.771" endtime="20240109 23:35:52.986"/>
</kw>
<kw name="Click Element" library="SeleniumLibrary">
<arg>${checkbox1}</arg>
<doc>Click the element identified by ``locator``.</doc>
<msg timestamp="20240109 23:35:52.986" level="INFO">Clicking element 'xpath://body[1]/div[1]/div[1]/div[2]/div[2]/div[1]/div[1]/div[1]/div[5]/div[1]/div[1]/div[1]/div[2]/div[1]/div[2]/div[1]/div[1]/div[1]/div[1]/table[1]/tbody[1]/tr[1]/td[1]/input[1]'.</msg>
<status status="PASS" starttime="20240109 23:35:52.986" endtime="20240109 23:35:53.085"/>
</kw>
<kw name="Click Element" library="SeleniumLibrary">
<arg>${checkbox2}</arg>
<doc>Click the element identified by ``locator``.</doc>
<msg timestamp="20240109 23:35:53.085" level="INFO">Clicking element 'xpath://body[1]/div[1]/div[1]/div[2]/div[2]/div[1]/div[1]/div[1]/div[5]/div[1]/div[1]/div[1]/div[2]/div[1]/div[2]/div[1]/div[1]/div[1]/div[1]/table[1]/tbody[1]/tr[2]/td[1]/input[1]'.</msg>
<status status="PASS" starttime="20240109 23:35:53.085" endtime="20240109 23:35:53.167"/>
</kw>
<kw name="Capture Page Screenshot" library="SeleniumLibrary">
<doc>Takes a screenshot of the current page and embeds it into a log file.</doc>
<msg timestamp="20240109 23:35:53.425" level="INFO" html="true">&lt;/td&gt;&lt;/tr&gt;&lt;tr&gt;&lt;td colspan="3"&gt;&lt;a href="selenium-screenshot-674.png"&gt;&lt;img src="selenium-screenshot-674.png" width="800px"&gt;&lt;/a&gt;</msg>
<status status="PASS" starttime="20240109 23:35:53.167" endtime="20240109 23:35:53.425"/>
</kw>
<kw name="Click Element" library="SeleniumLibrary">
<arg>${button_tambahkan}</arg>
<doc>Click the element identified by ``locator``.</doc>
<msg timestamp="20240109 23:35:53.425" level="INFO">Clicking element 'xpath://button[normalize-space()='Tambahkan']'.</msg>
<status status="PASS" starttime="20240109 23:35:53.425" endtime="20240109 23:35:53.590"/>
</kw>
<kw name="Capture Page Screenshot" library="SeleniumLibrary">
<doc>Takes a screenshot of the current page and embeds it into a log file.</doc>
<msg timestamp="20240109 23:35:53.830" level="INFO" html="true">&lt;/td&gt;&lt;/tr&gt;&lt;tr&gt;&lt;td colspan="3"&gt;&lt;a href="selenium-screenshot-675.png"&gt;&lt;img src="selenium-screenshot-675.png" width="800px"&gt;&lt;/a&gt;</msg>
<status status="PASS" starttime="20240109 23:35:53.590" endtime="20240109 23:35:53.830"/>
</kw>
<status status="PASS" starttime="20240109 23:35:50.926" endtime="20240109 23:35:53.830"/>
</kw>
<kw name="Click Button Simpan" library="GlobalResources">
<kw name="Capture Page Screenshot" library="SeleniumLibrary">
<doc>Takes a screenshot of the current page and embeds it into a log file.</doc>
<msg timestamp="20240109 23:35:54.024" level="INFO" html="true">&lt;/td&gt;&lt;/tr&gt;&lt;tr&gt;&lt;td colspan="3"&gt;&lt;a href="selenium-screenshot-676.png"&gt;&lt;img src="selenium-screenshot-676.png" width="800px"&gt;&lt;/a&gt;</msg>
<status status="PASS" starttime="20240109 23:35:53.835" endtime="20240109 23:35:54.024"/>
</kw>
<kw name="Click Button" library="SeleniumLibrary">
<arg>${simpan}</arg>
<doc>Clicks the button identified by ``locator``.</doc>
<msg timestamp="20240109 23:35:54.024" level="INFO">Clicking button 'xpath://button[normalize-space()='Simpan']'.</msg>
<status status="PASS" starttime="20240109 23:35:54.024" endtime="20240109 23:35:54.117"/>
</kw>
<status status="PASS" starttime="20240109 23:35:53.835" endtime="20240109 23:35:54.117"/>
</kw>
<kw name="Verify Berhasil Create" library="GlobalResources">
<kw name="Sleep" library="BuiltIn">
<arg>2s</arg>
<doc>Pauses the test executed for the given time.</doc>
<msg timestamp="20240109 23:35:56.143" level="INFO">Slept 2 seconds</msg>
<status status="PASS" starttime="20240109 23:35:54.129" endtime="20240109 23:35:56.143"/>
</kw>
<kw name="Wait Until Element Is Visible" library="SeleniumLibrary">
<arg>${Ya_Mengerti_Create}</arg>
<arg>timeout=10s</arg>
<doc>Waits until the element ``locator`` is visible.</doc>
<status status="PASS" starttime="20240109 23:35:56.143" endtime="20240109 23:36:00.924"/>
</kw>
<kw name="Log" library="BuiltIn">
<arg>Formulir telah berhasil dikirimkan</arg>
<doc>Logs the given message with the given level.</doc>
<msg timestamp="20240109 23:36:00.924" level="INFO">Formulir telah berhasil dikirimkan</msg>
<status status="PASS" starttime="20240109 23:36:00.924" endtime="20240109 23:36:00.924"/>
</kw>
<kw name="Capture Page Screenshot" library="SeleniumLibrary">
<doc>Takes a screenshot of the current page and embeds it into a log file.</doc>
<msg timestamp="20240109 23:36:01.123" level="INFO" html="true">&lt;/td&gt;&lt;/tr&gt;&lt;tr&gt;&lt;td colspan="3"&gt;&lt;a href="selenium-screenshot-677.png"&gt;&lt;img src="selenium-screenshot-677.png" width="800px"&gt;&lt;/a&gt;</msg>
<status status="PASS" starttime="20240109 23:36:00.924" endtime="20240109 23:36:01.123"/>
</kw>
<kw name="Sleep" library="BuiltIn">
<arg>2s</arg>
<doc>Pauses the test executed for the given time.</doc>
<msg timestamp="20240109 23:36:03.123" level="INFO">Slept 2 seconds</msg>
<status status="PASS" starttime="20240109 23:36:01.123" endtime="20240109 23:36:03.123"/>
</kw>
<kw name="Click Element" library="SeleniumLibrary">
<arg>${Ya_Mengerti_Create}</arg>
<doc>Click the element identified by ``locator``.</doc>
<msg timestamp="20240109 23:36:03.123" level="INFO">Clicking element 'xpath://div[@id='success-modal']//a[@class='btn-active py-4 px-5 rounded-3xl text-sm'][normalize-space()='Ya, Mengerti']'.</msg>
<status status="PASS" starttime="20240109 23:36:03.123" endtime="20240109 23:36:03.589"/>
</kw>
<kw name="Sleep" library="BuiltIn">
<arg>2s</arg>
<doc>Pauses the test executed for the given time.</doc>
<msg timestamp="20240109 23:36:05.590" level="INFO">Slept 2 seconds</msg>
<status status="PASS" starttime="20240109 23:36:03.589" endtime="20240109 23:36:05.590"/>
</kw>
<kw name="Capture Page Screenshot" library="SeleniumLibrary">
<doc>Takes a screenshot of the current page and embeds it into a log file.</doc>
<msg timestamp="20240109 23:36:05.789" level="INFO" html="true">&lt;/td&gt;&lt;/tr&gt;&lt;tr&gt;&lt;td colspan="3"&gt;&lt;a href="selenium-screenshot-678.png"&gt;&lt;img src="selenium-screenshot-678.png" width="800px"&gt;&lt;/a&gt;</msg>
<status status="PASS" starttime="20240109 23:36:05.590" endtime="20240109 23:36:05.789"/>
</kw>
<status status="PASS" starttime="20240109 23:35:54.128" endtime="20240109 23:36:05.789"/>
</kw>
<kw name="Close Browser" library="SeleniumLibrary">
<doc>Closes the current browser.</doc>
<status status="PASS" starttime="20240109 23:36:05.789" endtime="20240109 23:36:14.940"/>
</kw>
<doc>This test case verifies that user is able to create new group dengan tambah data customer</doc>
<tag>add</tag>
<status status="PASS" starttime="20240109 23:35:33.009" endtime="20240109 23:36:14.940"/>
</test>
<test id="s1-t3" name="Verify Successful Menambahkan data customer pada existing group" line="26">
<kw name="Open Browser" library="SeleniumLibrary">
<arg>${URL}</arg>
<arg>${BROWSER}</arg>
<doc>Opens a new browser instance to the optional ``url``.</doc>
<msg timestamp="20240109 23:36:14.940" level="INFO">Opening browser 'Chrome' to base url 'https://jba-aaas-cms-dev.aslcode.dev/branches'.</msg>
<status status="PASS" starttime="20240109 23:36:14.940" endtime="20240109 23:36:40.996"/>
</kw>
<kw name="Maximize Browser Window" library="SeleniumLibrary">
<doc>Maximizes current browser window.</doc>
<status status="PASS" starttime="20240109 23:36:40.998" endtime="20240109 23:36:41.228"/>
</kw>
<kw name="Click Modul Group" library="modulGroupResources">
<kw name="Click Element" library="SeleniumLibrary">
<arg>${modul_group}</arg>
<doc>Click the element identified by ``locator``.</doc>
<msg timestamp="20240109 23:36:41.231" level="INFO">Clicking element 'xpath://span[normalize-space()='Group']'.</msg>
<status status="PASS" starttime="20240109 23:36:41.230" endtime="20240109 23:36:41.680"/>
</kw>
<kw name="Capture Page Screenshot" library="SeleniumLibrary">
<doc>Takes a screenshot of the current page and embeds it into a log file.</doc>
<msg timestamp="20240109 23:36:41.892" level="INFO" html="true">&lt;/td&gt;&lt;/tr&gt;&lt;tr&gt;&lt;td colspan="3"&gt;&lt;a href="selenium-screenshot-679.png"&gt;&lt;img src="selenium-screenshot-679.png" width="800px"&gt;&lt;/a&gt;</msg>
<status status="PASS" starttime="20240109 23:36:41.680" endtime="20240109 23:36:41.892"/>
</kw>
<status status="PASS" starttime="20240109 23:36:41.230" endtime="20240109 23:36:41.892"/>
</kw>
<kw name="Edit Existing Group" library="modulGroupResources">
<kw name="Click Element" library="SeleniumLibrary">
<arg>${button_view}</arg>
<doc>Click the element identified by ``locator``.</doc>
<msg timestamp="20240109 23:36:41.892" level="INFO">Clicking element 'xpath://tbody/tr[1]/td[6]/div[1]/button[1]//*[name()='svg']'.</msg>
<status status="PASS" starttime="20240109 23:36:41.892" endtime="20240109 23:36:42.048"/>
</kw>
<kw name="Capture Page Screenshot" library="SeleniumLibrary">
<doc>Takes a screenshot of the current page and embeds it into a log file.</doc>
<msg timestamp="20240109 23:36:42.339" level="INFO" html="true">&lt;/td&gt;&lt;/tr&gt;&lt;tr&gt;&lt;td colspan="3"&gt;&lt;a href="selenium-screenshot-680.png"&gt;&lt;img src="selenium-screenshot-680.png" width="800px"&gt;&lt;/a&gt;</msg>
<status status="PASS" starttime="20240109 23:36:42.048" endtime="20240109 23:36:42.339"/>
</kw>
<kw name="Wait Until Element Is Visible" library="SeleniumLibrary">
<arg>${edit_existing}</arg>
<arg>timeout=10s</arg>
<doc>Waits until the element ``locator`` is visible.</doc>
<status status="PASS" starttime="20240109 23:36:42.339" endtime="20240109 23:36:42.386"/>
</kw>
<kw name="Click Element" library="SeleniumLibrary">
<arg>${edit_existing}</arg>
<doc>Click the element identified by ``locator``.</doc>
<msg timestamp="20240109 23:36:42.386" level="INFO">Clicking element 'xpath://span[normalize-space()='Edit']'.</msg>
<status status="PASS" starttime="20240109 23:36:42.386" endtime="20240109 23:36:42.465"/>
</kw>
<kw name="Capture Page Screenshot" library="SeleniumLibrary">
<doc>Takes a screenshot of the current page and embeds it into a log file.</doc>
<msg timestamp="20240109 23:36:42.824" level="INFO" html="true">&lt;/td&gt;&lt;/tr&gt;&lt;tr&gt;&lt;td colspan="3"&gt;&lt;a href="selenium-screenshot-681.png"&gt;&lt;img src="selenium-screenshot-681.png" width="800px"&gt;&lt;/a&gt;</msg>
<status status="PASS" starttime="20240109 23:36:42.466" endtime="20240109 23:36:42.825"/>
</kw>
<status status="PASS" starttime="20240109 23:36:41.892" endtime="20240109 23:36:42.825"/>
</kw>
<kw name="Tambah Existing Group" library="modulGroupResources">
<kw name="Wait Until Element Is Visible" library="SeleniumLibrary">
<arg>${tambah_existing}</arg>
<arg>timeout=10s</arg>
<doc>Waits until the element ``locator`` is visible.</doc>
<status status="PASS" starttime="20240109 23:36:42.866" endtime="20240109 23:36:42.934"/>
</kw>
<kw name="Sleep" library="BuiltIn">
<arg>3s</arg>
<doc>Pauses the test executed for the given time.</doc>
<msg timestamp="20240109 23:36:45.934" level="INFO">Slept 3 seconds</msg>
<status status="PASS" starttime="20240109 23:36:42.934" endtime="20240109 23:36:45.934"/>
</kw>
<kw name="Click Element" library="SeleniumLibrary">
<arg>${tambah_existing}</arg>
<doc>Click the element identified by ``locator``.</doc>
<msg timestamp="20240109 23:36:45.934" level="INFO">Clicking element 'xpath://div[@blocker-target='cancel-edit-modal']//div//div//div//div//div//div//div//div//button[@target='customer-search']'.</msg>
<status status="PASS" starttime="20240109 23:36:45.934" endtime="20240109 23:36:46.013"/>
</kw>
<kw name="Wait Until Element Is Visible" library="SeleniumLibrary">
<arg>${checkbox3}</arg>
<arg>timeout=10s</arg>
<doc>Waits until the element ``locator`` is visible.</doc>
<status status="PASS" starttime="20240109 23:36:46.013" endtime="20240109 23:36:46.270"/>
</kw>
<kw name="Sleep" library="BuiltIn">
<arg>3s</arg>
<doc>Pauses the test executed for the given time.</doc>
<msg timestamp="20240109 23:36:49.270" level="INFO">Slept 3 seconds</msg>
<status status="PASS" starttime="20240109 23:36:46.270" endtime="20240109 23:36:49.270"/>
</kw>
<kw name="Click Element" library="SeleniumLibrary">
<arg>${checkbox3}</arg>
<doc>Click the element identified by ``locator``.</doc>
<msg timestamp="20240109 23:36:49.270" level="INFO">Clicking element 'xpath://body[1]/div[1]/div[1]/div[2]/div[2]/div[1]/div[1]/div[1]/div[5]/div[1]/div[1]/div[1]/div[2]/div[1]/div[2]/div[1]/div[1]/div[1]/div[1]/table[1]/tbody[1]/tr[3]/td[1]/input[1]'.</msg>
<status status="PASS" starttime="20240109 23:36:49.270" endtime="20240109 23:36:49.380"/>
</kw>
<kw name="Capture Page Screenshot" library="SeleniumLibrary">
<doc>Takes a screenshot of the current page and embeds it into a log file.</doc>
<msg timestamp="20240109 23:36:49.575" level="INFO" html="true">&lt;/td&gt;&lt;/tr&gt;&lt;tr&gt;&lt;td colspan="3"&gt;&lt;a href="selenium-screenshot-682.png"&gt;&lt;img src="selenium-screenshot-682.png" width="800px"&gt;&lt;/a&gt;</msg>
<status status="PASS" starttime="20240109 23:36:49.380" endtime="20240109 23:36:49.575"/>
</kw>
<kw name="Sleep" library="BuiltIn">
<arg>3s</arg>
<doc>Pauses the test executed for the given time.</doc>
<msg timestamp="20240109 23:36:52.591" level="INFO">Slept 3 seconds</msg>
<status status="PASS" starttime="20240109 23:36:49.590" endtime="20240109 23:36:52.591"/>
</kw>
<kw name="Click Element" library="SeleniumLibrary">
<arg>${button_tambahkan}</arg>
<doc>Click the element identified by ``locator``.</doc>
<msg timestamp="20240109 23:36:52.591" level="INFO">Clicking element 'xpath://button[normalize-space()='Tambahkan']'.</msg>
<status status="PASS" starttime="20240109 23:36:52.591" endtime="20240109 23:36:52.713"/>
</kw>
<status status="PASS" starttime="20240109 23:36:42.866" endtime="20240109 23:36:52.713"/>
</kw>
<kw name="Click Button Update" library="GlobalResources">
<kw name="Wait Until Element Is Visible" library="SeleniumLibrary">
<arg>${update}</arg>
<arg>timeout=10s</arg>
<doc>Waits until the element ``locator`` is visible.</doc>
<status status="PASS" starttime="20240109 23:36:52.715" endtime="20240109 23:36:52.794"/>
</kw>
<kw name="Sleep" library="BuiltIn">
<arg>3s</arg>
<doc>Pauses the test executed for the given time.</doc>
<msg timestamp="20240109 23:36:55.795" level="INFO">Slept 3 seconds</msg>
<status status="PASS" starttime="20240109 23:36:52.795" endtime="20240109 23:36:55.795"/>
</kw>
<kw name="Click Button" library="SeleniumLibrary">
<arg>${update}</arg>
<doc>Clicks the button identified by ``locator``.</doc>
<msg timestamp="20240109 23:36:55.795" level="INFO">Clicking button 'xpath://button[normalize-space()='Update']'.</msg>
<status status="PASS" starttime="20240109 23:36:55.795" endtime="20240109 23:36:55.899"/>
</kw>
<kw name="Capture Page Screenshot" library="SeleniumLibrary">
<doc>Takes a screenshot of the current page and embeds it into a log file.</doc>
<msg timestamp="20240109 23:36:56.109" level="INFO" html="true">&lt;/td&gt;&lt;/tr&gt;&lt;tr&gt;&lt;td colspan="3"&gt;&lt;a href="selenium-screenshot-683.png"&gt;&lt;img src="selenium-screenshot-683.png" width="800px"&gt;&lt;/a&gt;</msg>
<status status="PASS" starttime="20240109 23:36:55.899" endtime="20240109 23:36:56.109"/>
</kw>
<status status="PASS" starttime="20240109 23:36:52.715" endtime="20240109 23:36:56.109"/>
</kw>
<kw name="Verify Berhasil Edit" library="GlobalResources">
<kw name="Wait Until Element Is Visible" library="SeleniumLibrary">
<arg>${Ya_Mengerti_Update}</arg>
<arg>timeout=10s</arg>
<doc>Waits until the element ``locator`` is visible.</doc>
<status status="PASS" starttime="20240109 23:36:56.109" endtime="20240109 23:36:56.145"/>
</kw>
<kw name="Capture Page Screenshot" library="SeleniumLibrary">
<doc>Takes a screenshot of the current page and embeds it into a log file.</doc>
<msg timestamp="20240109 23:36:56.353" level="INFO" html="true">&lt;/td&gt;&lt;/tr&gt;&lt;tr&gt;&lt;td colspan="3"&gt;&lt;a href="selenium-screenshot-684.png"&gt;&lt;img src="selenium-screenshot-684.png" width="800px"&gt;&lt;/a&gt;</msg>
<status status="PASS" starttime="20240109 23:36:56.145" endtime="20240109 23:36:56.353"/>
</kw>
<kw name="Sleep" library="BuiltIn">
<arg>2s</arg>
<doc>Pauses the test executed for the given time.</doc>
<msg timestamp="20240109 23:36:58.353" level="INFO">Slept 2 seconds</msg>
<status status="PASS" starttime="20240109 23:36:56.353" endtime="20240109 23:36:58.353"/>
</kw>
<kw name="Click Element" library="SeleniumLibrary">
<arg>${Ya_Mengerti_Update}</arg>
<doc>Click the element identified by ``locator``.</doc>
<msg timestamp="20240109 23:36:58.353" level="INFO">Clicking element 'xpath://div[@id='success-update-modal']//a[@class='btn-active py-4 px-5 rounded-3xl text-sm'][normalize-space()='Ya, Mengerti']'.</msg>
<status status="PASS" starttime="20240109 23:36:58.353" endtime="20240109 23:36:58.750"/>
</kw>
<kw name="Sleep" library="BuiltIn">
<arg>2s</arg>
<doc>Pauses the test executed for the given time.</doc>
<msg timestamp="20240109 23:37:00.751" level="INFO">Slept 2 seconds</msg>
<status status="PASS" starttime="20240109 23:36:58.750" endtime="20240109 23:37:00.751"/>
</kw>
<kw name="Capture Page Screenshot" library="SeleniumLibrary">
<doc>Takes a screenshot of the current page and embeds it into a log file.</doc>
<msg timestamp="20240109 23:37:00.954" level="INFO" html="true">&lt;/td&gt;&lt;/tr&gt;&lt;tr&gt;&lt;td colspan="3"&gt;&lt;a href="selenium-screenshot-685.png"&gt;&lt;img src="selenium-screenshot-685.png" width="800px"&gt;&lt;/a&gt;</msg>
<status status="PASS" starttime="20240109 23:37:00.751" endtime="20240109 23:37:00.954"/>
</kw>
<status status="PASS" starttime="20240109 23:36:56.109" endtime="20240109 23:37:00.954"/>
</kw>
<kw name="Close Browser" library="SeleniumLibrary">
<doc>Closes the current browser.</doc>
<status status="PASS" starttime="20240109 23:37:00.954" endtime="20240109 23:37:04.167"/>
</kw>
<doc>This test case verifies that user is able to  menambahkan data customer pada existing group</doc>
<tag>add</tag>
<status status="PASS" starttime="20240109 23:36:14.940" endtime="20240109 23:37:04.167"/>
</test>
<test id="s1-t4" name="Verify Successful delete data customer pada existing group" line="37">
<kw name="Open Browser" library="SeleniumLibrary">
<arg>${URL}</arg>
<arg>${BROWSER}</arg>
<doc>Opens a new browser instance to the optional ``url``.</doc>
<msg timestamp="20240109 23:37:04.167" level="INFO">Opening browser 'Chrome' to base url 'https://jba-aaas-cms-dev.aslcode.dev/branches'.</msg>
<status status="PASS" starttime="20240109 23:37:04.167" endtime="20240109 23:37:19.471"/>
</kw>
<kw name="Maximize Browser Window" library="SeleniumLibrary">
<doc>Maximizes current browser window.</doc>
<status status="PASS" starttime="20240109 23:37:19.473" endtime="20240109 23:37:19.692"/>
</kw>
<kw name="Click Modul Group" library="modulGroupResources">
<kw name="Click Element" library="SeleniumLibrary">
<arg>${modul_group}</arg>
<doc>Click the element identified by ``locator``.</doc>
<msg timestamp="20240109 23:37:19.697" level="INFO">Clicking element 'xpath://span[normalize-space()='Group']'.</msg>
<status status="PASS" starttime="20240109 23:37:19.696" endtime="20240109 23:37:23.575"/>
</kw>
<kw name="Capture Page Screenshot" library="SeleniumLibrary">
<doc>Takes a screenshot of the current page and embeds it into a log file.</doc>
<msg timestamp="20240109 23:37:23.785" level="INFO" html="true">&lt;/td&gt;&lt;/tr&gt;&lt;tr&gt;&lt;td colspan="3"&gt;&lt;a href="selenium-screenshot-686.png"&gt;&lt;img src="selenium-screenshot-686.png" width="800px"&gt;&lt;/a&gt;</msg>
<status status="PASS" starttime="20240109 23:37:23.576" endtime="20240109 23:37:23.785"/>
</kw>
<status status="PASS" starttime="20240109 23:37:19.696" endtime="20240109 23:37:23.785"/>
</kw>
<kw name="Edit Existing Group" library="modulGroupResources">
<kw name="Click Element" library="SeleniumLibrary">
<arg>${button_view}</arg>
<doc>Click the element identified by ``locator``.</doc>
<msg timestamp="20240109 23:37:23.785" level="INFO">Clicking element 'xpath://tbody/tr[1]/td[6]/div[1]/button[1]//*[name()='svg']'.</msg>
<status status="PASS" starttime="20240109 23:37:23.785" endtime="20240109 23:37:23.946"/>
</kw>
<kw name="Capture Page Screenshot" library="SeleniumLibrary">
<doc>Takes a screenshot of the current page and embeds it into a log file.</doc>
<msg timestamp="20240109 23:37:24.255" level="INFO" html="true">&lt;/td&gt;&lt;/tr&gt;&lt;tr&gt;&lt;td colspan="3"&gt;&lt;a href="selenium-screenshot-687.png"&gt;&lt;img src="selenium-screenshot-687.png" width="800px"&gt;&lt;/a&gt;</msg>
<status status="PASS" starttime="20240109 23:37:23.946" endtime="20240109 23:37:24.255"/>
</kw>
<kw name="Wait Until Element Is Visible" library="SeleniumLibrary">
<arg>${edit_existing}</arg>
<arg>timeout=10s</arg>
<doc>Waits until the element ``locator`` is visible.</doc>
<status status="PASS" starttime="20240109 23:37:24.255" endtime="20240109 23:37:24.302"/>
</kw>
<kw name="Click Element" library="SeleniumLibrary">
<arg>${edit_existing}</arg>
<doc>Click the element identified by ``locator``.</doc>
<msg timestamp="20240109 23:37:24.302" level="INFO">Clicking element 'xpath://span[normalize-space()='Edit']'.</msg>
<status status="PASS" starttime="20240109 23:37:24.302" endtime="20240109 23:37:24.387"/>
</kw>
<kw name="Capture Page Screenshot" library="SeleniumLibrary">
<doc>Takes a screenshot of the current page and embeds it into a log file.</doc>
<msg timestamp="20240109 23:37:24.729" level="INFO" html="true">&lt;/td&gt;&lt;/tr&gt;&lt;tr&gt;&lt;td colspan="3"&gt;&lt;a href="selenium-screenshot-688.png"&gt;&lt;img src="selenium-screenshot-688.png" width="800px"&gt;&lt;/a&gt;</msg>
<status status="PASS" starttime="20240109 23:37:24.387" endtime="20240109 23:37:24.730"/>
</kw>
<status status="PASS" starttime="20240109 23:37:23.785" endtime="20240109 23:37:24.730"/>
</kw>
<kw name="Delete Existing Group" library="modulGroupResources">
<kw name="Wait Until Element Is Visible" library="SeleniumLibrary">
<arg>${delete_list_customer}</arg>
<arg>timeout=10s</arg>
<doc>Waits until the element ``locator`` is visible.</doc>
<status status="PASS" starttime="20240109 23:37:24.739" endtime="20240109 23:37:24.901"/>
</kw>
<kw name="Click Element" library="SeleniumLibrary">
<arg>${delete_list_customer}</arg>
<doc>Click the element identified by ``locator``.</doc>
<msg timestamp="20240109 23:37:24.903" level="INFO">Clicking element 'xpath://button[@class='remove-customer-btn btn-grey-2']'.</msg>
<status status="PASS" starttime="20240109 23:37:24.902" endtime="20240109 23:37:25.075"/>
</kw>
<kw name="Capture Page Screenshot" library="SeleniumLibrary">
<doc>Takes a screenshot of the current page and embeds it into a log file.</doc>
<msg timestamp="20240109 23:37:25.274" level="INFO" html="true">&lt;/td&gt;&lt;/tr&gt;&lt;tr&gt;&lt;td colspan="3"&gt;&lt;a href="selenium-screenshot-689.png"&gt;&lt;img src="selenium-screenshot-689.png" width="800px"&gt;&lt;/a&gt;</msg>
<status status="PASS" starttime="20240109 23:37:25.075" endtime="20240109 23:37:25.274"/>
</kw>
<status status="PASS" starttime="20240109 23:37:24.739" endtime="20240109 23:37:25.274"/>
</kw>
<kw name="Click Button Ya,Hapus" library="GlobalResources">
<kw name="Wait Until Element Is Visible" library="SeleniumLibrary">
<arg>${Ya_hapus}</arg>
<arg>timeout=10s</arg>
<doc>Waits until the element ``locator`` is visible.</doc>
<status status="PASS" starttime="20240109 23:37:25.274" endtime="20240109 23:37:25.322"/>
</kw>
<kw name="Click Element" library="SeleniumLibrary">
<arg>${Ya_hapus}</arg>
<doc>Click the element identified by ``locator``.</doc>
<msg timestamp="20240109 23:37:25.323" level="INFO">Clicking element 'xpath://button[normalize-space()='Ya, Hapus']'.</msg>
<status status="PASS" starttime="20240109 23:37:25.323" endtime="20240109 23:37:25.397"/>
</kw>
<status status="PASS" starttime="20240109 23:37:25.274" endtime="20240109 23:37:25.397"/>
</kw>
<kw name="Verify Berhasil Delete Existing" library="modulGroupResources">
<kw name="Wait Until Element Is Visible" library="SeleniumLibrary">
<arg>${Ya_Mengerti_Delete_GroupEx}</arg>
<arg>timeout=10s</arg>
<doc>Waits until the element ``locator`` is visible.</doc>
<status status="PASS" starttime="20240109 23:37:25.397" endtime="20240109 23:37:25.447"/>
</kw>
<kw name="Capture Page Screenshot" library="SeleniumLibrary">
<doc>Takes a screenshot of the current page and embeds it into a log file.</doc>
<msg timestamp="20240109 23:37:25.673" level="INFO" html="true">&lt;/td&gt;&lt;/tr&gt;&lt;tr&gt;&lt;td colspan="3"&gt;&lt;a href="selenium-screenshot-690.png"&gt;&lt;img src="selenium-screenshot-690.png" width="800px"&gt;&lt;/a&gt;</msg>
<status status="PASS" starttime="20240109 23:37:25.447" endtime="20240109 23:37:25.674"/>
</kw>
<kw name="Sleep" library="BuiltIn">
<arg>2s</arg>
<doc>Pauses the test executed for the given time.</doc>
<msg timestamp="20240109 23:37:27.674" level="INFO">Slept 2 seconds</msg>
<status status="PASS" starttime="20240109 23:37:25.674" endtime="20240109 23:37:27.674"/>
</kw>
<kw name="Click Element" library="SeleniumLibrary">
<arg>${Ya_Mengerti_Delete_GroupEx}</arg>
<doc>Click the element identified by ``locator``.</doc>
<msg timestamp="20240109 23:37:27.674" level="INFO">Clicking element 'xpath://div[@id='success-delete-customer-from-group-modal']//div[contains(@class,'flex justify-center')]'.</msg>
<status status="PASS" starttime="20240109 23:37:27.674" endtime="20240109 23:37:27.748"/>
</kw>
<kw name="Capture Page Screenshot" library="SeleniumLibrary">
<doc>Takes a screenshot of the current page and embeds it into a log file.</doc>
<msg timestamp="20240109 23:37:28.044" level="INFO" html="true">&lt;/td&gt;&lt;/tr&gt;&lt;tr&gt;&lt;td colspan="3"&gt;&lt;a href="selenium-screenshot-691.png"&gt;&lt;img src="selenium-screenshot-691.png" width="800px"&gt;&lt;/a&gt;</msg>
<status status="PASS" starttime="20240109 23:37:27.748" endtime="20240109 23:37:28.044"/>
</kw>
<kw name="Sleep" library="BuiltIn">
<arg>2s</arg>
<doc>Pauses the test executed for the given time.</doc>
<msg timestamp="20240109 23:37:30.044" level="INFO">Slept 2 seconds</msg>
<status status="PASS" starttime="20240109 23:37:28.044" endtime="20240109 23:37:30.044"/>
</kw>
<status status="PASS" starttime="20240109 23:37:25.397" endtime="20240109 23:37:30.044"/>
</kw>
<kw name="Click Button Update" library="GlobalResources">
<kw name="Wait Until Element Is Visible" library="SeleniumLibrary">
<arg>${update}</arg>
<arg>timeout=10s</arg>
<doc>Waits until the element ``locator`` is visible.</doc>
<status status="PASS" starttime="20240109 23:37:30.044" endtime="20240109 23:37:30.093"/>
</kw>
<kw name="Sleep" library="BuiltIn">
<arg>3s</arg>
<doc>Pauses the test executed for the given time.</doc>
<msg timestamp="20240109 23:37:33.094" level="INFO">Slept 3 seconds</msg>
<status status="PASS" starttime="20240109 23:37:30.093" endtime="20240109 23:37:33.094"/>
</kw>
<kw name="Click Button" library="SeleniumLibrary">
<arg>${update}</arg>
<doc>Clicks the button identified by ``locator``.</doc>
<msg timestamp="20240109 23:37:33.094" level="INFO">Clicking button 'xpath://button[normalize-space()='Update']'.</msg>
<status status="PASS" starttime="20240109 23:37:33.094" endtime="20240109 23:37:33.189"/>
</kw>
<kw name="Capture Page Screenshot" library="SeleniumLibrary">
<doc>Takes a screenshot of the current page and embeds it into a log file.</doc>
<msg timestamp="20240109 23:37:33.390" level="INFO" html="true">&lt;/td&gt;&lt;/tr&gt;&lt;tr&gt;&lt;td colspan="3"&gt;&lt;a href="selenium-screenshot-692.png"&gt;&lt;img src="selenium-screenshot-692.png" width="800px"&gt;&lt;/a&gt;</msg>
<status status="PASS" starttime="20240109 23:37:33.189" endtime="20240109 23:37:33.390"/>
</kw>
<status status="PASS" starttime="20240109 23:37:30.044" endtime="20240109 23:37:33.390"/>
</kw>
<kw name="Verify Berhasil Edit" library="GlobalResources">
<kw name="Wait Until Element Is Visible" library="SeleniumLibrary">
<arg>${Ya_Mengerti_Update}</arg>
<arg>timeout=10s</arg>
<doc>Waits until the element ``locator`` is visible.</doc>
<status status="PASS" starttime="20240109 23:37:33.390" endtime="20240109 23:37:33.440"/>
</kw>
<kw name="Capture Page Screenshot" library="SeleniumLibrary">
<doc>Takes a screenshot of the current page and embeds it into a log file.</doc>
<msg timestamp="20240109 23:37:33.635" level="INFO" html="true">&lt;/td&gt;&lt;/tr&gt;&lt;tr&gt;&lt;td colspan="3"&gt;&lt;a href="selenium-screenshot-693.png"&gt;&lt;img src="selenium-screenshot-693.png" width="800px"&gt;&lt;/a&gt;</msg>
<status status="PASS" starttime="20240109 23:37:33.440" endtime="20240109 23:37:33.635"/>
</kw>
<kw name="Sleep" library="BuiltIn">
<arg>2s</arg>
<doc>Pauses the test executed for the given time.</doc>
<msg timestamp="20240109 23:37:35.636" level="INFO">Slept 2 seconds</msg>
<status status="PASS" starttime="20240109 23:37:33.635" endtime="20240109 23:37:35.636"/>
</kw>
<kw name="Click Element" library="SeleniumLibrary">
<arg>${Ya_Mengerti_Update}</arg>
<doc>Click the element identified by ``locator``.</doc>
<msg timestamp="20240109 23:37:35.636" level="INFO">Clicking element 'xpath://div[@id='success-update-modal']//a[@class='btn-active py-4 px-5 rounded-3xl text-sm'][normalize-space()='Ya, Mengerti']'.</msg>
<status status="PASS" starttime="20240109 23:37:35.636" endtime="20240109 23:37:36.070"/>
</kw>
<kw name="Sleep" library="BuiltIn">
<arg>2s</arg>
<doc>Pauses the test executed for the given time.</doc>
<msg timestamp="20240109 23:37:38.071" level="INFO">Slept 2 seconds</msg>
<status status="PASS" starttime="20240109 23:37:36.070" endtime="20240109 23:37:38.071"/>
</kw>
<kw name="Capture Page Screenshot" library="SeleniumLibrary">
<doc>Takes a screenshot of the current page and embeds it into a log file.</doc>
<msg timestamp="20240109 23:37:38.252" level="INFO" html="true">&lt;/td&gt;&lt;/tr&gt;&lt;tr&gt;&lt;td colspan="3"&gt;&lt;a href="selenium-screenshot-694.png"&gt;&lt;img src="selenium-screenshot-694.png" width="800px"&gt;&lt;/a&gt;</msg>
<status status="PASS" starttime="20240109 23:37:38.071" endtime="20240109 23:37:38.252"/>
</kw>
<status status="PASS" starttime="20240109 23:37:33.390" endtime="20240109 23:37:38.252"/>
</kw>
<kw name="Close Browser" library="SeleniumLibrary">
<doc>Closes the current browser.</doc>
<status status="PASS" starttime="20240109 23:37:38.252" endtime="20240109 23:37:46.721"/>
</kw>
<doc>This test case verifies that user is able to delete data customer pada existing group</doc>
<tag>delete</tag>
<status status="PASS" starttime="20240109 23:37:04.167" endtime="20240109 23:37:46.721"/>
</test>
<test id="s1-t5" name="Verify Successful Edit Kode Group" line="50">
<kw name="Open Browser" library="SeleniumLibrary">
<arg>${URL}</arg>
<arg>${BROWSER}</arg>
<doc>Opens a new browser instance to the optional ``url``.</doc>
<msg timestamp="20240109 23:37:46.738" level="INFO">Opening browser 'Chrome' to base url 'https://jba-aaas-cms-dev.aslcode.dev/branches'.</msg>
<status status="PASS" starttime="20240109 23:37:46.721" endtime="20240109 23:38:03.143"/>
</kw>
<kw name="Maximize Browser Window" library="SeleniumLibrary">
<doc>Maximizes current browser window.</doc>
<status status="PASS" starttime="20240109 23:38:03.144" endtime="20240109 23:38:03.424"/>
</kw>
<kw name="Click Modul Group" library="modulGroupResources">
<kw name="Click Element" library="SeleniumLibrary">
<arg>${modul_group}</arg>
<doc>Click the element identified by ``locator``.</doc>
<msg timestamp="20240109 23:38:03.426" level="INFO">Clicking element 'xpath://span[normalize-space()='Group']'.</msg>
<status status="PASS" starttime="20240109 23:38:03.425" endtime="20240109 23:38:03.861"/>
</kw>
<kw name="Capture Page Screenshot" library="SeleniumLibrary">
<doc>Takes a screenshot of the current page and embeds it into a log file.</doc>
<msg timestamp="20240109 23:38:04.084" level="INFO" html="true">&lt;/td&gt;&lt;/tr&gt;&lt;tr&gt;&lt;td colspan="3"&gt;&lt;a href="selenium-screenshot-695.png"&gt;&lt;img src="selenium-screenshot-695.png" width="800px"&gt;&lt;/a&gt;</msg>
<status status="PASS" starttime="20240109 23:38:03.862" endtime="20240109 23:38:04.084"/>
</kw>
<status status="PASS" starttime="20240109 23:38:03.425" endtime="20240109 23:38:04.084"/>
</kw>
<kw name="Click Button Edit Group" library="modulGroupResources">
<kw name="Click Element" library="SeleniumLibrary">
<arg>${aksi_group}</arg>
<doc>Click the element identified by ``locator``.</doc>
<msg timestamp="20240109 23:38:04.088" level="INFO">Clicking element 'xpath://div[@class='dropdown-button flex justify-center items-center px-2.5']//*[name()='svg']'.</msg>
<status status="PASS" starttime="20240109 23:38:04.088" endtime="20240109 23:38:04.231"/>
</kw>
<kw name="Click Element" library="SeleniumLibrary">
<arg>${edit_group}</arg>
<doc>Click the element identified by ``locator``.</doc>
<msg timestamp="20240109 23:38:04.232" level="INFO">Clicking element 'xpath://div[@id='dropdown-menu-0']//button[@class='w-full edit-btn modal-button']//div[@class='flex justify-start items-center']'.</msg>
<status status="PASS" starttime="20240109 23:38:04.231" endtime="20240109 23:38:04.401"/>
</kw>
<status status="PASS" starttime="20240109 23:38:04.088" endtime="20240109 23:38:04.401"/>
</kw>
<kw name="Input Edit Kode Group" library="modulGroupResources">
<kw name="Generate Random String" library="String">
<var>${random_text}</var>
<arg>${max_length}</arg>
<doc>Generates a string with a desired ``length`` from the given ``chars``.</doc>
<msg timestamp="20240109 23:38:04.403" level="INFO">${random_text} = rl</msg>
<status status="PASS" starttime="20240109 23:38:04.403" endtime="20240109 23:38:04.403"/>
</kw>
<kw name="Click Element" library="SeleniumLibrary">
<arg>${edit_kode_group}</arg>
<doc>Click the element identified by ``locator``.</doc>
<msg timestamp="20240109 23:38:04.403" level="INFO">Clicking element 'xpath://div[@blocker-target='cancel-edit-modal']//div//div//div//input[@name='code']'.</msg>
<status status="PASS" starttime="20240109 23:38:04.403" endtime="20240109 23:38:04.631"/>
</kw>
<kw name="Clear Element Text" library="SeleniumLibrary">
<arg>${edit_kode_group}</arg>
<doc>Clears the value of the text-input-element identified by ``locator``.</doc>
<status status="PASS" starttime="20240109 23:38:04.632" endtime="20240109 23:38:04.772"/>
</kw>
<kw name="Input Text" library="SeleniumLibrary">
<arg>${edit_kode_group}</arg>
<arg>${kode_group_edit}</arg>
<arg>${random_text}</arg>
<doc>Types the given ``text`` into the text field identified by ``locator``.</doc>
<msg timestamp="20240109 23:38:04.773" level="INFO">Typing text 'TestAutoEdit' into text field 'xpath://div[@blocker-target='cancel-edit-modal']//div//div//div//input[@name='code']'.</msg>
<status status="PASS" starttime="20240109 23:38:04.772" endtime="20240109 23:38:05.008"/>
</kw>
<status status="PASS" starttime="20240109 23:38:04.403" endtime="20240109 23:38:05.008"/>
</kw>
<kw name="Click Button Update" library="GlobalResources">
<kw name="Wait Until Element Is Visible" library="SeleniumLibrary">
<arg>${update}</arg>
<arg>timeout=10s</arg>
<doc>Waits until the element ``locator`` is visible.</doc>
<status status="PASS" starttime="20240109 23:38:05.030" endtime="20240109 23:38:05.073"/>
</kw>
<kw name="Sleep" library="BuiltIn">
<arg>3s</arg>
<doc>Pauses the test executed for the given time.</doc>
<msg timestamp="20240109 23:38:08.074" level="INFO">Slept 3 seconds</msg>
<status status="PASS" starttime="20240109 23:38:05.074" endtime="20240109 23:38:08.074"/>
</kw>
<kw name="Click Button" library="SeleniumLibrary">
<arg>${update}</arg>
<doc>Clicks the button identified by ``locator``.</doc>
<msg timestamp="20240109 23:38:08.074" level="INFO">Clicking button 'xpath://button[normalize-space()='Update']'.</msg>
<status status="PASS" starttime="20240109 23:38:08.074" endtime="20240109 23:38:08.212"/>
</kw>
<kw name="Capture Page Screenshot" library="SeleniumLibrary">
<doc>Takes a screenshot of the current page and embeds it into a log file.</doc>
<msg timestamp="20240109 23:38:08.398" level="INFO" html="true">&lt;/td&gt;&lt;/tr&gt;&lt;tr&gt;&lt;td colspan="3"&gt;&lt;a href="selenium-screenshot-696.png"&gt;&lt;img src="selenium-screenshot-696.png" width="800px"&gt;&lt;/a&gt;</msg>
<status status="PASS" starttime="20240109 23:38:08.212" endtime="20240109 23:38:08.398"/>
</kw>
<status status="PASS" starttime="20240109 23:38:05.029" endtime="20240109 23:38:08.398"/>
</kw>
<kw name="Verify Berhasil Edit" library="GlobalResources">
<kw name="Wait Until Element Is Visible" library="SeleniumLibrary">
<arg>${Ya_Mengerti_Update}</arg>
<arg>timeout=10s</arg>
<doc>Waits until the element ``locator`` is visible.</doc>
<status status="PASS" starttime="20240109 23:38:08.398" endtime="20240109 23:38:08.475"/>
</kw>
<kw name="Capture Page Screenshot" library="SeleniumLibrary">
<doc>Takes a screenshot of the current page and embeds it into a log file.</doc>
<msg timestamp="20240109 23:38:08.667" level="INFO" html="true">&lt;/td&gt;&lt;/tr&gt;&lt;tr&gt;&lt;td colspan="3"&gt;&lt;a href="selenium-screenshot-697.png"&gt;&lt;img src="selenium-screenshot-697.png" width="800px"&gt;&lt;/a&gt;</msg>
<status status="PASS" starttime="20240109 23:38:08.475" endtime="20240109 23:38:08.667"/>
</kw>
<kw name="Sleep" library="BuiltIn">
<arg>2s</arg>
<doc>Pauses the test executed for the given time.</doc>
<msg timestamp="20240109 23:38:10.667" level="INFO">Slept 2 seconds</msg>
<status status="PASS" starttime="20240109 23:38:08.667" endtime="20240109 23:38:10.667"/>
</kw>
<kw name="Click Element" library="SeleniumLibrary">
<arg>${Ya_Mengerti_Update}</arg>
<doc>Click the element identified by ``locator``.</doc>
<msg timestamp="20240109 23:38:10.667" level="INFO">Clicking element 'xpath://div[@id='success-update-modal']//a[@class='btn-active py-4 px-5 rounded-3xl text-sm'][normalize-space()='Ya, Mengerti']'.</msg>
<status status="PASS" starttime="20240109 23:38:10.667" endtime="20240109 23:38:11.064"/>
</kw>
<kw name="Sleep" library="BuiltIn">
<arg>2s</arg>
<doc>Pauses the test executed for the given time.</doc>
<msg timestamp="20240109 23:38:13.064" level="INFO">Slept 2 seconds</msg>
<status status="PASS" starttime="20240109 23:38:11.064" endtime="20240109 23:38:13.064"/>
</kw>
<kw name="Capture Page Screenshot" library="SeleniumLibrary">
<doc>Takes a screenshot of the current page and embeds it into a log file.</doc>
<msg timestamp="20240109 23:38:13.251" level="INFO" html="true">&lt;/td&gt;&lt;/tr&gt;&lt;tr&gt;&lt;td colspan="3"&gt;&lt;a href="selenium-screenshot-698.png"&gt;&lt;img src="selenium-screenshot-698.png" width="800px"&gt;&lt;/a&gt;</msg>
<status status="PASS" starttime="20240109 23:38:13.064" endtime="20240109 23:38:13.251"/>
</kw>
<status status="PASS" starttime="20240109 23:38:08.398" endtime="20240109 23:38:13.251"/>
</kw>
<kw name="Close Browser" library="SeleniumLibrary">
<doc>Closes the current browser.</doc>
<status status="PASS" starttime="20240109 23:38:13.267" endtime="20240109 23:38:26.449"/>
</kw>
<doc>This test case verifies that user is able to edit code group</doc>
<tag>edit</tag>
<status status="PASS" starttime="20240109 23:37:46.721" endtime="20240109 23:38:26.449"/>
</test>
<test id="s1-t6" name="Verify Successful Edit Nama Group" line="61">
<kw name="Open Browser" library="SeleniumLibrary">
<arg>${URL}</arg>
<arg>${BROWSER}</arg>
<doc>Opens a new browser instance to the optional ``url``.</doc>
<msg timestamp="20240109 23:38:26.449" level="INFO">Opening browser 'Chrome' to base url 'https://jba-aaas-cms-dev.aslcode.dev/branches'.</msg>
<status status="PASS" starttime="20240109 23:38:26.449" endtime="20240109 23:38:52.905"/>
</kw>
<kw name="Maximize Browser Window" library="SeleniumLibrary">
<doc>Maximizes current browser window.</doc>
<status status="PASS" starttime="20240109 23:38:52.906" endtime="20240109 23:38:53.087"/>
</kw>
<kw name="Click Modul Group" library="modulGroupResources">
<kw name="Click Element" library="SeleniumLibrary">
<arg>${modul_group}</arg>
<doc>Click the element identified by ``locator``.</doc>
<msg timestamp="20240109 23:38:53.087" level="INFO">Clicking element 'xpath://span[normalize-space()='Group']'.</msg>
<status status="PASS" starttime="20240109 23:38:53.087" endtime="20240109 23:38:53.609"/>
</kw>
<kw name="Capture Page Screenshot" library="SeleniumLibrary">
<doc>Takes a screenshot of the current page and embeds it into a log file.</doc>
<msg timestamp="20240109 23:38:53.819" level="INFO" html="true">&lt;/td&gt;&lt;/tr&gt;&lt;tr&gt;&lt;td colspan="3"&gt;&lt;a href="selenium-screenshot-699.png"&gt;&lt;img src="selenium-screenshot-699.png" width="800px"&gt;&lt;/a&gt;</msg>
<status status="PASS" starttime="20240109 23:38:53.609" endtime="20240109 23:38:53.819"/>
</kw>
<status status="PASS" starttime="20240109 23:38:53.087" endtime="20240109 23:38:53.819"/>
</kw>
<kw name="Click Button Edit Group" library="modulGroupResources">
<kw name="Click Element" library="SeleniumLibrary">
<arg>${aksi_group}</arg>
<doc>Click the element identified by ``locator``.</doc>
<msg timestamp="20240109 23:38:53.819" level="INFO">Clicking element 'xpath://div[@class='dropdown-button flex justify-center items-center px-2.5']//*[name()='svg']'.</msg>
<status status="PASS" starttime="20240109 23:38:53.819" endtime="20240109 23:38:53.969"/>
</kw>
<kw name="Click Element" library="SeleniumLibrary">
<arg>${edit_group}</arg>
<doc>Click the element identified by ``locator``.</doc>
<msg timestamp="20240109 23:38:53.971" level="INFO">Clicking element 'xpath://div[@id='dropdown-menu-0']//button[@class='w-full edit-btn modal-button']//div[@class='flex justify-start items-center']'.</msg>
<status status="PASS" starttime="20240109 23:38:53.970" endtime="20240109 23:38:54.167"/>
</kw>
<status status="PASS" starttime="20240109 23:38:53.819" endtime="20240109 23:38:54.167"/>
</kw>
<kw name="Input Edit Nama Group" library="modulGroupResources">
<kw name="Generate Random String" library="String">
<var>${random_text}</var>
<arg>${max_length}</arg>
<doc>Generates a string with a desired ``length`` from the given ``chars``.</doc>
<msg timestamp="20240109 23:38:54.199" level="INFO">${random_text} = 9r</msg>
<status status="PASS" starttime="20240109 23:38:54.199" endtime="20240109 23:38:54.199"/>
</kw>
<kw name="Click Element" library="SeleniumLibrary">
<arg>${edit_nama_group}</arg>
<doc>Click the element identified by ``locator``.</doc>
<msg timestamp="20240109 23:38:54.199" level="INFO">Clicking element 'xpath://div[@blocker-target='cancel-edit-modal']//div//div//div//input[@name='name']'.</msg>
<status status="PASS" starttime="20240109 23:38:54.199" endtime="20240109 23:38:54.416"/>
</kw>
<kw name="Clear Element Text" library="SeleniumLibrary">
<arg>${edit_nama_group}</arg>
<doc>Clears the value of the text-input-element identified by ``locator``.</doc>
<status status="PASS" starttime="20240109 23:38:54.416" endtime="20240109 23:38:54.490"/>
</kw>
<kw name="Input Text" library="SeleniumLibrary">
<arg>${edit_nama_group}</arg>
<arg>${nama_group_edit}</arg>
<arg>${random_text}</arg>
<doc>Types the given ``text`` into the text field identified by ``locator``.</doc>
<msg timestamp="20240109 23:38:54.490" level="INFO">Typing text 'Testing Automation Edit' into text field 'xpath://div[@blocker-target='cancel-edit-modal']//div//div//div//input[@name='name']'.</msg>
<status status="PASS" starttime="20240109 23:38:54.490" endtime="20240109 23:38:54.756"/>
</kw>
<status status="PASS" starttime="20240109 23:38:54.199" endtime="20240109 23:38:54.756"/>
</kw>
<kw name="Click Button Update" library="GlobalResources">
<kw name="Wait Until Element Is Visible" library="SeleniumLibrary">
<arg>${update}</arg>
<arg>timeout=10s</arg>
<doc>Waits until the element ``locator`` is visible.</doc>
<status status="PASS" starttime="20240109 23:38:54.770" endtime="20240109 23:38:54.835"/>
</kw>
<kw name="Sleep" library="BuiltIn">
<arg>3s</arg>
<doc>Pauses the test executed for the given time.</doc>
<msg timestamp="20240109 23:38:57.836" level="INFO">Slept 3 seconds</msg>
<status status="PASS" starttime="20240109 23:38:54.835" endtime="20240109 23:38:57.836"/>
</kw>
<kw name="Click Button" library="SeleniumLibrary">
<arg>${update}</arg>
<doc>Clicks the button identified by ``locator``.</doc>
<msg timestamp="20240109 23:38:57.836" level="INFO">Clicking button 'xpath://button[normalize-space()='Update']'.</msg>
<status status="PASS" starttime="20240109 23:38:57.836" endtime="20240109 23:38:57.977"/>
</kw>
<kw name="Capture Page Screenshot" library="SeleniumLibrary">
<doc>Takes a screenshot of the current page and embeds it into a log file.</doc>
<msg timestamp="20240109 23:38:58.166" level="INFO" html="true">&lt;/td&gt;&lt;/tr&gt;&lt;tr&gt;&lt;td colspan="3"&gt;&lt;a href="selenium-screenshot-700.png"&gt;&lt;img src="selenium-screenshot-700.png" width="800px"&gt;&lt;/a&gt;</msg>
<status status="PASS" starttime="20240109 23:38:57.977" endtime="20240109 23:38:58.166"/>
</kw>
<status status="PASS" starttime="20240109 23:38:54.770" endtime="20240109 23:38:58.166"/>
</kw>
<kw name="Verify Berhasil Edit" library="GlobalResources">
<kw name="Wait Until Element Is Visible" library="SeleniumLibrary">
<arg>${Ya_Mengerti_Update}</arg>
<arg>timeout=10s</arg>
<doc>Waits until the element ``locator`` is visible.</doc>
<status status="PASS" starttime="20240109 23:38:58.166" endtime="20240109 23:38:58.219"/>
</kw>
<kw name="Capture Page Screenshot" library="SeleniumLibrary">
<doc>Takes a screenshot of the current page and embeds it into a log file.</doc>
<msg timestamp="20240109 23:38:58.781" level="INFO" html="true">&lt;/td&gt;&lt;/tr&gt;&lt;tr&gt;&lt;td colspan="3"&gt;&lt;a href="selenium-screenshot-701.png"&gt;&lt;img src="selenium-screenshot-701.png" width="800px"&gt;&lt;/a&gt;</msg>
<status status="PASS" starttime="20240109 23:38:58.219" endtime="20240109 23:38:58.781"/>
</kw>
<kw name="Sleep" library="BuiltIn">
<arg>2s</arg>
<doc>Pauses the test executed for the given time.</doc>
<msg timestamp="20240109 23:39:00.783" level="INFO">Slept 2 seconds</msg>
<status status="PASS" starttime="20240109 23:38:58.781" endtime="20240109 23:39:00.783"/>
</kw>
<kw name="Click Element" library="SeleniumLibrary">
<arg>${Ya_Mengerti_Update}</arg>
<doc>Click the element identified by ``locator``.</doc>
<msg timestamp="20240109 23:39:00.783" level="INFO">Clicking element 'xpath://div[@id='success-update-modal']//a[@class='btn-active py-4 px-5 rounded-3xl text-sm'][normalize-space()='Ya, Mengerti']'.</msg>
<status status="PASS" starttime="20240109 23:39:00.783" endtime="20240109 23:39:01.196"/>
</kw>
<kw name="Sleep" library="BuiltIn">
<arg>2s</arg>
<doc>Pauses the test executed for the given time.</doc>
<msg timestamp="20240109 23:39:03.197" level="INFO">Slept 2 seconds</msg>
<status status="PASS" starttime="20240109 23:39:01.196" endtime="20240109 23:39:03.197"/>
</kw>
<kw name="Capture Page Screenshot" library="SeleniumLibrary">
<doc>Takes a screenshot of the current page and embeds it into a log file.</doc>
<msg timestamp="20240109 23:39:03.431" level="INFO" html="true">&lt;/td&gt;&lt;/tr&gt;&lt;tr&gt;&lt;td colspan="3"&gt;&lt;a href="selenium-screenshot-702.png"&gt;&lt;img src="selenium-screenshot-702.png" width="800px"&gt;&lt;/a&gt;</msg>
<status status="PASS" starttime="20240109 23:39:03.197" endtime="20240109 23:39:03.431"/>
</kw>
<status status="PASS" starttime="20240109 23:38:58.166" endtime="20240109 23:39:03.431"/>
</kw>
<kw name="Close Browser" library="SeleniumLibrary">
<doc>Closes the current browser.</doc>
<status status="PASS" starttime="20240109 23:39:03.431" endtime="20240109 23:39:41.808"/>
</kw>
<doc>This test case verifies that user is able to edit nama group</doc>
<tag>edit</tag>
<status status="PASS" starttime="20240109 23:38:26.449" endtime="20240109 23:39:41.808"/>
</test>
<test id="s1-t7" name="Verify Successful Edit Group dari List" line="72">
<kw name="Open Browser" library="SeleniumLibrary">
<arg>${URL}</arg>
<arg>${BROWSER}</arg>
<doc>Opens a new browser instance to the optional ``url``.</doc>
<msg timestamp="20240109 23:39:41.808" level="INFO">Opening browser 'Chrome' to base url 'https://jba-aaas-cms-dev.aslcode.dev/branches'.</msg>
<status status="PASS" starttime="20240109 23:39:41.808" endtime="20240109 23:39:49.107"/>
</kw>
<kw name="Maximize Browser Window" library="SeleniumLibrary">
<doc>Maximizes current browser window.</doc>
<status status="PASS" starttime="20240109 23:39:49.108" endtime="20240109 23:39:49.369"/>
</kw>
<kw name="Click Modul Group" library="modulGroupResources">
<kw name="Click Element" library="SeleniumLibrary">
<arg>${modul_group}</arg>
<doc>Click the element identified by ``locator``.</doc>
<msg timestamp="20240109 23:39:49.371" level="INFO">Clicking element 'xpath://span[normalize-space()='Group']'.</msg>
<status status="PASS" starttime="20240109 23:39:49.371" endtime="20240109 23:39:49.854"/>
</kw>
<kw name="Capture Page Screenshot" library="SeleniumLibrary">
<doc>Takes a screenshot of the current page and embeds it into a log file.</doc>
<msg timestamp="20240109 23:39:50.067" level="INFO" html="true">&lt;/td&gt;&lt;/tr&gt;&lt;tr&gt;&lt;td colspan="3"&gt;&lt;a href="selenium-screenshot-703.png"&gt;&lt;img src="selenium-screenshot-703.png" width="800px"&gt;&lt;/a&gt;</msg>
<status status="PASS" starttime="20240109 23:39:49.854" endtime="20240109 23:39:50.067"/>
</kw>
<status status="PASS" starttime="20240109 23:39:49.370" endtime="20240109 23:39:50.067"/>
</kw>
<kw name="Click Button Edit Group" library="modulGroupResources">
<kw name="Click Element" library="SeleniumLibrary">
<arg>${aksi_group}</arg>
<doc>Click the element identified by ``locator``.</doc>
<msg timestamp="20240109 23:39:50.067" level="INFO">Clicking element 'xpath://div[@class='dropdown-button flex justify-center items-center px-2.5']//*[name()='svg']'.</msg>
<status status="PASS" starttime="20240109 23:39:50.067" endtime="20240109 23:39:50.214"/>
</kw>
<kw name="Click Element" library="SeleniumLibrary">
<arg>${edit_group}</arg>
<doc>Click the element identified by ``locator``.</doc>
<msg timestamp="20240109 23:39:50.219" level="INFO">Clicking element 'xpath://div[@id='dropdown-menu-0']//button[@class='w-full edit-btn modal-button']//div[@class='flex justify-start items-center']'.</msg>
<status status="PASS" starttime="20240109 23:39:50.215" endtime="20240109 23:39:50.399"/>
</kw>
<status status="PASS" starttime="20240109 23:39:50.067" endtime="20240109 23:39:50.399"/>
</kw>
<kw name="Input Edit Kode Group" library="modulGroupResources">
<kw name="Generate Random String" library="String">
<var>${random_text}</var>
<arg>${max_length}</arg>
<doc>Generates a string with a desired ``length`` from the given ``chars``.</doc>
<msg timestamp="20240109 23:39:50.403" level="INFO">${random_text} = E0</msg>
<status status="PASS" starttime="20240109 23:39:50.402" endtime="20240109 23:39:50.403"/>
</kw>
<kw name="Click Element" library="SeleniumLibrary">
<arg>${edit_kode_group}</arg>
<doc>Click the element identified by ``locator``.</doc>
<msg timestamp="20240109 23:39:50.404" level="INFO">Clicking element 'xpath://div[@blocker-target='cancel-edit-modal']//div//div//div//input[@name='code']'.</msg>
<status status="PASS" starttime="20240109 23:39:50.403" endtime="20240109 23:39:50.763"/>
</kw>
<kw name="Clear Element Text" library="SeleniumLibrary">
<arg>${edit_kode_group}</arg>
<doc>Clears the value of the text-input-element identified by ``locator``.</doc>
<status status="PASS" starttime="20240109 23:39:50.763" endtime="20240109 23:39:50.904"/>
</kw>
<kw name="Input Text" library="SeleniumLibrary">
<arg>${edit_kode_group}</arg>
<arg>${kode_group_edit}</arg>
<arg>${random_text}</arg>
<doc>Types the given ``text`` into the text field identified by ``locator``.</doc>
<msg timestamp="20240109 23:39:50.905" level="INFO">Typing text 'TestAutoEdit' into text field 'xpath://div[@blocker-target='cancel-edit-modal']//div//div//div//input[@name='code']'.</msg>
<status status="PASS" starttime="20240109 23:39:50.904" endtime="20240109 23:39:51.081"/>
</kw>
<status status="PASS" starttime="20240109 23:39:50.402" endtime="20240109 23:39:51.081"/>
</kw>
<kw name="Input Edit Nama Group" library="modulGroupResources">
<kw name="Generate Random String" library="String">
<var>${random_text}</var>
<arg>${max_length}</arg>
<doc>Generates a string with a desired ``length`` from the given ``chars``.</doc>
<msg timestamp="20240109 23:39:51.120" level="INFO">${random_text} = MA</msg>
<status status="PASS" starttime="20240109 23:39:51.120" endtime="20240109 23:39:51.120"/>
</kw>
<kw name="Click Element" library="SeleniumLibrary">
<arg>${edit_nama_group}</arg>
<doc>Click the element identified by ``locator``.</doc>
<msg timestamp="20240109 23:39:51.121" level="INFO">Clicking element 'xpath://div[@blocker-target='cancel-edit-modal']//div//div//div//input[@name='name']'.</msg>
<status status="PASS" starttime="20240109 23:39:51.121" endtime="20240109 23:39:51.271"/>
</kw>
<kw name="Clear Element Text" library="SeleniumLibrary">
<arg>${edit_nama_group}</arg>
<doc>Clears the value of the text-input-element identified by ``locator``.</doc>
<status status="PASS" starttime="20240109 23:39:51.272" endtime="20240109 23:39:51.351"/>
</kw>
<kw name="Input Text" library="SeleniumLibrary">
<arg>${edit_nama_group}</arg>
<arg>${nama_group_edit}</arg>
<arg>${random_text}</arg>
<doc>Types the given ``text`` into the text field identified by ``locator``.</doc>
<msg timestamp="20240109 23:39:51.353" level="INFO">Typing text 'Testing Automation Edit' into text field 'xpath://div[@blocker-target='cancel-edit-modal']//div//div//div//input[@name='name']'.</msg>
<status status="PASS" starttime="20240109 23:39:51.352" endtime="20240109 23:39:51.517"/>
</kw>
<status status="PASS" starttime="20240109 23:39:51.120" endtime="20240109 23:39:51.532"/>
</kw>
<kw name="Delete Existing Group" library="modulGroupResources">
<kw name="Wait Until Element Is Visible" library="SeleniumLibrary">
<arg>${delete_list_customer}</arg>
<arg>timeout=10s</arg>
<doc>Waits until the element ``locator`` is visible.</doc>
<status status="PASS" starttime="20240109 23:39:51.533" endtime="20240109 23:39:51.586"/>
</kw>
<kw name="Click Element" library="SeleniumLibrary">
<arg>${delete_list_customer}</arg>
<doc>Click the element identified by ``locator``.</doc>
<msg timestamp="20240109 23:39:51.586" level="INFO">Clicking element 'xpath://button[@class='remove-customer-btn btn-grey-2']'.</msg>
<status status="PASS" starttime="20240109 23:39:51.586" endtime="20240109 23:39:51.675"/>
</kw>
<kw name="Capture Page Screenshot" library="SeleniumLibrary">
<doc>Takes a screenshot of the current page and embeds it into a log file.</doc>
<msg timestamp="20240109 23:39:51.867" level="INFO" html="true">&lt;/td&gt;&lt;/tr&gt;&lt;tr&gt;&lt;td colspan="3"&gt;&lt;a href="selenium-screenshot-704.png"&gt;&lt;img src="selenium-screenshot-704.png" width="800px"&gt;&lt;/a&gt;</msg>
<status status="PASS" starttime="20240109 23:39:51.675" endtime="20240109 23:39:51.867"/>
</kw>
<status status="PASS" starttime="20240109 23:39:51.533" endtime="20240109 23:39:51.867"/>
</kw>
<kw name="Click Button Ya,Hapus" library="GlobalResources">
<kw name="Wait Until Element Is Visible" library="SeleniumLibrary">
<arg>${Ya_hapus}</arg>
<arg>timeout=10s</arg>
<doc>Waits until the element ``locator`` is visible.</doc>
<status status="PASS" starttime="20240109 23:39:51.867" endtime="20240109 23:39:51.921"/>
</kw>
<kw name="Click Element" library="SeleniumLibrary">
<arg>${Ya_hapus}</arg>
<doc>Click the element identified by ``locator``.</doc>
<msg timestamp="20240109 23:39:51.921" level="INFO">Clicking element 'xpath://button[normalize-space()='Ya, Hapus']'.</msg>
<status status="PASS" starttime="20240109 23:39:51.921" endtime="20240109 23:39:52.010"/>
</kw>
<status status="PASS" starttime="20240109 23:39:51.867" endtime="20240109 23:39:52.010"/>
</kw>
<kw name="Verify Berhasil Delete Existing" library="modulGroupResources">
<kw name="Wait Until Element Is Visible" library="SeleniumLibrary">
<arg>${Ya_Mengerti_Delete_GroupEx}</arg>
<arg>timeout=10s</arg>
<doc>Waits until the element ``locator`` is visible.</doc>
<status status="PASS" starttime="20240109 23:39:52.011" endtime="20240109 23:39:52.090"/>
</kw>
<kw name="Capture Page Screenshot" library="SeleniumLibrary">
<doc>Takes a screenshot of the current page and embeds it into a log file.</doc>
<msg timestamp="20240109 23:39:52.283" level="INFO" html="true">&lt;/td&gt;&lt;/tr&gt;&lt;tr&gt;&lt;td colspan="3"&gt;&lt;a href="selenium-screenshot-705.png"&gt;&lt;img src="selenium-screenshot-705.png" width="800px"&gt;&lt;/a&gt;</msg>
<status status="PASS" starttime="20240109 23:39:52.090" endtime="20240109 23:39:52.283"/>
</kw>
<kw name="Sleep" library="BuiltIn">
<arg>2s</arg>
<doc>Pauses the test executed for the given time.</doc>
<msg timestamp="20240109 23:39:54.284" level="INFO">Slept 2 seconds</msg>
<status status="PASS" starttime="20240109 23:39:52.283" endtime="20240109 23:39:54.284"/>
</kw>
<kw name="Click Element" library="SeleniumLibrary">
<arg>${Ya_Mengerti_Delete_GroupEx}</arg>
<doc>Click the element identified by ``locator``.</doc>
<msg timestamp="20240109 23:39:54.284" level="INFO">Clicking element 'xpath://div[@id='success-delete-customer-from-group-modal']//div[contains(@class,'flex justify-center')]'.</msg>
<status status="PASS" starttime="20240109 23:39:54.284" endtime="20240109 23:39:54.397"/>
</kw>
<kw name="Capture Page Screenshot" library="SeleniumLibrary">
<doc>Takes a screenshot of the current page and embeds it into a log file.</doc>
<msg timestamp="20240109 23:39:54.597" level="INFO" html="true">&lt;/td&gt;&lt;/tr&gt;&lt;tr&gt;&lt;td colspan="3"&gt;&lt;a href="selenium-screenshot-706.png"&gt;&lt;img src="selenium-screenshot-706.png" width="800px"&gt;&lt;/a&gt;</msg>
<status status="PASS" starttime="20240109 23:39:54.397" endtime="20240109 23:39:54.612"/>
</kw>
<kw name="Sleep" library="BuiltIn">
<arg>2s</arg>
<doc>Pauses the test executed for the given time.</doc>
<msg timestamp="20240109 23:39:56.613" level="INFO">Slept 2 seconds</msg>
<status status="PASS" starttime="20240109 23:39:54.612" endtime="20240109 23:39:56.613"/>
</kw>
<status status="PASS" starttime="20240109 23:39:52.011" endtime="20240109 23:39:56.613"/>
</kw>
<kw name="Tambah Existing Group" library="modulGroupResources">
<kw name="Wait Until Element Is Visible" library="SeleniumLibrary">
<arg>${tambah_existing}</arg>
<arg>timeout=10s</arg>
<doc>Waits until the element ``locator`` is visible.</doc>
<status status="PASS" starttime="20240109 23:39:56.613" endtime="20240109 23:39:56.674"/>
</kw>
<kw name="Sleep" library="BuiltIn">
<arg>3s</arg>
<doc>Pauses the test executed for the given time.</doc>
<msg timestamp="20240109 23:39:59.676" level="INFO">Slept 3 seconds</msg>
<status status="PASS" starttime="20240109 23:39:56.674" endtime="20240109 23:39:59.676"/>
</kw>
<kw name="Click Element" library="SeleniumLibrary">
<arg>${tambah_existing}</arg>
<doc>Click the element identified by ``locator``.</doc>
<msg timestamp="20240109 23:39:59.676" level="INFO">Clicking element 'xpath://div[@blocker-target='cancel-edit-modal']//div//div//div//div//div//div//div//div//button[@target='customer-search']'.</msg>
<status status="PASS" starttime="20240109 23:39:59.676" endtime="20240109 23:39:59.773"/>
</kw>
<kw name="Wait Until Element Is Visible" library="SeleniumLibrary">
<arg>${checkbox3}</arg>
<arg>timeout=10s</arg>
<doc>Waits until the element ``locator`` is visible.</doc>
<status status="PASS" starttime="20240109 23:39:59.773" endtime="20240109 23:40:00.072"/>
</kw>
<kw name="Sleep" library="BuiltIn">
<arg>3s</arg>
<doc>Pauses the test executed for the given time.</doc>
<msg timestamp="20240109 23:40:03.073" level="INFO">Slept 3 seconds</msg>
<status status="PASS" starttime="20240109 23:40:00.072" endtime="20240109 23:40:03.073"/>
</kw>
<kw name="Click Element" library="SeleniumLibrary">
<arg>${checkbox3}</arg>
<doc>Click the element identified by ``locator``.</doc>
<msg timestamp="20240109 23:40:03.073" level="INFO">Clicking element 'xpath://body[1]/div[1]/div[1]/div[2]/div[2]/div[1]/div[1]/div[1]/div[5]/div[1]/div[1]/div[1]/div[2]/div[1]/div[2]/div[1]/div[1]/div[1]/div[1]/table[1]/tbody[1]/tr[3]/td[1]/input[1]'.</msg>
<status status="PASS" starttime="20240109 23:40:03.073" endtime="20240109 23:40:03.179"/>
</kw>
<kw name="Capture Page Screenshot" library="SeleniumLibrary">
<doc>Takes a screenshot of the current page and embeds it into a log file.</doc>
<msg timestamp="20240109 23:40:03.396" level="INFO" html="true">&lt;/td&gt;&lt;/tr&gt;&lt;tr&gt;&lt;td colspan="3"&gt;&lt;a href="selenium-screenshot-707.png"&gt;&lt;img src="selenium-screenshot-707.png" width="800px"&gt;&lt;/a&gt;</msg>
<status status="PASS" starttime="20240109 23:40:03.179" endtime="20240109 23:40:03.396"/>
</kw>
<kw name="Sleep" library="BuiltIn">
<arg>3s</arg>
<doc>Pauses the test executed for the given time.</doc>
<msg timestamp="20240109 23:40:06.397" level="INFO">Slept 3 seconds</msg>
<status status="PASS" starttime="20240109 23:40:03.396" endtime="20240109 23:40:06.397"/>
</kw>
<kw name="Click Element" library="SeleniumLibrary">
<arg>${button_tambahkan}</arg>
<doc>Click the element identified by ``locator``.</doc>
<msg timestamp="20240109 23:40:06.397" level="INFO">Clicking element 'xpath://button[normalize-space()='Tambahkan']'.</msg>
<status status="PASS" starttime="20240109 23:40:06.397" endtime="20240109 23:40:06.547"/>
</kw>
<status status="PASS" starttime="20240109 23:39:56.613" endtime="20240109 23:40:06.547"/>
</kw>
<kw name="Click Button Update" library="GlobalResources">
<kw name="Wait Until Element Is Visible" library="SeleniumLibrary">
<arg>${update}</arg>
<arg>timeout=10s</arg>
<doc>Waits until the element ``locator`` is visible.</doc>
<status status="PASS" starttime="20240109 23:40:06.554" endtime="20240109 23:40:06.676"/>
</kw>
<kw name="Sleep" library="BuiltIn">
<arg>3s</arg>
<doc>Pauses the test executed for the given time.</doc>
<msg timestamp="20240109 23:40:09.677" level="INFO">Slept 3 seconds</msg>
<status status="PASS" starttime="20240109 23:40:06.677" endtime="20240109 23:40:09.677"/>
</kw>
<kw name="Click Button" library="SeleniumLibrary">
<arg>${update}</arg>
<doc>Clicks the button identified by ``locator``.</doc>
<msg timestamp="20240109 23:40:09.677" level="INFO">Clicking button 'xpath://button[normalize-space()='Update']'.</msg>
<status status="PASS" starttime="20240109 23:40:09.677" endtime="20240109 23:40:09.791"/>
</kw>
<kw name="Capture Page Screenshot" library="SeleniumLibrary">
<doc>Takes a screenshot of the current page and embeds it into a log file.</doc>
<msg timestamp="20240109 23:40:10.823" level="INFO" html="true">&lt;/td&gt;&lt;/tr&gt;&lt;tr&gt;&lt;td colspan="3"&gt;&lt;a href="selenium-screenshot-708.png"&gt;&lt;img src="selenium-screenshot-708.png" width="800px"&gt;&lt;/a&gt;</msg>
<status status="PASS" starttime="20240109 23:40:09.791" endtime="20240109 23:40:10.823"/>
</kw>
<status status="PASS" starttime="20240109 23:40:06.554" endtime="20240109 23:40:10.823"/>
</kw>
<kw name="Verify Berhasil Edit" library="GlobalResources">
<kw name="Wait Until Element Is Visible" library="SeleniumLibrary">
<arg>${Ya_Mengerti_Update}</arg>
<arg>timeout=10s</arg>
<doc>Waits until the element ``locator`` is visible.</doc>
<status status="PASS" starttime="20240109 23:40:10.870" endtime="20240109 23:40:10.953"/>
</kw>
<kw name="Capture Page Screenshot" library="SeleniumLibrary">
<doc>Takes a screenshot of the current page and embeds it into a log file.</doc>
<msg timestamp="20240109 23:40:11.285" level="INFO" html="true">&lt;/td&gt;&lt;/tr&gt;&lt;tr&gt;&lt;td colspan="3"&gt;&lt;a href="selenium-screenshot-709.png"&gt;&lt;img src="selenium-screenshot-709.png" width="800px"&gt;&lt;/a&gt;</msg>
<status status="PASS" starttime="20240109 23:40:10.953" endtime="20240109 23:40:11.285"/>
</kw>
<kw name="Sleep" library="BuiltIn">
<arg>2s</arg>
<doc>Pauses the test executed for the given time.</doc>
<msg timestamp="20240109 23:40:13.286" level="INFO">Slept 2 seconds</msg>
<status status="PASS" starttime="20240109 23:40:11.285" endtime="20240109 23:40:13.286"/>
</kw>
<kw name="Click Element" library="SeleniumLibrary">
<arg>${Ya_Mengerti_Update}</arg>
<doc>Click the element identified by ``locator``.</doc>
<msg timestamp="20240109 23:40:13.286" level="INFO">Clicking element 'xpath://div[@id='success-update-modal']//a[@class='btn-active py-4 px-5 rounded-3xl text-sm'][normalize-space()='Ya, Mengerti']'.</msg>
<status status="PASS" starttime="20240109 23:40:13.286" endtime="20240109 23:40:13.645"/>
</kw>
<kw name="Sleep" library="BuiltIn">
<arg>2s</arg>
<doc>Pauses the test executed for the given time.</doc>
<msg timestamp="20240109 23:40:15.646" level="INFO">Slept 2 seconds</msg>
<status status="PASS" starttime="20240109 23:40:13.645" endtime="20240109 23:40:15.646"/>
</kw>
<kw name="Capture Page Screenshot" library="SeleniumLibrary">
<doc>Takes a screenshot of the current page and embeds it into a log file.</doc>
<msg timestamp="20240109 23:40:15.859" level="INFO" html="true">&lt;/td&gt;&lt;/tr&gt;&lt;tr&gt;&lt;td colspan="3"&gt;&lt;a href="selenium-screenshot-710.png"&gt;&lt;img src="selenium-screenshot-710.png" width="800px"&gt;&lt;/a&gt;</msg>
<status status="PASS" starttime="20240109 23:40:15.646" endtime="20240109 23:40:15.859"/>
</kw>
<status status="PASS" starttime="20240109 23:40:10.870" endtime="20240109 23:40:15.859"/>
</kw>
<kw name="Close Browser" library="SeleniumLibrary">
<doc>Closes the current browser.</doc>
<status status="PASS" starttime="20240109 23:40:15.859" endtime="20240109 23:40:21.639"/>
</kw>
<doc>This test case verifies that user is able to edit group dari List</doc>
<tag>edit</tag>
<status status="PASS" starttime="20240109 23:39:41.808" endtime="20240109 23:40:21.639"/>
</test>
<test id="s1-t8" name="Verify Successful Edit Group dari View Detail" line="88">
<kw name="Open Browser" library="SeleniumLibrary">
<arg>${URL}</arg>
<arg>${BROWSER}</arg>
<doc>Opens a new browser instance to the optional ``url``.</doc>
<msg timestamp="20240109 23:40:21.639" level="INFO">Opening browser 'Chrome' to base url 'https://jba-aaas-cms-dev.aslcode.dev/branches'.</msg>
<status status="PASS" starttime="20240109 23:40:21.639" endtime="20240109 23:40:32.202"/>
</kw>
<kw name="Maximize Browser Window" library="SeleniumLibrary">
<doc>Maximizes current browser window.</doc>
<status status="PASS" starttime="20240109 23:40:32.203" endtime="20240109 23:40:32.426"/>
</kw>
<kw name="Click Modul Group" library="modulGroupResources">
<kw name="Click Element" library="SeleniumLibrary">
<arg>${modul_group}</arg>
<doc>Click the element identified by ``locator``.</doc>
<msg timestamp="20240109 23:40:32.428" level="INFO">Clicking element 'xpath://span[normalize-space()='Group']'.</msg>
<status status="PASS" starttime="20240109 23:40:32.427" endtime="20240109 23:40:32.892"/>
</kw>
<kw name="Capture Page Screenshot" library="SeleniumLibrary">
<doc>Takes a screenshot of the current page and embeds it into a log file.</doc>
<msg timestamp="20240109 23:40:33.127" level="INFO" html="true">&lt;/td&gt;&lt;/tr&gt;&lt;tr&gt;&lt;td colspan="3"&gt;&lt;a href="selenium-screenshot-711.png"&gt;&lt;img src="selenium-screenshot-711.png" width="800px"&gt;&lt;/a&gt;</msg>
<status status="PASS" starttime="20240109 23:40:32.892" endtime="20240109 23:40:33.127"/>
</kw>
<status status="PASS" starttime="20240109 23:40:32.427" endtime="20240109 23:40:33.127"/>
</kw>
<kw name="Edit Existing Group" library="modulGroupResources">
<kw name="Click Element" library="SeleniumLibrary">
<arg>${button_view}</arg>
<doc>Click the element identified by ``locator``.</doc>
<msg timestamp="20240109 23:40:33.133" level="INFO">Clicking element 'xpath://tbody/tr[1]/td[6]/div[1]/button[1]//*[name()='svg']'.</msg>
<status status="PASS" starttime="20240109 23:40:33.133" endtime="20240109 23:40:33.269"/>
</kw>
<kw name="Capture Page Screenshot" library="SeleniumLibrary">
<doc>Takes a screenshot of the current page and embeds it into a log file.</doc>
<msg timestamp="20240109 23:40:33.560" level="INFO" html="true">&lt;/td&gt;&lt;/tr&gt;&lt;tr&gt;&lt;td colspan="3"&gt;&lt;a href="selenium-screenshot-712.png"&gt;&lt;img src="selenium-screenshot-712.png" width="800px"&gt;&lt;/a&gt;</msg>
<status status="PASS" starttime="20240109 23:40:33.269" endtime="20240109 23:40:33.560"/>
</kw>
<kw name="Wait Until Element Is Visible" library="SeleniumLibrary">
<arg>${edit_existing}</arg>
<arg>timeout=10s</arg>
<doc>Waits until the element ``locator`` is visible.</doc>
<status status="PASS" starttime="20240109 23:40:33.560" endtime="20240109 23:40:33.607"/>
</kw>
<kw name="Click Element" library="SeleniumLibrary">
<arg>${edit_existing}</arg>
<doc>Click the element identified by ``locator``.</doc>
<msg timestamp="20240109 23:40:33.607" level="INFO">Clicking element 'xpath://span[normalize-space()='Edit']'.</msg>
<status status="PASS" starttime="20240109 23:40:33.607" endtime="20240109 23:40:33.675"/>
</kw>
<kw name="Capture Page Screenshot" library="SeleniumLibrary">
<doc>Takes a screenshot of the current page and embeds it into a log file.</doc>
<msg timestamp="20240109 23:40:33.993" level="INFO" html="true">&lt;/td&gt;&lt;/tr&gt;&lt;tr&gt;&lt;td colspan="3"&gt;&lt;a href="selenium-screenshot-713.png"&gt;&lt;img src="selenium-screenshot-713.png" width="800px"&gt;&lt;/a&gt;</msg>
<status status="PASS" starttime="20240109 23:40:33.675" endtime="20240109 23:40:33.993"/>
</kw>
<status status="PASS" starttime="20240109 23:40:33.133" endtime="20240109 23:40:33.993"/>
</kw>
<kw name="Input Edit Kode Group" library="modulGroupResources">
<kw name="Generate Random String" library="String">
<var>${random_text}</var>
<arg>${max_length}</arg>
<doc>Generates a string with a desired ``length`` from the given ``chars``.</doc>
<msg timestamp="20240109 23:40:34.006" level="INFO">${random_text} = Tm</msg>
<status status="PASS" starttime="20240109 23:40:34.006" endtime="20240109 23:40:34.006"/>
</kw>
<kw name="Click Element" library="SeleniumLibrary">
<arg>${edit_kode_group}</arg>
<doc>Click the element identified by ``locator``.</doc>
<msg timestamp="20240109 23:40:34.007" level="INFO">Clicking element 'xpath://div[@blocker-target='cancel-edit-modal']//div//div//div//input[@name='code']'.</msg>
<status status="PASS" starttime="20240109 23:40:34.007" endtime="20240109 23:40:34.184"/>
</kw>
<kw name="Clear Element Text" library="SeleniumLibrary">
<arg>${edit_kode_group}</arg>
<doc>Clears the value of the text-input-element identified by ``locator``.</doc>
<status status="PASS" starttime="20240109 23:40:34.184" endtime="20240109 23:40:34.309"/>
</kw>
<kw name="Input Text" library="SeleniumLibrary">
<arg>${edit_kode_group}</arg>
<arg>${kode_group_edit}</arg>
<arg>${random_text}</arg>
<doc>Types the given ``text`` into the text field identified by ``locator``.</doc>
<msg timestamp="20240109 23:40:34.310" level="INFO">Typing text 'TestAutoEdit' into text field 'xpath://div[@blocker-target='cancel-edit-modal']//div//div//div//input[@name='code']'.</msg>
<status status="PASS" starttime="20240109 23:40:34.309" endtime="20240109 23:40:34.515"/>
</kw>
<status status="PASS" starttime="20240109 23:40:34.005" endtime="20240109 23:40:34.515"/>
</kw>
<kw name="Input Edit Nama Group" library="modulGroupResources">
<kw name="Generate Random String" library="String">
<var>${random_text}</var>
<arg>${max_length}</arg>
<doc>Generates a string with a desired ``length`` from the given ``chars``.</doc>
<msg timestamp="20240109 23:40:34.518" level="INFO">${random_text} = Pu</msg>
<status status="PASS" starttime="20240109 23:40:34.518" endtime="20240109 23:40:34.518"/>
</kw>
<kw name="Click Element" library="SeleniumLibrary">
<arg>${edit_nama_group}</arg>
<doc>Click the element identified by ``locator``.</doc>
<msg timestamp="20240109 23:40:34.518" level="INFO">Clicking element 'xpath://div[@blocker-target='cancel-edit-modal']//div//div//div//input[@name='name']'.</msg>
<status status="PASS" starttime="20240109 23:40:34.518" endtime="20240109 23:40:34.650"/>
</kw>
<kw name="Clear Element Text" library="SeleniumLibrary">
<arg>${edit_nama_group}</arg>
<doc>Clears the value of the text-input-element identified by ``locator``.</doc>
<status status="PASS" starttime="20240109 23:40:34.650" endtime="20240109 23:40:34.706"/>
</kw>
<kw name="Input Text" library="SeleniumLibrary">
<arg>${edit_nama_group}</arg>
<arg>${nama_group_edit}</arg>
<arg>${random_text}</arg>
[...]
<arg>${input_search}</arg>
<arg>${simbol}</arg>
<doc>Types the given ``text`` into the text field identified by ``locator``.</doc>
<msg timestamp="20240109 23:47:05.025" level="INFO">Typing text '%' into text field 'xpath://input[@id='searchTable']'.</msg>
<status status="PASS" starttime="20240109 23:47:05.025" endtime="20240109 23:47:05.285"/>
</kw>
<kw name="Press Keys" library="SeleniumLibrary">
<arg>${input_search}</arg>
<arg>ENTER</arg>
<doc>Simulates the user pressing key(s) to an element or on the active browser.</doc>
<msg timestamp="20240109 23:47:05.286" level="INFO">Sending key(s) ('ENTER',) to xpath://input[@id='searchTable'] element.</msg>
<msg timestamp="20240109 23:47:05.833" level="INFO">Pressing special key ENTER to element.</msg>
<msg timestamp="20240109 23:47:05.833" level="INFO">Releasing special key ENTER.</msg>
<status status="PASS" starttime="20240109 23:47:05.285" endtime="20240109 23:47:06.222"/>
</kw>
<kw name="Capture Page Screenshot" library="SeleniumLibrary">
<doc>Takes a screenshot of the current page and embeds it into a log file.</doc>
<msg timestamp="20240109 23:47:06.447" level="INFO" html="true">&lt;/td&gt;&lt;/tr&gt;&lt;tr&gt;&lt;td colspan="3"&gt;&lt;a href="selenium-screenshot-795.png"&gt;&lt;img src="selenium-screenshot-795.png" width="800px"&gt;&lt;/a&gt;</msg>
<status status="PASS" starttime="20240109 23:47:06.222" endtime="20240109 23:47:06.447"/>
</kw>
<status status="PASS" starttime="20240109 23:47:05.025" endtime="20240109 23:47:06.447"/>
</kw>
<kw name="Close Browser" library="SeleniumLibrary">
<doc>Closes the current browser.</doc>
<status status="PASS" starttime="20240109 23:47:06.447" endtime="20240109 23:47:09.905"/>
</kw>
<doc>This test case verifies when user Search by Simbol Nothing Data Present</doc>
<tag>search</tag>
<status status="PASS" starttime="20240109 23:46:54.433" endtime="20240109 23:47:09.905"/>
</test>
<test id="s1-t26" name="Verify Search Blank search" line="285">
<kw name="Open Browser" library="SeleniumLibrary">
<arg>${URL}</arg>
<arg>${BROWSER}</arg>
<doc>Opens a new browser instance to the optional ``url``.</doc>
<msg timestamp="20240109 23:47:09.905" level="INFO">Opening browser 'Chrome' to base url 'https://jba-aaas-cms-dev.aslcode.dev/branches'.</msg>
<status status="PASS" starttime="20240109 23:47:09.905" endtime="20240109 23:47:17.583"/>
</kw>
<kw name="Maximize Browser Window" library="SeleniumLibrary">
<doc>Maximizes current browser window.</doc>
<status status="PASS" starttime="20240109 23:47:17.583" endtime="20240109 23:47:17.814"/>
</kw>
<kw name="Click Modul Group" library="modulGroupResources">
<kw name="Click Element" library="SeleniumLibrary">
<arg>${modul_group}</arg>
<doc>Click the element identified by ``locator``.</doc>
<msg timestamp="20240109 23:47:17.814" level="INFO">Clicking element 'xpath://span[normalize-space()='Group']'.</msg>
<status status="PASS" starttime="20240109 23:47:17.814" endtime="20240109 23:47:18.310"/>
</kw>
<kw name="Capture Page Screenshot" library="SeleniumLibrary">
<doc>Takes a screenshot of the current page and embeds it into a log file.</doc>
<msg timestamp="20240109 23:47:18.547" level="INFO" html="true">&lt;/td&gt;&lt;/tr&gt;&lt;tr&gt;&lt;td colspan="3"&gt;&lt;a href="selenium-screenshot-796.png"&gt;&lt;img src="selenium-screenshot-796.png" width="800px"&gt;&lt;/a&gt;</msg>
<status status="PASS" starttime="20240109 23:47:18.310" endtime="20240109 23:47:18.548"/>
</kw>
<status status="PASS" starttime="20240109 23:47:17.814" endtime="20240109 23:47:18.548"/>
</kw>
<kw name="Search Blank search" library="GlobalResources">
<kw name="Click Element" library="SeleniumLibrary">
<arg>${input_search}</arg>
<doc>Click the element identified by ``locator``.</doc>
<msg timestamp="20240109 23:47:18.555" level="INFO">Clicking element 'xpath://input[@id='searchTable']'.</msg>
<status status="PASS" starttime="20240109 23:47:18.554" endtime="20240109 23:47:18.717"/>
</kw>
<kw name="Set Focus To Element" library="SeleniumLibrary">
<arg>${input_search}</arg>
<doc>Sets the focus to the element identified by ``locator``.</doc>
<status status="PASS" starttime="20240109 23:47:18.717" endtime="20240109 23:47:18.742"/>
</kw>
<kw name="Press Keys" library="SeleniumLibrary">
<arg>${input_search}</arg>
<arg>ENTER</arg>
<doc>Simulates the user pressing key(s) to an element or on the active browser.</doc>
<msg timestamp="20240109 23:47:18.743" level="INFO">Sending key(s) ('ENTER',) to xpath://input[@id='searchTable'] element.</msg>
<msg timestamp="20240109 23:47:19.052" level="INFO">Pressing special key ENTER to element.</msg>
<msg timestamp="20240109 23:47:19.052" level="INFO">Releasing special key ENTER.</msg>
<status status="PASS" starttime="20240109 23:47:18.742" endtime="20240109 23:47:19.084"/>
</kw>
<kw name="Capture Page Screenshot" library="SeleniumLibrary">
<doc>Takes a screenshot of the current page and embeds it into a log file.</doc>
<msg timestamp="20240109 23:47:22.369" level="INFO" html="true">&lt;/td&gt;&lt;/tr&gt;&lt;tr&gt;&lt;td colspan="3"&gt;&lt;a href="selenium-screenshot-797.png"&gt;&lt;img src="selenium-screenshot-797.png" width="800px"&gt;&lt;/a&gt;</msg>
<status status="PASS" starttime="20240109 23:47:19.085" endtime="20240109 23:47:22.369"/>
</kw>
<status status="PASS" starttime="20240109 23:47:18.554" endtime="20240109 23:47:22.369"/>
</kw>
<kw name="Close Browser" library="SeleniumLibrary">
<doc>Closes the current browser.</doc>
<status status="PASS" starttime="20240109 23:47:22.369" endtime="20240109 23:47:25.658"/>
</kw>
<doc>This test case verifies when search with blank search nothing happen</doc>
<tag>search</tag>
<status status="PASS" starttime="20240109 23:47:09.905" endtime="20240109 23:47:25.659"/>
</test>
<test id="s1-t27" name="Verify Successful Delete Group dari View Detail" line="293">
<kw name="Open Browser" library="SeleniumLibrary">
<arg>${URL}</arg>
<arg>${BROWSER}</arg>
<doc>Opens a new browser instance to the optional ``url``.</doc>
<msg timestamp="20240109 23:47:25.662" level="INFO">Opening browser 'Chrome' to base url 'https://jba-aaas-cms-dev.aslcode.dev/branches'.</msg>
<status status="PASS" starttime="20240109 23:47:25.662" endtime="20240109 23:47:31.818"/>
</kw>
<kw name="Maximize Browser Window" library="SeleniumLibrary">
<doc>Maximizes current browser window.</doc>
<status status="PASS" starttime="20240109 23:47:31.818" endtime="20240109 23:47:32.013"/>
</kw>
<kw name="Click Modul Group" library="modulGroupResources">
<kw name="Click Element" library="SeleniumLibrary">
<arg>${modul_group}</arg>
<doc>Click the element identified by ``locator``.</doc>
<msg timestamp="20240109 23:47:32.013" level="INFO">Clicking element 'xpath://span[normalize-space()='Group']'.</msg>
<status status="PASS" starttime="20240109 23:47:32.013" endtime="20240109 23:47:32.499"/>
</kw>
<kw name="Capture Page Screenshot" library="SeleniumLibrary">
<doc>Takes a screenshot of the current page and embeds it into a log file.</doc>
<msg timestamp="20240109 23:47:32.728" level="INFO" html="true">&lt;/td&gt;&lt;/tr&gt;&lt;tr&gt;&lt;td colspan="3"&gt;&lt;a href="selenium-screenshot-798.png"&gt;&lt;img src="selenium-screenshot-798.png" width="800px"&gt;&lt;/a&gt;</msg>
<status status="PASS" starttime="20240109 23:47:32.499" endtime="20240109 23:47:32.728"/>
</kw>
<status status="PASS" starttime="20240109 23:47:32.013" endtime="20240109 23:47:32.728"/>
</kw>
<kw name="Delete Group dari View Detail" library="modulGroupResources">
<kw name="Click Element" library="SeleniumLibrary">
<arg>${button_view}</arg>
<doc>Click the element identified by ``locator``.</doc>
<msg timestamp="20240109 23:47:32.744" level="INFO">Clicking element 'xpath://tbody/tr[1]/td[6]/div[1]/button[1]//*[name()='svg']'.</msg>
<status status="PASS" starttime="20240109 23:47:32.728" endtime="20240109 23:47:32.896"/>
</kw>
<kw name="Capture Page Screenshot" library="SeleniumLibrary">
<doc>Takes a screenshot of the current page and embeds it into a log file.</doc>
<msg timestamp="20240109 23:47:33.198" level="INFO" html="true">&lt;/td&gt;&lt;/tr&gt;&lt;tr&gt;&lt;td colspan="3"&gt;&lt;a href="selenium-screenshot-799.png"&gt;&lt;img src="selenium-screenshot-799.png" width="800px"&gt;&lt;/a&gt;</msg>
<status status="PASS" starttime="20240109 23:47:32.897" endtime="20240109 23:47:33.198"/>
</kw>
<kw name="Wait Until Element Is Visible" library="SeleniumLibrary">
<arg>${delete_dari_view}</arg>
<arg>timeout=10s</arg>
<doc>Waits until the element ``locator`` is visible.</doc>
<status status="PASS" starttime="20240109 23:47:33.199" endtime="20240109 23:47:33.228"/>
</kw>
<kw name="Click Element" library="SeleniumLibrary">
<arg>${delete_dari_view}</arg>
<doc>Click the element identified by ``locator``.</doc>
<msg timestamp="20240109 23:47:33.243" level="INFO">Clicking element 'xpath://button[contains(@class,'delete-btn modal-button btn-grey p-3 rounded-full w-12 h-12 ml-3 flex justify-center items-center cursor-pointer hover:text-danger')]//*[name()='svg']'.</msg>
<status status="PASS" starttime="20240109 23:47:33.228" endtime="20240109 23:47:33.378"/>
</kw>
<kw name="Capture Page Screenshot" library="SeleniumLibrary">
<doc>Takes a screenshot of the current page and embeds it into a log file.</doc>
<msg timestamp="20240109 23:47:33.655" level="INFO" html="true">&lt;/td&gt;&lt;/tr&gt;&lt;tr&gt;&lt;td colspan="3"&gt;&lt;a href="selenium-screenshot-800.png"&gt;&lt;img src="selenium-screenshot-800.png" width="800px"&gt;&lt;/a&gt;</msg>
<status status="PASS" starttime="20240109 23:47:33.378" endtime="20240109 23:47:33.655"/>
</kw>
<status status="PASS" starttime="20240109 23:47:32.728" endtime="20240109 23:47:33.655"/>
</kw>
<kw name="Click Ya Hapus dari View" library="modulGroupResources">
<kw name="Wait Until Element Is Visible" library="SeleniumLibrary">
<arg>${ya_hapus_view}</arg>
<arg>timeout=10s</arg>
<doc>Waits until the element ``locator`` is visible.</doc>
<status status="PASS" starttime="20240109 23:47:33.688" endtime="20240109 23:47:33.762"/>
</kw>
<kw name="Click Element" library="SeleniumLibrary">
<arg>${ya_hapus_view}</arg>
<doc>Click the element identified by ``locator``.</doc>
<msg timestamp="20240109 23:47:33.763" level="INFO">Clicking element 'xpath://div[@class='delete-modal-confirmation']//div[1]//div[4]//button[1]'.</msg>
<status status="PASS" starttime="20240109 23:47:33.762" endtime="20240109 23:47:33.829"/>
</kw>
<status status="PASS" starttime="20240109 23:47:33.688" endtime="20240109 23:47:33.829"/>
</kw>
<kw name="Verify Berhasil Delete" library="GlobalResources">
<kw name="Wait Until Element Is Visible" library="SeleniumLibrary">
<arg>${Ya_Mengerti_Delete}</arg>
<arg>timeout=10s</arg>
<doc>Waits until the element ``locator`` is visible.</doc>
<status status="PASS" starttime="20240109 23:47:33.932" endtime="20240109 23:47:34.187"/>
</kw>
<kw name="Capture Page Screenshot" library="SeleniumLibrary">
<doc>Takes a screenshot of the current page and embeds it into a log file.</doc>
<msg timestamp="20240109 23:47:34.381" level="INFO" html="true">&lt;/td&gt;&lt;/tr&gt;&lt;tr&gt;&lt;td colspan="3"&gt;&lt;a href="selenium-screenshot-801.png"&gt;&lt;img src="selenium-screenshot-801.png" width="800px"&gt;&lt;/a&gt;</msg>
<status status="PASS" starttime="20240109 23:47:34.187" endtime="20240109 23:47:34.381"/>
</kw>
<kw name="Sleep" library="BuiltIn">
<arg>2s</arg>
<doc>Pauses the test executed for the given time.</doc>
<msg timestamp="20240109 23:47:36.381" level="INFO">Slept 2 seconds</msg>
<status status="PASS" starttime="20240109 23:47:34.381" endtime="20240109 23:47:36.381"/>
</kw>
<kw name="Click Element" library="SeleniumLibrary">
<arg>${Ya_Mengerti_Delete}</arg>
<doc>Click the element identified by ``locator``.</doc>
<msg timestamp="20240109 23:47:36.381" level="INFO">Clicking element 'xpath://div[@id='success-delete-modal']//a[@class='btn-active py-4 px-5 rounded-3xl text-sm'][normalize-space()='Ya, Mengerti']'.</msg>
<status status="PASS" starttime="20240109 23:47:36.381" endtime="20240109 23:47:37.388"/>
</kw>
<kw name="Capture Page Screenshot" library="SeleniumLibrary">
<doc>Takes a screenshot of the current page and embeds it into a log file.</doc>
<msg timestamp="20240109 23:47:37.630" level="INFO" html="true">&lt;/td&gt;&lt;/tr&gt;&lt;tr&gt;&lt;td colspan="3"&gt;&lt;a href="selenium-screenshot-802.png"&gt;&lt;img src="selenium-screenshot-802.png" width="800px"&gt;&lt;/a&gt;</msg>
<status status="PASS" starttime="20240109 23:47:37.389" endtime="20240109 23:47:37.630"/>
</kw>
<kw name="Close Browser" library="SeleniumLibrary">
<doc>Closes the current browser.</doc>
<status status="PASS" starttime="20240109 23:47:37.630" endtime="20240109 23:47:44.720"/>
</kw>
<status status="PASS" starttime="20240109 23:47:33.931" endtime="20240109 23:47:44.720"/>
</kw>
<kw name="Close Browser" library="SeleniumLibrary">
<doc>Closes the current browser.</doc>
<status status="PASS" starttime="20240109 23:47:44.720" endtime="20240109 23:47:44.720"/>
</kw>
<doc>This test case verifies that user is able to delete group dari view detail</doc>
<tag>delete</tag>
<status status="PASS" starttime="20240109 23:47:25.660" endtime="20240109 23:47:44.720"/>
</test>
<test id="s1-t28" name="Verify Successful Delete Data Group" line="303">
<kw name="Open Browser" library="SeleniumLibrary">
<arg>${URL}</arg>
<arg>${BROWSER}</arg>
<doc>Opens a new browser instance to the optional ``url``.</doc>
<msg timestamp="20240109 23:47:44.720" level="INFO">Opening browser 'Chrome' to base url 'https://jba-aaas-cms-dev.aslcode.dev/branches'.</msg>
<status status="PASS" starttime="20240109 23:47:44.720" endtime="20240109 23:48:02.469"/>
</kw>
<kw name="Maximize Browser Window" library="SeleniumLibrary">
<doc>Maximizes current browser window.</doc>
<status status="PASS" starttime="20240109 23:48:02.469" endtime="20240109 23:48:02.711"/>
</kw>
<kw name="Click Modul Group" library="modulGroupResources">
<kw name="Click Element" library="SeleniumLibrary">
<arg>${modul_group}</arg>
<doc>Click the element identified by ``locator``.</doc>
<msg timestamp="20240109 23:48:02.711" level="INFO">Clicking element 'xpath://span[normalize-space()='Group']'.</msg>
<status status="PASS" starttime="20240109 23:48:02.711" endtime="20240109 23:48:03.232"/>
</kw>
<kw name="Capture Page Screenshot" library="SeleniumLibrary">
<doc>Takes a screenshot of the current page and embeds it into a log file.</doc>
<msg timestamp="20240109 23:48:03.642" level="INFO" html="true">&lt;/td&gt;&lt;/tr&gt;&lt;tr&gt;&lt;td colspan="3"&gt;&lt;a href="selenium-screenshot-803.png"&gt;&lt;img src="selenium-screenshot-803.png" width="800px"&gt;&lt;/a&gt;</msg>
<status status="PASS" starttime="20240109 23:48:03.232" endtime="20240109 23:48:03.642"/>
</kw>
<status status="PASS" starttime="20240109 23:48:02.711" endtime="20240109 23:48:03.642"/>
</kw>
<kw name="Click Button Delete Group" library="modulGroupResources">
<kw name="Click Element" library="SeleniumLibrary">
<arg>${aksi_group}</arg>
<doc>Click the element identified by ``locator``.</doc>
<msg timestamp="20240109 23:48:03.647" level="INFO">Clicking element 'xpath://div[@class='dropdown-button flex justify-center items-center px-2.5']//*[name()='svg']'.</msg>
<status status="PASS" starttime="20240109 23:48:03.647" endtime="20240109 23:48:03.904"/>
</kw>
<kw name="Click Element" library="SeleniumLibrary">
<arg>${button_delete}</arg>
<doc>Click the element identified by ``locator``.</doc>
<msg timestamp="20240109 23:48:03.904" level="INFO">Clicking element 'xpath://div[@id='dropdown-menu-0']//div[contains(text(),'Delete')]'.</msg>
<status status="PASS" starttime="20240109 23:48:03.904" endtime="20240109 23:48:04.246"/>
</kw>
<kw name="Capture Page Screenshot" library="SeleniumLibrary">
<doc>Takes a screenshot of the current page and embeds it into a log file.</doc>
<msg timestamp="20240109 23:48:05.445" level="INFO" html="true">&lt;/td&gt;&lt;/tr&gt;&lt;tr&gt;&lt;td colspan="3"&gt;&lt;a href="selenium-screenshot-804.png"&gt;&lt;img src="selenium-screenshot-804.png" width="800px"&gt;&lt;/a&gt;</msg>
<status status="PASS" starttime="20240109 23:48:04.247" endtime="20240109 23:48:05.445"/>
</kw>
<kw name="Click Element" library="SeleniumLibrary">
<arg>${YaHapus_group}</arg>
<doc>Click the element identified by ``locator``.</doc>
<msg timestamp="20240109 23:48:05.445" level="INFO">Clicking element 'xpath://div[@class='delete-modal-confirmation']//div[1]//div[4]//button[1]'.</msg>
<status status="PASS" starttime="20240109 23:48:05.445" endtime="20240109 23:48:05.557"/>
</kw>
<status status="PASS" starttime="20240109 23:48:03.646" endtime="20240109 23:48:05.557"/>
</kw>
<kw name="Verify Berhasil Delete" library="GlobalResources">
<kw name="Wait Until Element Is Visible" library="SeleniumLibrary">
<arg>${Ya_Mengerti_Delete}</arg>
<arg>timeout=10s</arg>
<doc>Waits until the element ``locator`` is visible.</doc>
<status status="PASS" starttime="20240109 23:48:05.558" endtime="20240109 23:48:05.868"/>
</kw>
<kw name="Capture Page Screenshot" library="SeleniumLibrary">
<doc>Takes a screenshot of the current page and embeds it into a log file.</doc>
<msg timestamp="20240109 23:48:06.056" level="INFO" html="true">&lt;/td&gt;&lt;/tr&gt;&lt;tr&gt;&lt;td colspan="3"&gt;&lt;a href="selenium-screenshot-805.png"&gt;&lt;img src="selenium-screenshot-805.png" width="800px"&gt;&lt;/a&gt;</msg>
<status status="PASS" starttime="20240109 23:48:05.868" endtime="20240109 23:48:06.056"/>
</kw>
<kw name="Sleep" library="BuiltIn">
<arg>2s</arg>
<doc>Pauses the test executed for the given time.</doc>
<msg timestamp="20240109 23:48:08.057" level="INFO">Slept 2 seconds</msg>
<status status="PASS" starttime="20240109 23:48:06.056" endtime="20240109 23:48:08.057"/>
</kw>
<kw name="Click Element" library="SeleniumLibrary">
<arg>${Ya_Mengerti_Delete}</arg>
<doc>Click the element identified by ``locator``.</doc>
<msg timestamp="20240109 23:48:08.057" level="INFO">Clicking element 'xpath://div[@id='success-delete-modal']//a[@class='btn-active py-4 px-5 rounded-3xl text-sm'][normalize-space()='Ya, Mengerti']'.</msg>
<status status="PASS" starttime="20240109 23:48:08.057" endtime="20240109 23:48:08.627"/>
</kw>
<kw name="Capture Page Screenshot" library="SeleniumLibrary">
<doc>Takes a screenshot of the current page and embeds it into a log file.</doc>
<msg timestamp="20240109 23:48:08.861" level="INFO" html="true">&lt;/td&gt;&lt;/tr&gt;&lt;tr&gt;&lt;td colspan="3"&gt;&lt;a href="selenium-screenshot-806.png"&gt;&lt;img src="selenium-screenshot-806.png" width="800px"&gt;&lt;/a&gt;</msg>
<status status="PASS" starttime="20240109 23:48:08.627" endtime="20240109 23:48:08.861"/>
</kw>
<kw name="Close Browser" library="SeleniumLibrary">
<doc>Closes the current browser.</doc>
<status status="PASS" starttime="20240109 23:48:08.861" endtime="20240109 23:48:14.012"/>
</kw>
<status status="PASS" starttime="20240109 23:48:05.558" endtime="20240109 23:48:14.012"/>
</kw>
<kw name="Close Browser" library="SeleniumLibrary">
<doc>Closes the current browser.</doc>
<status status="PASS" starttime="20240109 23:48:14.012" endtime="20240109 23:48:14.012"/>
</kw>
<doc>This test case verifies that user is able to delete data group</doc>
<tag>delete</tag>
<status status="PASS" starttime="20240109 23:47:44.720" endtime="20240109 23:48:14.012"/>
</test>
<doc>modul group</doc>
<status status="PASS" starttime="20240109 23:34:04.475" endtime="20240109 23:48:14.012"/>
</suite>
<statistics>
<total>
<stat pass="28" fail="0" skip="0">All Tests</stat>
</total>
<tag>
<stat pass="4" fail="0" skip="0">add</stat>
<stat pass="3" fail="0" skip="0">delete</stat>
<stat pass="4" fail="0" skip="0">edit</stat>
<stat pass="13" fail="0" skip="0">filter</stat>
<stat pass="2" fail="0" skip="0">search</stat>
<stat pass="1" fail="0" skip="0">show</stat>
<stat pass="1" fail="0" skip="0">view</stat>
</tag>
<suite>
<stat pass="28" fail="0" skip="0" id="s1" name="ModulGroup">ModulGroup</stat>
</suite>
</statistics>
<errors>
</errors>
</robot>
