<?xml version="1.0" encoding="UTF-8"?>
<robot generator="Robot 6.1.1 (Python 3.12.1 on win32)" generated="20240103 08:54:32.976" rpa="false" schemaversion="4">
<suite id="s1" name="ModulWarna" source="C:\JBA\cms\Test\ModulWarna\ModulWarna.robot">
<test id="s1-t1" name="Verify Successful Menampilkan list data cabang" line="8">
<kw name="Open Browser" library="SeleniumLibrary">
<arg>${URL}</arg>
<arg>${BROWSER}</arg>
<doc>Opens a new browser instance to the optional ``url``.</doc>
<msg timestamp="20240103 08:54:33.495" level="INFO">Opening browser 'Chrome' to base url 'https://jba-aaas-cms-dev.aslcode.dev/branches'.</msg>
<status status="PASS" starttime="20240103 08:54:33.494" endtime="20240103 08:54:36.984"/>
</kw>
<kw name="Maximize Browser Window" library="SeleniumLibrary">
<doc>Maximizes current browser window.</doc>
<status status="PASS" starttime="20240103 08:54:36.984" endtime="20240103 08:54:37.107"/>
</kw>
<kw name="Click Modul Warna" library="modulWarnaResources">
<kw name="Click Element" library="SeleniumLibrary">
<arg>${modul_warna}</arg>
<doc>Click the element identified by ``locator``.</doc>
<msg timestamp="20240103 08:54:37.109" level="INFO">Clicking element 'xpath://span[@class='ml-2'][normalize-space()='Warna']'.</msg>
<status status="PASS" starttime="20240103 08:54:37.108" endtime="20240103 08:54:37.452"/>
</kw>
<kw name="Capture Page Screenshot" library="SeleniumLibrary">
<doc>Takes a screenshot of the current page and embeds it into a log file.</doc>
<msg timestamp="20240103 08:54:37.606" level="INFO" html="true">&lt;/td&gt;&lt;/tr&gt;&lt;tr&gt;&lt;td colspan="3"&gt;&lt;a href="selenium-screenshot-1.png"&gt;&lt;img src="selenium-screenshot-1.png" width="800px"&gt;&lt;/a&gt;</msg>
<status status="PASS" starttime="20240103 08:54:37.452" endtime="20240103 08:54:37.606"/>
</kw>
<status status="PASS" starttime="20240103 08:54:37.108" endtime="20240103 08:54:37.606"/>
</kw>
<kw name="Close Browser" library="SeleniumLibrary">
<doc>Closes the current browser.</doc>
<status status="PASS" starttime="20240103 08:54:37.607" endtime="20240103 08:54:40.035"/>
</kw>
<doc>This test case verifies that user is able to show list data cabang</doc>
<tag>show</tag>
<status status="PASS" starttime="20240103 08:54:33.492" endtime="20240103 08:54:40.037"/>
</test>
<test id="s1-t2" name="Verify Successful Create Data Warna" line="15">
<kw name="Open Browser" library="SeleniumLibrary">
<arg>${URL}</arg>
<arg>${BROWSER}</arg>
<doc>Opens a new browser instance to the optional ``url``.</doc>
<msg timestamp="20240103 08:54:40.040" level="INFO">Opening browser 'Chrome' to base url 'https://jba-aaas-cms-dev.aslcode.dev/branches'.</msg>
<status status="PASS" starttime="20240103 08:54:40.039" endtime="20240103 08:54:43.198"/>
</kw>
<kw name="Maximize Browser Window" library="SeleniumLibrary">
<doc>Maximizes current browser window.</doc>
<status status="PASS" starttime="20240103 08:54:43.198" endtime="20240103 08:54:43.322"/>
</kw>
<kw name="Click Modul Warna" library="modulWarnaResources">
<kw name="Click Element" library="SeleniumLibrary">
<arg>${modul_warna}</arg>
<doc>Click the element identified by ``locator``.</doc>
<msg timestamp="20240103 08:54:43.323" level="INFO">Clicking element 'xpath://span[@class='ml-2'][normalize-space()='Warna']'.</msg>
<status status="PASS" starttime="20240103 08:54:43.323" endtime="20240103 08:54:43.560"/>
</kw>
<kw name="Capture Page Screenshot" library="SeleniumLibrary">
<doc>Takes a screenshot of the current page and embeds it into a log file.</doc>
<msg timestamp="20240103 08:54:43.707" level="INFO" html="true">&lt;/td&gt;&lt;/tr&gt;&lt;tr&gt;&lt;td colspan="3"&gt;&lt;a href="selenium-screenshot-2.png"&gt;&lt;img src="selenium-screenshot-2.png" width="800px"&gt;&lt;/a&gt;</msg>
<status status="PASS" starttime="20240103 08:54:43.560" endtime="20240103 08:54:43.707"/>
</kw>
<status status="PASS" starttime="20240103 08:54:43.323" endtime="20240103 08:54:43.707"/>
</kw>
<kw name="Click Button Create Warna" library="modulWarnaResources">
<kw name="Click Button" library="SeleniumLibrary">
<arg>${button_create}</arg>
<doc>Clicks the button identified by ``locator``.</doc>
<msg timestamp="20240103 08:54:43.707" level="INFO">Clicking button 'xpath://button[@class='btn-active py-3 px-4 rounded-3xl flex items-center justify-center text-xs modal-button create-button']'.</msg>
<status status="PASS" starttime="20240103 08:54:43.707" endtime="20240103 08:54:43.779"/>
</kw>
<status status="PASS" starttime="20240103 08:54:43.707" endtime="20240103 08:54:43.779"/>
</kw>
<kw name="Input Create Kode Warna" library="modulWarnaResources">
<kw name="Input Text" library="SeleniumLibrary">
<arg>${input_create_code_warna}</arg>
<arg>${create_code_warna}</arg>
<doc>Types the given ``text`` into the text field identified by ``locator``.</doc>
<msg timestamp="20240103 08:54:43.779" level="INFO">Typing text 'coklat' into text field 'xpath://div[@id='add-form-modal']//input[@placeholder='Ketik Kode Warna']'.</msg>
<status status="PASS" starttime="20240103 08:54:43.779" endtime="20240103 08:54:43.881"/>
</kw>
<status status="PASS" starttime="20240103 08:54:43.779" endtime="20240103 08:54:43.881"/>
</kw>
<kw name="Input Create Nama Warna" library="modulWarnaResources">
<kw name="Input Text" library="SeleniumLibrary">
<arg>${input_create_nama_warna}</arg>
<arg>${create_nama_warna}</arg>
<doc>Types the given ``text`` into the text field identified by ``locator``.</doc>
<msg timestamp="20240103 08:54:43.882" level="INFO">Typing text 'coklat' into text field 'xpath://div[@id='add-form-modal']//input[@placeholder='Ketik Nama Warna']'.</msg>
<status status="PASS" starttime="20240103 08:54:43.881" endtime="20240103 08:54:43.969"/>
</kw>
<status status="PASS" starttime="20240103 08:54:43.881" endtime="20240103 08:54:43.969"/>
</kw>
<kw name="Input Create Hex Warna" library="modulWarnaResources">
<kw name="Input Text" library="SeleniumLibrary">
<arg>${input_create_hex_warna}</arg>
<arg>${create_hex_warna}</arg>
<doc>Types the given ``text`` into the text field identified by ``locator``.</doc>
<msg timestamp="20240103 08:54:43.970" level="INFO">Typing text '#964b00' into text field 'xpath://div[@id='add-form-modal']//input[@placeholder='#00000']'.</msg>
<status status="PASS" starttime="20240103 08:54:43.970" endtime="20240103 08:54:44.058"/>
</kw>
<status status="PASS" starttime="20240103 08:54:43.970" endtime="20240103 08:54:44.058"/>
</kw>
<kw name="Click Button Simpan" library="GlobalResources">
<kw name="Capture Page Screenshot" library="SeleniumLibrary">
<doc>Takes a screenshot of the current page and embeds it into a log file.</doc>
<msg timestamp="20240103 08:54:44.215" level="INFO" html="true">&lt;/td&gt;&lt;/tr&gt;&lt;tr&gt;&lt;td colspan="3"&gt;&lt;a href="selenium-screenshot-3.png"&gt;&lt;img src="selenium-screenshot-3.png" width="800px"&gt;&lt;/a&gt;</msg>
<status status="PASS" starttime="20240103 08:54:44.059" endtime="20240103 08:54:44.215"/>
</kw>
<kw name="Click Button" library="SeleniumLibrary">
<arg>${simpan}</arg>
<doc>Clicks the button identified by ``locator``.</doc>
<msg timestamp="20240103 08:54:44.216" level="INFO">Clicking button 'xpath://button[normalize-space()='Simpan']'.</msg>
<status status="PASS" starttime="20240103 08:54:44.215" endtime="20240103 08:54:44.282"/>
</kw>
<status status="PASS" starttime="20240103 08:54:44.058" endtime="20240103 08:54:44.283"/>
</kw>
<kw name="Verify Berhasil Create" library="GlobalResources">
<kw name="Sleep" library="BuiltIn">
<arg>2s</arg>
<doc>Pauses the test executed for the given time.</doc>
<msg timestamp="20240103 08:54:46.284" level="INFO">Slept 2 seconds</msg>
<status status="PASS" starttime="20240103 08:54:44.283" endtime="20240103 08:54:46.284"/>
</kw>
<kw name="Wait Until Element Is Visible" library="SeleniumLibrary">
<arg>${Ya_Mengerti_Create}</arg>
<arg>timeout=10s</arg>
<doc>Waits until the element ``locator`` is visible.</doc>
<status status="PASS" starttime="20240103 08:54:46.284" endtime="20240103 08:54:46.316"/>
</kw>
<kw name="Log" library="BuiltIn">
<arg>Formulir telah berhasil dikirimkan</arg>
<doc>Logs the given message with the given level.</doc>
<msg timestamp="20240103 08:54:46.317" level="INFO">Formulir telah berhasil dikirimkan</msg>
<status status="PASS" starttime="20240103 08:54:46.316" endtime="20240103 08:54:46.317"/>
</kw>
<kw name="Capture Page Screenshot" library="SeleniumLibrary">
<doc>Takes a screenshot of the current page and embeds it into a log file.</doc>
<msg timestamp="20240103 08:54:46.468" level="INFO" html="true">&lt;/td&gt;&lt;/tr&gt;&lt;tr&gt;&lt;td colspan="3"&gt;&lt;a href="selenium-screenshot-4.png"&gt;&lt;img src="selenium-screenshot-4.png" width="800px"&gt;&lt;/a&gt;</msg>
<status status="PASS" starttime="20240103 08:54:46.317" endtime="20240103 08:54:46.468"/>
</kw>
<kw name="Sleep" library="BuiltIn">
<arg>2s</arg>
<doc>Pauses the test executed for the given time.</doc>
<msg timestamp="20240103 08:54:48.470" level="INFO">Slept 2 seconds</msg>
<status status="PASS" starttime="20240103 08:54:46.470" endtime="20240103 08:54:48.470"/>
</kw>
<kw name="Click Element" library="SeleniumLibrary">
<arg>${Ya_Mengerti_Create}</arg>
<doc>Click the element identified by ``locator``.</doc>
<msg timestamp="20240103 08:54:48.470" level="INFO">Clicking element 'xpath://div[@id='success-modal']//a[@class='btn-active py-4 px-5 rounded-3xl text-sm'][normalize-space()='Ya, Mengerti']'.</msg>
<status status="PASS" starttime="20240103 08:54:48.470" endtime="20240103 08:54:48.664"/>
</kw>
<kw name="Sleep" library="BuiltIn">
<arg>2s</arg>
<doc>Pauses the test executed for the given time.</doc>
<msg timestamp="20240103 08:54:50.664" level="INFO">Slept 2 seconds</msg>
<status status="PASS" starttime="20240103 08:54:48.664" endtime="20240103 08:54:50.664"/>
</kw>
<kw name="Capture Page Screenshot" library="SeleniumLibrary">
<doc>Takes a screenshot of the current page and embeds it into a log file.</doc>
<msg timestamp="20240103 08:54:50.818" level="INFO" html="true">&lt;/td&gt;&lt;/tr&gt;&lt;tr&gt;&lt;td colspan="3"&gt;&lt;a href="selenium-screenshot-5.png"&gt;&lt;img src="selenium-screenshot-5.png" width="800px"&gt;&lt;/a&gt;</msg>
<status status="PASS" starttime="20240103 08:54:50.664" endtime="20240103 08:54:50.818"/>
</kw>
<status status="PASS" starttime="20240103 08:54:44.283" endtime="20240103 08:54:50.818"/>
</kw>
<kw name="Close Browser" library="SeleniumLibrary">
<doc>Closes the current browser.</doc>
<status status="PASS" starttime="20240103 08:54:50.818" endtime="20240103 08:54:53.400"/>
</kw>
<doc>This test case verifies that user is able to create new warna</doc>
<tag>add</tag>
<status status="PASS" starttime="20240103 08:54:40.038" endtime="20240103 08:54:53.400"/>
</test>
<test id="s1-t3" name="Verify Berhasil Menonaktifkan Status" line="28">
<kw name="Open Browser" library="SeleniumLibrary">
<arg>${URL}</arg>
<arg>${BROWSER}</arg>
<doc>Opens a new browser instance to the optional ``url``.</doc>
<msg timestamp="20240103 08:54:53.400" level="INFO">Opening browser 'Chrome' to base url 'https://jba-aaas-cms-dev.aslcode.dev/branches'.</msg>
<status status="PASS" starttime="20240103 08:54:53.400" endtime="20240103 08:54:56.623"/>
</kw>
<kw name="Maximize Browser Window" library="SeleniumLibrary">
<doc>Maximizes current browser window.</doc>
<status status="PASS" starttime="20240103 08:54:56.623" endtime="20240103 08:54:56.740"/>
</kw>
<kw name="Click Modul Warna" library="modulWarnaResources">
<kw name="Click Element" library="SeleniumLibrary">
<arg>${modul_warna}</arg>
<doc>Click the element identified by ``locator``.</doc>
<msg timestamp="20240103 08:54:56.741" level="INFO">Clicking element 'xpath://span[@class='ml-2'][normalize-space()='Warna']'.</msg>
<status status="PASS" starttime="20240103 08:54:56.740" endtime="20240103 08:54:56.986"/>
</kw>
<kw name="Capture Page Screenshot" library="SeleniumLibrary">
<doc>Takes a screenshot of the current page and embeds it into a log file.</doc>
<msg timestamp="20240103 08:54:57.142" level="INFO" html="true">&lt;/td&gt;&lt;/tr&gt;&lt;tr&gt;&lt;td colspan="3"&gt;&lt;a href="selenium-screenshot-6.png"&gt;&lt;img src="selenium-screenshot-6.png" width="800px"&gt;&lt;/a&gt;</msg>
<status status="PASS" starttime="20240103 08:54:56.986" endtime="20240103 08:54:57.142"/>
</kw>
<status status="PASS" starttime="20240103 08:54:56.740" endtime="20240103 08:54:57.142"/>
</kw>
<kw name="Menonaktifkan Status" library="GlobalResources">
<kw name="Log" library="BuiltIn">
<arg>Element is visible: ${status_on}</arg>
<doc>Logs the given message with the given level.</doc>
<msg timestamp="20240103 08:54:57.144" level="INFO">Element is visible: xpath://span[@id='on-0' and @class='absolute font-medium text-2xs uppercase left-2 text-white']</msg>
<status status="PASS" starttime="20240103 08:54:57.143" endtime="20240103 08:54:57.144"/>
</kw>
<kw name="Capture Page Screenshot" library="SeleniumLibrary">
<doc>Takes a screenshot of the current page and embeds it into a log file.</doc>
<msg timestamp="20240103 08:54:57.297" level="INFO" html="true">&lt;/td&gt;&lt;/tr&gt;&lt;tr&gt;&lt;td colspan="3"&gt;&lt;a href="selenium-screenshot-7.png"&gt;&lt;img src="selenium-screenshot-7.png" width="800px"&gt;&lt;/a&gt;</msg>
<status status="PASS" starttime="20240103 08:54:57.144" endtime="20240103 08:54:57.297"/>
</kw>
<kw name="Click Element" library="SeleniumLibrary">
<arg>${status_on}</arg>
<doc>Click the element identified by ``locator``.</doc>
<msg timestamp="20240103 08:54:57.298" level="INFO">Clicking element 'xpath://span[@id='on-0' and @class='absolute font-medium text-2xs uppercase left-2 text-white']'.</msg>
<status status="PASS" starttime="20240103 08:54:57.298" endtime="20240103 08:54:57.353"/>
</kw>
<kw name="Wait Until Element Is Visible" library="SeleniumLibrary">
<arg>${Ya_nonaktifkan}</arg>
<doc>Waits until the element ``locator`` is visible.</doc>
<status status="PASS" starttime="20240103 08:54:57.353" endtime="20240103 08:54:57.378"/>
</kw>
<kw name="Capture Page Screenshot" library="SeleniumLibrary">
<doc>Takes a screenshot of the current page and embeds it into a log file.</doc>
<msg timestamp="20240103 08:54:57.639" level="INFO" html="true">&lt;/td&gt;&lt;/tr&gt;&lt;tr&gt;&lt;td colspan="3"&gt;&lt;a href="selenium-screenshot-8.png"&gt;&lt;img src="selenium-screenshot-8.png" width="800px"&gt;&lt;/a&gt;</msg>
<status status="PASS" starttime="20240103 08:54:57.378" endtime="20240103 08:54:57.640"/>
</kw>
<kw name="Click Button" library="SeleniumLibrary">
<arg>${Ya_nonaktifkan}</arg>
<doc>Clicks the button identified by ``locator``.</doc>
<msg timestamp="20240103 08:54:57.640" level="INFO">Clicking button 'xpath://button[@class='close-modal btn-active py-4 px-5 rounded-3xl text-sm mx-2 w-36 flex justify-center items-center' and (text()='Ya, Nonaktifkan')]'.</msg>
<status status="PASS" starttime="20240103 08:54:57.640" endtime="20240103 08:54:57.703"/>
</kw>
<kw name="Log" library="BuiltIn">
<arg>Element is visible: ${status_off}</arg>
<doc>Logs the given message with the given level.</doc>
<msg timestamp="20240103 08:54:57.704" level="INFO">Element is visible: xpath://span[@id='off-0' and @class='absolute font-medium text-2xs uppercase right-2 text-toggle-off']</msg>
<status status="PASS" starttime="20240103 08:54:57.703" endtime="20240103 08:54:57.704"/>
</kw>
<kw name="Capture Page Screenshot" library="SeleniumLibrary">
<doc>Takes a screenshot of the current page and embeds it into a log file.</doc>
<msg timestamp="20240103 08:54:57.859" level="INFO" html="true">&lt;/td&gt;&lt;/tr&gt;&lt;tr&gt;&lt;td colspan="3"&gt;&lt;a href="selenium-screenshot-9.png"&gt;&lt;img src="selenium-screenshot-9.png" width="800px"&gt;&lt;/a&gt;</msg>
<status status="PASS" starttime="20240103 08:54:57.704" endtime="20240103 08:54:57.859"/>
</kw>
<status status="PASS" starttime="20240103 08:54:57.143" endtime="20240103 08:54:57.859"/>
</kw>
<kw name="Close Browser" library="SeleniumLibrary">
<doc>Closes the current browser.</doc>
<status status="PASS" starttime="20240103 08:54:57.860" endtime="20240103 08:55:00.397"/>
</kw>
<doc>This test case verifies that user is able to Unactivate Status</doc>
<tag>filter</tag>
<status status="PASS" starttime="20240103 08:54:53.400" endtime="20240103 08:55:00.398"/>
</test>
<test id="s1-t4" name="Verify Berhasil Mengaktifkan Status" line="36">
<kw name="Open Browser" library="SeleniumLibrary">
<arg>${URL}</arg>
<arg>${BROWSER}</arg>
<doc>Opens a new browser instance to the optional ``url``.</doc>
<msg timestamp="20240103 08:55:00.399" level="INFO">Opening browser 'Chrome' to base url 'https://jba-aaas-cms-dev.aslcode.dev/branches'.</msg>
<status status="PASS" starttime="20240103 08:55:00.399" endtime="20240103 08:55:03.665"/>
</kw>
<kw name="Maximize Browser Window" library="SeleniumLibrary">
<doc>Maximizes current browser window.</doc>
<status status="PASS" starttime="20240103 08:55:03.665" endtime="20240103 08:55:03.790"/>
</kw>
<kw name="Click Modul Warna" library="modulWarnaResources">
<kw name="Click Element" library="SeleniumLibrary">
<arg>${modul_warna}</arg>
<doc>Click the element identified by ``locator``.</doc>
<msg timestamp="20240103 08:55:03.791" level="INFO">Clicking element 'xpath://span[@class='ml-2'][normalize-space()='Warna']'.</msg>
<status status="PASS" starttime="20240103 08:55:03.791" endtime="20240103 08:55:04.051"/>
</kw>
<kw name="Capture Page Screenshot" library="SeleniumLibrary">
<doc>Takes a screenshot of the current page and embeds it into a log file.</doc>
<msg timestamp="20240103 08:55:04.212" level="INFO" html="true">&lt;/td&gt;&lt;/tr&gt;&lt;tr&gt;&lt;td colspan="3"&gt;&lt;a href="selenium-screenshot-10.png"&gt;&lt;img src="selenium-screenshot-10.png" width="800px"&gt;&lt;/a&gt;</msg>
<status status="PASS" starttime="20240103 08:55:04.051" endtime="20240103 08:55:04.212"/>
</kw>
<status status="PASS" starttime="20240103 08:55:03.791" endtime="20240103 08:55:04.212"/>
</kw>
<kw name="Mengaktifkan Status" library="GlobalResources">
<kw name="Log" library="BuiltIn">
<arg>Element is visible: ${status_off}</arg>
<doc>Logs the given message with the given level.</doc>
<msg timestamp="20240103 08:55:04.213" level="INFO">Element is visible: xpath://span[@id='off-0' and @class='absolute font-medium text-2xs uppercase right-2 text-toggle-off']</msg>
<status status="PASS" starttime="20240103 08:55:04.213" endtime="20240103 08:55:04.213"/>
</kw>
<kw name="Capture Page Screenshot" library="SeleniumLibrary">
<doc>Takes a screenshot of the current page and embeds it into a log file.</doc>
<msg timestamp="20240103 08:55:04.360" level="INFO" html="true">&lt;/td&gt;&lt;/tr&gt;&lt;tr&gt;&lt;td colspan="3"&gt;&lt;a href="selenium-screenshot-11.png"&gt;&lt;img src="selenium-screenshot-11.png" width="800px"&gt;&lt;/a&gt;</msg>
<status status="PASS" starttime="20240103 08:55:04.213" endtime="20240103 08:55:04.360"/>
</kw>
<kw name="Click Element" library="SeleniumLibrary">
<arg>${status_off}</arg>
<doc>Click the element identified by ``locator``.</doc>
<msg timestamp="20240103 08:55:04.361" level="INFO">Clicking element 'xpath://span[@id='off-0' and @class='absolute font-medium text-2xs uppercase right-2 text-toggle-off']'.</msg>
<status status="PASS" starttime="20240103 08:55:04.360" endtime="20240103 08:55:04.415"/>
</kw>
<kw name="Wait Until Element Is Visible" library="SeleniumLibrary">
<arg>${Ya_aktifkan}</arg>
<doc>Waits until the element ``locator`` is visible.</doc>
<status status="PASS" starttime="20240103 08:55:04.415" endtime="20240103 08:55:04.443"/>
</kw>
<kw name="Capture Page Screenshot" library="SeleniumLibrary">
<doc>Takes a screenshot of the current page and embeds it into a log file.</doc>
<msg timestamp="20240103 08:55:04.681" level="INFO" html="true">&lt;/td&gt;&lt;/tr&gt;&lt;tr&gt;&lt;td colspan="3"&gt;&lt;a href="selenium-screenshot-12.png"&gt;&lt;img src="selenium-screenshot-12.png" width="800px"&gt;&lt;/a&gt;</msg>
<status status="PASS" starttime="20240103 08:55:04.444" endtime="20240103 08:55:04.681"/>
</kw>
<kw name="Click Button" library="SeleniumLibrary">
<arg>${Ya_aktifkan}</arg>
<doc>Clicks the button identified by ``locator``.</doc>
<msg timestamp="20240103 08:55:04.682" level="INFO">Clicking button 'xpath://button[normalize-space()='Ya, Aktifkan']'.</msg>
<status status="PASS" starttime="20240103 08:55:04.681" endtime="20240103 08:55:04.744"/>
</kw>
<kw name="Log" library="BuiltIn">
<arg>Element is visible: ${status_on}</arg>
<doc>Logs the given message with the given level.</doc>
<msg timestamp="20240103 08:55:04.744" level="INFO">Element is visible: xpath://span[@id='on-0' and @class='absolute font-medium text-2xs uppercase left-2 text-white']</msg>
<status status="PASS" starttime="20240103 08:55:04.744" endtime="20240103 08:55:04.744"/>
</kw>
<kw name="Capture Page Screenshot" library="SeleniumLibrary">
<doc>Takes a screenshot of the current page and embeds it into a log file.</doc>
<msg timestamp="20240103 08:55:04.914" level="INFO" html="true">&lt;/td&gt;&lt;/tr&gt;&lt;tr&gt;&lt;td colspan="3"&gt;&lt;a href="selenium-screenshot-13.png"&gt;&lt;img src="selenium-screenshot-13.png" width="800px"&gt;&lt;/a&gt;</msg>
<status status="PASS" starttime="20240103 08:55:04.744" endtime="20240103 08:55:04.914"/>
</kw>
<status status="PASS" starttime="20240103 08:55:04.213" endtime="20240103 08:55:04.914"/>
</kw>
<kw name="Close Browser" library="SeleniumLibrary">
<doc>Closes the current browser.</doc>
<status status="PASS" starttime="20240103 08:55:04.914" endtime="20240103 08:55:07.434"/>
</kw>
<doc>This test case verifies that user is able to Activate Status</doc>
<tag>filter</tag>
<status status="PASS" starttime="20240103 08:55:00.399" endtime="20240103 08:55:07.434"/>
</test>
<test id="s1-t5" name="Verify Successful Edit Data Warna" line="44">
<kw name="Open Browser" library="SeleniumLibrary">
<arg>${URL}</arg>
<arg>${BROWSER}</arg>
<doc>Opens a new browser instance to the optional ``url``.</doc>
<msg timestamp="20240103 08:55:07.436" level="INFO">Opening browser 'Chrome' to base url 'https://jba-aaas-cms-dev.aslcode.dev/branches'.</msg>
<status status="PASS" starttime="20240103 08:55:07.436" endtime="20240103 08:55:10.692"/>
</kw>
<kw name="Maximize Browser Window" library="SeleniumLibrary">
<doc>Maximizes current browser window.</doc>
<status status="PASS" starttime="20240103 08:55:10.692" endtime="20240103 08:55:10.814"/>
</kw>
<kw name="Click Modul Warna" library="modulWarnaResources">
<kw name="Click Element" library="SeleniumLibrary">
<arg>${modul_warna}</arg>
<doc>Click the element identified by ``locator``.</doc>
<msg timestamp="20240103 08:55:10.815" level="INFO">Clicking element 'xpath://span[@class='ml-2'][normalize-space()='Warna']'.</msg>
<status status="PASS" starttime="20240103 08:55:10.815" endtime="20240103 08:55:11.080"/>
</kw>
<kw name="Capture Page Screenshot" library="SeleniumLibrary">
<doc>Takes a screenshot of the current page and embeds it into a log file.</doc>
<msg timestamp="20240103 08:55:11.232" level="INFO" html="true">&lt;/td&gt;&lt;/tr&gt;&lt;tr&gt;&lt;td colspan="3"&gt;&lt;a href="selenium-screenshot-14.png"&gt;&lt;img src="selenium-screenshot-14.png" width="800px"&gt;&lt;/a&gt;</msg>
<status status="PASS" starttime="20240103 08:55:11.081" endtime="20240103 08:55:11.232"/>
</kw>
<status status="PASS" starttime="20240103 08:55:10.814" endtime="20240103 08:55:11.232"/>
</kw>
<kw name="Click Button Edit" library="GlobalResources">
<kw name="Click Button" library="SeleniumLibrary">
<arg>${button_edit}</arg>
<doc>Clicks the button identified by ``locator``.</doc>
<msg timestamp="20240103 08:55:11.233" level="INFO">Clicking button 'xpath://button[@class='h-full w-full edit-btn modal-button hover:text-active flex justify-center items-center']'.</msg>
<status status="PASS" starttime="20240103 08:55:11.233" endtime="20240103 08:55:11.382"/>
</kw>
<status status="PASS" starttime="20240103 08:55:11.232" endtime="20240103 08:55:11.382"/>
</kw>
<kw name="Input Edit Kode Warna" library="modulWarnaResources">
<kw name="Input Text" library="SeleniumLibrary">
<arg>${input_edit_code_warna}</arg>
<arg>${edit_code_warna}</arg>
<doc>Types the given ``text`` into the text field identified by ``locator``.</doc>
<msg timestamp="20240103 08:55:11.383" level="INFO">Typing text 'mocca' into text field 'xpath://div[@id='edit-form-modal']//input[@name='colorCode']'.</msg>
<status status="PASS" starttime="20240103 08:55:11.383" endtime="20240103 08:55:11.486"/>
</kw>
<status status="PASS" starttime="20240103 08:55:11.383" endtime="20240103 08:55:11.486"/>
</kw>
<kw name="Input Edit Nama Warna" library="modulWarnaResources">
<kw name="Input Text" library="SeleniumLibrary">
<arg>${input_edit_nama_warna}</arg>
<arg>${edit_nama_warna}</arg>
<doc>Types the given ``text`` into the text field identified by ``locator``.</doc>
<msg timestamp="20240103 08:55:11.486" level="INFO">Typing text 'mocca' into text field 'xpath://div[@id='edit-form-modal']//input[@name='colorName']'.</msg>
<status status="PASS" starttime="20240103 08:55:11.486" endtime="20240103 08:55:11.573"/>
</kw>
<status status="PASS" starttime="20240103 08:55:11.486" endtime="20240103 08:55:11.573"/>
</kw>
<kw name="Input Edit Hex Warna" library="modulWarnaResources">
<kw name="Input Text" library="SeleniumLibrary">
<arg>${input_edit_hex_warna}</arg>
<arg>${edit_hex_warna}</arg>
<doc>Types the given ``text`` into the text field identified by ``locator``.</doc>
<msg timestamp="20240103 08:55:11.575" level="INFO">Typing text '#a38068' into text field 'xpath://div[@id='edit-form-modal']//input[@name='hex']'.</msg>
<status status="PASS" starttime="20240103 08:55:11.575" endtime="20240103 08:55:11.666"/>
</kw>
<status status="PASS" starttime="20240103 08:55:11.575" endtime="20240103 08:55:11.666"/>
</kw>
<kw name="Click Button Update" library="GlobalResources">
<kw name="Click Button" library="SeleniumLibrary">
<arg>${update}</arg>
<doc>Clicks the button identified by ``locator``.</doc>
<msg timestamp="20240103 08:55:11.667" level="INFO">Clicking button 'xpath://button[normalize-space()='Update']'.</msg>
<status status="PASS" starttime="20240103 08:55:11.667" endtime="20240103 08:55:11.728"/>
</kw>
<kw name="Capture Page Screenshot" library="SeleniumLibrary">
<doc>Takes a screenshot of the current page and embeds it into a log file.</doc>
<msg timestamp="20240103 08:55:11.895" level="INFO" html="true">&lt;/td&gt;&lt;/tr&gt;&lt;tr&gt;&lt;td colspan="3"&gt;&lt;a href="selenium-screenshot-15.png"&gt;&lt;img src="selenium-screenshot-15.png" width="800px"&gt;&lt;/a&gt;</msg>
<status status="PASS" starttime="20240103 08:55:11.728" endtime="20240103 08:55:11.895"/>
</kw>
<status status="PASS" starttime="20240103 08:55:11.667" endtime="20240103 08:55:11.895"/>
</kw>
<kw name="Verify Berhasil Edit" library="GlobalResources">
<kw name="Wait Until Element Is Visible" library="SeleniumLibrary">
<arg>${Ya_Mengerti_Update}</arg>
<arg>timeout=10s</arg>
<doc>Waits until the element ``locator`` is visible.</doc>
<status status="PASS" starttime="20240103 08:55:11.896" endtime="20240103 08:55:11.920"/>
</kw>
<kw name="Capture Page Screenshot" library="SeleniumLibrary">
<doc>Takes a screenshot of the current page and embeds it into a log file.</doc>
<msg timestamp="20240103 08:55:12.058" level="INFO" html="true">&lt;/td&gt;&lt;/tr&gt;&lt;tr&gt;&lt;td colspan="3"&gt;&lt;a href="selenium-screenshot-16.png"&gt;&lt;img src="selenium-screenshot-16.png" width="800px"&gt;&lt;/a&gt;</msg>
<status status="PASS" starttime="20240103 08:55:11.921" endtime="20240103 08:55:12.058"/>
</kw>
<kw name="Sleep" library="BuiltIn">
<arg>2s</arg>
<doc>Pauses the test executed for the given time.</doc>
<msg timestamp="20240103 08:55:14.060" level="INFO">Slept 2 seconds</msg>
<status status="PASS" starttime="20240103 08:55:12.059" endtime="20240103 08:55:14.060"/>
</kw>
<kw name="Click Element" library="SeleniumLibrary">
<arg>${Ya_Mengerti_Update}</arg>
<doc>Click the element identified by ``locator``.</doc>
<msg timestamp="20240103 08:55:14.060" level="INFO">Clicking element 'xpath://div[@id='success-update-modal']//a[@class='btn-active py-4 px-5 rounded-3xl text-sm'][normalize-space()='Ya, Mengerti']'.</msg>
<status status="PASS" starttime="20240103 08:55:14.060" endtime="20240103 08:55:14.279"/>
</kw>
<kw name="Sleep" library="BuiltIn">
<arg>2s</arg>
<doc>Pauses the test executed for the given time.</doc>
<msg timestamp="20240103 08:55:16.279" level="INFO">Slept 2 seconds</msg>
<status status="PASS" starttime="20240103 08:55:14.279" endtime="20240103 08:55:16.279"/>
</kw>
<kw name="Capture Page Screenshot" library="SeleniumLibrary">
<doc>Takes a screenshot of the current page and embeds it into a log file.</doc>
<msg timestamp="20240103 08:55:16.413" level="INFO" html="true">&lt;/td&gt;&lt;/tr&gt;&lt;tr&gt;&lt;td colspan="3"&gt;&lt;a href="selenium-screenshot-17.png"&gt;&lt;img src="selenium-screenshot-17.png" width="800px"&gt;&lt;/a&gt;</msg>
<status status="PASS" starttime="20240103 08:55:16.279" endtime="20240103 08:55:16.413"/>
</kw>
<status status="PASS" starttime="20240103 08:55:11.896" endtime="20240103 08:55:16.413"/>
</kw>
<kw name="Close Browser" library="SeleniumLibrary">
<doc>Closes the current browser.</doc>
<status status="PASS" starttime="20240103 08:55:16.414" endtime="20240103 08:55:19.057"/>
</kw>
<doc>This test case verifies that user is able to edit warna</doc>
<tag>add</tag>
<status status="PASS" starttime="20240103 08:55:07.435" endtime="20240103 08:55:19.057"/>
</test>
<test id="s1-t6" name="Verify Successful Search By Kode Warna" line="57">
<kw name="Open Browser" library="SeleniumLibrary">
<arg>${URL}</arg>
<arg>${BROWSER}</arg>
<doc>Opens a new browser instance to the optional ``url``.</doc>
<msg timestamp="20240103 08:55:19.061" level="INFO">Opening browser 'Chrome' to base url 'https://jba-aaas-cms-dev.aslcode.dev/branches'.</msg>
<status status="PASS" starttime="20240103 08:55:19.061" endtime="20240103 08:55:22.214"/>
</kw>
<kw name="Maximize Browser Window" library="SeleniumLibrary">
<doc>Maximizes current browser window.</doc>
<status status="PASS" starttime="20240103 08:55:22.214" endtime="20240103 08:55:22.337"/>
</kw>
<kw name="Click Modul Warna" library="modulWarnaResources">
<kw name="Click Element" library="SeleniumLibrary">
<arg>${modul_warna}</arg>
<doc>Click the element identified by ``locator``.</doc>
<msg timestamp="20240103 08:55:22.339" level="INFO">Clicking element 'xpath://span[@class='ml-2'][normalize-space()='Warna']'.</msg>
<status status="PASS" starttime="20240103 08:55:22.338" endtime="20240103 08:55:22.629"/>
</kw>
<kw name="Capture Page Screenshot" library="SeleniumLibrary">
<doc>Takes a screenshot of the current page and embeds it into a log file.</doc>
<msg timestamp="20240103 08:55:22.774" level="INFO" html="true">&lt;/td&gt;&lt;/tr&gt;&lt;tr&gt;&lt;td colspan="3"&gt;&lt;a href="selenium-screenshot-18.png"&gt;&lt;img src="selenium-screenshot-18.png" width="800px"&gt;&lt;/a&gt;</msg>
<status status="PASS" starttime="20240103 08:55:22.630" endtime="20240103 08:55:22.774"/>
</kw>
<status status="PASS" starttime="20240103 08:55:22.338" endtime="20240103 08:55:22.774"/>
</kw>
<kw name="Search By Code Warna" library="modulWarnaResources">
<kw name="Input Text" library="SeleniumLibrary">
<arg>${input_search}</arg>
<arg>${edit_code_warna}</arg>
<doc>Types the given ``text`` into the text field identified by ``locator``.</doc>
<msg timestamp="20240103 08:55:22.775" level="INFO">Typing text 'mocca' into text field 'xpath://input[@id='searchTable']'.</msg>
<status status="PASS" starttime="20240103 08:55:22.775" endtime="20240103 08:55:22.885"/>
</kw>
<kw name="Press Keys" library="SeleniumLibrary">
<arg>${input_search}</arg>
<arg>ENTER</arg>
<doc>Simulates the user pressing key(s) to an element or on the active browser.</doc>
<msg timestamp="20240103 08:55:22.886" level="INFO">Sending key(s) ('ENTER',) to xpath://input[@id='searchTable'] element.</msg>
<msg timestamp="20240103 08:55:23.176" level="INFO">Pressing special key ENTER to element.</msg>
<msg timestamp="20240103 08:55:23.176" level="INFO">Releasing special key ENTER.</msg>
<status status="PASS" starttime="20240103 08:55:22.885" endtime="20240103 08:55:23.343"/>
</kw>
<kw name="Capture Page Screenshot" library="SeleniumLibrary">
<doc>Takes a screenshot of the current page and embeds it into a log file.</doc>
<msg timestamp="20240103 08:55:23.497" level="INFO" html="true">&lt;/td&gt;&lt;/tr&gt;&lt;tr&gt;&lt;td colspan="3"&gt;&lt;a href="selenium-screenshot-19.png"&gt;&lt;img src="selenium-screenshot-19.png" width="800px"&gt;&lt;/a&gt;</msg>
<status status="PASS" starttime="20240103 08:55:23.343" endtime="20240103 08:55:23.497"/>
</kw>
<status status="PASS" starttime="20240103 08:55:22.774" endtime="20240103 08:55:23.497"/>
</kw>
<kw name="Close Browser" library="SeleniumLibrary">
<doc>Closes the current browser.</doc>
<status status="PASS" starttime="20240103 08:55:23.497" endtime="20240103 08:55:25.995"/>
</kw>
<doc>This test case verifies that user is able to Search by Kode Warna</doc>
<tag>search</tag>
<status status="PASS" starttime="20240103 08:55:19.059" endtime="20240103 08:55:25.996"/>
</test>
<test id="s1-t7" name="Verify Successful Search By Nama Warna" line="65">
<kw name="Open Browser" library="SeleniumLibrary">
<arg>${URL}</arg>
<arg>${BROWSER}</arg>
<doc>Opens a new browser instance to the optional ``url``.</doc>
<msg timestamp="20240103 08:55:25.999" level="INFO">Opening browser 'Chrome' to base url 'https://jba-aaas-cms-dev.aslcode.dev/branches'.</msg>
<status status="PASS" starttime="20240103 08:55:25.998" endtime="20240103 08:55:29.462"/>
</kw>
<kw name="Maximize Browser Window" library="SeleniumLibrary">
<doc>Maximizes current browser window.</doc>
<status status="PASS" starttime="20240103 08:55:29.462" endtime="20240103 08:55:29.586"/>
</kw>
<kw name="Click Modul Warna" library="modulWarnaResources">
<kw name="Click Element" library="SeleniumLibrary">
<arg>${modul_warna}</arg>
<doc>Click the element identified by ``locator``.</doc>
<msg timestamp="20240103 08:55:29.587" level="INFO">Clicking element 'xpath://span[@class='ml-2'][normalize-space()='Warna']'.</msg>
<status status="PASS" starttime="20240103 08:55:29.587" endtime="20240103 08:55:29.813"/>
</kw>
<kw name="Capture Page Screenshot" library="SeleniumLibrary">
<doc>Takes a screenshot of the current page and embeds it into a log file.</doc>
<msg timestamp="20240103 08:55:29.958" level="INFO" html="true">&lt;/td&gt;&lt;/tr&gt;&lt;tr&gt;&lt;td colspan="3"&gt;&lt;a href="selenium-screenshot-20.png"&gt;&lt;img src="selenium-screenshot-20.png" width="800px"&gt;&lt;/a&gt;</msg>
<status status="PASS" starttime="20240103 08:55:29.813" endtime="20240103 08:55:29.958"/>
</kw>
<status status="PASS" starttime="20240103 08:55:29.587" endtime="20240103 08:55:29.958"/>
</kw>
<kw name="Search By Nama Warna" library="modulWarnaResources">
<kw name="Input Text" library="SeleniumLibrary">
<arg>${input_search}</arg>
<arg>${edit_nama_warna}</arg>
<doc>Types the given ``text`` into the text field identified by ``locator``.</doc>
<msg timestamp="20240103 08:55:29.959" level="INFO">Typing text 'mocca' into text field 'xpath://input[@id='searchTable']'.</msg>
<status status="PASS" starttime="20240103 08:55:29.958" endtime="20240103 08:55:30.062"/>
</kw>
<kw name="Press Keys" library="SeleniumLibrary">
<arg>${input_search}</arg>
<arg>ENTER</arg>
<doc>Simulates the user pressing key(s) to an element or on the active browser.</doc>
<msg timestamp="20240103 08:55:30.062" level="INFO">Sending key(s) ('ENTER',) to xpath://input[@id='searchTable'] element.</msg>
<msg timestamp="20240103 08:55:30.350" level="INFO">Pressing special key ENTER to element.</msg>
<msg timestamp="20240103 08:55:30.350" level="INFO">Releasing special key ENTER.</msg>
<status status="PASS" starttime="20240103 08:55:30.062" endtime="20240103 08:55:30.548"/>
</kw>
<kw name="Capture Page Screenshot" library="SeleniumLibrary">
<doc>Takes a screenshot of the current page and embeds it into a log file.</doc>
<msg timestamp="20240103 08:55:30.700" level="INFO" html="true">&lt;/td&gt;&lt;/tr&gt;&lt;tr&gt;&lt;td colspan="3"&gt;&lt;a href="selenium-screenshot-21.png"&gt;&lt;img src="selenium-screenshot-21.png" width="800px"&gt;&lt;/a&gt;</msg>
<status status="PASS" starttime="20240103 08:55:30.548" endtime="20240103 08:55:30.700"/>
</kw>
<status status="PASS" starttime="20240103 08:55:29.958" endtime="20240103 08:55:30.700"/>
</kw>
<kw name="Close Browser" library="SeleniumLibrary">
<doc>Closes the current browser.</doc>
<status status="PASS" starttime="20240103 08:55:30.700" endtime="20240103 08:55:33.153"/>
</kw>
<doc>This test case verifies that user is able to Search by Nama Warna</doc>
<tag>search</tag>
<status status="PASS" starttime="20240103 08:55:25.997" endtime="20240103 08:55:33.154"/>
</test>
<test id="s1-t8" name="Verify Successful Delete Data Warna" line="73">
<kw name="Open Browser" library="SeleniumLibrary">
<arg>${URL}</arg>
<arg>${BROWSER}</arg>
<doc>Opens a new browser instance to the optional ``url``.</doc>
<msg timestamp="20240103 08:55:33.157" level="INFO">Opening browser 'Chrome' to base url 'https://jba-aaas-cms-dev.aslcode.dev/branches'.</msg>
<status status="PASS" starttime="20240103 08:55:33.157" endtime="20240103 08:55:36.372"/>
</kw>
<kw name="Maximize Browser Window" library="SeleniumLibrary">
<doc>Maximizes current browser window.</doc>
<status status="PASS" starttime="20240103 08:55:36.372" endtime="20240103 08:55:36.498"/>
</kw>
<kw name="Click Modul Warna" library="modulWarnaResources">
<kw name="Click Element" library="SeleniumLibrary">
<arg>${modul_warna}</arg>
<doc>Click the element identified by ``locator``.</doc>
<msg timestamp="20240103 08:55:36.498" level="INFO">Clicking element 'xpath://span[@class='ml-2'][normalize-space()='Warna']'.</msg>
<status status="PASS" starttime="20240103 08:55:36.498" endtime="20240103 08:55:36.746"/>
</kw>
<kw name="Capture Page Screenshot" library="SeleniumLibrary">
<doc>Takes a screenshot of the current page and embeds it into a log file.</doc>
<msg timestamp="20240103 08:55:36.901" level="INFO" html="true">&lt;/td&gt;&lt;/tr&gt;&lt;tr&gt;&lt;td colspan="3"&gt;&lt;a href="selenium-screenshot-22.png"&gt;&lt;img src="selenium-screenshot-22.png" width="800px"&gt;&lt;/a&gt;</msg>
<status status="PASS" starttime="20240103 08:55:36.746" endtime="20240103 08:55:36.902"/>
</kw>
<status status="PASS" starttime="20240103 08:55:36.498" endtime="20240103 08:55:36.902"/>
</kw>
<kw name="Click Button Delete Warna" library="modulWarnaResources">
<kw name="Click Element" library="SeleniumLibrary">
<arg>${aksi_warna}</arg>
<doc>Click the element identified by ``locator``.</doc>
<msg timestamp="20240103 08:55:36.902" level="INFO">Clicking element 'xpath://tbody/tr[1]/td[6]/div[1]/div[1]/div[1]//*[name()='svg']'.</msg>
<status status="PASS" starttime="20240103 08:55:36.902" endtime="20240103 08:55:36.948"/>
</kw>
<kw name="Click Element" library="SeleniumLibrary">
<arg>${button_delete}</arg>
<doc>Click the element identified by ``locator``.</doc>
<msg timestamp="20240103 08:55:36.949" level="INFO">Clicking element 'xpath://div[@id='dropdown-menu-0']//div[contains(text(),'Delete')]'.</msg>
<status status="PASS" starttime="20240103 08:55:36.948" endtime="20240103 08:55:36.998"/>
</kw>
<kw name="Capture Page Screenshot" library="SeleniumLibrary">
<doc>Takes a screenshot of the current page and embeds it into a log file.</doc>
<msg timestamp="20240103 08:55:37.210" level="INFO" html="true">&lt;/td&gt;&lt;/tr&gt;&lt;tr&gt;&lt;td colspan="3"&gt;&lt;a href="selenium-screenshot-23.png"&gt;&lt;img src="selenium-screenshot-23.png" width="800px"&gt;&lt;/a&gt;</msg>
<status status="PASS" starttime="20240103 08:55:36.998" endtime="20240103 08:55:37.210"/>
</kw>
<kw name="Click Element" library="SeleniumLibrary">
<arg>${Ya_hapus}</arg>
<doc>Click the element identified by ``locator``.</doc>
<msg timestamp="20240103 08:55:37.210" level="INFO">Clicking element 'xpath://button[normalize-space()='Ya, Hapus']'.</msg>
<status status="PASS" starttime="20240103 08:55:37.210" endtime="20240103 08:55:37.252"/>
</kw>
<status status="PASS" starttime="20240103 08:55:36.902" endtime="20240103 08:55:37.252"/>
</kw>
<kw name="Verify Berhasil Delete" library="GlobalResources">
<kw name="Wait Until Element Is Visible" library="SeleniumLibrary">
<arg>${Ya_Mengerti_Delete}</arg>
<arg>timeout=10s</arg>
<doc>Waits until the element ``locator`` is visible.</doc>
<status status="PASS" starttime="20240103 08:55:37.253" endtime="20240103 08:55:37.500"/>
</kw>
<kw name="Capture Page Screenshot" library="SeleniumLibrary">
<doc>Takes a screenshot of the current page and embeds it into a log file.</doc>
<msg timestamp="20240103 08:55:37.645" level="INFO" html="true">&lt;/td&gt;&lt;/tr&gt;&lt;tr&gt;&lt;td colspan="3"&gt;&lt;a href="selenium-screenshot-24.png"&gt;&lt;img src="selenium-screenshot-24.png" width="800px"&gt;&lt;/a&gt;</msg>
<status status="PASS" starttime="20240103 08:55:37.500" endtime="20240103 08:55:37.647"/>
</kw>
<kw name="Sleep" library="BuiltIn">
<arg>2s</arg>
<doc>Pauses the test executed for the given time.</doc>
<msg timestamp="20240103 08:55:39.647" level="INFO">Slept 2 seconds</msg>
<status status="PASS" starttime="20240103 08:55:37.647" endtime="20240103 08:55:39.647"/>
</kw>
<kw name="Click Element" library="SeleniumLibrary">
<arg>${Ya_Mengerti_Delete}</arg>
<doc>Click the element identified by ``locator``.</doc>
<msg timestamp="20240103 08:55:39.648" level="INFO">Clicking element 'xpath://div[@id='success-delete-modal']//a[@class='btn-active py-4 px-5 rounded-3xl text-sm'][normalize-space()='Ya, Mengerti']'.</msg>
<status status="PASS" starttime="20240103 08:55:39.647" endtime="20240103 08:55:39.911"/>
</kw>
<kw name="Capture Page Screenshot" library="SeleniumLibrary">
<doc>Takes a screenshot of the current page and embeds it into a log file.</doc>
<msg timestamp="20240103 08:55:40.067" level="INFO" html="true">&lt;/td&gt;&lt;/tr&gt;&lt;tr&gt;&lt;td colspan="3"&gt;&lt;a href="selenium-screenshot-25.png"&gt;&lt;img src="selenium-screenshot-25.png" width="800px"&gt;&lt;/a&gt;</msg>
<status status="PASS" starttime="20240103 08:55:39.911" endtime="20240103 08:55:40.067"/>
</kw>
<kw name="Close Browser" library="SeleniumLibrary">
<doc>Closes the current browser.</doc>
<status status="PASS" starttime="20240103 08:55:40.067" endtime="20240103 08:55:42.587"/>
</kw>
<status status="PASS" starttime="20240103 08:55:37.253" endtime="20240103 08:55:42.587"/>
</kw>
<kw name="Close Browser" library="SeleniumLibrary">
<doc>Closes the current browser.</doc>
<status status="PASS" starttime="20240103 08:55:42.587" endtime="20240103 08:55:42.587"/>
</kw>
<doc>This test case verifies that user is able to delete data warna</doc>
<tag>delete</tag>
<status status="PASS" starttime="20240103 08:55:33.155" endtime="20240103 08:55:42.587"/>
</test>
<doc>modul warna</doc>
<status status="PASS" starttime="20240103 08:54:32.984" endtime="20240103 08:55:42.587"/>
</suite>
<statistics>
<total>
<stat pass="8" fail="0" skip="0">All Tests</stat>
</total>
<tag>
<stat pass="2" fail="0" skip="0">add</stat>
<stat pass="1" fail="0" skip="0">delete</stat>
<stat pass="2" fail="0" skip="0">filter</stat>
<stat pass="2" fail="0" skip="0">search</stat>
<stat pass="1" fail="0" skip="0">show</stat>
</tag>
<suite>
<stat pass="8" fail="0" skip="0" id="s1" name="ModulWarna">ModulWarna</stat>
</suite>
</statistics>
<errors>
</errors>
</robot>
