<?xml version="1.0" encoding="UTF-8"?>
<robot generator="Robot 6.1.1 (Python 3.12.1 on win32)" generated="20240102 15:01:20.090" rpa="false" schemaversion="4">
<suite id="s1" name="ModulMerek" source="C:\JBA\cms\Test\ModulMerek\ModulMerek.robot">
<test id="s1-t1" name="Verify Successful Menampilkan list data Merek" line="8">
<kw name="Open Browser" library="SeleniumLibrary">
<arg>${URL}</arg>
<arg>${BROWSER}</arg>
<doc>Opens a new browser instance to the optional ``url``.</doc>
<msg timestamp="20240102 15:01:21.058" level="INFO">Opening browser 'Chrome' to base url 'https://jba-aaas-cms-dev.aslcode.dev/branches'.</msg>
<status status="PASS" starttime="20240102 15:01:21.058" endtime="20240102 15:01:26.071"/>
</kw>
<kw name="Maximize Browser Window" library="SeleniumLibrary">
<doc>Maximizes current browser window.</doc>
<status status="PASS" starttime="20240102 15:01:26.071" endtime="20240102 15:01:26.209"/>
</kw>
<kw name="Click Modul Merek/Model/Type" library="modulMerekModelTypeResources">
<kw name="Click Element" library="SeleniumLibrary">
<arg>${modul_Merek_Model_Type}</arg>
<doc>Click the element identified by ``locator``.</doc>
<msg timestamp="20240102 15:01:26.217" level="INFO">Clicking element 'xpath://span[normalize-space()='Merek/Model/Tipe']'.</msg>
<status status="PASS" starttime="20240102 15:01:26.216" endtime="20240102 15:01:26.737"/>
</kw>
<kw name="Capture Page Screenshot" library="SeleniumLibrary">
<doc>Takes a screenshot of the current page and embeds it into a log file.</doc>
<msg timestamp="20240102 15:01:26.996" level="INFO" html="true">&lt;/td&gt;&lt;/tr&gt;&lt;tr&gt;&lt;td colspan="3"&gt;&lt;a href="selenium-screenshot-1.png"&gt;&lt;img src="selenium-screenshot-1.png" width="800px"&gt;&lt;/a&gt;</msg>
<status status="PASS" starttime="20240102 15:01:26.737" endtime="20240102 15:01:26.997"/>
</kw>
<status status="PASS" starttime="20240102 15:01:26.216" endtime="20240102 15:01:26.997"/>
</kw>
<kw name="Click Tab Merek" library="modulMerekModelTypeResources">
<kw name="Click Element" library="SeleniumLibrary">
<arg>${tab_merek}</arg>
<doc>Click the element identified by ``locator``.</doc>
<msg timestamp="20240102 15:01:26.997" level="INFO">Clicking element 'xpath://a[normalize-space()='Merek']'.</msg>
<status status="PASS" starttime="20240102 15:01:26.997" endtime="20240102 15:01:27.338"/>
</kw>
<kw name="Capture Page Screenshot" library="SeleniumLibrary">
<doc>Takes a screenshot of the current page and embeds it into a log file.</doc>
<msg timestamp="20240102 15:01:27.607" level="INFO" html="true">&lt;/td&gt;&lt;/tr&gt;&lt;tr&gt;&lt;td colspan="3"&gt;&lt;a href="selenium-screenshot-2.png"&gt;&lt;img src="selenium-screenshot-2.png" width="800px"&gt;&lt;/a&gt;</msg>
<status status="PASS" starttime="20240102 15:01:27.338" endtime="20240102 15:01:27.607"/>
</kw>
<status status="PASS" starttime="20240102 15:01:26.997" endtime="20240102 15:01:27.607"/>
</kw>
<kw name="Close Browser" library="SeleniumLibrary">
<doc>Closes the current browser.</doc>
<status status="PASS" starttime="20240102 15:01:27.617" endtime="20240102 15:01:30.357"/>
</kw>
<doc>This test case verifies that user is able to show list data Merek</doc>
<tag>show</tag>
<status status="PASS" starttime="20240102 15:01:21.056" endtime="20240102 15:01:30.358"/>
</test>
<test id="s1-t2" name="Verify Successful Create Data Merek" line="16">
<kw name="Open Browser" library="SeleniumLibrary">
<arg>${URL}</arg>
<arg>${BROWSER}</arg>
<doc>Opens a new browser instance to the optional ``url``.</doc>
<msg timestamp="20240102 15:01:30.360" level="INFO">Opening browser 'Chrome' to base url 'https://jba-aaas-cms-dev.aslcode.dev/branches'.</msg>
<status status="PASS" starttime="20240102 15:01:30.360" endtime="20240102 15:01:35.169"/>
</kw>
<kw name="Maximize Browser Window" library="SeleniumLibrary">
<doc>Maximizes current browser window.</doc>
<status status="PASS" starttime="20240102 15:01:35.169" endtime="20240102 15:01:35.298"/>
</kw>
<kw name="Click Modul Merek/Model/Type" library="modulMerekModelTypeResources">
<kw name="Click Element" library="SeleniumLibrary">
<arg>${modul_Merek_Model_Type}</arg>
<doc>Click the element identified by ``locator``.</doc>
<msg timestamp="20240102 15:01:35.301" level="INFO">Clicking element 'xpath://span[normalize-space()='Merek/Model/Tipe']'.</msg>
<status status="PASS" starttime="20240102 15:01:35.298" endtime="20240102 15:01:35.683"/>
</kw>
<kw name="Capture Page Screenshot" library="SeleniumLibrary">
<doc>Takes a screenshot of the current page and embeds it into a log file.</doc>
<msg timestamp="20240102 15:01:35.941" level="INFO" html="true">&lt;/td&gt;&lt;/tr&gt;&lt;tr&gt;&lt;td colspan="3"&gt;&lt;a href="selenium-screenshot-3.png"&gt;&lt;img src="selenium-screenshot-3.png" width="800px"&gt;&lt;/a&gt;</msg>
<status status="PASS" starttime="20240102 15:01:35.683" endtime="20240102 15:01:35.941"/>
</kw>
<status status="PASS" starttime="20240102 15:01:35.298" endtime="20240102 15:01:35.942"/>
</kw>
<kw name="Click Tab Merek" library="modulMerekModelTypeResources">
<kw name="Click Element" library="SeleniumLibrary">
<arg>${tab_merek}</arg>
<doc>Click the element identified by ``locator``.</doc>
<msg timestamp="20240102 15:01:35.944" level="INFO">Clicking element 'xpath://a[normalize-space()='Merek']'.</msg>
<status status="PASS" starttime="20240102 15:01:35.942" endtime="20240102 15:01:36.307"/>
</kw>
<kw name="Capture Page Screenshot" library="SeleniumLibrary">
<doc>Takes a screenshot of the current page and embeds it into a log file.</doc>
<msg timestamp="20240102 15:01:36.578" level="INFO" html="true">&lt;/td&gt;&lt;/tr&gt;&lt;tr&gt;&lt;td colspan="3"&gt;&lt;a href="selenium-screenshot-4.png"&gt;&lt;img src="selenium-screenshot-4.png" width="800px"&gt;&lt;/a&gt;</msg>
<status status="PASS" starttime="20240102 15:01:36.307" endtime="20240102 15:01:36.578"/>
</kw>
<status status="PASS" starttime="20240102 15:01:35.942" endtime="20240102 15:01:36.578"/>
</kw>
<kw name="Click Button Create" library="modulMerekModelTypeResources">
<kw name="Wait Until Element Is Visible" library="SeleniumLibrary">
<arg>${button_create}</arg>
<arg>timeout=10s</arg>
<doc>Waits until the element ``locator`` is visible.</doc>
<status status="PASS" starttime="20240102 15:01:36.578" endtime="20240102 15:01:36.630"/>
</kw>
<kw name="Click Button" library="SeleniumLibrary">
<arg>${button_create}</arg>
<doc>Clicks the button identified by ``locator``.</doc>
<msg timestamp="20240102 15:01:36.630" level="INFO">Clicking button 'xpath://button[@class='btn-active py-3 px-4 rounded-3xl flex items-center justify-center text-xs modal-button create-button']'.</msg>
<status status="PASS" starttime="20240102 15:01:36.630" endtime="20240102 15:01:36.737"/>
</kw>
<kw name="Capture Page Screenshot" library="SeleniumLibrary">
<doc>Takes a screenshot of the current page and embeds it into a log file.</doc>
<msg timestamp="20240102 15:01:37.129" level="INFO" html="true">&lt;/td&gt;&lt;/tr&gt;&lt;tr&gt;&lt;td colspan="3"&gt;&lt;a href="selenium-screenshot-5.png"&gt;&lt;img src="selenium-screenshot-5.png" width="800px"&gt;&lt;/a&gt;</msg>
<status status="PASS" starttime="20240102 15:01:36.737" endtime="20240102 15:01:37.129"/>
</kw>
<status status="PASS" starttime="20240102 15:01:36.578" endtime="20240102 15:01:37.129"/>
</kw>
<kw name="Input Field objek lelang" library="modulMerekModelTypeResources">
<kw name="Wait Until Element Is Visible" library="SeleniumLibrary">
<arg>${dropdown_objek_lelang_create}</arg>
<arg>timeout=10s</arg>
<doc>Waits until the element ``locator`` is visible.</doc>
<status status="PASS" starttime="20240102 15:01:37.131" endtime="20240102 15:01:37.197"/>
</kw>
<kw name="Click Element" library="SeleniumLibrary">
<arg>${dropdown_objek_lelang_create}</arg>
<doc>Click the element identified by ``locator``.</doc>
<msg timestamp="20240102 15:01:37.197" level="INFO">Clicking element 'xpath://div[@class='h-12 dropdown selectable-input' and @id='selectable-input-object-category']'.</msg>
<status status="PASS" starttime="20240102 15:01:37.197" endtime="20240102 15:01:37.269"/>
</kw>
<kw name="Wait Until Element Is Visible" library="SeleniumLibrary">
<arg>${create_car}</arg>
<arg>timeout=10s</arg>
<doc>Waits until the element ``locator`` is visible.</doc>
<status status="PASS" starttime="20240102 15:01:37.269" endtime="20240102 15:01:37.307"/>
</kw>
<kw name="Click Element" library="SeleniumLibrary">
<arg>${create_car}</arg>
<doc>Click the element identified by ``locator``.</doc>
<msg timestamp="20240102 15:01:37.308" level="INFO">Clicking element '//div[@id='add-form-modal']//div//div//div//div//div[@class='w-full'][normalize-space()='Car']'.</msg>
<status status="PASS" starttime="20240102 15:01:37.307" endtime="20240102 15:01:37.408"/>
</kw>
<status status="PASS" starttime="20240102 15:01:37.131" endtime="20240102 15:01:37.408"/>
</kw>
<kw name="Input Field Nama Merek" library="modulMerekModelTypeResources">
<kw name="Click Element" library="SeleniumLibrary">
<arg>${input_nama_merek}</arg>
<doc>Click the element identified by ``locator``.</doc>
<msg timestamp="20240102 15:01:37.408" level="INFO">Clicking element 'xpath://div[@id='add-form-modal']//input[@name='name']'.</msg>
<status status="PASS" starttime="20240102 15:01:37.408" endtime="20240102 15:01:37.521"/>
</kw>
<kw name="Input Text" library="SeleniumLibrary">
<arg>${input_nama_merek}</arg>
<arg>${nama_merek}</arg>
<doc>Types the given ``text`` into the text field identified by ``locator``.</doc>
<msg timestamp="20240102 15:01:37.521" level="INFO">Typing text 'Automation' into text field 'xpath://div[@id='add-form-modal']//input[@name='name']'.</msg>
<status status="PASS" starttime="20240102 15:01:37.521" endtime="20240102 15:01:37.638"/>
</kw>
<kw name="Capture Page Screenshot" library="SeleniumLibrary">
<doc>Takes a screenshot of the current page and embeds it into a log file.</doc>
<msg timestamp="20240102 15:01:37.912" level="INFO" html="true">&lt;/td&gt;&lt;/tr&gt;&lt;tr&gt;&lt;td colspan="3"&gt;&lt;a href="selenium-screenshot-6.png"&gt;&lt;img src="selenium-screenshot-6.png" width="800px"&gt;&lt;/a&gt;</msg>
<status status="PASS" starttime="20240102 15:01:37.638" endtime="20240102 15:01:37.912"/>
</kw>
<status status="PASS" starttime="20240102 15:01:37.408" endtime="20240102 15:01:37.912"/>
</kw>
<kw name="Click Button Simpan" library="GlobalResources">
<kw name="Capture Page Screenshot" library="SeleniumLibrary">
<doc>Takes a screenshot of the current page and embeds it into a log file.</doc>
<msg timestamp="20240102 15:01:38.175" level="INFO" html="true">&lt;/td&gt;&lt;/tr&gt;&lt;tr&gt;&lt;td colspan="3"&gt;&lt;a href="selenium-screenshot-7.png"&gt;&lt;img src="selenium-screenshot-7.png" width="800px"&gt;&lt;/a&gt;</msg>
<status status="PASS" starttime="20240102 15:01:37.912" endtime="20240102 15:01:38.175"/>
</kw>
<kw name="Click Button" library="SeleniumLibrary">
<arg>${simpan}</arg>
<doc>Clicks the button identified by ``locator``.</doc>
<msg timestamp="20240102 15:01:38.177" level="INFO">Clicking button 'xpath://button[normalize-space()='Simpan']'.</msg>
<status status="PASS" starttime="20240102 15:01:38.176" endtime="20240102 15:01:38.304"/>
</kw>
<status status="PASS" starttime="20240102 15:01:37.912" endtime="20240102 15:01:38.304"/>
</kw>
<kw name="Verify Berhasil Create" library="GlobalResources">
<kw name="Sleep" library="BuiltIn">
<arg>2s</arg>
<doc>Pauses the test executed for the given time.</doc>
<msg timestamp="20240102 15:01:40.306" level="INFO">Slept 2 seconds</msg>
<status status="PASS" starttime="20240102 15:01:38.304" endtime="20240102 15:01:40.306"/>
</kw>
<kw name="Wait Until Element Is Visible" library="SeleniumLibrary">
<arg>${Ya_Mengerti_Create}</arg>
<arg>timeout=10s</arg>
<doc>Waits until the element ``locator`` is visible.</doc>
<status status="PASS" starttime="20240102 15:01:40.306" endtime="20240102 15:01:40.348"/>
</kw>
<kw name="Log" library="BuiltIn">
<arg>Formulir telah berhasil dikirimkan</arg>
<doc>Logs the given message with the given level.</doc>
<msg timestamp="20240102 15:01:40.349" level="INFO">Formulir telah berhasil dikirimkan</msg>
<status status="PASS" starttime="20240102 15:01:40.348" endtime="20240102 15:01:40.349"/>
</kw>
<kw name="Capture Page Screenshot" library="SeleniumLibrary">
<doc>Takes a screenshot of the current page and embeds it into a log file.</doc>
<msg timestamp="20240102 15:01:40.601" level="INFO" html="true">&lt;/td&gt;&lt;/tr&gt;&lt;tr&gt;&lt;td colspan="3"&gt;&lt;a href="selenium-screenshot-8.png"&gt;&lt;img src="selenium-screenshot-8.png" width="800px"&gt;&lt;/a&gt;</msg>
<status status="PASS" starttime="20240102 15:01:40.349" endtime="20240102 15:01:40.601"/>
</kw>
<kw name="Sleep" library="BuiltIn">
<arg>2s</arg>
<doc>Pauses the test executed for the given time.</doc>
<msg timestamp="20240102 15:01:42.602" level="INFO">Slept 2 seconds</msg>
<status status="PASS" starttime="20240102 15:01:40.602" endtime="20240102 15:01:42.602"/>
</kw>
<kw name="Click Element" library="SeleniumLibrary">
<arg>${Ya_Mengerti_Create}</arg>
<doc>Click the element identified by ``locator``.</doc>
<msg timestamp="20240102 15:01:42.602" level="INFO">Clicking element 'xpath://div[@id='success-modal']//a[@class='btn-active py-4 px-5 rounded-3xl text-sm'][normalize-space()='Ya, Mengerti']'.</msg>
<status status="PASS" starttime="20240102 15:01:42.602" endtime="20240102 15:01:42.958"/>
</kw>
<kw name="Sleep" library="BuiltIn">
<arg>2s</arg>
<doc>Pauses the test executed for the given time.</doc>
<msg timestamp="20240102 15:01:44.958" level="INFO">Slept 2 seconds</msg>
<status status="PASS" starttime="20240102 15:01:42.958" endtime="20240102 15:01:44.958"/>
</kw>
<kw name="Capture Page Screenshot" library="SeleniumLibrary">
<doc>Takes a screenshot of the current page and embeds it into a log file.</doc>
<msg timestamp="20240102 15:01:45.210" level="INFO" html="true">&lt;/td&gt;&lt;/tr&gt;&lt;tr&gt;&lt;td colspan="3"&gt;&lt;a href="selenium-screenshot-9.png"&gt;&lt;img src="selenium-screenshot-9.png" width="800px"&gt;&lt;/a&gt;</msg>
<status status="PASS" starttime="20240102 15:01:44.958" endtime="20240102 15:01:45.210"/>
</kw>
<status status="PASS" starttime="20240102 15:01:38.304" endtime="20240102 15:01:45.210"/>
</kw>
<kw name="Close Browser" library="SeleniumLibrary">
<doc>Closes the current browser.</doc>
<status status="PASS" starttime="20240102 15:01:45.210" endtime="20240102 15:01:48.424"/>
</kw>
<doc>This test case verifies that user is able to create new merek</doc>
<tag>add</tag>
<status status="PASS" starttime="20240102 15:01:30.360" endtime="20240102 15:01:48.424"/>
</test>
<test id="s1-t3" name="Verify Create Data Merek Hanya Input Nama Merek" line="29">
<kw name="Open Browser" library="SeleniumLibrary">
<arg>${URL}</arg>
<arg>${BROWSER}</arg>
<doc>Opens a new browser instance to the optional ``url``.</doc>
<msg timestamp="20240102 15:01:48.428" level="INFO">Opening browser 'Chrome' to base url 'https://jba-aaas-cms-dev.aslcode.dev/branches'.</msg>
<status status="PASS" starttime="20240102 15:01:48.428" endtime="20240102 15:01:53.536"/>
</kw>
<kw name="Maximize Browser Window" library="SeleniumLibrary">
<doc>Maximizes current browser window.</doc>
<status status="PASS" starttime="20240102 15:01:53.537" endtime="20240102 15:01:53.658"/>
</kw>
<kw name="Click Modul Merek/Model/Type" library="modulMerekModelTypeResources">
<kw name="Click Element" library="SeleniumLibrary">
<arg>${modul_Merek_Model_Type}</arg>
<doc>Click the element identified by ``locator``.</doc>
<msg timestamp="20240102 15:01:53.658" level="INFO">Clicking element 'xpath://span[normalize-space()='Merek/Model/Tipe']'.</msg>
<status status="PASS" starttime="20240102 15:01:53.658" endtime="20240102 15:01:54.086"/>
</kw>
<kw name="Capture Page Screenshot" library="SeleniumLibrary">
<doc>Takes a screenshot of the current page and embeds it into a log file.</doc>
<msg timestamp="20240102 15:01:54.350" level="INFO" html="true">&lt;/td&gt;&lt;/tr&gt;&lt;tr&gt;&lt;td colspan="3"&gt;&lt;a href="selenium-screenshot-10.png"&gt;&lt;img src="selenium-screenshot-10.png" width="800px"&gt;&lt;/a&gt;</msg>
<status status="PASS" starttime="20240102 15:01:54.087" endtime="20240102 15:01:54.352"/>
</kw>
<status status="PASS" starttime="20240102 15:01:53.658" endtime="20240102 15:01:54.352"/>
</kw>
<kw name="Click Tab Merek" library="modulMerekModelTypeResources">
<kw name="Click Element" library="SeleniumLibrary">
<arg>${tab_merek}</arg>
<doc>Click the element identified by ``locator``.</doc>
<msg timestamp="20240102 15:01:54.354" level="INFO">Clicking element 'xpath://a[normalize-space()='Merek']'.</msg>
<status status="PASS" starttime="20240102 15:01:54.354" endtime="20240102 15:01:54.667"/>
</kw>
<kw name="Capture Page Screenshot" library="SeleniumLibrary">
<doc>Takes a screenshot of the current page and embeds it into a log file.</doc>
<msg timestamp="20240102 15:01:54.951" level="INFO" html="true">&lt;/td&gt;&lt;/tr&gt;&lt;tr&gt;&lt;td colspan="3"&gt;&lt;a href="selenium-screenshot-11.png"&gt;&lt;img src="selenium-screenshot-11.png" width="800px"&gt;&lt;/a&gt;</msg>
<status status="PASS" starttime="20240102 15:01:54.667" endtime="20240102 15:01:54.955"/>
</kw>
<status status="PASS" starttime="20240102 15:01:54.352" endtime="20240102 15:01:54.955"/>
</kw>
<kw name="Click Button Create" library="modulMerekModelTypeResources">
<kw name="Wait Until Element Is Visible" library="SeleniumLibrary">
<arg>${button_create}</arg>
<arg>timeout=10s</arg>
<doc>Waits until the element ``locator`` is visible.</doc>
<status status="PASS" starttime="20240102 15:01:54.955" endtime="20240102 15:01:55.018"/>
</kw>
<kw name="Click Button" library="SeleniumLibrary">
<arg>${button_create}</arg>
<doc>Clicks the button identified by ``locator``.</doc>
<msg timestamp="20240102 15:01:55.018" level="INFO">Clicking button 'xpath://button[@class='btn-active py-3 px-4 rounded-3xl flex items-center justify-center text-xs modal-button create-button']'.</msg>
<status status="PASS" starttime="20240102 15:01:55.018" endtime="20240102 15:01:55.177"/>
</kw>
<kw name="Capture Page Screenshot" library="SeleniumLibrary">
<doc>Takes a screenshot of the current page and embeds it into a log file.</doc>
<msg timestamp="20240102 15:01:55.585" level="INFO" html="true">&lt;/td&gt;&lt;/tr&gt;&lt;tr&gt;&lt;td colspan="3"&gt;&lt;a href="selenium-screenshot-12.png"&gt;&lt;img src="selenium-screenshot-12.png" width="800px"&gt;&lt;/a&gt;</msg>
<status status="PASS" starttime="20240102 15:01:55.179" endtime="20240102 15:01:55.585"/>
</kw>
<status status="PASS" starttime="20240102 15:01:54.955" endtime="20240102 15:01:55.586"/>
</kw>
<kw name="Input Field Nama Merek" library="modulMerekModelTypeResources">
<kw name="Click Element" library="SeleniumLibrary">
<arg>${input_nama_merek}</arg>
<doc>Click the element identified by ``locator``.</doc>
<msg timestamp="20240102 15:01:55.587" level="INFO">Clicking element 'xpath://div[@id='add-form-modal']//input[@name='name']'.</msg>
<status status="PASS" starttime="20240102 15:01:55.587" endtime="20240102 15:01:55.706"/>
</kw>
<kw name="Input Text" library="SeleniumLibrary">
<arg>${input_nama_merek}</arg>
<arg>${nama_merek}</arg>
<doc>Types the given ``text`` into the text field identified by ``locator``.</doc>
<msg timestamp="20240102 15:01:55.707" level="INFO">Typing text 'Automation' into text field 'xpath://div[@id='add-form-modal']//input[@name='name']'.</msg>
<status status="PASS" starttime="20240102 15:01:55.707" endtime="20240102 15:01:55.904"/>
</kw>
<kw name="Capture Page Screenshot" library="SeleniumLibrary">
<doc>Takes a screenshot of the current page and embeds it into a log file.</doc>
<msg timestamp="20240102 15:01:56.187" level="INFO" html="true">&lt;/td&gt;&lt;/tr&gt;&lt;tr&gt;&lt;td colspan="3"&gt;&lt;a href="selenium-screenshot-13.png"&gt;&lt;img src="selenium-screenshot-13.png" width="800px"&gt;&lt;/a&gt;</msg>
<status status="PASS" starttime="20240102 15:01:55.904" endtime="20240102 15:01:56.187"/>
</kw>
<status status="PASS" starttime="20240102 15:01:55.586" endtime="20240102 15:01:56.187"/>
</kw>
<kw name="Click Button Simpan" library="GlobalResources">
<kw name="Capture Page Screenshot" library="SeleniumLibrary">
<doc>Takes a screenshot of the current page and embeds it into a log file.</doc>
<msg timestamp="20240102 15:01:56.458" level="INFO" html="true">&lt;/td&gt;&lt;/tr&gt;&lt;tr&gt;&lt;td colspan="3"&gt;&lt;a href="selenium-screenshot-14.png"&gt;&lt;img src="selenium-screenshot-14.png" width="800px"&gt;&lt;/a&gt;</msg>
<status status="PASS" starttime="20240102 15:01:56.188" endtime="20240102 15:01:56.458"/>
</kw>
<kw name="Click Button" library="SeleniumLibrary">
<arg>${simpan}</arg>
<doc>Clicks the button identified by ``locator``.</doc>
<msg timestamp="20240102 15:01:56.458" level="INFO">Clicking button 'xpath://button[normalize-space()='Simpan']'.</msg>
<status status="PASS" starttime="20240102 15:01:56.458" endtime="20240102 15:01:56.594"/>
</kw>
<status status="PASS" starttime="20240102 15:01:56.187" endtime="20240102 15:01:56.594"/>
</kw>
<kw name="Verify Field Harus diisi" library="GlobalResources">
<kw name="Wait Until Page Contains" library="SeleniumLibrary">
<arg>${verify_wajib_isi}</arg>
<doc>Waits until ``text`` appears on the current page.</doc>
<status status="PASS" starttime="20240102 15:01:56.596" endtime="20240102 15:01:56.838"/>
</kw>
<kw name="Capture Page Screenshot" library="SeleniumLibrary">
<doc>Takes a screenshot of the current page and embeds it into a log file.</doc>
<msg timestamp="20240102 15:01:57.098" level="INFO" html="true">&lt;/td&gt;&lt;/tr&gt;&lt;tr&gt;&lt;td colspan="3"&gt;&lt;a href="selenium-screenshot-15.png"&gt;&lt;img src="selenium-screenshot-15.png" width="800px"&gt;&lt;/a&gt;</msg>
<status status="PASS" starttime="20240102 15:01:56.838" endtime="20240102 15:01:57.098"/>
</kw>
<status status="PASS" starttime="20240102 15:01:56.594" endtime="20240102 15:01:57.098"/>
</kw>
<kw name="Close Browser" library="SeleniumLibrary">
<doc>Closes the current browser.</doc>
<status status="PASS" starttime="20240102 15:01:57.098" endtime="20240102 15:01:59.923"/>
</kw>
<doc>This test case verifies that user is unable to create merek if only input nama merek</doc>
<tag>add</tag>
<status status="PASS" starttime="20240102 15:01:48.427" endtime="20240102 15:01:59.924"/>
</test>
<test id="s1-t4" name="Verify Create Data Merek Hanya Input Objek Lelang" line="41">
<kw name="Open Browser" library="SeleniumLibrary">
<arg>${URL}</arg>
<arg>${BROWSER}</arg>
<doc>Opens a new browser instance to the optional ``url``.</doc>
<msg timestamp="20240102 15:01:59.928" level="INFO">Opening browser 'Chrome' to base url 'https://jba-aaas-cms-dev.aslcode.dev/branches'.</msg>
<status status="PASS" starttime="20240102 15:01:59.927" endtime="20240102 15:02:04.802"/>
</kw>
<kw name="Maximize Browser Window" library="SeleniumLibrary">
<doc>Maximizes current browser window.</doc>
<status status="PASS" starttime="20240102 15:02:04.806" endtime="20240102 15:02:04.946"/>
</kw>
<kw name="Click Modul Merek/Model/Type" library="modulMerekModelTypeResources">
<kw name="Click Element" library="SeleniumLibrary">
<arg>${modul_Merek_Model_Type}</arg>
<doc>Click the element identified by ``locator``.</doc>
<msg timestamp="20240102 15:02:04.948" level="INFO">Clicking element 'xpath://span[normalize-space()='Merek/Model/Tipe']'.</msg>
<status status="PASS" starttime="20240102 15:02:04.948" endtime="20240102 15:02:05.699"/>
</kw>
<kw name="Capture Page Screenshot" library="SeleniumLibrary">
<doc>Takes a screenshot of the current page and embeds it into a log file.</doc>
<msg timestamp="20240102 15:02:05.986" level="INFO" html="true">&lt;/td&gt;&lt;/tr&gt;&lt;tr&gt;&lt;td colspan="3"&gt;&lt;a href="selenium-screenshot-16.png"&gt;&lt;img src="selenium-screenshot-16.png" width="800px"&gt;&lt;/a&gt;</msg>
<status status="PASS" starttime="20240102 15:02:05.699" endtime="20240102 15:02:05.986"/>
</kw>
<status status="PASS" starttime="20240102 15:02:04.947" endtime="20240102 15:02:05.986"/>
</kw>
<kw name="Click Tab Merek" library="modulMerekModelTypeResources">
<kw name="Click Element" library="SeleniumLibrary">
<arg>${tab_merek}</arg>
<doc>Click the element identified by ``locator``.</doc>
<msg timestamp="20240102 15:02:05.987" level="INFO">Clicking element 'xpath://a[normalize-space()='Merek']'.</msg>
<status status="PASS" starttime="20240102 15:02:05.987" endtime="20240102 15:02:06.304"/>
</kw>
<kw name="Capture Page Screenshot" library="SeleniumLibrary">
<doc>Takes a screenshot of the current page and embeds it into a log file.</doc>
<msg timestamp="20240102 15:02:06.548" level="INFO" html="true">&lt;/td&gt;&lt;/tr&gt;&lt;tr&gt;&lt;td colspan="3"&gt;&lt;a href="selenium-screenshot-17.png"&gt;&lt;img src="selenium-screenshot-17.png" width="800px"&gt;&lt;/a&gt;</msg>
<status status="PASS" starttime="20240102 15:02:06.304" endtime="20240102 15:02:06.548"/>
</kw>
<status status="PASS" starttime="20240102 15:02:05.987" endtime="20240102 15:02:06.548"/>
</kw>
<kw name="Click Button Create" library="modulMerekModelTypeResources">
<kw name="Wait Until Element Is Visible" library="SeleniumLibrary">
<arg>${button_create}</arg>
<arg>timeout=10s</arg>
<doc>Waits until the element ``locator`` is visible.</doc>
<status status="PASS" starttime="20240102 15:02:06.552" endtime="20240102 15:02:06.597"/>
</kw>
<kw name="Click Button" library="SeleniumLibrary">
<arg>${button_create}</arg>
<doc>Clicks the button identified by ``locator``.</doc>
<msg timestamp="20240102 15:02:06.597" level="INFO">Clicking button 'xpath://button[@class='btn-active py-3 px-4 rounded-3xl flex items-center justify-center text-xs modal-button create-button']'.</msg>
<status status="PASS" starttime="20240102 15:02:06.597" endtime="20240102 15:02:06.707"/>
</kw>
<kw name="Capture Page Screenshot" library="SeleniumLibrary">
<doc>Takes a screenshot of the current page and embeds it into a log file.</doc>
<msg timestamp="20240102 15:02:07.078" level="INFO" html="true">&lt;/td&gt;&lt;/tr&gt;&lt;tr&gt;&lt;td colspan="3"&gt;&lt;a href="selenium-screenshot-18.png"&gt;&lt;img src="selenium-screenshot-18.png" width="800px"&gt;&lt;/a&gt;</msg>
<status status="PASS" starttime="20240102 15:02:06.707" endtime="20240102 15:02:07.078"/>
</kw>
<status status="PASS" starttime="20240102 15:02:06.552" endtime="20240102 15:02:07.078"/>
</kw>
<kw name="Input Field objek lelang" library="modulMerekModelTypeResources">
<kw name="Wait Until Element Is Visible" library="SeleniumLibrary">
<arg>${dropdown_objek_lelang_create}</arg>
<arg>timeout=10s</arg>
<doc>Waits until the element ``locator`` is visible.</doc>
<status status="PASS" starttime="20240102 15:02:07.086" endtime="20240102 15:02:07.127"/>
</kw>
<kw name="Click Element" library="SeleniumLibrary">
<arg>${dropdown_objek_lelang_create}</arg>
<doc>Click the element identified by ``locator``.</doc>
<msg timestamp="20240102 15:02:07.127" level="INFO">Clicking element 'xpath://div[@class='h-12 dropdown selectable-input' and @id='selectable-input-object-category']'.</msg>
<status status="PASS" starttime="20240102 15:02:07.127" endtime="20240102 15:02:07.209"/>
</kw>
<kw name="Wait Until Element Is Visible" library="SeleniumLibrary">
<arg>${create_car}</arg>
<arg>timeout=10s</arg>
<doc>Waits until the element ``locator`` is visible.</doc>
<status status="PASS" starttime="20240102 15:02:07.209" endtime="20240102 15:02:07.244"/>
</kw>
<kw name="Click Element" library="SeleniumLibrary">
<arg>${create_car}</arg>
<doc>Click the element identified by ``locator``.</doc>
<msg timestamp="20240102 15:02:07.246" level="INFO">Clicking element '//div[@id='add-form-modal']//div//div//div//div//div[@class='w-full'][normalize-space()='Car']'.</msg>
<status status="PASS" starttime="20240102 15:02:07.244" endtime="20240102 15:02:07.317"/>
</kw>
<status status="PASS" starttime="20240102 15:02:07.086" endtime="20240102 15:02:07.317"/>
</kw>
<kw name="Click Button Simpan" library="GlobalResources">
<kw name="Capture Page Screenshot" library="SeleniumLibrary">
<doc>Takes a screenshot of the current page and embeds it into a log file.</doc>
<msg timestamp="20240102 15:02:07.580" level="INFO" html="true">&lt;/td&gt;&lt;/tr&gt;&lt;tr&gt;&lt;td colspan="3"&gt;&lt;a href="selenium-screenshot-19.png"&gt;&lt;img src="selenium-screenshot-19.png" width="800px"&gt;&lt;/a&gt;</msg>
<status status="PASS" starttime="20240102 15:02:07.318" endtime="20240102 15:02:07.580"/>
</kw>
<kw name="Click Button" library="SeleniumLibrary">
<arg>${simpan}</arg>
<doc>Clicks the button identified by ``locator``.</doc>
<msg timestamp="20240102 15:02:07.584" level="INFO">Clicking button 'xpath://button[normalize-space()='Simpan']'.</msg>
<status status="PASS" starttime="20240102 15:02:07.580" endtime="20240102 15:02:07.700"/>
</kw>
<status status="PASS" starttime="20240102 15:02:07.318" endtime="20240102 15:02:07.700"/>
</kw>
<kw name="Verify Field Harus diisi" library="GlobalResources">
<kw name="Wait Until Page Contains" library="SeleniumLibrary">
<arg>${verify_wajib_isi}</arg>
<doc>Waits until ``text`` appears on the current page.</doc>
<status status="PASS" starttime="20240102 15:02:07.701" endtime="20240102 15:02:07.957"/>
</kw>
<kw name="Capture Page Screenshot" library="SeleniumLibrary">
<doc>Takes a screenshot of the current page and embeds it into a log file.</doc>
<msg timestamp="20240102 15:02:08.233" level="INFO" html="true">&lt;/td&gt;&lt;/tr&gt;&lt;tr&gt;&lt;td colspan="3"&gt;&lt;a href="selenium-screenshot-20.png"&gt;&lt;img src="selenium-screenshot-20.png" width="800px"&gt;&lt;/a&gt;</msg>
<status status="PASS" starttime="20240102 15:02:07.957" endtime="20240102 15:02:08.233"/>
</kw>
<status status="PASS" starttime="20240102 15:02:07.701" endtime="20240102 15:02:08.233"/>
</kw>
<kw name="Close Browser" library="SeleniumLibrary">
<doc>Closes the current browser.</doc>
<status status="PASS" starttime="20240102 15:02:08.233" endtime="20240102 15:02:11.167"/>
</kw>
<doc>This test case verifies that user is unable to create merek if only input objek lelang</doc>
<tag>add</tag>
<status status="PASS" starttime="20240102 15:01:59.924" endtime="20240102 15:02:11.167"/>
</test>
<test id="s1-t5" name="Verify Create Data Merek Blank field Objek Lelang dan Merek" line="53">
<kw name="Open Browser" library="SeleniumLibrary">
<arg>${URL}</arg>
<arg>${BROWSER}</arg>
<doc>Opens a new browser instance to the optional ``url``.</doc>
<msg timestamp="20240102 15:02:11.167" level="INFO">Opening browser 'Chrome' to base url 'https://jba-aaas-cms-dev.aslcode.dev/branches'.</msg>
<status status="PASS" starttime="20240102 15:02:11.167" endtime="20240102 15:02:16.170"/>
</kw>
<kw name="Maximize Browser Window" library="SeleniumLibrary">
<doc>Maximizes current browser window.</doc>
<status status="PASS" starttime="20240102 15:02:16.171" endtime="20240102 15:02:16.291"/>
</kw>
<kw name="Click Modul Merek/Model/Type" library="modulMerekModelTypeResources">
<kw name="Click Element" library="SeleniumLibrary">
<arg>${modul_Merek_Model_Type}</arg>
<doc>Click the element identified by ``locator``.</doc>
<msg timestamp="20240102 15:02:16.295" level="INFO">Clicking element 'xpath://span[normalize-space()='Merek/Model/Tipe']'.</msg>
<status status="PASS" starttime="20240102 15:02:16.291" endtime="20240102 15:02:16.701"/>
</kw>
<kw name="Capture Page Screenshot" library="SeleniumLibrary">
<doc>Takes a screenshot of the current page and embeds it into a log file.</doc>
<msg timestamp="20240102 15:02:16.961" level="INFO" html="true">&lt;/td&gt;&lt;/tr&gt;&lt;tr&gt;&lt;td colspan="3"&gt;&lt;a href="selenium-screenshot-21.png"&gt;&lt;img src="selenium-screenshot-21.png" width="800px"&gt;&lt;/a&gt;</msg>
<status status="PASS" starttime="20240102 15:02:16.701" endtime="20240102 15:02:16.961"/>
</kw>
<status status="PASS" starttime="20240102 15:02:16.291" endtime="20240102 15:02:16.961"/>
</kw>
<kw name="Click Tab Merek" library="modulMerekModelTypeResources">
<kw name="Click Element" library="SeleniumLibrary">
<arg>${tab_merek}</arg>
<doc>Click the element identified by ``locator``.</doc>
<msg timestamp="20240102 15:02:16.964" level="INFO">Clicking element 'xpath://a[normalize-space()='Merek']'.</msg>
<status status="PASS" starttime="20240102 15:02:16.963" endtime="20240102 15:02:17.398"/>
</kw>
<kw name="Capture Page Screenshot" library="SeleniumLibrary">
<doc>Takes a screenshot of the current page and embeds it into a log file.</doc>
<msg timestamp="20240102 15:02:17.662" level="INFO" html="true">&lt;/td&gt;&lt;/tr&gt;&lt;tr&gt;&lt;td colspan="3"&gt;&lt;a href="selenium-screenshot-22.png"&gt;&lt;img src="selenium-screenshot-22.png" width="800px"&gt;&lt;/a&gt;</msg>
<status status="PASS" starttime="20240102 15:02:17.398" endtime="20240102 15:02:17.662"/>
</kw>
<status status="PASS" starttime="20240102 15:02:16.961" endtime="20240102 15:02:17.662"/>
</kw>
<kw name="Click Button Create" library="modulMerekModelTypeResources">
<kw name="Wait Until Element Is Visible" library="SeleniumLibrary">
<arg>${button_create}</arg>
<arg>timeout=10s</arg>
<doc>Waits until the element ``locator`` is visible.</doc>
<status status="PASS" starttime="20240102 15:02:17.662" endtime="20240102 15:02:17.707"/>
</kw>
<kw name="Click Button" library="SeleniumLibrary">
<arg>${button_create}</arg>
<doc>Clicks the button identified by ``locator``.</doc>
<msg timestamp="20240102 15:02:17.707" level="INFO">Clicking button 'xpath://button[@class='btn-active py-3 px-4 rounded-3xl flex items-center justify-center text-xs modal-button create-button']'.</msg>
<status status="PASS" starttime="20240102 15:02:17.707" endtime="20240102 15:02:17.813"/>
</kw>
<kw name="Capture Page Screenshot" library="SeleniumLibrary">
<doc>Takes a screenshot of the current page and embeds it into a log file.</doc>
<msg timestamp="20240102 15:02:18.208" level="INFO" html="true">&lt;/td&gt;&lt;/tr&gt;&lt;tr&gt;&lt;td colspan="3"&gt;&lt;a href="selenium-screenshot-23.png"&gt;&lt;img src="selenium-screenshot-23.png" width="800px"&gt;&lt;/a&gt;</msg>
<status status="PASS" starttime="20240102 15:02:17.813" endtime="20240102 15:02:18.208"/>
</kw>
<status status="PASS" starttime="20240102 15:02:17.662" endtime="20240102 15:02:18.208"/>
</kw>
<kw name="Click Button Simpan" library="GlobalResources">
<kw name="Capture Page Screenshot" library="SeleniumLibrary">
<doc>Takes a screenshot of the current page and embeds it into a log file.</doc>
<msg timestamp="20240102 15:02:18.458" level="INFO" html="true">&lt;/td&gt;&lt;/tr&gt;&lt;tr&gt;&lt;td colspan="3"&gt;&lt;a href="selenium-screenshot-24.png"&gt;&lt;img src="selenium-screenshot-24.png" width="800px"&gt;&lt;/a&gt;</msg>
<status status="PASS" starttime="20240102 15:02:18.208" endtime="20240102 15:02:18.460"/>
</kw>
<kw name="Click Button" library="SeleniumLibrary">
<arg>${simpan}</arg>
<doc>Clicks the button identified by ``locator``.</doc>
<msg timestamp="20240102 15:02:18.460" level="INFO">Clicking button 'xpath://button[normalize-space()='Simpan']'.</msg>
<status status="PASS" starttime="20240102 15:02:18.460" endtime="20240102 15:02:18.563"/>
</kw>
<status status="PASS" starttime="20240102 15:02:18.208" endtime="20240102 15:02:18.565"/>
</kw>
<kw name="Verify Field Harus diisi" library="GlobalResources">
<kw name="Wait Until Page Contains" library="SeleniumLibrary">
<arg>${verify_wajib_isi}</arg>
<doc>Waits until ``text`` appears on the current page.</doc>
<status status="PASS" starttime="20240102 15:02:18.565" endtime="20240102 15:02:18.807"/>
</kw>
<kw name="Capture Page Screenshot" library="SeleniumLibrary">
<doc>Takes a screenshot of the current page and embeds it into a log file.</doc>
<msg timestamp="20240102 15:02:19.067" level="INFO" html="true">&lt;/td&gt;&lt;/tr&gt;&lt;tr&gt;&lt;td colspan="3"&gt;&lt;a href="selenium-screenshot-25.png"&gt;&lt;img src="selenium-screenshot-25.png" width="800px"&gt;&lt;/a&gt;</msg>
<status status="PASS" starttime="20240102 15:02:18.807" endtime="20240102 15:02:19.067"/>
</kw>
<status status="PASS" starttime="20240102 15:02:18.565" endtime="20240102 15:02:19.067"/>
</kw>
<kw name="Close Browser" library="SeleniumLibrary">
<doc>Closes the current browser.</doc>
<status status="PASS" starttime="20240102 15:02:19.068" endtime="20240102 15:02:21.973"/>
</kw>
<doc>This test case verifies that user is unable to create merek if Blank field Objek Lelang and Merek</doc>
<tag>add</tag>
<status status="PASS" starttime="20240102 15:02:11.167" endtime="20240102 15:02:21.973"/>
</test>
<test id="s1-t6" name="Verify Successful Search by Nama Merek" line="64">
<kw name="Open Browser" library="SeleniumLibrary">
<arg>${URL}</arg>
<arg>${BROWSER}</arg>
<doc>Opens a new browser instance to the optional ``url``.</doc>
<msg timestamp="20240102 15:02:21.977" level="INFO">Opening browser 'Chrome' to base url 'https://jba-aaas-cms-dev.aslcode.dev/branches'.</msg>
<status status="PASS" starttime="20240102 15:02:21.977" endtime="20240102 15:02:26.917"/>
</kw>
<kw name="Maximize Browser Window" library="SeleniumLibrary">
<doc>Maximizes current browser window.</doc>
<status status="PASS" starttime="20240102 15:02:26.918" endtime="20240102 15:02:27.052"/>
</kw>
<kw name="Click Modul Merek/Model/Type" library="modulMerekModelTypeResources">
<kw name="Click Element" library="SeleniumLibrary">
<arg>${modul_Merek_Model_Type}</arg>
<doc>Click the element identified by ``locator``.</doc>
<msg timestamp="20240102 15:02:27.054" level="INFO">Clicking element 'xpath://span[normalize-space()='Merek/Model/Tipe']'.</msg>
<status status="PASS" starttime="20240102 15:02:27.053" endtime="20240102 15:02:27.508"/>
</kw>
<kw name="Capture Page Screenshot" library="SeleniumLibrary">
<doc>Takes a screenshot of the current page and embeds it into a log file.</doc>
<msg timestamp="20240102 15:02:27.768" level="INFO" html="true">&lt;/td&gt;&lt;/tr&gt;&lt;tr&gt;&lt;td colspan="3"&gt;&lt;a href="selenium-screenshot-26.png"&gt;&lt;img src="selenium-screenshot-26.png" width="800px"&gt;&lt;/a&gt;</msg>
<status status="PASS" starttime="20240102 15:02:27.508" endtime="20240102 15:02:27.769"/>
</kw>
<status status="PASS" starttime="20240102 15:02:27.053" endtime="20240102 15:02:27.769"/>
</kw>
<kw name="Click Tab Merek" library="modulMerekModelTypeResources">
<kw name="Click Element" library="SeleniumLibrary">
<arg>${tab_merek}</arg>
<doc>Click the element identified by ``locator``.</doc>
<msg timestamp="20240102 15:02:27.770" level="INFO">Clicking element 'xpath://a[normalize-space()='Merek']'.</msg>
<status status="PASS" starttime="20240102 15:02:27.769" endtime="20240102 15:02:28.119"/>
</kw>
<kw name="Capture Page Screenshot" library="SeleniumLibrary">
<doc>Takes a screenshot of the current page and embeds it into a log file.</doc>
<msg timestamp="20240102 15:02:28.431" level="INFO" html="true">&lt;/td&gt;&lt;/tr&gt;&lt;tr&gt;&lt;td colspan="3"&gt;&lt;a href="selenium-screenshot-27.png"&gt;&lt;img src="selenium-screenshot-27.png" width="800px"&gt;&lt;/a&gt;</msg>
<status status="PASS" starttime="20240102 15:02:28.120" endtime="20240102 15:02:28.431"/>
</kw>
<status status="PASS" starttime="20240102 15:02:27.769" endtime="20240102 15:02:28.431"/>
</kw>
<kw name="Search Nama Merek" library="modulMerekModelTypeResources">
<kw name="Input Text" library="SeleniumLibrary">
<arg>${input_search}</arg>
<arg>${search_nama_merek}</arg>
<doc>Types the given ``text`` into the text field identified by ``locator``.</doc>
<msg timestamp="20240102 15:02:28.437" level="INFO">Typing text 'Automation' into text field 'xpath://input[@id='searchTable']'.</msg>
<status status="PASS" starttime="20240102 15:02:28.431" endtime="20240102 15:02:28.651"/>
</kw>
<kw name="Press Keys" library="SeleniumLibrary">
<arg>${input_search}</arg>
<arg>ENTER</arg>
<doc>Simulates the user pressing key(s) to an element or on the active browser.</doc>
<msg timestamp="20240102 15:02:28.651" level="INFO">Sending key(s) ('ENTER',) to xpath://input[@id='searchTable'] element.</msg>
<msg timestamp="20240102 15:02:28.938" level="INFO">Pressing special key ENTER to element.</msg>
<msg timestamp="20240102 15:02:28.938" level="INFO">Releasing special key ENTER.</msg>
<status status="PASS" starttime="20240102 15:02:28.651" endtime="20240102 15:02:29.173"/>
</kw>
<kw name="Capture Page Screenshot" library="SeleniumLibrary">
<doc>Takes a screenshot of the current page and embeds it into a log file.</doc>
<msg timestamp="20240102 15:02:29.451" level="INFO" html="true">&lt;/td&gt;&lt;/tr&gt;&lt;tr&gt;&lt;td colspan="3"&gt;&lt;a href="selenium-screenshot-28.png"&gt;&lt;img src="selenium-screenshot-28.png" width="800px"&gt;&lt;/a&gt;</msg>
<status status="PASS" starttime="20240102 15:02:29.173" endtime="20240102 15:02:29.451"/>
</kw>
<kw name="Element Should Be Visible" library="SeleniumLibrary">
<arg>${edit}</arg>
<doc>Verifies that the element identified by ``locator`` is visible.</doc>
<msg timestamp="20240102 15:02:29.501" level="INFO">Element 'xpath://button[@target='edit-form']' is displayed.</msg>
<status status="PASS" starttime="20240102 15:02:29.451" endtime="20240102 15:02:29.501"/>
</kw>
<status status="PASS" starttime="20240102 15:02:28.431" endtime="20240102 15:02:29.501"/>
</kw>
<kw name="Close Browser" library="SeleniumLibrary">
<doc>Closes the current browser.</doc>
<status status="PASS" starttime="20240102 15:02:29.501" endtime="20240102 15:02:32.354"/>
</kw>
<doc>This test case verifies that user is able to Search by Nama Merek</doc>
<tag>search</tag>
<status status="PASS" starttime="20240102 15:02:21.976" endtime="20240102 15:02:32.355"/>
</test>
<test id="s1-t7" name="Verify Successful Search by Objek Lelang" line="73">
<kw name="Open Browser" library="SeleniumLibrary">
<arg>${URL}</arg>
<arg>${BROWSER}</arg>
<doc>Opens a new browser instance to the optional ``url``.</doc>
<msg timestamp="20240102 15:02:32.359" level="INFO">Opening browser 'Chrome' to base url 'https://jba-aaas-cms-dev.aslcode.dev/branches'.</msg>
<status status="PASS" starttime="20240102 15:02:32.358" endtime="20240102 15:02:37.140"/>
</kw>
<kw name="Maximize Browser Window" library="SeleniumLibrary">
<doc>Maximizes current browser window.</doc>
<status status="PASS" starttime="20240102 15:02:37.140" endtime="20240102 15:02:37.275"/>
</kw>
<kw name="Click Modul Merek/Model/Type" library="modulMerekModelTypeResources">
<kw name="Click Element" library="SeleniumLibrary">
<arg>${modul_Merek_Model_Type}</arg>
<doc>Click the element identified by ``locator``.</doc>
<msg timestamp="20240102 15:02:37.277" level="INFO">Clicking element 'xpath://span[normalize-space()='Merek/Model/Tipe']'.</msg>
<status status="PASS" starttime="20240102 15:02:37.275" endtime="20240102 15:02:37.640"/>
</kw>
<kw name="Capture Page Screenshot" library="SeleniumLibrary">
<doc>Takes a screenshot of the current page and embeds it into a log file.</doc>
<msg timestamp="20240102 15:02:37.911" level="INFO" html="true">&lt;/td&gt;&lt;/tr&gt;&lt;tr&gt;&lt;td colspan="3"&gt;&lt;a href="selenium-screenshot-29.png"&gt;&lt;img src="selenium-screenshot-29.png" width="800px"&gt;&lt;/a&gt;</msg>
<status status="PASS" starttime="20240102 15:02:37.640" endtime="20240102 15:02:37.911"/>
</kw>
<status status="PASS" starttime="20240102 15:02:37.275" endtime="20240102 15:02:37.912"/>
</kw>
<kw name="Click Tab Merek" library="modulMerekModelTypeResources">
<kw name="Click Element" library="SeleniumLibrary">
<arg>${tab_merek}</arg>
<doc>Click the element identified by ``locator``.</doc>
<msg timestamp="20240102 15:02:37.914" level="INFO">Clicking element 'xpath://a[normalize-space()='Merek']'.</msg>
<status status="PASS" starttime="20240102 15:02:37.913" endtime="20240102 15:02:38.250"/>
</kw>
<kw name="Capture Page Screenshot" library="SeleniumLibrary">
<doc>Takes a screenshot of the current page and embeds it into a log file.</doc>
<msg timestamp="20240102 15:02:38.542" level="INFO" html="true">&lt;/td&gt;&lt;/tr&gt;&lt;tr&gt;&lt;td colspan="3"&gt;&lt;a href="selenium-screenshot-30.png"&gt;&lt;img src="selenium-screenshot-30.png" width="800px"&gt;&lt;/a&gt;</msg>
<status status="PASS" starttime="20240102 15:02:38.250" endtime="20240102 15:02:38.542"/>
</kw>
<status status="PASS" starttime="20240102 15:02:37.913" endtime="20240102 15:02:38.542"/>
</kw>
<kw name="Search Objek Lelang" library="modulMerekModelTypeResources">
<kw name="Input Text" library="SeleniumLibrary">
<arg>${input_search}</arg>
<arg>${search_objek_lelang}</arg>
<doc>Types the given ``text`` into the text field identified by ``locator``.</doc>
<msg timestamp="20240102 15:02:38.543" level="INFO">Typing text 'bike' into text field 'xpath://input[@id='searchTable']'.</msg>
<status status="PASS" starttime="20240102 15:02:38.543" endtime="20240102 15:02:38.725"/>
</kw>
<kw name="Press Keys" library="SeleniumLibrary">
<arg>${input_search}</arg>
<arg>ENTER</arg>
<doc>Simulates the user pressing key(s) to an element or on the active browser.</doc>
<msg timestamp="20240102 15:02:38.726" level="INFO">Sending key(s) ('ENTER',) to xpath://input[@id='searchTable'] element.</msg>
<msg timestamp="20240102 15:02:39.022" level="INFO">Pressing special key ENTER to element.</msg>
<msg timestamp="20240102 15:02:39.022" level="INFO">Releasing special key ENTER.</msg>
<status status="PASS" starttime="20240102 15:02:38.725" endtime="20240102 15:02:39.288"/>
</kw>
<kw name="Capture Page Screenshot" library="SeleniumLibrary">
<doc>Takes a screenshot of the current page and embeds it into a log file.</doc>
<msg timestamp="20240102 15:02:39.566" level="INFO" html="true">&lt;/td&gt;&lt;/tr&gt;&lt;tr&gt;&lt;td colspan="3"&gt;&lt;a href="selenium-screenshot-31.png"&gt;&lt;img src="selenium-screenshot-31.png" width="800px"&gt;&lt;/a&gt;</msg>
<status status="PASS" starttime="20240102 15:02:39.288" endtime="20240102 15:02:39.566"/>
</kw>
<kw name="Element Should Be Visible" library="SeleniumLibrary">
<arg>${edit}</arg>
<doc>Verifies that the element identified by ``locator`` is visible.</doc>
<msg timestamp="20240102 15:02:39.608" level="INFO">Element 'xpath://button[@target='edit-form']' is displayed.</msg>
<status status="PASS" starttime="20240102 15:02:39.566" endtime="20240102 15:02:39.609"/>
</kw>
<status status="PASS" starttime="20240102 15:02:38.542" endtime="20240102 15:02:39.609"/>
</kw>
<kw name="Close Browser" library="SeleniumLibrary">
<doc>Closes the current browser.</doc>
<status status="PASS" starttime="20240102 15:02:39.609" endtime="20240102 15:02:42.469"/>
</kw>
<doc>This test case verifies that user is able to Search by Objek lelang</doc>
<tag>search</tag>
<status status="PASS" starttime="20240102 15:02:32.357" endtime="20240102 15:02:42.470"/>
</test>
<test id="s1-t8" name="Verify Successful Search by Simbol" line="82">
<kw name="Open Browser" library="SeleniumLibrary">
<arg>${URL}</arg>
<arg>${BROWSER}</arg>
<doc>Opens a new browser instance to the optional ``url``.</doc>
<msg timestamp="20240102 15:02:42.474" level="INFO">Opening browser 'Chrome' to base url 'https://jba-aaas-cms-dev.aslcode.dev/branches'.</msg>
<status status="PASS" starttime="20240102 15:02:42.473" endtime="20240102 15:02:47.038"/>
</kw>
<kw name="Maximize Browser Window" library="SeleniumLibrary">
<doc>Maximizes current browser window.</doc>
<status status="PASS" starttime="20240102 15:02:47.038" endtime="20240102 15:02:47.170"/>
</kw>
<kw name="Click Modul Merek/Model/Type" library="modulMerekModelTypeResources">
<kw name="Click Element" library="SeleniumLibrary">
<arg>${modul_Merek_Model_Type}</arg>
<doc>Click the element identified by ``locator``.</doc>
<msg timestamp="20240102 15:02:47.172" level="INFO">Clicking element 'xpath://span[normalize-space()='Merek/Model/Tipe']'.</msg>
<status status="PASS" starttime="20240102 15:02:47.171" endtime="20240102 15:02:47.589"/>
</kw>
<kw name="Capture Page Screenshot" library="SeleniumLibrary">
<doc>Takes a screenshot of the current page and embeds it into a log file.</doc>
<msg timestamp="20240102 15:02:47.855" level="INFO" html="true">&lt;/td&gt;&lt;/tr&gt;&lt;tr&gt;&lt;td colspan="3"&gt;&lt;a href="selenium-screenshot-32.png"&gt;&lt;img src="selenium-screenshot-32.png" width="800px"&gt;&lt;/a&gt;</msg>
<status status="PASS" starttime="20240102 15:02:47.589" endtime="20240102 15:02:47.855"/>
</kw>
<status status="PASS" starttime="20240102 15:02:47.171" endtime="20240102 15:02:47.855"/>
</kw>
<kw name="Click Tab Merek" library="modulMerekModelTypeResources">
<kw name="Click Element" library="SeleniumLibrary">
<arg>${tab_merek}</arg>
<doc>Click the element identified by ``locator``.</doc>
<msg timestamp="20240102 15:02:47.857" level="INFO">Clicking element 'xpath://a[normalize-space()='Merek']'.</msg>
<status status="PASS" starttime="20240102 15:02:47.856" endtime="20240102 15:02:48.169"/>
</kw>
<kw name="Capture Page Screenshot" library="SeleniumLibrary">
<doc>Takes a screenshot of the current page and embeds it into a log file.</doc>
<msg timestamp="20240102 15:02:48.446" level="INFO" html="true">&lt;/td&gt;&lt;/tr&gt;&lt;tr&gt;&lt;td colspan="3"&gt;&lt;a href="selenium-screenshot-33.png"&gt;&lt;img src="selenium-screenshot-33.png" width="800px"&gt;&lt;/a&gt;</msg>
<status status="PASS" starttime="20240102 15:02:48.169" endtime="20240102 15:02:48.446"/>
</kw>
<status status="PASS" starttime="20240102 15:02:47.856" endtime="20240102 15:02:48.446"/>
</kw>
<kw name="Search By Simbol" library="GlobalResources">
<kw name="Input Text" library="SeleniumLibrary">
<arg>${input_search}</arg>
<arg>${simbol}</arg>
<doc>Types the given ``text`` into the text field identified by ``locator``.</doc>
<msg timestamp="20240102 15:02:48.448" level="INFO">Typing text '%' into text field 'xpath://input[@id='searchTable']'.</msg>
<status status="PASS" starttime="20240102 15:02:48.447" endtime="20240102 15:02:48.641"/>
</kw>
<kw name="Press Keys" library="SeleniumLibrary">
<arg>${input_search}</arg>
<arg>ENTER</arg>
<doc>Simulates the user pressing key(s) to an element or on the active browser.</doc>
<msg timestamp="20240102 15:02:48.644" level="INFO">Sending key(s) ('ENTER',) to xpath://input[@id='searchTable'] element.</msg>
<msg timestamp="20240102 15:02:48.936" level="INFO">Pressing special key ENTER to element.</msg>
<msg timestamp="20240102 15:02:48.936" level="INFO">Releasing special key ENTER.</msg>
<status status="PASS" starttime="20240102 15:02:48.643" endtime="20240102 15:02:49.254"/>
</kw>
<kw name="Capture Page Screenshot" library="SeleniumLibrary">
<doc>Takes a screenshot of the current page and embeds it into a log file.</doc>
<msg timestamp="20240102 15:02:49.515" level="INFO" html="true">&lt;/td&gt;&lt;/tr&gt;&lt;tr&gt;&lt;td colspan="3"&gt;&lt;a href="selenium-screenshot-34.png"&gt;&lt;img src="selenium-screenshot-34.png" width="800px"&gt;&lt;/a&gt;</msg>
<status status="PASS" starttime="20240102 15:02:49.254" endtime="20240102 15:02:49.516"/>
</kw>
<status status="PASS" starttime="20240102 15:02:48.447" endtime="20240102 15:02:49.516"/>
</kw>
<kw name="Close Browser" library="SeleniumLibrary">
<doc>Closes the current browser.</doc>
<status status="PASS" starttime="20240102 15:02:49.517" endtime="20240102 15:02:52.293"/>
</kw>
<doc>This test case verifies when user Search by Simbol Nothing Data Present</doc>
<tag>search</tag>
<status status="PASS" starttime="20240102 15:02:42.472" endtime="20240102 15:02:52.293"/>
</test>
<test id="s1-t9" name="Verify Search Blank search" line="91">
<kw name="Open Browser" library="SeleniumLibrary">
<arg>${URL}</arg>
<arg>${BROWSER}</arg>
<doc>Opens a new browser instance to the optional ``url``.</doc>
<msg timestamp="20240102 15:02:52.298" level="INFO">Opening browser 'Chrome' to base url 'https://jba-aaas-cms-dev.aslcode.dev/branches'.</msg>
<status status="PASS" starttime="20240102 15:02:52.296" endtime="20240102 15:02:59.240"/>
</kw>
<kw name="Maximize Browser Window" library="SeleniumLibrary">
<doc>Maximizes current browser window.</doc>
<status status="PASS" starttime="20240102 15:02:59.242" endtime="20240102 15:02:59.365"/>
</kw>
<kw name="Click Modul Merek/Model/Type" library="modulMerekModelTypeResources">
<kw name="Click Element" library="SeleniumLibrary">
<arg>${modul_Merek_Model_Type}</arg>
<doc>Click the element identified by ``locator``.</doc>
<msg timestamp="20240102 15:02:59.368" level="INFO">Clicking element 'xpath://span[normalize-space()='Merek/Model/Tipe']'.</msg>
<status status="PASS" starttime="20240102 15:02:59.367" endtime="20240102 15:03:00.076"/>
</kw>
<kw name="Capture Page Screenshot" library="SeleniumLibrary">
<doc>Takes a screenshot of the current page and embeds it into a log file.</doc>
<msg timestamp="20240102 15:03:00.319" level="INFO" html="true">&lt;/td&gt;&lt;/tr&gt;&lt;tr&gt;&lt;td colspan="3"&gt;&lt;a href="selenium-screenshot-35.png"&gt;&lt;img src="selenium-screenshot-35.png" width="800px"&gt;&lt;/a&gt;</msg>
<status status="PASS" starttime="20240102 15:03:00.076" endtime="20240102 15:03:00.319"/>
</kw>
<status status="PASS" starttime="20240102 15:02:59.367" endtime="20240102 15:03:00.319"/>
</kw>
<kw name="Click Tab Merek" library="modulMerekModelTypeResources">
<kw name="Click Element" library="SeleniumLibrary">
<arg>${tab_merek}</arg>
<doc>Click the element identified by ``locator``.</doc>
<msg timestamp="20240102 15:03:00.320" level="INFO">Clicking element 'xpath://a[normalize-space()='Merek']'.</msg>
<status status="PASS" starttime="20240102 15:03:00.319" endtime="20240102 15:03:03.170"/>
</kw>
<kw name="Capture Page Screenshot" library="SeleniumLibrary">
<doc>Takes a screenshot of the current page and embeds it into a log file.</doc>
<msg timestamp="20240102 15:03:03.431" level="INFO" html="true">&lt;/td&gt;&lt;/tr&gt;&lt;tr&gt;&lt;td colspan="3"&gt;&lt;a href="selenium-screenshot-36.png"&gt;&lt;img src="selenium-screenshot-36.png" width="800px"&gt;&lt;/a&gt;</msg>
<status status="PASS" starttime="20240102 15:03:03.170" endtime="20240102 15:03:03.431"/>
</kw>
<status status="PASS" starttime="20240102 15:03:00.319" endtime="20240102 15:03:03.431"/>
</kw>
<kw name="Search Blank search" library="GlobalResources">
<kw name="Click Element" library="SeleniumLibrary">
<arg>${input_search}</arg>
<doc>Click the element identified by ``locator``.</doc>
<msg timestamp="20240102 15:03:03.434" level="INFO">Clicking element 'xpath://input[@id='searchTable']'.</msg>
<status status="PASS" starttime="20240102 15:03:03.433" endtime="20240102 15:03:03.529"/>
</kw>
<kw name="Set Focus To Element" library="SeleniumLibrary">
<arg>${input_search}</arg>
<doc>Sets the focus to the element identified by ``locator``.</doc>
<status status="PASS" starttime="20240102 15:03:03.529" endtime="20240102 15:03:03.554"/>
</kw>
<kw name="Press Keys" library="SeleniumLibrary">
<arg>${input_search}</arg>
<arg>ENTER</arg>
<doc>Simulates the user pressing key(s) to an element or on the active browser.</doc>
<msg timestamp="20240102 15:03:03.557" level="INFO">Sending key(s) ('ENTER',) to xpath://input[@id='searchTable'] element.</msg>
<msg timestamp="20240102 15:03:03.840" level="INFO">Pressing special key ENTER to element.</msg>
<msg timestamp="20240102 15:03:03.840" level="INFO">Releasing special key ENTER.</msg>
<status status="PASS" starttime="20240102 15:03:03.556" endtime="20240102 15:03:03.850"/>
</kw>
<kw name="Capture Page Screenshot" library="SeleniumLibrary">
<doc>Takes a screenshot of the current page and embeds it into a log file.</doc>
<msg timestamp="20240102 15:03:04.134" level="INFO" html="true">&lt;/td&gt;&lt;/tr&gt;&lt;tr&gt;&lt;td colspan="3"&gt;&lt;a href="selenium-screenshot-37.png"&gt;&lt;img src="selenium-screenshot-37.png" width="800px"&gt;&lt;/a&gt;</msg>
<status status="PASS" starttime="20240102 15:03:03.850" endtime="20240102 15:03:04.135"/>
</kw>
<status status="PASS" starttime="20240102 15:03:03.433" endtime="20240102 15:03:04.135"/>
</kw>
<kw name="Close Browser" library="SeleniumLibrary">
<doc>Closes the current browser.</doc>
<status status="PASS" starttime="20240102 15:03:04.136" endtime="20240102 15:03:06.947"/>
</kw>
<doc>This test case verifies when search with blank search nothing happen</doc>
<tag>search</tag>
<status status="PASS" starttime="20240102 15:02:52.295" endtime="20240102 15:03:06.948"/>
</test>
<test id="s1-t10" name="Verify Successful Edit Data Merek" line="100">
<kw name="Open Browser" library="SeleniumLibrary">
<arg>${URL}</arg>
<arg>${BROWSER}</arg>
<doc>Opens a new browser instance to the optional ``url``.</doc>
<msg timestamp="20240102 15:03:06.950" level="INFO">Opening browser 'Chrome' to base url 'https://jba-aaas-cms-dev.aslcode.dev/branches'.</msg>
<status status="PASS" starttime="20240102 15:03:06.950" endtime="20240102 15:03:15.002"/>
</kw>
<kw name="Maximize Browser Window" library="SeleniumLibrary">
<doc>Maximizes current browser window.</doc>
<status status="PASS" starttime="20240102 15:03:15.002" endtime="20240102 15:03:15.159"/>
</kw>
<kw name="Click Modul Merek/Model/Type" library="modulMerekModelTypeResources">
<kw name="Click Element" library="SeleniumLibrary">
<arg>${modul_Merek_Model_Type}</arg>
<doc>Click the element identified by ``locator``.</doc>
<msg timestamp="20240102 15:03:15.160" level="INFO">Clicking element 'xpath://span[normalize-space()='Merek/Model/Tipe']'.</msg>
<status status="PASS" starttime="20240102 15:03:15.159" endtime="20240102 15:03:16.071"/>
</kw>
<kw name="Capture Page Screenshot" library="SeleniumLibrary">
<doc>Takes a screenshot of the current page and embeds it into a log file.</doc>
<msg timestamp="20240102 15:03:16.366" level="INFO" html="true">&lt;/td&gt;&lt;/tr&gt;&lt;tr&gt;&lt;td colspan="3"&gt;&lt;a href="selenium-screenshot-38.png"&gt;&lt;img src="selenium-screenshot-38.png" width="800px"&gt;&lt;/a&gt;</msg>
<status status="PASS" starttime="20240102 15:03:16.071" endtime="20240102 15:03:16.367"/>
</kw>
<status status="PASS" starttime="20240102 15:03:15.159" endtime="20240102 15:03:16.367"/>
</kw>
<kw name="Click Tab Merek" library="modulMerekModelTypeResources">
<kw name="Click Element" library="SeleniumLibrary">
<arg>${tab_merek}</arg>
<doc>Click the element identified by ``locator``.</doc>
<msg timestamp="20240102 15:03:16.368" level="INFO">Clicking element 'xpath://a[normalize-space()='Merek']'.</msg>
<status status="PASS" starttime="20240102 15:03:16.367" endtime="20240102 15:03:17.146"/>
</kw>
<kw name="Capture Page Screenshot" library="SeleniumLibrary">
<doc>Takes a screenshot of the current page and embeds it into a log file.</doc>
<msg timestamp="20240102 15:03:17.420" level="INFO" html="true">&lt;/td&gt;&lt;/tr&gt;&lt;tr&gt;&lt;td colspan="3"&gt;&lt;a href="selenium-screenshot-39.png"&gt;&lt;img src="selenium-screenshot-39.png" width="800px"&gt;&lt;/a&gt;</msg>
<status status="PASS" starttime="20240102 15:03:17.146" endtime="20240102 15:03:17.420"/>
</kw>
<status status="PASS" starttime="20240102 15:03:16.367" endtime="20240102 15:03:17.420"/>
</kw>
<kw name="Click Button Edit" library="GlobalResources">
<kw name="Click Button" library="SeleniumLibrary">
<arg>${button_edit}</arg>
<doc>Clicks the button identified by ``locator``.</doc>
<msg timestamp="20240102 15:03:17.422" level="INFO">Clicking button 'xpath://button[@class='h-full w-full edit-btn modal-button hover:text-active flex justify-center items-center']'.</msg>
<status status="PASS" starttime="20240102 15:03:17.421" endtime="20240102 15:03:17.705"/>
</kw>
<status status="PASS" starttime="20240102 15:03:17.421" endtime="20240102 15:03:17.705"/>
</kw>
<kw name="Input Edit Field Objek Lelang" library="modulMerekModelTypeResources">
<kw name="Wait Until Element Is Visible" library="SeleniumLibrary">
<arg>${dropdown_objek_edit}</arg>
<arg>timeout=10s</arg>
<doc>Waits until the element ``locator`` is visible.</doc>
<status status="PASS" starttime="20240102 15:03:17.706" endtime="20240102 15:03:17.751"/>
</kw>
<kw name="Click Element" library="SeleniumLibrary">
<arg>${dropdown_objek_edit}</arg>
<doc>Click the element identified by ``locator``.</doc>
<msg timestamp="20240102 15:03:17.751" level="INFO">Clicking element 'xpath://div[@id='edit-form-modal']//div[@class='h-12 dropdown selectable-input' and @id='selectable-input-object-category']'.</msg>
<status status="PASS" starttime="20240102 15:03:17.751" endtime="20240102 15:03:17.827"/>
</kw>
<kw name="Click Element" library="SeleniumLibrary">
<arg>${edit_bike}</arg>
<doc>Click the element identified by ``locator``.</doc>
<msg timestamp="20240102 15:03:17.827" level="INFO">Clicking element 'xpath://div[@id='edit-form-modal']//div//div//div//div//div[@class='w-full'][normalize-space()='Bike']'.</msg>
<status status="PASS" starttime="20240102 15:03:17.827" endtime="20240102 15:03:17.911"/>
</kw>
<status status="PASS" starttime="20240102 15:03:17.705" endtime="20240102 15:03:17.911"/>
</kw>
<kw name="Input Edit Field Nama Merek" library="modulMerekModelTypeResources">
<kw name="Click Element" library="SeleniumLibrary">
<arg>${input_nama_merek_edit}</arg>
<doc>Click the element identified by ``locator``.</doc>
<msg timestamp="20240102 15:03:17.913" level="INFO">Clicking element 'xpath://div[@id='edit-form-modal']//input[@name='name']'.</msg>
<status status="PASS" starttime="20240102 15:03:17.912" endtime="20240102 15:03:18.002"/>
</kw>
<kw name="Input Text" library="SeleniumLibrary">
<arg>${input_nama_merek_edit}</arg>
<arg>${nama_merek_edit}</arg>
<doc>Types the given ``text`` into the text field identified by ``locator``.</doc>
<msg timestamp="20240102 15:03:18.003" level="INFO">Typing text 'Automation Edit' into text field 'xpath://div[@id='edit-form-modal']//input[@name='name']'.</msg>
<status status="PASS" starttime="20240102 15:03:18.002" endtime="20240102 15:03:18.168"/>
</kw>
<kw name="Capture Page Screenshot" library="SeleniumLibrary">
<doc>Takes a screenshot of the current page and embeds it into a log file.</doc>
<msg timestamp="20240102 15:03:18.454" level="INFO" html="true">&lt;/td&gt;&lt;/tr&gt;&lt;tr&gt;&lt;td colspan="3"&gt;&lt;a href="selenium-screenshot-40.png"&gt;&lt;img src="selenium-screenshot-40.png" width="800px"&gt;&lt;/a&gt;</msg>
<status status="PASS" starttime="20240102 15:03:18.168" endtime="20240102 15:03:18.454"/>
</kw>
<status status="PASS" starttime="20240102 15:03:17.912" endtime="20240102 15:03:18.454"/>
</kw>
<kw name="Click Button Update" library="GlobalResources">
<kw name="Click Button" library="SeleniumLibrary">
<arg>${update}</arg>
<doc>Clicks the button identified by ``locator``.</doc>
<msg timestamp="20240102 15:03:18.456" level="INFO">Clicking button 'xpath://button[normalize-space()='Update']'.</msg>
<status status="PASS" starttime="20240102 15:03:18.455" endtime="20240102 15:03:18.588"/>
</kw>
<kw name="Capture Page Screenshot" library="SeleniumLibrary">
<doc>Takes a screenshot of the current page and embeds it into a log file.</doc>
<msg timestamp="20240102 15:03:18.889" level="INFO" html="true">&lt;/td&gt;&lt;/tr&gt;&lt;tr&gt;&lt;td colspan="3"&gt;&lt;a href="selenium-screenshot-41.png"&gt;&lt;img src="selenium-screenshot-41.png" width="800px"&gt;&lt;/a&gt;</msg>
<status status="PASS" starttime="20240102 15:03:18.588" endtime="20240102 15:03:18.889"/>
</kw>
<status status="PASS" starttime="20240102 15:03:18.455" endtime="20240102 15:03:18.889"/>
</kw>
<kw name="Verify Berhasil Edit" library="GlobalResources">
<kw name="Wait Until Element Is Visible" library="SeleniumLibrary">
<arg>${Ya_Mengerti_Update}</arg>
<arg>timeout=10s</arg>
<doc>Waits until the element ``locator`` is visible.</doc>
<status status="PASS" starttime="20240102 15:03:18.890" endtime="20240102 15:03:18.935"/>
</kw>
<kw name="Capture Page Screenshot" library="SeleniumLibrary">
<doc>Takes a screenshot of the current page and embeds it into a log file.</doc>
<msg timestamp="20240102 15:03:19.202" level="INFO" html="true">&lt;/td&gt;&lt;/tr&gt;&lt;tr&gt;&lt;td colspan="3"&gt;&lt;a href="selenium-screenshot-42.png"&gt;&lt;img src="selenium-screenshot-42.png" width="800px"&gt;&lt;/a&gt;</msg>
<status status="PASS" starttime="20240102 15:03:18.935" endtime="20240102 15:03:19.202"/>
</kw>
<kw name="Sleep" library="BuiltIn">
<arg>2s</arg>
<doc>Pauses the test executed for the given time.</doc>
<msg timestamp="20240102 15:03:21.203" level="INFO">Slept 2 seconds</msg>
<status status="PASS" starttime="20240102 15:03:19.202" endtime="20240102 15:03:21.203"/>
</kw>
<kw name="Click Element" library="SeleniumLibrary">
<arg>${Ya_Mengerti_Update}</arg>
<doc>Click the element identified by ``locator``.</doc>
<msg timestamp="20240102 15:03:21.205" level="INFO">Clicking element 'xpath://div[@id='success-update-modal']//a[@class='btn-active py-4 px-5 rounded-3xl text-sm'][normalize-space()='Ya, Mengerti']'.</msg>
<status status="PASS" starttime="20240102 15:03:21.203" endtime="20240102 15:03:23.056"/>
</kw>
<kw name="Sleep" library="BuiltIn">
<arg>2s</arg>
<doc>Pauses the test executed for the given time.</doc>
<msg timestamp="20240102 15:03:25.057" level="INFO">Slept 2 seconds</msg>
<status status="PASS" starttime="20240102 15:03:23.057" endtime="20240102 15:03:25.057"/>
</kw>
<kw name="Capture Page Screenshot" library="SeleniumLibrary">
<doc>Takes a screenshot of the current page and embeds it into a log file.</doc>
<msg timestamp="20240102 15:03:25.302" level="INFO" html="true">&lt;/td&gt;&lt;/tr&gt;&lt;tr&gt;&lt;td colspan="3"&gt;&lt;a href="selenium-screenshot-43.png"&gt;&lt;img src="selenium-screenshot-43.png" width="800px"&gt;&lt;/a&gt;</msg>
<status status="PASS" starttime="20240102 15:03:25.057" endtime="20240102 15:03:25.302"/>
</kw>
<status status="PASS" starttime="20240102 15:03:18.890" endtime="20240102 15:03:25.302"/>
</kw>
<kw name="Close Browser" library="SeleniumLibrary">
<doc>Closes the current browser.</doc>
<status status="PASS" starttime="20240102 15:03:25.305" endtime="20240102 15:03:28.232"/>
</kw>
<doc>This test case verifies that user is able to edit data</doc>
<tag>edit</tag>
<status status="PASS" starttime="20240102 15:03:06.949" endtime="20240102 15:03:28.232"/>
</test>
<test id="s1-t11" name="Verify Edit data merek dengan field merek null" line="113">
<kw name="Open Browser" library="SeleniumLibrary">
<arg>${URL}</arg>
<arg>${BROWSER}</arg>
<doc>Opens a new browser instance to the optional ``url``.</doc>
<msg timestamp="20240102 15:03:28.237" level="INFO">Opening browser 'Chrome' to base url 'https://jba-aaas-cms-dev.aslcode.dev/branches'.</msg>
<status status="PASS" starttime="20240102 15:03:28.236" endtime="20240102 15:03:33.136"/>
</kw>
<kw name="Maximize Browser Window" library="SeleniumLibrary">
<doc>Maximizes current browser window.</doc>
<status status="PASS" starttime="20240102 15:03:33.137" endtime="20240102 15:03:33.260"/>
</kw>
<kw name="Click Modul Merek/Model/Type" library="modulMerekModelTypeResources">
<kw name="Click Element" library="SeleniumLibrary">
<arg>${modul_Merek_Model_Type}</arg>
<doc>Click the element identified by ``locator``.</doc>
<msg timestamp="20240102 15:03:33.260" level="INFO">Clicking element 'xpath://span[normalize-space()='Merek/Model/Tipe']'.</msg>
<status status="PASS" starttime="20240102 15:03:33.260" endtime="20240102 15:03:33.826"/>
</kw>
<kw name="Capture Page Screenshot" library="SeleniumLibrary">
<doc>Takes a screenshot of the current page and embeds it into a log file.</doc>
<msg timestamp="20240102 15:03:34.086" level="INFO" html="true">&lt;/td&gt;&lt;/tr&gt;&lt;tr&gt;&lt;td colspan="3"&gt;&lt;a href="selenium-screenshot-44.png"&gt;&lt;img src="selenium-screenshot-44.png" width="800px"&gt;&lt;/a&gt;</msg>
<status status="PASS" starttime="20240102 15:03:33.826" endtime="20240102 15:03:34.086"/>
</kw>
<status status="PASS" starttime="20240102 15:03:33.260" endtime="20240102 15:03:34.087"/>
</kw>
<kw name="Click Tab Merek" library="modulMerekModelTypeResources">
<kw name="Click Element" library="SeleniumLibrary">
<arg>${tab_merek}</arg>
<doc>Click the element identified by ``locator``.</doc>
<msg timestamp="20240102 15:03:34.087" level="INFO">Clicking element 'xpath://a[normalize-space()='Merek']'.</msg>
<status status="PASS" starttime="20240102 15:03:34.087" endtime="20240102 15:03:34.609"/>
</kw>
<kw name="Capture Page Screenshot" library="SeleniumLibrary">
<doc>Takes a screenshot of the current page and embeds it into a log file.</doc>
<msg timestamp="20240102 15:03:34.887" level="INFO" html="true">&lt;/td&gt;&lt;/tr&gt;&lt;tr&gt;&lt;td colspan="3"&gt;&lt;a href="selenium-screenshot-45.png"&gt;&lt;img src="selenium-screenshot-45.png" width="800px"&gt;&lt;/a&gt;</msg>
<status status="PASS" starttime="20240102 15:03:34.609" endtime="20240102 15:03:34.887"/>
</kw>
<status status="PASS" starttime="20240102 15:03:34.087" endtime="20240102 15:03:34.887"/>
</kw>
<kw name="Click Button Edit" library="GlobalResources">
<kw name="Click Button" library="SeleniumLibrary">
<arg>${button_edit}</arg>
<doc>Clicks the button identified by ``locator``.</doc>
<msg timestamp="20240102 15:03:34.889" level="INFO">Clicking button 'xpath://button[@class='h-full w-full edit-btn modal-button hover:text-active flex justify-center items-center']'.</msg>
<status status="PASS" starttime="20240102 15:03:34.888" endtime="20240102 15:03:35.168"/>
</kw>
<status status="PASS" starttime="20240102 15:03:34.888" endtime="20240102 15:03:35.168"/>
</kw>
<kw name="Hapus Data Field Nama Merek" library="modulMerekModelTypeResources">
<kw name="Click Element" library="SeleniumLibrary">
<arg>${input_nama_merek_edit}</arg>
<doc>Click the element identified by ``locator``.</doc>
<msg timestamp="20240102 15:03:35.171" level="INFO">Clicking element 'xpath://div[@id='edit-form-modal']//input[@name='name']'.</msg>
<status status="PASS" starttime="20240102 15:03:35.171" endtime="20240102 15:03:35.279"/>
</kw>
<kw name="Clear Element Text" library="SeleniumLibrary">
<arg>${input_nama_merek_edit}</arg>
<doc>Clears the value of the text-input-element identified by ``locator``.</doc>
<status status="PASS" starttime="20240102 15:03:35.279" endtime="20240102 15:03:35.346"/>
</kw>
<status status="PASS" starttime="20240102 15:03:35.168" endtime="20240102 15:03:35.346"/>
</kw>
<kw name="Click Button Update" library="GlobalResources">
<kw name="Click Button" library="SeleniumLibrary">
<arg>${update}</arg>
<doc>Clicks the button identified by ``locator``.</doc>
<msg timestamp="20240102 15:03:35.348" level="INFO">Clicking button 'xpath://button[normalize-space()='Update']'.</msg>
<status status="PASS" starttime="20240102 15:03:35.347" endtime="20240102 15:03:35.452"/>
</kw>
<kw name="Capture Page Screenshot" library="SeleniumLibrary">
<doc>Takes a screenshot of the current page and embeds it into a log file.</doc>
<msg timestamp="20240102 15:03:35.720" level="INFO" html="true">&lt;/td&gt;&lt;/tr&gt;&lt;tr&gt;&lt;td colspan="3"&gt;&lt;a href="selenium-screenshot-46.png"&gt;&lt;img src="selenium-screenshot-46.png" width="800px"&gt;&lt;/a&gt;</msg>
<status status="PASS" starttime="20240102 15:03:35.452" endtime="20240102 15:03:35.720"/>
</kw>
<status status="PASS" starttime="20240102 15:03:35.347" endtime="20240102 15:03:35.720"/>
</kw>
<kw name="Verify Field Harus diisi" library="GlobalResources">
<kw name="Wait Until Page Contains" library="SeleniumLibrary">
<arg>${verify_wajib_isi}</arg>
<doc>Waits until ``text`` appears on the current page.</doc>
<status status="PASS" starttime="20240102 15:03:35.720" endtime="20240102 15:03:35.748"/>
</kw>
<kw name="Capture Page Screenshot" library="SeleniumLibrary">
<doc>Takes a screenshot of the current page and embeds it into a log file.</doc>
<msg timestamp="20240102 15:03:36.001" level="INFO" html="true">&lt;/td&gt;&lt;/tr&gt;&lt;tr&gt;&lt;td colspan="3"&gt;&lt;a href="selenium-screenshot-47.png"&gt;&lt;img src="selenium-screenshot-47.png" width="800px"&gt;&lt;/a&gt;</msg>
<status status="PASS" starttime="20240102 15:03:35.748" endtime="20240102 15:03:36.005"/>
</kw>
<status status="PASS" starttime="20240102 15:03:35.720" endtime="20240102 15:03:36.005"/>
</kw>
<kw name="Close Browser" library="SeleniumLibrary">
<doc>Closes the current browser.</doc>
<status status="PASS" starttime="20240102 15:03:36.005" endtime="20240102 15:03:38.748"/>
</kw>
<doc>This test case verifies that user is unable to edit merek when data null</doc>
<tag>edit</tag>
<status status="PASS" starttime="20240102 15:03:28.235" endtime="20240102 15:03:38.749"/>
</test>
<test id="s1-t12" name="Verify Successful Delete Data Merek" line="125">
<kw name="Open Browser" library="SeleniumLibrary">
<arg>${URL}</arg>
<arg>${BROWSER}</arg>
<doc>Opens a new browser instance to the optional ``url``.</doc>
<msg timestamp="20240102 15:03:38.750" level="INFO">Opening browser 'Chrome' to base url 'https://jba-aaas-cms-dev.aslcode.dev/branches'.</msg>
<status status="PASS" starttime="20240102 15:03:38.750" endtime="20240102 15:03:43.954"/>
</kw>
<kw name="Maximize Browser Window" library="SeleniumLibrary">
<doc>Maximizes current browser window.</doc>
<status status="PASS" starttime="20240102 15:03:43.956" endtime="20240102 15:03:44.151"/>
</kw>
<kw name="Click Modul Merek/Model/Type" library="modulMerekModelTypeResources">
<kw name="Click Element" library="SeleniumLibrary">
<arg>${modul_Merek_Model_Type}</arg>
<doc>Click the element identified by ``locator``.</doc>
<msg timestamp="20240102 15:03:44.157" level="INFO">Clicking element 'xpath://span[normalize-space()='Merek/Model/Tipe']'.</msg>
<status status="PASS" starttime="20240102 15:03:44.156" endtime="20240102 15:03:44.578"/>
</kw>
<kw name="Capture Page Screenshot" library="SeleniumLibrary">
<doc>Takes a screenshot of the current page and embeds it into a log file.</doc>
<msg timestamp="20240102 15:03:44.839" level="INFO" html="true">&lt;/td&gt;&lt;/tr&gt;&lt;tr&gt;&lt;td colspan="3"&gt;&lt;a href="selenium-screenshot-48.png"&gt;&lt;img src="selenium-screenshot-48.png" width="800px"&gt;&lt;/a&gt;</msg>
<status status="PASS" starttime="20240102 15:03:44.578" endtime="20240102 15:03:44.839"/>
</kw>
<status status="PASS" starttime="20240102 15:03:44.156" endtime="20240102 15:03:44.839"/>
</kw>
<kw name="Click Tab Merek" library="modulMerekModelTypeResources">
<kw name="Click Element" library="SeleniumLibrary">
<arg>${tab_merek}</arg>
<doc>Click the element identified by ``locator``.</doc>
<msg timestamp="20240102 15:03:44.841" level="INFO">Clicking element 'xpath://a[normalize-space()='Merek']'.</msg>
<status status="PASS" starttime="20240102 15:03:44.839" endtime="20240102 15:03:45.160"/>
</kw>
<kw name="Capture Page Screenshot" library="SeleniumLibrary">
<doc>Takes a screenshot of the current page and embeds it into a log file.</doc>
<msg timestamp="20240102 15:03:45.454" level="INFO" html="true">&lt;/td&gt;&lt;/tr&gt;&lt;tr&gt;&lt;td colspan="3"&gt;&lt;a href="selenium-screenshot-49.png"&gt;&lt;img src="selenium-screenshot-49.png" width="800px"&gt;&lt;/a&gt;</msg>
<status status="PASS" starttime="20240102 15:03:45.160" endtime="20240102 15:03:45.454"/>
</kw>
<status status="PASS" starttime="20240102 15:03:44.839" endtime="20240102 15:03:45.454"/>
</kw>
<kw name="Click Button Delete Merek" library="modulMerekModelTypeResources">
<kw name="Click Element" library="SeleniumLibrary">
<arg>${aksi_merek}</arg>
<doc>Click the element identified by ``locator``.</doc>
<msg timestamp="20240102 15:03:45.456" level="INFO">Clicking element 'xpath://tbody/tr[1]/td[5]/div[1]/div[1]/div[1]//*[name()='svg']'.</msg>
<status status="PASS" starttime="20240102 15:03:45.454" endtime="20240102 15:03:45.542"/>
</kw>
<kw name="Click Element" library="SeleniumLibrary">
<arg>${delete_merek_model_type}</arg>
<doc>Click the element identified by ``locator``.</doc>
<msg timestamp="20240102 15:03:45.542" level="INFO">Clicking element 'xpath://div[@id='dropdown-menu-0']//div[contains(text(),'Delete')]'.</msg>
<status status="PASS" starttime="20240102 15:03:45.542" endtime="20240102 15:03:45.632"/>
</kw>
<kw name="Capture Page Screenshot" library="SeleniumLibrary">
<doc>Takes a screenshot of the current page and embeds it into a log file.</doc>
<msg timestamp="20240102 15:03:45.998" level="INFO" html="true">&lt;/td&gt;&lt;/tr&gt;&lt;tr&gt;&lt;td colspan="3"&gt;&lt;a href="selenium-screenshot-50.png"&gt;&lt;img src="selenium-screenshot-50.png" width="800px"&gt;&lt;/a&gt;</msg>
<status status="PASS" starttime="20240102 15:03:45.632" endtime="20240102 15:03:45.998"/>
</kw>
<kw name="Click Element" library="SeleniumLibrary">
<arg>${Ya_hapus_merek_model_type}</arg>
<doc>Click the element identified by ``locator``.</doc>
<msg timestamp="20240102 15:03:45.998" level="INFO">Clicking element 'xpath://div//button[normalize-space()='Ya, Hapus']'.</msg>
<status status="PASS" starttime="20240102 15:03:45.998" endtime="20240102 15:03:46.088"/>
</kw>
<status status="PASS" starttime="20240102 15:03:45.454" endtime="20240102 15:03:46.088"/>
</kw>
<kw name="Verify Berhasil Delete" library="GlobalResources">
<kw name="Wait Until Element Is Visible" library="SeleniumLibrary">
<arg>${Ya_Mengerti_Delete}</arg>
<arg>timeout=10s</arg>
<doc>Waits until the element ``locator`` is visible.</doc>
<status status="PASS" starttime="20240102 15:03:46.088" endtime="20240102 15:03:46.368"/>
</kw>
<kw name="Capture Page Screenshot" library="SeleniumLibrary">
<doc>Takes a screenshot of the current page and embeds it into a log file.</doc>
<msg timestamp="20240102 15:03:46.617" level="INFO" html="true">&lt;/td&gt;&lt;/tr&gt;&lt;tr&gt;&lt;td colspan="3"&gt;&lt;a href="selenium-screenshot-51.png"&gt;&lt;img src="selenium-screenshot-51.png" width="800px"&gt;&lt;/a&gt;</msg>
<status status="PASS" starttime="20240102 15:03:46.368" endtime="20240102 15:03:46.617"/>
</kw>
<kw name="Sleep" library="BuiltIn">
<arg>2s</arg>
<doc>Pauses the test executed for the given time.</doc>
<msg timestamp="20240102 15:03:48.617" level="INFO">Slept 2 seconds</msg>
<status status="PASS" starttime="20240102 15:03:46.617" endtime="20240102 15:03:48.617"/>
</kw>
<kw name="Click Element" library="SeleniumLibrary">
<arg>${Ya_Mengerti_Delete}</arg>
<doc>Click the element identified by ``locator``.</doc>
<msg timestamp="20240102 15:03:48.617" level="INFO">Clicking element 'xpath://div[@id='success-delete-modal']//a[@class='btn-active py-4 px-5 rounded-3xl text-sm'][normalize-space()='Ya, Mengerti']'.</msg>
<status status="PASS" starttime="20240102 15:03:48.617" endtime="20240102 15:03:48.973"/>
</kw>
<kw name="Capture Page Screenshot" library="SeleniumLibrary">
<doc>Takes a screenshot of the current page and embeds it into a log file.</doc>
<msg timestamp="20240102 15:03:49.242" level="INFO" html="true">&lt;/td&gt;&lt;/tr&gt;&lt;tr&gt;&lt;td colspan="3"&gt;&lt;a href="selenium-screenshot-52.png"&gt;&lt;img src="selenium-screenshot-52.png" width="800px"&gt;&lt;/a&gt;</msg>
<status status="PASS" starttime="20240102 15:03:48.976" endtime="20240102 15:03:49.242"/>
</kw>
<kw name="Close Browser" library="SeleniumLibrary">
<doc>Closes the current browser.</doc>
<status status="PASS" starttime="20240102 15:03:49.243" endtime="20240102 15:03:52.154"/>
</kw>
<status status="PASS" starttime="20240102 15:03:46.088" endtime="20240102 15:03:52.154"/>
</kw>
<kw name="Close Browser" library="SeleniumLibrary">
<doc>Closes the current browser.</doc>
<status status="PASS" starttime="20240102 15:03:52.156" endtime="20240102 15:03:52.157"/>
</kw>
<doc>This test case verifies that user is able to delete data merek</doc>
<tag>delete</tag>
<status status="PASS" starttime="20240102 15:03:38.750" endtime="20240102 15:03:52.157"/>
</test>
<test id="s1-t13" name="Verify Berhasil Filter by All Status" line="135">
<kw name="Open Browser" library="SeleniumLibrary">
<arg>${URL}</arg>
<arg>${BROWSER}</arg>
<doc>Opens a new browser instance to the optional ``url``.</doc>
<msg timestamp="20240102 15:03:52.162" level="INFO">Opening browser 'Chrome' to base url 'https://jba-aaas-cms-dev.aslcode.dev/branches'.</msg>
<status status="PASS" starttime="20240102 15:03:52.160" endtime="20240102 15:03:57.489"/>
</kw>
<kw name="Maximize Browser Window" library="SeleniumLibrary">
<doc>Maximizes current browser window.</doc>
[...]
</kw>
<kw name="Capture Page Screenshot" library="SeleniumLibrary">
<doc>Takes a screenshot of the current page and embeds it into a log file.</doc>
<msg timestamp="20240102 15:06:40.125" level="INFO" html="true">&lt;/td&gt;&lt;/tr&gt;&lt;tr&gt;&lt;td colspan="3"&gt;&lt;a href="selenium-screenshot-124.png"&gt;&lt;img src="selenium-screenshot-124.png" width="800px"&gt;&lt;/a&gt;</msg>
<status status="PASS" starttime="20240102 15:06:39.804" endtime="20240102 15:06:40.125"/>
</kw>
<status status="PASS" starttime="20240102 15:06:39.439" endtime="20240102 15:06:40.125"/>
</kw>
<kw name="Click Button filter" library="GlobalResources">
<kw name="Wait Until Element Is Visible" library="SeleniumLibrary">
<arg>${button_filter}</arg>
<arg>timeout=10s</arg>
<doc>Waits until the element ``locator`` is visible.</doc>
<status status="PASS" starttime="20240102 15:06:40.125" endtime="20240102 15:06:40.177"/>
</kw>
<kw name="Click Element" library="SeleniumLibrary">
<arg>${button_filter}</arg>
<doc>Click the element identified by ``locator``.</doc>
<msg timestamp="20240102 15:06:40.178" level="INFO">Clicking element 'xpath://span[normalize-space()='Filter']'.</msg>
<status status="PASS" starttime="20240102 15:06:40.178" endtime="20240102 15:06:40.261"/>
</kw>
<kw name="Capture Page Screenshot" library="SeleniumLibrary">
<doc>Takes a screenshot of the current page and embeds it into a log file.</doc>
<msg timestamp="20240102 15:06:40.641" level="INFO" html="true">&lt;/td&gt;&lt;/tr&gt;&lt;tr&gt;&lt;td colspan="3"&gt;&lt;a href="selenium-screenshot-125.png"&gt;&lt;img src="selenium-screenshot-125.png" width="800px"&gt;&lt;/a&gt;</msg>
<status status="PASS" starttime="20240102 15:06:40.261" endtime="20240102 15:06:40.641"/>
</kw>
<status status="PASS" starttime="20240102 15:06:40.125" endtime="20240102 15:06:40.641"/>
</kw>
<kw name="Filter by Status Non Aktif" library="GlobalResources">
<kw name="Wait Until Element Is Visible" library="SeleniumLibrary">
<arg>${dropdown_status}</arg>
<arg>timeout=10s</arg>
<doc>Waits until the element ``locator`` is visible.</doc>
<status status="PASS" starttime="20240102 15:06:40.641" endtime="20240102 15:06:40.686"/>
</kw>
<kw name="Click Element" library="SeleniumLibrary">
<arg>${dropdown_status}</arg>
<doc>Click the element identified by ``locator``.</doc>
<msg timestamp="20240102 15:06:40.687" level="INFO">Clicking element 'xpath://div[@class='absolute left-0 top-0 h-12 max-h-[48px] w-full searchable-cover form-input-ex-fit']'.</msg>
<status status="PASS" starttime="20240102 15:06:40.687" endtime="20240102 15:06:40.759"/>
</kw>
<kw name="Click Element" library="SeleniumLibrary">
<arg>${status_non_aktif}</arg>
<doc>Click the element identified by ``locator``.</doc>
<msg timestamp="20240102 15:06:40.760" level="INFO">Clicking element 'xpath://div[contains(text(),'Non Aktif')]'.</msg>
<status status="PASS" starttime="20240102 15:06:40.759" endtime="20240102 15:06:40.836"/>
</kw>
<kw name="Capture Page Screenshot" library="SeleniumLibrary">
<doc>Takes a screenshot of the current page and embeds it into a log file.</doc>
<msg timestamp="20240102 15:06:41.120" level="INFO" html="true">&lt;/td&gt;&lt;/tr&gt;&lt;tr&gt;&lt;td colspan="3"&gt;&lt;a href="selenium-screenshot-126.png"&gt;&lt;img src="selenium-screenshot-126.png" width="800px"&gt;&lt;/a&gt;</msg>
<status status="PASS" starttime="20240102 15:06:40.837" endtime="20240102 15:06:41.120"/>
</kw>
<kw name="Sleep" library="BuiltIn">
<arg>2s</arg>
<doc>Pauses the test executed for the given time.</doc>
<msg timestamp="20240102 15:06:43.120" level="INFO">Slept 2 seconds</msg>
<status status="PASS" starttime="20240102 15:06:41.120" endtime="20240102 15:06:43.120"/>
</kw>
<status status="PASS" starttime="20240102 15:06:40.641" endtime="20240102 15:06:43.120"/>
</kw>
<kw name="CLick Button Tampilkan" library="GlobalResources">
<kw name="Click Element" library="SeleniumLibrary">
<arg>${button_tampilkan}</arg>
<doc>Click the element identified by ``locator``.</doc>
<msg timestamp="20240102 15:06:43.120" level="INFO">Clicking element 'xpath://span[normalize-space()='Tampilkan']'.</msg>
<status status="PASS" starttime="20240102 15:06:43.120" endtime="20240102 15:06:43.481"/>
</kw>
<kw name="Capture Page Screenshot" library="SeleniumLibrary">
<doc>Takes a screenshot of the current page and embeds it into a log file.</doc>
<msg timestamp="20240102 15:06:43.767" level="INFO" html="true">&lt;/td&gt;&lt;/tr&gt;&lt;tr&gt;&lt;td colspan="3"&gt;&lt;a href="selenium-screenshot-127.png"&gt;&lt;img src="selenium-screenshot-127.png" width="800px"&gt;&lt;/a&gt;</msg>
<status status="PASS" starttime="20240102 15:06:43.481" endtime="20240102 15:06:43.767"/>
</kw>
<status status="PASS" starttime="20240102 15:06:43.120" endtime="20240102 15:06:43.767"/>
</kw>
<kw name="Mengaktifkan Status" library="GlobalResources">
<kw name="Log" library="BuiltIn">
<arg>Element is visible: ${status_off}</arg>
<doc>Logs the given message with the given level.</doc>
<msg timestamp="20240102 15:06:43.771" level="INFO">Element is visible: xpath://span[@id='off-0' and @class='absolute font-medium text-2xs uppercase right-2 text-toggle-off']</msg>
<status status="PASS" starttime="20240102 15:06:43.771" endtime="20240102 15:06:43.771"/>
</kw>
<kw name="Capture Page Screenshot" library="SeleniumLibrary">
<doc>Takes a screenshot of the current page and embeds it into a log file.</doc>
<msg timestamp="20240102 15:06:44.028" level="INFO" html="true">&lt;/td&gt;&lt;/tr&gt;&lt;tr&gt;&lt;td colspan="3"&gt;&lt;a href="selenium-screenshot-128.png"&gt;&lt;img src="selenium-screenshot-128.png" width="800px"&gt;&lt;/a&gt;</msg>
<status status="PASS" starttime="20240102 15:06:43.771" endtime="20240102 15:06:44.028"/>
</kw>
<kw name="Click Element" library="SeleniumLibrary">
<arg>${status_off}</arg>
<doc>Click the element identified by ``locator``.</doc>
<msg timestamp="20240102 15:06:44.036" level="INFO">Clicking element 'xpath://span[@id='off-0' and @class='absolute font-medium text-2xs uppercase right-2 text-toggle-off']'.</msg>
<status status="PASS" starttime="20240102 15:06:44.028" endtime="20240102 15:06:44.137"/>
</kw>
<kw name="Wait Until Element Is Visible" library="SeleniumLibrary">
<arg>${Ya_aktifkan}</arg>
<doc>Waits until the element ``locator`` is visible.</doc>
<status status="PASS" starttime="20240102 15:06:44.137" endtime="20240102 15:06:44.180"/>
</kw>
<kw name="Capture Page Screenshot" library="SeleniumLibrary">
<doc>Takes a screenshot of the current page and embeds it into a log file.</doc>
<msg timestamp="20240102 15:06:44.532" level="INFO" html="true">&lt;/td&gt;&lt;/tr&gt;&lt;tr&gt;&lt;td colspan="3"&gt;&lt;a href="selenium-screenshot-129.png"&gt;&lt;img src="selenium-screenshot-129.png" width="800px"&gt;&lt;/a&gt;</msg>
<status status="PASS" starttime="20240102 15:06:44.180" endtime="20240102 15:06:44.532"/>
</kw>
<kw name="Click Button" library="SeleniumLibrary">
<arg>${Ya_aktifkan}</arg>
<doc>Clicks the button identified by ``locator``.</doc>
<msg timestamp="20240102 15:06:44.532" level="INFO">Clicking button 'xpath://button[normalize-space()='Ya, Aktifkan']'.</msg>
<status status="PASS" starttime="20240102 15:06:44.532" endtime="20240102 15:06:44.652"/>
</kw>
<kw name="Log" library="BuiltIn">
<arg>Element is visible: ${status_on}</arg>
<doc>Logs the given message with the given level.</doc>
<msg timestamp="20240102 15:06:44.652" level="INFO">Element is visible: xpath://span[@id='on-0' and @class='absolute font-medium text-2xs uppercase left-2 text-white']</msg>
<status status="PASS" starttime="20240102 15:06:44.652" endtime="20240102 15:06:44.652"/>
</kw>
<kw name="Capture Page Screenshot" library="SeleniumLibrary">
<doc>Takes a screenshot of the current page and embeds it into a log file.</doc>
<msg timestamp="20240102 15:06:44.958" level="INFO" html="true">&lt;/td&gt;&lt;/tr&gt;&lt;tr&gt;&lt;td colspan="3"&gt;&lt;a href="selenium-screenshot-130.png"&gt;&lt;img src="selenium-screenshot-130.png" width="800px"&gt;&lt;/a&gt;</msg>
<status status="PASS" starttime="20240102 15:06:44.652" endtime="20240102 15:06:44.958"/>
</kw>
<status status="PASS" starttime="20240102 15:06:43.767" endtime="20240102 15:06:44.958"/>
</kw>
<kw name="Close Browser" library="SeleniumLibrary">
<doc>Closes the current browser.</doc>
<status status="PASS" starttime="20240102 15:06:44.958" endtime="20240102 15:06:48.020"/>
</kw>
<doc>This test case verifies that user is able to Activate Status</doc>
<tag>filter</tag>
<status status="PASS" starttime="20240102 15:06:32.355" endtime="20240102 15:06:48.020"/>
</test>
<test id="s1-t27" name="Verify Berhasil Menonaktifkan Status" line="294">
<kw name="Open Browser" library="SeleniumLibrary">
<arg>${URL}</arg>
<arg>${BROWSER}</arg>
<doc>Opens a new browser instance to the optional ``url``.</doc>
<msg timestamp="20240102 15:06:48.020" level="INFO">Opening browser 'Chrome' to base url 'https://jba-aaas-cms-dev.aslcode.dev/branches'.</msg>
<status status="PASS" starttime="20240102 15:06:48.020" endtime="20240102 15:06:55.207"/>
</kw>
<kw name="Maximize Browser Window" library="SeleniumLibrary">
<doc>Maximizes current browser window.</doc>
<status status="PASS" starttime="20240102 15:06:55.207" endtime="20240102 15:06:55.348"/>
</kw>
<kw name="Click Modul Merek/Model/Type" library="modulMerekModelTypeResources">
<kw name="Click Element" library="SeleniumLibrary">
<arg>${modul_Merek_Model_Type}</arg>
<doc>Click the element identified by ``locator``.</doc>
<msg timestamp="20240102 15:06:55.348" level="INFO">Clicking element 'xpath://span[normalize-space()='Merek/Model/Tipe']'.</msg>
<status status="PASS" starttime="20240102 15:06:55.348" endtime="20240102 15:06:55.831"/>
</kw>
<kw name="Capture Page Screenshot" library="SeleniumLibrary">
<doc>Takes a screenshot of the current page and embeds it into a log file.</doc>
<msg timestamp="20240102 15:06:56.117" level="INFO" html="true">&lt;/td&gt;&lt;/tr&gt;&lt;tr&gt;&lt;td colspan="3"&gt;&lt;a href="selenium-screenshot-131.png"&gt;&lt;img src="selenium-screenshot-131.png" width="800px"&gt;&lt;/a&gt;</msg>
<status status="PASS" starttime="20240102 15:06:55.831" endtime="20240102 15:06:56.117"/>
</kw>
<status status="PASS" starttime="20240102 15:06:55.348" endtime="20240102 15:06:56.117"/>
</kw>
<kw name="Click Tab Merek" library="modulMerekModelTypeResources">
<kw name="Click Element" library="SeleniumLibrary">
<arg>${tab_merek}</arg>
<doc>Click the element identified by ``locator``.</doc>
<msg timestamp="20240102 15:06:56.120" level="INFO">Clicking element 'xpath://a[normalize-space()='Merek']'.</msg>
<status status="PASS" starttime="20240102 15:06:56.120" endtime="20240102 15:06:57.591"/>
</kw>
<kw name="Capture Page Screenshot" library="SeleniumLibrary">
<doc>Takes a screenshot of the current page and embeds it into a log file.</doc>
<msg timestamp="20240102 15:06:57.888" level="INFO" html="true">&lt;/td&gt;&lt;/tr&gt;&lt;tr&gt;&lt;td colspan="3"&gt;&lt;a href="selenium-screenshot-132.png"&gt;&lt;img src="selenium-screenshot-132.png" width="800px"&gt;&lt;/a&gt;</msg>
<status status="PASS" starttime="20240102 15:06:57.591" endtime="20240102 15:06:57.888"/>
</kw>
<status status="PASS" starttime="20240102 15:06:56.120" endtime="20240102 15:06:57.888"/>
</kw>
<kw name="Click Button filter" library="GlobalResources">
<kw name="Wait Until Element Is Visible" library="SeleniumLibrary">
<arg>${button_filter}</arg>
<arg>timeout=10s</arg>
<doc>Waits until the element ``locator`` is visible.</doc>
<status status="PASS" starttime="20240102 15:06:57.888" endtime="20240102 15:06:57.947"/>
</kw>
<kw name="Click Element" library="SeleniumLibrary">
<arg>${button_filter}</arg>
<doc>Click the element identified by ``locator``.</doc>
<msg timestamp="20240102 15:06:57.949" level="INFO">Clicking element 'xpath://span[normalize-space()='Filter']'.</msg>
<status status="PASS" starttime="20240102 15:06:57.947" endtime="20240102 15:06:58.039"/>
</kw>
<kw name="Capture Page Screenshot" library="SeleniumLibrary">
<doc>Takes a screenshot of the current page and embeds it into a log file.</doc>
<msg timestamp="20240102 15:06:58.471" level="INFO" html="true">&lt;/td&gt;&lt;/tr&gt;&lt;tr&gt;&lt;td colspan="3"&gt;&lt;a href="selenium-screenshot-133.png"&gt;&lt;img src="selenium-screenshot-133.png" width="800px"&gt;&lt;/a&gt;</msg>
<status status="PASS" starttime="20240102 15:06:58.039" endtime="20240102 15:06:58.471"/>
</kw>
<status status="PASS" starttime="20240102 15:06:57.888" endtime="20240102 15:06:58.471"/>
</kw>
<kw name="Filter by Status Aktif" library="GlobalResources">
<kw name="Wait Until Element Is Visible" library="SeleniumLibrary">
<arg>${dropdown_status}</arg>
<arg>timeout=10s</arg>
<doc>Waits until the element ``locator`` is visible.</doc>
<status status="PASS" starttime="20240102 15:06:58.476" endtime="20240102 15:06:58.528"/>
</kw>
<kw name="Click Element" library="SeleniumLibrary">
<arg>${dropdown_status}</arg>
<doc>Click the element identified by ``locator``.</doc>
<msg timestamp="20240102 15:06:58.530" level="INFO">Clicking element 'xpath://div[@class='absolute left-0 top-0 h-12 max-h-[48px] w-full searchable-cover form-input-ex-fit']'.</msg>
<status status="PASS" starttime="20240102 15:06:58.528" endtime="20240102 15:06:58.613"/>
</kw>
<kw name="Click Element" library="SeleniumLibrary">
<arg>${status_aktif}</arg>
<doc>Click the element identified by ``locator``.</doc>
<msg timestamp="20240102 15:06:58.614" level="INFO">Clicking element 'xpath://div[@class='w-full'][normalize-space()='Aktif']'.</msg>
<status status="PASS" starttime="20240102 15:06:58.614" endtime="20240102 15:06:58.710"/>
</kw>
<kw name="Capture Page Screenshot" library="SeleniumLibrary">
<doc>Takes a screenshot of the current page and embeds it into a log file.</doc>
<msg timestamp="20240102 15:06:58.997" level="INFO" html="true">&lt;/td&gt;&lt;/tr&gt;&lt;tr&gt;&lt;td colspan="3"&gt;&lt;a href="selenium-screenshot-134.png"&gt;&lt;img src="selenium-screenshot-134.png" width="800px"&gt;&lt;/a&gt;</msg>
<status status="PASS" starttime="20240102 15:06:58.710" endtime="20240102 15:06:58.998"/>
</kw>
<kw name="Sleep" library="BuiltIn">
<arg>2s</arg>
<doc>Pauses the test executed for the given time.</doc>
<msg timestamp="20240102 15:07:00.998" level="INFO">Slept 2 seconds</msg>
<status status="PASS" starttime="20240102 15:06:58.998" endtime="20240102 15:07:00.998"/>
</kw>
<status status="PASS" starttime="20240102 15:06:58.471" endtime="20240102 15:07:00.998"/>
</kw>
<kw name="CLick Button Tampilkan" library="GlobalResources">
<kw name="Click Element" library="SeleniumLibrary">
<arg>${button_tampilkan}</arg>
<doc>Click the element identified by ``locator``.</doc>
<msg timestamp="20240102 15:07:00.998" level="INFO">Clicking element 'xpath://span[normalize-space()='Tampilkan']'.</msg>
<status status="PASS" starttime="20240102 15:07:00.998" endtime="20240102 15:07:01.355"/>
</kw>
<kw name="Capture Page Screenshot" library="SeleniumLibrary">
<doc>Takes a screenshot of the current page and embeds it into a log file.</doc>
<msg timestamp="20240102 15:07:01.639" level="INFO" html="true">&lt;/td&gt;&lt;/tr&gt;&lt;tr&gt;&lt;td colspan="3"&gt;&lt;a href="selenium-screenshot-135.png"&gt;&lt;img src="selenium-screenshot-135.png" width="800px"&gt;&lt;/a&gt;</msg>
<status status="PASS" starttime="20240102 15:07:01.355" endtime="20240102 15:07:01.639"/>
</kw>
<status status="PASS" starttime="20240102 15:07:00.998" endtime="20240102 15:07:01.639"/>
</kw>
<kw name="Menonaktifkan Status" library="GlobalResources">
<kw name="Log" library="BuiltIn">
<arg>Element is visible: ${status_on}</arg>
<doc>Logs the given message with the given level.</doc>
<msg timestamp="20240102 15:07:01.641" level="INFO">Element is visible: xpath://span[@id='on-0' and @class='absolute font-medium text-2xs uppercase left-2 text-white']</msg>
<status status="PASS" starttime="20240102 15:07:01.641" endtime="20240102 15:07:01.641"/>
</kw>
<kw name="Capture Page Screenshot" library="SeleniumLibrary">
<doc>Takes a screenshot of the current page and embeds it into a log file.</doc>
<msg timestamp="20240102 15:07:01.897" level="INFO" html="true">&lt;/td&gt;&lt;/tr&gt;&lt;tr&gt;&lt;td colspan="3"&gt;&lt;a href="selenium-screenshot-136.png"&gt;&lt;img src="selenium-screenshot-136.png" width="800px"&gt;&lt;/a&gt;</msg>
<status status="PASS" starttime="20240102 15:07:01.641" endtime="20240102 15:07:01.897"/>
</kw>
<kw name="Click Element" library="SeleniumLibrary">
<arg>${status_on}</arg>
<doc>Click the element identified by ``locator``.</doc>
<msg timestamp="20240102 15:07:01.906" level="INFO">Clicking element 'xpath://span[@id='on-0' and @class='absolute font-medium text-2xs uppercase left-2 text-white']'.</msg>
<status status="PASS" starttime="20240102 15:07:01.897" endtime="20240102 15:07:02.008"/>
</kw>
<kw name="Wait Until Element Is Visible" library="SeleniumLibrary">
<arg>${Ya_nonaktifkan}</arg>
<doc>Waits until the element ``locator`` is visible.</doc>
<status status="PASS" starttime="20240102 15:07:02.008" endtime="20240102 15:07:02.048"/>
</kw>
<kw name="Capture Page Screenshot" library="SeleniumLibrary">
<doc>Takes a screenshot of the current page and embeds it into a log file.</doc>
<msg timestamp="20240102 15:07:02.391" level="INFO" html="true">&lt;/td&gt;&lt;/tr&gt;&lt;tr&gt;&lt;td colspan="3"&gt;&lt;a href="selenium-screenshot-137.png"&gt;&lt;img src="selenium-screenshot-137.png" width="800px"&gt;&lt;/a&gt;</msg>
<status status="PASS" starttime="20240102 15:07:02.048" endtime="20240102 15:07:02.391"/>
</kw>
<kw name="Click Button" library="SeleniumLibrary">
<arg>${Ya_nonaktifkan}</arg>
<doc>Clicks the button identified by ``locator``.</doc>
<msg timestamp="20240102 15:07:02.391" level="INFO">Clicking button 'xpath://button[@class='close-modal btn-active py-4 px-5 rounded-3xl text-sm mx-2 w-36 flex justify-center items-center' and (text()='Ya, Nonaktifkan')]'.</msg>
<status status="PASS" starttime="20240102 15:07:02.391" endtime="20240102 15:07:02.498"/>
</kw>
<kw name="Log" library="BuiltIn">
<arg>Element is visible: ${status_off}</arg>
<doc>Logs the given message with the given level.</doc>
<msg timestamp="20240102 15:07:02.500" level="INFO">Element is visible: xpath://span[@id='off-0' and @class='absolute font-medium text-2xs uppercase right-2 text-toggle-off']</msg>
<status status="PASS" starttime="20240102 15:07:02.499" endtime="20240102 15:07:02.500"/>
</kw>
<kw name="Capture Page Screenshot" library="SeleniumLibrary">
<doc>Takes a screenshot of the current page and embeds it into a log file.</doc>
<msg timestamp="20240102 15:07:02.746" level="INFO" html="true">&lt;/td&gt;&lt;/tr&gt;&lt;tr&gt;&lt;td colspan="3"&gt;&lt;a href="selenium-screenshot-138.png"&gt;&lt;img src="selenium-screenshot-138.png" width="800px"&gt;&lt;/a&gt;</msg>
<status status="PASS" starttime="20240102 15:07:02.500" endtime="20240102 15:07:02.746"/>
</kw>
<status status="PASS" starttime="20240102 15:07:01.641" endtime="20240102 15:07:02.747"/>
</kw>
<kw name="Close Browser" library="SeleniumLibrary">
<doc>Closes the current browser.</doc>
<status status="PASS" starttime="20240102 15:07:02.747" endtime="20240102 15:07:05.828"/>
</kw>
<doc>This test case verifies that user is able to Unactivate Status</doc>
<tag>filter</tag>
<status status="PASS" starttime="20240102 15:06:48.020" endtime="20240102 15:07:05.828"/>
</test>
<doc>modul merek</doc>
<status status="PASS" starttime="20240102 15:01:20.103" endtime="20240102 15:07:05.831"/>
</suite>
<statistics>
<total>
<stat pass="27" fail="0" skip="0">All Tests</stat>
</total>
<tag>
<stat pass="4" fail="0" skip="0">add</stat>
<stat pass="1" fail="0" skip="0">delete</stat>
<stat pass="2" fail="0" skip="0">edit</stat>
<stat pass="15" fail="0" skip="0">filter</stat>
<stat pass="4" fail="0" skip="0">search</stat>
<stat pass="1" fail="0" skip="0">show</stat>
</tag>
<suite>
<stat pass="27" fail="0" skip="0" id="s1" name="ModulMerek">ModulMerek</stat>
</suite>
</statistics>
<errors>
</errors>
</robot>
